<testsuites id="" name="" tests="265" failures="53" skipped="147" errors="0" time="879.9199649999999">
<testsuite name="auth/login.spec.ts" timestamp="2026-01-08T12:53:10.552Z" hostname="chromium" tests="9" failures="7" skipped="0" time="200.977" errors="0">
<testcase name="🔐 Login Flow - Usuario Admin › ✅ Debe mostrar el formulario de login" classname="auth/login.spec.ts" time="9.08">
<failure message="login.spec.ts:28:7 ✅ Debe mostrar el formulario de login" type="FAILURE">
<![CDATA[  [chromium] › auth/login.spec.ts:28:7 › 🔐 Login Flow - Usuario Admin › ✅ Debe mostrar el formulario de login 

    Error: expect(locator).toBeVisible() failed

    Locator: locator('input[name="email"]')
    Expected: visible
    Timeout: 5000ms
    Error: element(s) not found

    Call log:
      - Expect "toBeVisible" with timeout 5000ms
      - waiting for locator('input[name="email"]')


      31 |
      32 |     // Verificar elementos clave del formulario
    > 33 |     await expect(page.locator('input[name="email"]')).toBeVisible();
         |                                                       ^
      34 |     await expect(page.locator('input[name="password"]')).toBeVisible();
      35 |     await expect(page.locator('button[type="submit"]')).toBeVisible();
      36 |   });
        at /workspace/__tests__/e2e/auth/login.spec.ts:33:55

    attachment #1: screenshot (image/png) ──────────────────────────────────────────────────────────
    ../../test-results/auth-login-🔐-Login-Flow---bd5d6-trar-el-formulario-de-login-chromium/test-failed-1.png
    ────────────────────────────────────────────────────────────────────────────────────────────────

    attachment #2: video (video/webm) ──────────────────────────────────────────────────────────────
    ../../test-results/auth-login-🔐-Login-Flow---bd5d6-trar-el-formulario-de-login-chromium/video.webm
    ────────────────────────────────────────────────────────────────────────────────────────────────

    Error Context: ../../test-results/auth-login-🔐-Login-Flow---bd5d6-trar-el-formulario-de-login-chromium/error-context.md
]]>
</failure>
<system-out>
<![CDATA[
[[ATTACHMENT|test-results/auth-login-🔐-Login-Flow---bd5d6-trar-el-formulario-de-login-chromium/test-failed-1.png]]

[[ATTACHMENT|test-results/auth-login-🔐-Login-Flow---bd5d6-trar-el-formulario-de-login-chromium/video.webm]]

[[ATTACHMENT|test-results/auth-login-🔐-Login-Flow---bd5d6-trar-el-formulario-de-login-chromium/error-context.md]]
]]>
</system-out>
</testcase>
<testcase name="🔐 Login Flow - Usuario Admin › ✅ Debe realizar login exitoso con credenciales válidas" classname="auth/login.spec.ts" time="31.035">
<failure message="login.spec.ts:38:7 ✅ Debe realizar login exitoso con credenciales válidas" type="FAILURE">
<![CDATA[  [chromium] › auth/login.spec.ts:38:7 › 🔐 Login Flow - Usuario Admin › ✅ Debe realizar login exitoso con credenciales válidas 

    Test timeout of 30000ms exceeded.

    Error: page.fill: Test timeout of 30000ms exceeded.
    Call log:
      - waiting for locator('input[name="email"]')


      38 |   test('✅ Debe realizar login exitoso con credenciales válidas', async ({ page }) => {
      39 |     // Llenar formulario
    > 40 |     await page.fill('input[name="email"]', TEST_USER.email);
         |                ^
      41 |     await page.fill('input[name="password"]', TEST_USER.password);
      42 |
      43 |     // Enviar formulario
        at /workspace/__tests__/e2e/auth/login.spec.ts:40:16

    attachment #1: screenshot (image/png) ──────────────────────────────────────────────────────────
    ../../test-results/auth-login-🔐-Login-Flow---54d7f-so-con-credenciales-válidas-chromium/test-failed-1.png
    ────────────────────────────────────────────────────────────────────────────────────────────────

    attachment #2: video (video/webm) ──────────────────────────────────────────────────────────────
    ../../test-results/auth-login-🔐-Login-Flow---54d7f-so-con-credenciales-válidas-chromium/video.webm
    ────────────────────────────────────────────────────────────────────────────────────────────────

    Error Context: ../../test-results/auth-login-🔐-Login-Flow---54d7f-so-con-credenciales-válidas-chromium/error-context.md
]]>
</failure>
<system-out>
<![CDATA[
[[ATTACHMENT|test-results/auth-login-🔐-Login-Flow---54d7f-so-con-credenciales-válidas-chromium/test-failed-1.png]]

[[ATTACHMENT|test-results/auth-login-🔐-Login-Flow---54d7f-so-con-credenciales-válidas-chromium/video.webm]]

[[ATTACHMENT|test-results/auth-login-🔐-Login-Flow---54d7f-so-con-credenciales-válidas-chromium/error-context.md]]
]]>
</system-out>
</testcase>
<testcase name="🔐 Login Flow - Usuario Admin › ❌ Debe rechazar login con credenciales inválidas" classname="auth/login.spec.ts" time="30.915">
<failure message="login.spec.ts:59:7 ❌ Debe rechazar login con credenciales inválidas" type="FAILURE">
<![CDATA[  [chromium] › auth/login.spec.ts:59:7 › 🔐 Login Flow - Usuario Admin › ❌ Debe rechazar login con credenciales inválidas 

    Test timeout of 30000ms exceeded.

    Error: page.fill: Test timeout of 30000ms exceeded.
    Call log:
      - waiting for locator('input[name="email"]')


      59 |   test('❌ Debe rechazar login con credenciales inválidas', async ({ page }) => {
      60 |     // Intentar login con credenciales incorrectas
    > 61 |     await page.fill('input[name="email"]', 'invalid@test.com');
         |                ^
      62 |     await page.fill('input[name="password"]', 'WrongPassword123');
      63 |
      64 |     await page.click('button[type="submit"]');
        at /workspace/__tests__/e2e/auth/login.spec.ts:61:16

    attachment #1: screenshot (image/png) ──────────────────────────────────────────────────────────
    ../../test-results/auth-login-🔐-Login-Flow---3762c--con-credenciales-inválidas-chromium/test-failed-1.png
    ────────────────────────────────────────────────────────────────────────────────────────────────

    attachment #2: video (video/webm) ──────────────────────────────────────────────────────────────
    ../../test-results/auth-login-🔐-Login-Flow---3762c--con-credenciales-inválidas-chromium/video.webm
    ────────────────────────────────────────────────────────────────────────────────────────────────

    Error Context: ../../test-results/auth-login-🔐-Login-Flow---3762c--con-credenciales-inválidas-chromium/error-context.md
]]>
</failure>
<system-out>
<![CDATA[
[[ATTACHMENT|test-results/auth-login-🔐-Login-Flow---3762c--con-credenciales-inválidas-chromium/test-failed-1.png]]

[[ATTACHMENT|test-results/auth-login-🔐-Login-Flow---3762c--con-credenciales-inválidas-chromium/video.webm]]

[[ATTACHMENT|test-results/auth-login-🔐-Login-Flow---3762c--con-credenciales-inválidas-chromium/error-context.md]]
]]>
</system-out>
</testcase>
<testcase name="🔐 Login Flow - Usuario Admin › ⚠️ Debe validar campos requeridos" classname="auth/login.spec.ts" time="30.956">
<failure message="login.spec.ts:85:7 ⚠️ Debe validar campos requeridos" type="FAILURE">
<![CDATA[  [chromium] › auth/login.spec.ts:85:7 › 🔐 Login Flow - Usuario Admin › ⚠️ Debe validar campos requeridos 

    Test timeout of 30000ms exceeded.

    Error: locator.getAttribute: Test timeout of 30000ms exceeded.
    Call log:
      - waiting for locator('input[name="email"]')


      93 |     // Verificar validación HTML5 o mensajes de error
      94 |     const emailInput = page.locator('input[name="email"]');
    > 95 |     const isRequired = await emailInput.getAttribute('required');
         |                                         ^
      96 |
      97 |     expect(isRequired).not.toBeNull();
      98 |   });
        at /workspace/__tests__/e2e/auth/login.spec.ts:95:41

    attachment #1: screenshot (image/png) ──────────────────────────────────────────────────────────
    ../../test-results/auth-login-🔐-Login-Flow---5cbe3-e-validar-campos-requeridos-chromium/test-failed-1.png
    ────────────────────────────────────────────────────────────────────────────────────────────────

    attachment #2: video (video/webm) ──────────────────────────────────────────────────────────────
    ../../test-results/auth-login-🔐-Login-Flow---5cbe3-e-validar-campos-requeridos-chromium/video.webm
    ────────────────────────────────────────────────────────────────────────────────────────────────

    Error Context: ../../test-results/auth-login-🔐-Login-Flow---5cbe3-e-validar-campos-requeridos-chromium/error-context.md
]]>
</failure>
<system-out>
<![CDATA[
[[ATTACHMENT|test-results/auth-login-🔐-Login-Flow---5cbe3-e-validar-campos-requeridos-chromium/test-failed-1.png]]

[[ATTACHMENT|test-results/auth-login-🔐-Login-Flow---5cbe3-e-validar-campos-requeridos-chromium/video.webm]]

[[ATTACHMENT|test-results/auth-login-🔐-Login-Flow---5cbe3-e-validar-campos-requeridos-chromium/error-context.md]]
]]>
</system-out>
</testcase>
<testcase name="🔐 Login Flow - Usuario Admin › ⚠️ Debe manejar campos vacíos con espacios" classname="auth/login.spec.ts" time="31.127">
<failure message="login.spec.ts:100:7 ⚠️ Debe manejar campos vacíos con espacios" type="FAILURE">
<![CDATA[  [chromium] › auth/login.spec.ts:100:7 › 🔐 Login Flow - Usuario Admin › ⚠️ Debe manejar campos vacíos con espacios 

    Test timeout of 30000ms exceeded.

    Error: page.fill: Test timeout of 30000ms exceeded.
    Call log:
      - waiting for locator('input[name="email"]')


       99 |
      100 |   test('⚠️ Debe manejar campos vacíos con espacios', async ({ page }) => {
    > 101 |     await page.fill('input[name="email"]', '   ');
          |                ^
      102 |     await page.fill('input[name="password"]', '   ');
      103 |
      104 |     await page.click('button[type="submit"]');
        at /workspace/__tests__/e2e/auth/login.spec.ts:101:16

    attachment #1: screenshot (image/png) ──────────────────────────────────────────────────────────
    ../../test-results/auth-login-🔐-Login-Flow---8e21b--campos-vacíos-con-espacios-chromium/test-failed-1.png
    ────────────────────────────────────────────────────────────────────────────────────────────────

    attachment #2: video (video/webm) ──────────────────────────────────────────────────────────────
    ../../test-results/auth-login-🔐-Login-Flow---8e21b--campos-vacíos-con-espacios-chromium/video.webm
    ────────────────────────────────────────────────────────────────────────────────────────────────

    Error Context: ../../test-results/auth-login-🔐-Login-Flow---8e21b--campos-vacíos-con-espacios-chromium/error-context.md
]]>
</failure>
<system-out>
<![CDATA[
[[ATTACHMENT|test-results/auth-login-🔐-Login-Flow---8e21b--campos-vacíos-con-espacios-chromium/test-failed-1.png]]

[[ATTACHMENT|test-results/auth-login-🔐-Login-Flow---8e21b--campos-vacíos-con-espacios-chromium/video.webm]]

[[ATTACHMENT|test-results/auth-login-🔐-Login-Flow---8e21b--campos-vacíos-con-espacios-chromium/error-context.md]]
]]>
</system-out>
</testcase>
<testcase name="🔐 Login Flow - Usuario Inquilino › ✅ Debe realizar login de inquilino y redirigir a portal" classname="auth/login.spec.ts" time="30.922">
<failure message="login.spec.ts:114:7 ✅ Debe realizar login de inquilino y redirigir a portal" type="FAILURE">
<![CDATA[  [chromium] › auth/login.spec.ts:114:7 › 🔐 Login Flow - Usuario Inquilino › ✅ Debe realizar login de inquilino y redirigir a portal 

    Test timeout of 30000ms exceeded.

    Error: page.fill: Test timeout of 30000ms exceeded.
    Call log:
      - waiting for locator('input[name="email"]')


      115 |     await page.goto(`${BASE_URL}/login`);
      116 |
    > 117 |     await page.fill('input[name="email"]', TEST_TENANT.email);
          |                ^
      118 |     await page.fill('input[name="password"]', TEST_TENANT.password);
      119 |
      120 |     await page.click('button[type="submit"]');
        at /workspace/__tests__/e2e/auth/login.spec.ts:117:16

    attachment #1: screenshot (image/png) ──────────────────────────────────────────────────────────
    ../../test-results/auth-login-🔐-Login-Flow---929b0-uilino-y-redirigir-a-portal-chromium/test-failed-1.png
    ────────────────────────────────────────────────────────────────────────────────────────────────

    attachment #2: video (video/webm) ──────────────────────────────────────────────────────────────
    ../../test-results/auth-login-🔐-Login-Flow---929b0-uilino-y-redirigir-a-portal-chromium/video.webm
    ────────────────────────────────────────────────────────────────────────────────────────────────

    Error Context: ../../test-results/auth-login-🔐-Login-Flow---929b0-uilino-y-redirigir-a-portal-chromium/error-context.md
]]>
</failure>
<system-out>
<![CDATA[
[[ATTACHMENT|test-results/auth-login-🔐-Login-Flow---929b0-uilino-y-redirigir-a-portal-chromium/test-failed-1.png]]

[[ATTACHMENT|test-results/auth-login-🔐-Login-Flow---929b0-uilino-y-redirigir-a-portal-chromium/video.webm]]

[[ATTACHMENT|test-results/auth-login-🔐-Login-Flow---929b0-uilino-y-redirigir-a-portal-chromium/error-context.md]]
]]>
</system-out>
</testcase>
<testcase name="🔐 Logout Flow › ✅ Debe hacer logout correctamente" classname="auth/login.spec.ts" time="30.989">
<failure message="login.spec.ts:131:7 ✅ Debe hacer logout correctamente" type="FAILURE">
<![CDATA[  [chromium] › auth/login.spec.ts:131:7 › 🔐 Logout Flow › ✅ Debe hacer logout correctamente ───────

    Test timeout of 30000ms exceeded.

    Error: page.fill: Test timeout of 30000ms exceeded.
    Call log:
      - waiting for locator('input[name="email"]')


      132 |     // Primero hacer login
      133 |     await page.goto(`${BASE_URL}/login`);
    > 134 |     await page.fill('input[name="email"]', TEST_USER.email);
          |                ^
      135 |     await page.fill('input[name="password"]', TEST_USER.password);
      136 |     await page.click('button[type="submit"]');
      137 |
        at /workspace/__tests__/e2e/auth/login.spec.ts:134:16

    attachment #1: screenshot (image/png) ──────────────────────────────────────────────────────────
    ../../test-results/auth-login-🔐-Logout-Flow-✅-Debe-hacer-logout-correctamente-chromium/test-failed-1.png
    ────────────────────────────────────────────────────────────────────────────────────────────────

    attachment #2: video (video/webm) ──────────────────────────────────────────────────────────────
    ../../test-results/auth-login-🔐-Logout-Flow-✅-Debe-hacer-logout-correctamente-chromium/video.webm
    ────────────────────────────────────────────────────────────────────────────────────────────────

    Error Context: ../../test-results/auth-login-🔐-Logout-Flow-✅-Debe-hacer-logout-correctamente-chromium/error-context.md
]]>
</failure>
<system-out>
<![CDATA[
[[ATTACHMENT|test-results/auth-login-🔐-Logout-Flow-✅-Debe-hacer-logout-correctamente-chromium/test-failed-1.png]]

[[ATTACHMENT|test-results/auth-login-🔐-Logout-Flow-✅-Debe-hacer-logout-correctamente-chromium/video.webm]]

[[ATTACHMENT|test-results/auth-login-🔐-Logout-Flow-✅-Debe-hacer-logout-correctamente-chromium/error-context.md]]
]]>
</system-out>
</testcase>
<testcase name="🔐 Seguridad - Protección de Rutas › ❌ Debe redirigir a login si intenta acceder a dashboard sin auth" classname="auth/login.spec.ts" time="2.968">
</testcase>
<testcase name="🔐 Seguridad - Protección de Rutas › ❌ Debe redirigir a login si intenta acceder a admin sin auth" classname="auth/login.spec.ts" time="2.985">
</testcase>
</testsuite>
<testsuite name="auth-flow.spec.ts" timestamp="2026-01-08T12:53:10.552Z" hostname="chromium" tests="6" failures="6" skipped="0" time="162.871" errors="0">
<testcase name="🎭 E2E - Flujo de Autenticación › ✅ Debe mostrar el formulario de login" classname="auth-flow.spec.ts" time="6.278">
<failure message="auth-flow.spec.ts:14:7 ✅ Debe mostrar el formulario de login" type="FAILURE">
<![CDATA[  [chromium] › auth-flow.spec.ts:14:7 › 🎭 E2E - Flujo de Autenticación › ✅ Debe mostrar el formulario de login 

    Error: expect(locator).toBeVisible() failed

    Locator: getByRole('heading', { name: /login|iniciar sesión/i })
    Expected: visible
    Timeout: 5000ms
    Error: element(s) not found

    Call log:
      - Expect "toBeVisible" with timeout 5000ms
      - waiting for getByRole('heading', { name: /login|iniciar sesión/i })


      13 |
      14 |   test('✅ Debe mostrar el formulario de login', async ({ page }) => {
    > 15 |     await expect(page.getByRole('heading', { name: /login|iniciar sesión/i })).toBeVisible();
         |                                                                                ^
      16 |     await expect(page.getByLabel(/email/i)).toBeVisible();
      17 |     await expect(page.getByLabel(/password|contraseña/i)).toBeVisible();
      18 |     await expect(page.getByRole('button', { name: /login|entrar|iniciar/i })).toBeVisible();
        at /workspace/__tests__/e2e/auth-flow.spec.ts:15:80

    attachment #1: screenshot (image/png) ──────────────────────────────────────────────────────────
    ../../test-results/auth-flow-🎭-E2E---Flujo-d-aeda1-trar-el-formulario-de-login-chromium/test-failed-1.png
    ────────────────────────────────────────────────────────────────────────────────────────────────

    attachment #2: video (video/webm) ──────────────────────────────────────────────────────────────
    ../../test-results/auth-flow-🎭-E2E---Flujo-d-aeda1-trar-el-formulario-de-login-chromium/video.webm
    ────────────────────────────────────────────────────────────────────────────────────────────────

    Error Context: ../../test-results/auth-flow-🎭-E2E---Flujo-d-aeda1-trar-el-formulario-de-login-chromium/error-context.md
]]>
</failure>
<system-out>
<![CDATA[
[[ATTACHMENT|test-results/auth-flow-🎭-E2E---Flujo-d-aeda1-trar-el-formulario-de-login-chromium/test-failed-1.png]]

[[ATTACHMENT|test-results/auth-flow-🎭-E2E---Flujo-d-aeda1-trar-el-formulario-de-login-chromium/video.webm]]

[[ATTACHMENT|test-results/auth-flow-🎭-E2E---Flujo-d-aeda1-trar-el-formulario-de-login-chromium/error-context.md]]
]]>
</system-out>
</testcase>
<testcase name="🎭 E2E - Flujo de Autenticación › ❌ Debe mostrar error con credenciales inválidas" classname="auth-flow.spec.ts" time="31.174">
<failure message="auth-flow.spec.ts:21:7 ❌ Debe mostrar error con credenciales inválidas" type="FAILURE">
<![CDATA[  [chromium] › auth-flow.spec.ts:21:7 › 🎭 E2E - Flujo de Autenticación › ❌ Debe mostrar error con credenciales inválidas 

    Test timeout of 30000ms exceeded.

    Error: locator.fill: Test timeout of 30000ms exceeded.
    Call log:
      - waiting for getByLabel(/email/i)


      20 |
      21 |   test('❌ Debe mostrar error con credenciales inválidas', async ({ page }) => {
    > 22 |     await page.getByLabel(/email/i).fill('invalid@example.com');
         |                                     ^
      23 |     await page.getByLabel(/password|contraseña/i).fill('wrongpassword');
      24 |     await page.getByRole('button', { name: /login|entrar|iniciar/i }).click();
      25 |
        at /workspace/__tests__/e2e/auth-flow.spec.ts:22:37

    attachment #1: screenshot (image/png) ──────────────────────────────────────────────────────────
    ../../test-results/auth-flow-🎭-E2E---Flujo-d-6191b--con-credenciales-inválidas-chromium/test-failed-1.png
    ────────────────────────────────────────────────────────────────────────────────────────────────

    attachment #2: video (video/webm) ──────────────────────────────────────────────────────────────
    ../../test-results/auth-flow-🎭-E2E---Flujo-d-6191b--con-credenciales-inválidas-chromium/video.webm
    ────────────────────────────────────────────────────────────────────────────────────────────────

    Error Context: ../../test-results/auth-flow-🎭-E2E---Flujo-d-6191b--con-credenciales-inválidas-chromium/error-context.md
]]>
</failure>
<system-out>
<![CDATA[
[[ATTACHMENT|test-results/auth-flow-🎭-E2E---Flujo-d-6191b--con-credenciales-inválidas-chromium/test-failed-1.png]]

[[ATTACHMENT|test-results/auth-flow-🎭-E2E---Flujo-d-6191b--con-credenciales-inválidas-chromium/video.webm]]

[[ATTACHMENT|test-results/auth-flow-🎭-E2E---Flujo-d-6191b--con-credenciales-inválidas-chromium/error-context.md]]
]]>
</system-out>
</testcase>
<testcase name="🎭 E2E - Flujo de Autenticación › ✅ Debe hacer login exitoso con credenciales válidas" classname="auth-flow.spec.ts" time="31.188">
<failure message="auth-flow.spec.ts:32:7 ✅ Debe hacer login exitoso con credenciales válidas" type="FAILURE">
<![CDATA[  [chromium] › auth-flow.spec.ts:32:7 › 🎭 E2E - Flujo de Autenticación › ✅ Debe hacer login exitoso con credenciales válidas 

    Test timeout of 30000ms exceeded.

    Error: locator.fill: Test timeout of 30000ms exceeded.
    Call log:
      - waiting for getByLabel(/email/i)


      31 |
      32 |   test('✅ Debe hacer login exitoso con credenciales válidas', async ({ page }) => {
    > 33 |     await page.getByLabel(/email/i).fill('admin@inmova.app');
         |                                     ^
      34 |     await page.getByLabel(/password|contraseña/i).fill('admin123');
      35 |     await page.getByRole('button', { name: /login|entrar|iniciar/i }).click();
      36 |
        at /workspace/__tests__/e2e/auth-flow.spec.ts:33:37

    attachment #1: screenshot (image/png) ──────────────────────────────────────────────────────────
    ../../test-results/auth-flow-🎭-E2E---Flujo-d-fcd66-so-con-credenciales-válidas-chromium/test-failed-1.png
    ────────────────────────────────────────────────────────────────────────────────────────────────

    attachment #2: video (video/webm) ──────────────────────────────────────────────────────────────
    ../../test-results/auth-flow-🎭-E2E---Flujo-d-fcd66-so-con-credenciales-válidas-chromium/video.webm
    ────────────────────────────────────────────────────────────────────────────────────────────────

    Error Context: ../../test-results/auth-flow-🎭-E2E---Flujo-d-fcd66-so-con-credenciales-válidas-chromium/error-context.md
]]>
</failure>
<system-out>
<![CDATA[
[[ATTACHMENT|test-results/auth-flow-🎭-E2E---Flujo-d-fcd66-so-con-credenciales-válidas-chromium/test-failed-1.png]]

[[ATTACHMENT|test-results/auth-flow-🎭-E2E---Flujo-d-fcd66-so-con-credenciales-válidas-chromium/video.webm]]

[[ATTACHMENT|test-results/auth-flow-🎭-E2E---Flujo-d-fcd66-so-con-credenciales-válidas-chromium/error-context.md]]
]]>
</system-out>
</testcase>
<testcase name="🎭 E2E - Flujo de Autenticación › ✅ Debe hacer logout correctamente" classname="auth-flow.spec.ts" time="31.172">
<failure message="auth-flow.spec.ts:46:7 ✅ Debe hacer logout correctamente" type="FAILURE">
<![CDATA[  [chromium] › auth-flow.spec.ts:46:7 › 🎭 E2E - Flujo de Autenticación › ✅ Debe hacer logout correctamente 

    Test timeout of 30000ms exceeded.

    Error: locator.fill: Test timeout of 30000ms exceeded.
    Call log:
      - waiting for getByLabel(/email/i)


      46 |   test('✅ Debe hacer logout correctamente', async ({ page }) => {
      47 |     // Login primero
    > 48 |     await page.getByLabel(/email/i).fill('admin@inmova.app');
         |                                     ^
      49 |     await page.getByLabel(/password|contraseña/i).fill('admin123');
      50 |     await page.getByRole('button', { name: /login|entrar|iniciar/i }).click();
      51 |
        at /workspace/__tests__/e2e/auth-flow.spec.ts:48:37

    attachment #1: screenshot (image/png) ──────────────────────────────────────────────────────────
    ../../test-results/auth-flow-🎭-E2E---Flujo-d-4efb6--hacer-logout-correctamente-chromium/test-failed-1.png
    ────────────────────────────────────────────────────────────────────────────────────────────────

    attachment #2: video (video/webm) ──────────────────────────────────────────────────────────────
    ../../test-results/auth-flow-🎭-E2E---Flujo-d-4efb6--hacer-logout-correctamente-chromium/video.webm
    ────────────────────────────────────────────────────────────────────────────────────────────────

    Error Context: ../../test-results/auth-flow-🎭-E2E---Flujo-d-4efb6--hacer-logout-correctamente-chromium/error-context.md
]]>
</failure>
<system-out>
<![CDATA[
[[ATTACHMENT|test-results/auth-flow-🎭-E2E---Flujo-d-4efb6--hacer-logout-correctamente-chromium/test-failed-1.png]]

[[ATTACHMENT|test-results/auth-flow-🎭-E2E---Flujo-d-4efb6--hacer-logout-correctamente-chromium/video.webm]]

[[ATTACHMENT|test-results/auth-flow-🎭-E2E---Flujo-d-4efb6--hacer-logout-correctamente-chromium/error-context.md]]
]]>
</system-out>
</testcase>
<testcase name="🎭 E2E - Flujo de Autenticación › ❌ Debe validar campos vacíos" classname="auth-flow.spec.ts" time="31.185">
<failure message="auth-flow.spec.ts:61:7 ❌ Debe validar campos vacíos" type="FAILURE">
<![CDATA[  [chromium] › auth-flow.spec.ts:61:7 › 🎭 E2E - Flujo de Autenticación › ❌ Debe validar campos vacíos 

    Test timeout of 30000ms exceeded.

    Error: locator.click: Test timeout of 30000ms exceeded.
    Call log:
      - waiting for getByRole('button', { name: /login|entrar|iniciar/i })


      61 |   test('❌ Debe validar campos vacíos', async ({ page }) => {
      62 |     // Intentar submit sin llenar campos
    > 63 |     await page.getByRole('button', { name: /login|entrar|iniciar/i }).click();
         |                                                                       ^
      64 |
      65 |     // Verificar mensajes de validación
      66 |     await expect(
        at /workspace/__tests__/e2e/auth-flow.spec.ts:63:71

    attachment #1: screenshot (image/png) ──────────────────────────────────────────────────────────
    ../../test-results/auth-flow-🎭-E2E---Flujo-d-084d9--Debe-validar-campos-vacíos-chromium/test-failed-1.png
    ────────────────────────────────────────────────────────────────────────────────────────────────

    attachment #2: video (video/webm) ──────────────────────────────────────────────────────────────
    ../../test-results/auth-flow-🎭-E2E---Flujo-d-084d9--Debe-validar-campos-vacíos-chromium/video.webm
    ────────────────────────────────────────────────────────────────────────────────────────────────

    Error Context: ../../test-results/auth-flow-🎭-E2E---Flujo-d-084d9--Debe-validar-campos-vacíos-chromium/error-context.md
]]>
</failure>
<system-out>
<![CDATA[
[[ATTACHMENT|test-results/auth-flow-🎭-E2E---Flujo-d-084d9--Debe-validar-campos-vacíos-chromium/test-failed-1.png]]

[[ATTACHMENT|test-results/auth-flow-🎭-E2E---Flujo-d-084d9--Debe-validar-campos-vacíos-chromium/video.webm]]

[[ATTACHMENT|test-results/auth-flow-🎭-E2E---Flujo-d-084d9--Debe-validar-campos-vacíos-chromium/error-context.md]]
]]>
</system-out>
</testcase>
<testcase name="🎭 E2E - Flujo de Autenticación › ❌ Debe validar formato de email" classname="auth-flow.spec.ts" time="31.874">
<failure message="auth-flow.spec.ts:71:7 ❌ Debe validar formato de email" type="FAILURE">
<![CDATA[  [chromium] › auth-flow.spec.ts:71:7 › 🎭 E2E - Flujo de Autenticación › ❌ Debe validar formato de email 

    Test timeout of 30000ms exceeded.

    Error: locator.fill: Test timeout of 30000ms exceeded.
    Call log:
      - waiting for getByLabel(/email/i)


      70 |
      71 |   test('❌ Debe validar formato de email', async ({ page }) => {
    > 72 |     await page.getByLabel(/email/i).fill('invalid-email');
         |                                     ^
      73 |     await page.getByLabel(/password|contraseña/i).fill('password123');
      74 |     await page.getByRole('button', { name: /login|entrar|iniciar/i }).click();
      75 |
        at /workspace/__tests__/e2e/auth-flow.spec.ts:72:37

    attachment #1: screenshot (image/png) ──────────────────────────────────────────────────────────
    ../../test-results/auth-flow-🎭-E2E---Flujo-d-bedfc-be-validar-formato-de-email-chromium/test-failed-1.png
    ────────────────────────────────────────────────────────────────────────────────────────────────

    attachment #2: video (video/webm) ──────────────────────────────────────────────────────────────
    ../../test-results/auth-flow-🎭-E2E---Flujo-d-bedfc-be-validar-formato-de-email-chromium/video.webm
    ────────────────────────────────────────────────────────────────────────────────────────────────

    Error Context: ../../test-results/auth-flow-🎭-E2E---Flujo-d-bedfc-be-validar-formato-de-email-chromium/error-context.md
]]>
</failure>
<system-out>
<![CDATA[
[[ATTACHMENT|test-results/auth-flow-🎭-E2E---Flujo-d-bedfc-be-validar-formato-de-email-chromium/test-failed-1.png]]

[[ATTACHMENT|test-results/auth-flow-🎭-E2E---Flujo-d-bedfc-be-validar-formato-de-email-chromium/video.webm]]

[[ATTACHMENT|test-results/auth-flow-🎭-E2E---Flujo-d-bedfc-be-validar-formato-de-email-chromium/error-context.md]]
]]>
</system-out>
</testcase>
</testsuite>
<testsuite name="button-visibility-audit.spec.ts" timestamp="2026-01-08T12:53:10.552Z" hostname="chromium" tests="3" failures="0" skipped="0" time="9.639" errors="0">
<testcase name="Auditoría de Botones - Visibilidad y Contraste › Analizar todos los botones de la landing" classname="button-visibility-audit.spec.ts" time="5.161">
<system-out>
<![CDATA[
═══════════════════════════════════════════════════════════════
  ANÁLISIS DE BOTONES - LANDING PRINCIPAL
═══════════════════════════════════════════════════════════════

Total botones analizados: 89
✅ Sin problemas: 62
⚠️  Con problemas: 27

BOTONES CON PROBLEMAS DE VISIBILIDAD:
─────────────────────────────────────────────────────────────────

❌ "Ver oferta"
   Problema: Contraste muy bajo: 1.00:1 (mínimo 3:1)
   Texto: rgb(255, 255, 255)
   Fondo: rgba(0, 0, 0, 0)
   Contraste: 1:1

❌ "Empezar Gratis Ahora"
   Problema: Contraste muy bajo: 1.00:1 (mínimo 3:1)
   Texto: rgb(255, 255, 255)
   Fondo: rgba(0, 0, 0, 0)
   Contraste: 1:1

❌ "Ver Planes y Precios"
   Problema: Contraste muy bajo: 1.00:1 (mínimo 3:1)
   Texto: rgb(255, 255, 255)
   Fondo: rgba(0, 0, 0, 0)
   Contraste: 1:1

❌ "Acceder"
   Problema: Contraste bajo: 3.30:1 (recomendado 4.5:1)
   Texto: rgb(255, 255, 255)
   Fondo: rgb(22, 163, 74)
   Contraste: 3.3:1

❌ "Twitter"
   Problema: Contraste muy bajo: 1.00:1 (mínimo 3:1)
   Texto: rgb(255, 255, 255)
   Fondo: rgba(0, 0, 0, 0)
   Contraste: 1:1

❌ "LinkedIn"
   Problema: Contraste muy bajo: 1.00:1 (mínimo 3:1)
   Texto: rgb(255, 255, 255)
   Fondo: rgba(0, 0, 0, 0)
   Contraste: 1:1

❌ "Características"
   Problema: Contraste muy bajo: 1.47:1 (mínimo 3:1)
   Texto: rgb(209, 213, 219)
   Fondo: rgba(0, 0, 0, 0)
   Contraste: 1.47:1

❌ "Precios"
   Problema: Contraste muy bajo: 1.47:1 (mínimo 3:1)
   Texto: rgb(209, 213, 219)
   Fondo: rgba(0, 0, 0, 0)
   Contraste: 1.47:1

❌ "Ver Demo"
   Problema: Contraste muy bajo: 1.47:1 (mínimo 3:1)
   Texto: rgb(209, 213, 219)
   Fondo: rgba(0, 0, 0, 0)
   Contraste: 1.47:1

❌ "Integraciones"
   Problema: Contraste muy bajo: 1.47:1 (mínimo 3:1)
   Texto: rgb(209, 213, 219)
   Fondo: rgba(0, 0, 0, 0)
   Contraste: 1.47:1

❌ "Ventajas de INMOVA"
   Problema: Contraste muy bajo: 1.24:1 (mínimo 3:1)
   Texto: rgb(229, 231, 235)
   Fondo: rgba(0, 0, 0, 0)
   Contraste: 1.24:1

❌ "Marketplace B2B"
   Problema: Contraste muy bajo: 1.69:1 (mínimo 3:1)
   Texto: rgb(253, 186, 116)
   Fondo: rgba(0, 0, 0, 0)
   Contraste: 1.69:1

❌ "Cómo Funciona"
   Problema: Contraste muy bajo: 1.47:1 (mínimo 3:1)
   Texto: rgb(209, 213, 219)
   Fondo: rgba(0, 0, 0, 0)
   Contraste: 1.47:1

❌ "Planes"
   Problema: Contraste muy bajo: 1.47:1 (mínimo 3:1)
   Texto: rgb(209, 213, 219)
   Fondo: rgba(0, 0, 0, 0)
   Contraste: 1.47:1

❌ "Compliance Hub"
   Problema: Contraste muy bajo: 1.47:1 (mínimo 3:1)
   Texto: rgb(209, 213, 219)
   Fondo: rgba(0, 0, 0, 0)
   Contraste: 1.47:1

❌ "Sobre Nosotros"
   Problema: Contraste muy bajo: 1.47:1 (mínimo 3:1)
   Texto: rgb(209, 213, 219)
   Fondo: rgba(0, 0, 0, 0)
   Contraste: 1.47:1

❌ "Blog"
   Problema: Contraste muy bajo: 1.47:1 (mínimo 3:1)
   Texto: rgb(209, 213, 219)
   Fondo: rgba(0, 0, 0, 0)
   Contraste: 1.47:1

❌ "Casos de Éxito"
   Problema: Contraste muy bajo: 1.47:1 (mínimo 3:1)
   Texto: rgb(209, 213, 219)
   Fondo: rgba(0, 0, 0, 0)
   Contraste: 1.47:1

❌ "Contacto"
   Problema: Contraste muy bajo: 1.47:1 (mínimo 3:1)
   Texto: rgb(209, 213, 219)
   Fondo: rgba(0, 0, 0, 0)
   Contraste: 1.47:1

❌ "Privacidad"
   Problema: Contraste muy bajo: 1.47:1 (mínimo 3:1)
   Texto: rgb(209, 213, 219)
   Fondo: rgba(0, 0, 0, 0)
   Contraste: 1.47:1

❌ "Términos"
   Problema: Contraste muy bajo: 1.47:1 (mínimo 3:1)
   Texto: rgb(209, 213, 219)
   Fondo: rgba(0, 0, 0, 0)
   Contraste: 1.47:1

❌ "GDPR"
   Problema: Contraste muy bajo: 1.47:1 (mínimo 3:1)
   Texto: rgb(209, 213, 219)
   Fondo: rgba(0, 0, 0, 0)
   Contraste: 1.47:1

❌ "Cookies"
   Problema: Contraste muy bajo: 1.47:1 (mínimo 3:1)
   Texto: rgb(209, 213, 219)
   Fondo: rgba(0, 0, 0, 0)
   Contraste: 1.47:1

❌ "Empezar Gratis"
   Problema: Contraste muy bajo: 1.00:1 (mínimo 3:1)
   Texto: rgb(255, 255, 255)
   Fondo: rgba(0, 0, 0, 0)
   Contraste: 1:1

❌ "Empezar Gratis"
   Problema: Contraste muy bajo: 1.00:1 (mínimo 3:1)
   Texto: rgb(255, 255, 255)
   Fondo: rgba(0, 0, 0, 0)
   Contraste: 1:1

❌ "!¡Chatea con nosotros!"
   Problema: Contraste bajo: 3.30:1 (recomendado 4.5:1)
   Texto: rgb(255, 255, 255)
   Fondo: rgb(22, 163, 74)
   Contraste: 3.3:1

❌ "!"
   Problema: Contraste muy bajo: 1.00:1 (mínimo 3:1)
   Texto: rgb(255, 255, 255)
   Fondo: rgba(0, 0, 0, 0)
   Contraste: 1:1


TODOS LOS BOTONES:
─────────────────────────────────────────────────────────────────
✅ "Características" - Contraste: 17.74:1 | BG: rgba(0, 0, 0, 0) | Text: rgb(17, 24, 39)
✅ "Accesos" - Contraste: 17.74:1 | BG: rgba(0, 0, 0, 0) | Text: rgb(17, 24, 39)
✅ "Precios" - Contraste: 17.74:1 | BG: rgba(0, 0, 0, 0) | Text: rgb(17, 24, 39)
✅ "Integraciones" - Contraste: 17.74:1 | BG: rgba(0, 0, 0, 0) | Text: rgb(17, 24, 39)
✅ "eWoorker" - Contraste: 6.38:1 | BG: rgb(255, 237, 213) | Text: rgb(154, 52, 18)
✅ "Iniciar Sesión" - Contraste: 20.01:1 | BG: rgba(0, 0, 0, 0) | Text: rgb(2, 8, 23)
✅ "Iniciar Sesión" - Contraste: 11.86:1 | BG: rgb(229, 231, 235) | Text: rgb(31, 41, 55)
✅ "EmpezarComenzar Gratis" - Contraste: 20.01:1 | BG: rgba(0, 0, 0, 0) | Text: rgb(2, 8, 23)
✅ "EmpezarComenzar Gratis" - Contraste: 7.9:1 | BG: rgb(67, 56, 202) | Text: rgb(255, 255, 255)
✅ "Propietarios" - Contraste: 11.86:1 | BG: rgb(229, 231, 235) | Text: rgb(31, 41, 55)
✅ "Gestores" - Contraste: 11.86:1 | BG: rgb(229, 231, 235) | Text: rgb(31, 41, 55)
✅ "ConstrucciónB2B" - Contraste: 11.86:1 | BG: rgb(229, 231, 235) | Text: rgb(31, 41, 55)
✅ "Inversores" - Contraste: 11.86:1 | BG: rgb(229, 231, 235) | Text: rgb(31, 41, 55)
✅ "Empezar Gratis" - Contraste: 20.01:1 | BG: rgba(0, 0, 0, 0) | Text: rgb(2, 8, 23)
✅ "Empezar Gratis" - Contraste: 7.9:1 | BG: rgb(67, 56, 202) | Text: rgb(255, 255, 255)
✅ "Ver Demo" - Contraste: 20.01:1 | BG: rgba(0, 0, 0, 0) | Text: rgb(2, 8, 23)
✅ "Ver Demo" - Contraste: 11.86:1 | BG: rgb(229, 231, 235) | Text: rgb(31, 41, 55)
⚠️  "Ver oferta" - Contraste: 1:1 | BG: rgba(0, 0, 0, 0) | Text: rgb(255, 255, 255)
✅ "Ver oferta" - Contraste: 11.86:1 | BG: rgb(229, 231, 235) | Text: rgb(31, 41, 55)
✅ "¡Empieza a €17/mes!STARTER26" - Contraste: 20.01:1 | BG: rgb(255, 255, 255) | Text: rgb(2, 8, 23)
✅ "Coliving Sin ComplicacionesCOLIVING26" - Contraste: 11.86:1 | BG: rgb(229, 231, 235) | Text: rgb(31, 41, 55)
✅ "Cambia y AhorraSWITCH26" - Contraste: 11.86:1 | BG: rgb(229, 231, 235) | Text: rgb(31, 41, 55)
⚠️  "Empezar Gratis Ahora" - Contraste: 1:1 | BG: rgba(0, 0, 0, 0) | Text: rgb(255, 255, 255)
✅ "Empezar Gratis Ahora" - Contraste: 11.86:1 | BG: rgb(229, 231, 235) | Text: rgb(31, 41, 55)
⚠️  "Ver Planes y Precios" - Contraste: 1:1 | BG: rgba(0, 0, 0, 0) | Text: rgb(255, 255, 255)
✅ "Ver Planes y Precios" - Contraste: 11.86:1 | BG: rgb(229, 231, 235) | Text: rgb(31, 41, 55)
✅ "Acceder" - Contraste: 20.01:1 | BG: rgba(0, 0, 0, 0) | Text: rgb(2, 8, 23)
✅ "Acceder" - Contraste: 7.9:1 | BG: rgb(67, 56, 202) | Text: rgb(255, 255, 255)
✅ "Acceder" - Contraste: 20.01:1 | BG: rgba(0, 0, 0, 0) | Text: rgb(2, 8, 23)
✅ "Acceder" - Contraste: 7.9:1 | BG: rgb(67, 56, 202) | Text: rgb(255, 255, 255)
✅ "Acceder" - Contraste: 20.01:1 | BG: rgba(0, 0, 0, 0) | Text: rgb(2, 8, 23)
✅ "Acceder" - Contraste: 7.9:1 | BG: rgb(67, 56, 202) | Text: rgb(255, 255, 255)
✅ "Acceder" - Contraste: 20.01:1 | BG: rgba(0, 0, 0, 0) | Text: rgb(2, 8, 23)
⚠️  "Acceder" - Contraste: 3.3:1 | BG: rgb(22, 163, 74) | Text: rgb(255, 255, 255)
✅ "Acceder" - Contraste: 20.01:1 | BG: rgba(0, 0, 0, 0) | Text: rgb(2, 8, 23)
✅ "Acceder" - Contraste: 7.9:1 | BG: rgb(67, 56, 202) | Text: rgb(255, 255, 255)
✅ "Regístrate gratis" - Contraste: 7.9:1 | BG: rgba(0, 0, 0, 0) | Text: rgb(67, 56, 202)
✅ "contacta con ventas" - Contraste: 7.9:1 | BG: rgba(0, 0, 0, 0) | Text: rgb(67, 56, 202)
✅ "Probar 30 días gratis" - Contraste: 20.01:1 | BG: rgba(0, 0, 0, 0) | Text: rgb(2, 8, 23)
✅ "Probar 30 días gratis" - Contraste: 7.9:1 | BG: rgb(67, 56, 202) | Text: rgb(255, 255, 255)
✅ "Probar 30 días gratis" - Contraste: 20.01:1 | BG: rgba(0, 0, 0, 0) | Text: rgb(2, 8, 23)
✅ "Probar 30 días gratis" - Contraste: 7.9:1 | BG: rgb(67, 56, 202) | Text: rgb(255, 255, 255)
✅ "Probar 30 días gratis" - Contraste: 20.01:1 | BG: rgba(0, 0, 0, 0) | Text: rgb(2, 8, 23)
✅ "Probar 30 días gratis" - Contraste: 7.9:1 | BG: rgb(67, 56, 202) | Text: rgb(255, 255, 255)
✅ "Probar 30 días gratis" - Contraste: 20.01:1 | BG: rgba(0, 0, 0, 0) | Text: rgb(2, 8, 23)
✅ "Probar 30 días gratis" - Contraste: 7.9:1 | BG: rgb(67, 56, 202) | Text: rgb(255, 255, 255)
✅ "Solicitar Demo Personalizada" - Contraste: 20.01:1 | BG: rgba(0, 0, 0, 0) | Text: rgb(2, 8, 23)
✅ "Solicitar Demo Personalizada" - Contraste: 7.9:1 | BG: rgb(67, 56, 202) | Text: rgb(255, 255, 255)
✅ "contáctanos" - Contraste: 6.7:1 | BG: rgba(0, 0, 0, 0) | Text: rgb(29, 78, 216)
✅ "General" - Contraste: 5.17:1 | BG: rgb(37, 99, 235) | Text: rgb(255, 255, 255)
✅ "Pricing" - Contraste: 11.86:1 | BG: rgb(229, 231, 235) | Text: rgb(31, 41, 55)
✅ "Técnico" - Contraste: 11.86:1 | BG: rgb(229, 231, 235) | Text: rgb(31, 41, 55)
✅ "Legal" - Contraste: 11.86:1 | BG: rgb(229, 231, 235) | Text: rgb(31, 41, 55)
✅ "¿Qué es Inmova y para quién es?Inmova es una plata" - Contraste: 20.01:1 | BG: rgba(0, 0, 0, 0) | Text: rgb(2, 8, 23)
✅ "¿Cómo funciona el proceso de onboarding?" - Contraste: 20.01:1 | BG: rgba(0, 0, 0, 0) | Text: rgb(2, 8, 23)
✅ "¿Necesito conocimientos técnicos para usar Inmova?" - Contraste: 20.01:1 | BG: rgba(0, 0, 0, 0) | Text: rgb(2, 8, 23)
✅ "¿Puedo gestionar múltiples propiedades?" - Contraste: 20.01:1 | BG: rgba(0, 0, 0, 0) | Text: rgb(2, 8, 23)
✅ "Contactar Soporte" - Contraste: 6.29:1 | BG: rgb(79, 70, 229) | Text: rgb(255, 255, 255)
✅ "Ver Centro de Ayuda" - Contraste: 17.74:1 | BG: rgb(255, 255, 255) | Text: rgb(17, 24, 39)
⚠️  "Twitter" - Contraste: 1:1 | BG: rgba(0, 0, 0, 0) | Text: rgb(255, 255, 255)
✅ "Twitter" - Contraste: 11.86:1 | BG: rgb(229, 231, 235) | Text: rgb(31, 41, 55)
⚠️  "LinkedIn" - Contraste: 1:1 | BG: rgba(0, 0, 0, 0) | Text: rgb(255, 255, 255)
✅ "LinkedIn" - Contraste: 11.86:1 | BG: rgb(229, 231, 235) | Text: rgb(31, 41, 55)
⚠️  "Características" - Contraste: 1.47:1 | BG: rgba(0, 0, 0, 0) | Text: rgb(209, 213, 219)
⚠️  "Precios" - Contraste: 1.47:1 | BG: rgba(0, 0, 0, 0) | Text: rgb(209, 213, 219)
⚠️  "Ver Demo" - Contraste: 1.47:1 | BG: rgba(0, 0, 0, 0) | Text: rgb(209, 213, 219)
⚠️  "Integraciones" - Contraste: 1.47:1 | BG: rgba(0, 0, 0, 0) | Text: rgb(209, 213, 219)
⚠️  "Ventajas de INMOVA" - Contraste: 1.24:1 | BG: rgba(0, 0, 0, 0) | Text: rgb(229, 231, 235)
⚠️  "Marketplace B2B" - Contraste: 1.69:1 | BG: rgba(0, 0, 0, 0) | Text: rgb(253, 186, 116)
⚠️  "Cómo Funciona" - Contraste: 1.47:1 | BG: rgba(0, 0, 0, 0) | Text: rgb(209, 213, 219)
⚠️  "Planes" - Contraste: 1.47:1 | BG: rgba(0, 0, 0, 0) | Text: rgb(209, 213, 219)
⚠️  "Compliance Hub" - Contraste: 1.47:1 | BG: rgba(0, 0, 0, 0) | Text: rgb(209, 213, 219)
⚠️  "Sobre Nosotros" - Contraste: 1.47:1 | BG: rgba(0, 0, 0, 0) | Text: rgb(209, 213, 219)
⚠️  "Blog" - Contraste: 1.47:1 | BG: rgba(0, 0, 0, 0) | Text: rgb(209, 213, 219)
⚠️  "Casos de Éxito" - Contraste: 1.47:1 | BG: rgba(0, 0, 0, 0) | Text: rgb(209, 213, 219)
⚠️  "Contacto" - Contraste: 1.47:1 | BG: rgba(0, 0, 0, 0) | Text: rgb(209, 213, 219)
⚠️  "Privacidad" - Contraste: 1.47:1 | BG: rgba(0, 0, 0, 0) | Text: rgb(209, 213, 219)
⚠️  "Términos" - Contraste: 1.47:1 | BG: rgba(0, 0, 0, 0) | Text: rgb(209, 213, 219)
⚠️  "GDPR" - Contraste: 1.47:1 | BG: rgba(0, 0, 0, 0) | Text: rgb(209, 213, 219)
⚠️  "Cookies" - Contraste: 1.47:1 | BG: rgba(0, 0, 0, 0) | Text: rgb(209, 213, 219)
⚠️  "Empezar Gratis" - Contraste: 1:1 | BG: rgba(0, 0, 0, 0) | Text: rgb(255, 255, 255)
⚠️  "Empezar Gratis" - Contraste: 1:1 | BG: rgba(0, 0, 0, 0) | Text: rgb(255, 255, 255)
⚠️  "!¡Chatea con nosotros!" - Contraste: 3.3:1 | BG: rgb(22, 163, 74) | Text: rgb(255, 255, 255)
⚠️  "!" - Contraste: 1:1 | BG: rgba(0, 0, 0, 0) | Text: rgb(255, 255, 255)
✅ "Política de Cookies" - Contraste: 6.7:1 | BG: rgba(0, 0, 0, 0) | Text: rgb(29, 78, 216)
✅ "Política de Privacidad" - Contraste: 6.7:1 | BG: rgba(0, 0, 0, 0) | Text: rgb(29, 78, 216)
✅ "Configurar" - Contraste: 11.86:1 | BG: rgb(229, 231, 235) | Text: rgb(31, 41, 55)
✅ "Solo necesarias" - Contraste: 11.86:1 | BG: rgb(229, 231, 235) | Text: rgb(31, 41, 55)
✅ "Aceptar todas" - Contraste: 7.9:1 | BG: rgb(67, 56, 202) | Text: rgb(255, 255, 255)
]]>
</system-out>
</testcase>
<testcase name="Auditoría de Botones - Visibilidad y Contraste › Analizar botones en secciones específicas" classname="button-visibility-audit.spec.ts" time="2.534">
<system-out>
<![CDATA[
═══════════════════════════════════════════════════════════════
  ANÁLISIS POR SECCIONES
═══════════════════════════════════════════════════════════════


📍 Sección: Hero
   Botones encontrados: 8
   ✅ "Propietarios" - 11.9:1
   ✅ "Gestores" - 11.9:1
   ✅ "ConstrucciónB2B" - 11.9:1
   ✅ "Inversores" - 11.9:1
   ⚠️  "Empezar Gratis" - 1.0:1
   ✅ "Empezar Gratis" - 7.9:1
   ⚠️  "Ver Demo" - 1.0:1
   ✅ "Ver Demo" - 11.9:1

📍 Sección: Pricing
   Botones encontrados: 4
   ✅ "Empezar Gratis Ahora" - 21.0:1
   ✅ "Empezar Gratis Ahora" - 11.9:1
   ✅ "Ver Planes y Precios" - 21.0:1
   ✅ "Ver Planes y Precios" - 11.9:1

📍 Sección: CTA
   Botones encontrados: 10
   ✅ "Ver oferta" - 21.0:1
   ✅ "Ver oferta" - 11.9:1
   ✅ "¡Empieza a €17/mes!STARTER26" - 20.0:1
   ✅ "Coliving Sin ComplicacionesCOLIVING26" - 11.9:1
   ✅ "Cambia y AhorraSWITCH26" - 11.9:1

📍 Sección: Footer
   Botones encontrados: 23
   ✅ "Twitter" - 21.0:1
   ✅ "Twitter" - 11.9:1
   ✅ "LinkedIn" - 21.0:1
   ✅ "LinkedIn" - 11.9:1
   ✅ "Características" - 14.3:1
   ✅ "Precios" - 14.3:1
   ✅ "Ver Demo" - 14.3:1
   ✅ "Integraciones" - 14.3:1
   ✅ "Ventajas de INMOVA" - 17.0:1
   ✅ "Marketplace B2B" - 12.5:1
   ✅ "Cómo Funciona" - 14.3:1
   ✅ "Planes" - 14.3:1
   ✅ "Compliance Hub" - 14.3:1
   ✅ "Sobre Nosotros" - 14.3:1
   ✅ "Blog" - 14.3:1
   ✅ "Casos de Éxito" - 14.3:1
   ✅ "Contacto" - 14.3:1
   ✅ "Privacidad" - 14.3:1
   ✅ "Términos" - 14.3:1
   ✅ "GDPR" - 14.3:1
   ✅ "Cookies" - 14.3:1
   ✅ "Empezar Gratis" - 21.0:1
   ✅ "Empezar Gratis" - 21.0:1
]]>
</system-out>
</testcase>
<testcase name="Auditoría de Botones - Visibilidad y Contraste › Verificar botones del header" classname="button-visibility-audit.spec.ts" time="1.944">
<system-out>
<![CDATA[
═══════════════════════════════════════════════════════════════
  BOTONES DEL HEADER
═══════════════════════════════════════════════════════════════

✅ OK "Características"
      Texto: rgb(17, 24, 39)
      Fondo: rgba(0, 0, 0, 0) (tratado como blanco)
      Contraste: 17.74:1
✅ OK "Accesos"
      Texto: rgb(17, 24, 39)
      Fondo: rgba(0, 0, 0, 0) (tratado como blanco)
      Contraste: 17.74:1
✅ OK "Precios"
      Texto: rgb(17, 24, 39)
      Fondo: rgba(0, 0, 0, 0) (tratado como blanco)
      Contraste: 17.74:1
✅ OK "Integraciones"
      Texto: rgb(17, 24, 39)
      Fondo: rgba(0, 0, 0, 0) (tratado como blanco)
      Contraste: 17.74:1
✅ OK "eWoorker"
      Texto: rgb(154, 52, 18)
      Fondo: rgb(255, 237, 213) 
      Contraste: 6.38:1
✅ OK "Iniciar Sesión"
      Texto: rgb(2, 8, 23)
      Fondo: rgba(0, 0, 0, 0) (tratado como blanco)
      Contraste: 20.01:1
✅ OK "Iniciar Sesión"
      Texto: rgb(31, 41, 55)
      Fondo: rgb(229, 231, 235) 
      Contraste: 11.86:1
✅ OK "EmpezarComenzar Gratis"
      Texto: rgb(2, 8, 23)
      Fondo: rgba(0, 0, 0, 0) (tratado como blanco)
      Contraste: 20.01:1
✅ OK "EmpezarComenzar Gratis"
      Texto: rgb(255, 255, 255)
      Fondo: rgb(67, 56, 202) 
      Contraste: 7.90:1
]]>
</system-out>
</testcase>
</testsuite>
<testsuite name="ewoorker-login.spec.ts" timestamp="2026-01-08T12:53:10.552Z" hostname="chromium" tests="4" failures="0" skipped="0" time="15.918" errors="0">
<testcase name="eWoorker Login Tests › página de login carga correctamente" classname="ewoorker-login.spec.ts" time="1.097">
</testcase>
<testcase name="eWoorker Login Tests › login socio: socio@ewoorker.com" classname="ewoorker-login.spec.ts" time="5.44">
<system-out>
<![CDATA[
🔐 Testing login for socio@ewoorker.com
   URL actual: https://inmovaapp.com/ewoorker/panel
   Login exitoso: true
]]>
</system-out>
</testcase>
<testcase name="eWoorker Login Tests › login contratista: contratista@ewoorker.com" classname="ewoorker-login.spec.ts" time="4.691">
<system-out>
<![CDATA[
🔐 Testing login for contratista@ewoorker.com
   URL actual: https://inmovaapp.com/ewoorker/panel
   Login exitoso: true
]]>
</system-out>
</testcase>
<testcase name="eWoorker Login Tests › login subcontratista: subcontratista@ewoorker.com" classname="ewoorker-login.spec.ts" time="4.69">
<system-out>
<![CDATA[
🔐 Testing login for subcontratista@ewoorker.com
   URL actual: https://inmovaapp.com/ewoorker/panel
   Login exitoso: true
]]>
</system-out>
</testcase>
</testsuite>
<testsuite name="example.spec.ts" timestamp="2026-01-08T12:53:10.552Z" hostname="chromium" tests="1" failures="0" skipped="0" time="0.618" errors="0">
<testcase name="Example E2E Test › should load home page" classname="example.spec.ts" time="0.618">
</testcase>
</testsuite>
<testsuite name="full-app-test.spec.ts" timestamp="2026-01-08T12:53:10.552Z" hostname="chromium" tests="25" failures="2" skipped="0" time="65.544" errors="0">
<testcase name="INMOVA App - Tests E2E Completos › 1. Landing Page › debe cargar la landing page correctamente" classname="full-app-test.spec.ts" time="2.062">
</testcase>
<testcase name="INMOVA App - Tests E2E Completos › 1. Landing Page › debe tener botón de &quot;Iniciar Sesión&quot;" classname="full-app-test.spec.ts" time="1.403">
</testcase>
<testcase name="INMOVA App - Tests E2E Completos › 1. Landing Page › debe ser responsive (mobile)" classname="full-app-test.spec.ts" time="1.262">
</testcase>
<testcase name="INMOVA App - Tests E2E Completos › 2. Login Page › debe cargar la página de login" classname="full-app-test.spec.ts" time="1.319">
<failure message="full-app-test.spec.ts:69:9 debe cargar la página de login" type="FAILURE">
<![CDATA[  [chromium] › full-app-test.spec.ts:69:9 › INMOVA App - Tests E2E Completos › 2. Login Page › debe cargar la página de login 

    Error: expect(locator).toBeVisible() failed

    Locator: locator('text=Iniciar Sesión')
    Expected: visible
    Error: strict mode violation: locator('text=Iniciar Sesión') resolved to 2 elements:
        1) <h2 class="jsx-dac1a87eafb14790 text-2xl font-bold text-white mb-6">Iniciar Sesión</h2> aka getByRole('heading', { name: 'Iniciar Sesión' })
        2) <button type="submit" aria-busy="false" aria-live="polite" class="inline-flex items-center justify-center whitespace-nowrap ring-offset-background focus-visible:outline-none focus-visible:ring-2 focus-visible:ring-ring focus-visible:ring-offset-2 disabled:pointer-events-none hover:shadow-md active:scale-[0.98] bg-indigo-600 hover:bg-indigo-700 active:bg-indigo-800 dark:bg-indigo-500 dark:hover:bg-indigo-600 h-10 px-4 text-sm w-full relative group mt-6 bg-gradient-to-r from-indigo-500 to-purple-600 hov…>…</button> aka getByRole('button', { name: 'Iniciar Sesión' })

    Call log:
      - Expect "toBeVisible" with timeout 10000ms
      - waiting for locator('text=Iniciar Sesión')


      71 |       
      72 |       // Verificar elementos del login
    > 73 |       await expect(page.locator('text=Iniciar Sesión')).toBeVisible({ timeout: 10000 });
         |                                                         ^
      74 |       await expect(page.locator('input[type="email"]')).toBeVisible();
      75 |       await expect(page.locator('input[type="password"]')).toBeVisible();
      76 |       await expect(page.locator('button[type="submit"]')).toBeVisible();
        at /workspace/__tests__/e2e/full-app-test.spec.ts:73:57

    attachment #1: screenshot (image/png) ──────────────────────────────────────────────────────────
    ../../test-results/full-app-test-INMOVA-App---fbdba-e-cargar-la-página-de-login-chromium/test-failed-1.png
    ────────────────────────────────────────────────────────────────────────────────────────────────

    attachment #2: video (video/webm) ──────────────────────────────────────────────────────────────
    ../../test-results/full-app-test-INMOVA-App---fbdba-e-cargar-la-página-de-login-chromium/video.webm
    ────────────────────────────────────────────────────────────────────────────────────────────────

    Error Context: ../../test-results/full-app-test-INMOVA-App---fbdba-e-cargar-la-página-de-login-chromium/error-context.md
]]>
</failure>
<system-out>
<![CDATA[
[[ATTACHMENT|test-results/full-app-test-INMOVA-App---fbdba-e-cargar-la-página-de-login-chromium/test-failed-1.png]]

[[ATTACHMENT|test-results/full-app-test-INMOVA-App---fbdba-e-cargar-la-página-de-login-chromium/video.webm]]

[[ATTACHMENT|test-results/full-app-test-INMOVA-App---fbdba-e-cargar-la-página-de-login-chromium/error-context.md]]
]]>
</system-out>
</testcase>
<testcase name="INMOVA App - Tests E2E Completos › 2. Login Page › debe mostrar error con credenciales inválidas" classname="full-app-test.spec.ts" time="1.73">
</testcase>
<testcase name="INMOVA App - Tests E2E Completos › 2. Login Page › debe validar campos requeridos" classname="full-app-test.spec.ts" time="2.358">
</testcase>
<testcase name="INMOVA App - Tests E2E Completos › 2. Login Page › debe hacer login exitoso con credenciales correctas" classname="full-app-test.spec.ts" time="3.712">
</testcase>
<testcase name="INMOVA App - Tests E2E Completos › 3. Dashboard Principal › debe cargar el dashboard correctamente" classname="full-app-test.spec.ts" time="3.393">
</testcase>
<testcase name="INMOVA App - Tests E2E Completos › 3. Dashboard Principal › debe tener sidebar de navegación" classname="full-app-test.spec.ts" time="3.033">
</testcase>
<testcase name="INMOVA App - Tests E2E Completos › 3. Dashboard Principal › debe tener enlaces a módulos principales" classname="full-app-test.spec.ts" time="2.958">
<failure message="full-app-test.spec.ts:128:9 debe tener enlaces a módulos principales" type="FAILURE">
<![CDATA[  [chromium] › full-app-test.spec.ts:128:9 › INMOVA App - Tests E2E Completos › 3. Dashboard Principal › debe tener enlaces a módulos principales 

    Error: expect(received).toBeGreaterThanOrEqual(expected)

    Expected: >= 2
    Received:    0

      145 |       
      146 |       // Al menos 2 módulos deben estar visibles
    > 147 |       expect(foundCount).toBeGreaterThanOrEqual(2);
          |                          ^
      148 |     });
      149 |     
      150 |     test('debe poder hacer logout', async ({ page }) => {
        at /workspace/__tests__/e2e/full-app-test.spec.ts:147:26

    attachment #1: screenshot (image/png) ──────────────────────────────────────────────────────────
    ../../test-results/full-app-test-INMOVA-App---71578-laces-a-módulos-principales-chromium/test-failed-1.png
    ────────────────────────────────────────────────────────────────────────────────────────────────

    attachment #2: video (video/webm) ──────────────────────────────────────────────────────────────
    ../../test-results/full-app-test-INMOVA-App---71578-laces-a-módulos-principales-chromium/video.webm
    ────────────────────────────────────────────────────────────────────────────────────────────────

    Error Context: ../../test-results/full-app-test-INMOVA-App---71578-laces-a-módulos-principales-chromium/error-context.md
]]>
</failure>
<system-out>
<![CDATA[
[[ATTACHMENT|test-results/full-app-test-INMOVA-App---71578-laces-a-módulos-principales-chromium/test-failed-1.png]]

[[ATTACHMENT|test-results/full-app-test-INMOVA-App---71578-laces-a-módulos-principales-chromium/video.webm]]

[[ATTACHMENT|test-results/full-app-test-INMOVA-App---71578-laces-a-módulos-principales-chromium/error-context.md]]
]]>
</system-out>
</testcase>
<testcase name="INMOVA App - Tests E2E Completos › 3. Dashboard Principal › debe poder hacer logout" classname="full-app-test.spec.ts" time="3.888">
</testcase>
<testcase name="INMOVA App - Tests E2E Completos › 4. Módulo de Propiedades › debe cargar la lista de propiedades" classname="full-app-test.spec.ts" time="5.513">
</testcase>
<testcase name="INMOVA App - Tests E2E Completos › 4. Módulo de Propiedades › debe tener botón para crear nueva propiedad" classname="full-app-test.spec.ts" time="4.275">
</testcase>
<testcase name="INMOVA App - Tests E2E Completos › 5. Módulo de Inquilinos › debe cargar la lista de inquilinos" classname="full-app-test.spec.ts" time="5.159">
</testcase>
<testcase name="INMOVA App - Tests E2E Completos › 6. Módulo de Contratos › debe cargar la lista de contratos" classname="full-app-test.spec.ts" time="5.242">
</testcase>
<testcase name="INMOVA App - Tests E2E Completos › 7. Módulo de Pagos › debe cargar la lista de pagos" classname="full-app-test.spec.ts" time="5.381">
</testcase>
<testcase name="INMOVA App - Tests E2E Completos › 8. Health Check &amp; API › debe responder el endpoint de health" classname="full-app-test.spec.ts" time="0.398">
</testcase>
<testcase name="INMOVA App - Tests E2E Completos › 8. Health Check &amp; API › debe proteger rutas de API sin auth" classname="full-app-test.spec.ts" time="0.435">
</testcase>
<testcase name="INMOVA App - Tests E2E Completos › 9. Manejo de Errores › debe mostrar 404 en rutas inexistentes" classname="full-app-test.spec.ts" time="0.744">
</testcase>
<testcase name="INMOVA App - Tests E2E Completos › 9. Manejo de Errores › debe redirigir rutas protegidas si no hay sesión" classname="full-app-test.spec.ts" time="1.214">
</testcase>
<testcase name="INMOVA App - Tests E2E Completos › 10. Accesibilidad › debe tener meta tags básicos en landing" classname="full-app-test.spec.ts" time="0.957">
</testcase>
<testcase name="INMOVA App - Tests E2E Completos › 10. Accesibilidad › debe tener alt text en imágenes principales" classname="full-app-test.spec.ts" time="1.803">
</testcase>
<testcase name="INMOVA App - Tests E2E Completos › 11. Performance › debe cargar landing en menos de 5 segundos" classname="full-app-test.spec.ts" time="2.612">
</testcase>
<testcase name="INMOVA App - Tests E2E Completos › 12. Detección de Errores de Consola › no debe tener errores críticos en consola en landing" classname="full-app-test.spec.ts" time="1.67">
</testcase>
<testcase name="INMOVA App - Tests E2E Completos › 12. Detección de Errores de Consola › no debe tener errores críticos en dashboard post-login" classname="full-app-test.spec.ts" time="3.023">
</testcase>
</testsuite>
<testsuite name="full-pages-audit.spec.ts" timestamp="2026-01-08T12:53:10.552Z" hostname="chromium" tests="1" failures="1" skipped="0" time="30.169" errors="0">
<testcase name="Auditoría completa de texto oscuro sobre fondo oscuro" classname="full-pages-audit.spec.ts" time="30.169">
<failure message="full-pages-audit.spec.ts:18:5 Auditoría completa de texto oscuro sobre fondo oscuro" type="FAILURE">
<![CDATA[  [chromium] › full-pages-audit.spec.ts:18:5 › Auditoría completa de texto oscuro sobre fondo oscuro 

    Test timeout of 30000ms exceeded.

    attachment #1: screenshot (image/png) ──────────────────────────────────────────────────────────
    ../../test-results/full-pages-audit-Auditoría-6bb90-o-oscuro-sobre-fondo-oscuro-chromium/test-failed-1.png
    ────────────────────────────────────────────────────────────────────────────────────────────────

    attachment #2: video (video/webm) ──────────────────────────────────────────────────────────────
    ../../test-results/full-pages-audit-Auditoría-6bb90-o-oscuro-sobre-fondo-oscuro-chromium/video.webm
    ────────────────────────────────────────────────────────────────────────────────────────────────

    Error Context: ../../test-results/full-pages-audit-Auditoría-6bb90-o-oscuro-sobre-fondo-oscuro-chromium/error-context.md
]]>
</failure>
<system-out>
<![CDATA[/landing: 0 problemas
/landing/demo: 0 problemas
/landing/ventajas: 0 problemas
/landing/sobre-nosotros: 0 problemas
/landing/contacto: 0 problemas
/landing/blog: 0 problemas
/landing/casos-exito: 0 problemas
/ewoorker/landing: 0 problemas
/landing/legal/privacidad: ERROR - page.waitForTimeout: Test timeout of 30000ms excee
/landing/legal/terminos: ERROR - page.goto: Target page, context or browser has bee
/landing/legal/gdpr: ERROR - page.goto: Target page, context or browser has bee
/landing/legal/cookies: ERROR - page.goto: Target page, context or browser has bee

=== RESUMEN DETALLADO ===

✅ No se encontraron problemas de texto oscuro sobre fondo oscuro


📊 Total: 0 problemas en 0 páginas


[[ATTACHMENT|test-results/full-pages-audit-Auditoría-6bb90-o-oscuro-sobre-fondo-oscuro-chromium/test-failed-1.png]]

[[ATTACHMENT|test-results/full-pages-audit-Auditoría-6bb90-o-oscuro-sobre-fondo-oscuro-chromium/video.webm]]

[[ATTACHMENT|test-results/full-pages-audit-Auditoría-6bb90-o-oscuro-sobre-fondo-oscuro-chromium/error-context.md]]
]]>
</system-out>
</testcase>
</testsuite>
<testsuite name="landing-ui-audit.spec.ts" timestamp="2026-01-08T12:53:10.552Z" hostname="chromium" tests="24" failures="0" skipped="0" time="62.913" errors="0">
<testcase name="Landing Page UI Audit › Viewport: desktop (1920x1080) › Landing Principal - Layout y elementos" classname="landing-ui-audit.spec.ts" time="3.371">
</testcase>
<testcase name="Landing Page UI Audit › Viewport: desktop (1920x1080) › Login - Layout y elementos" classname="landing-ui-audit.spec.ts" time="2.242">
</testcase>
<testcase name="Landing Page UI Audit › Viewport: desktop (1920x1080) › Registro - Layout y elementos" classname="landing-ui-audit.spec.ts" time="4.694">
</testcase>
<testcase name="Landing Page UI Audit › Viewport: desktop (1920x1080) › Calculadora ROI - Layout y elementos" classname="landing-ui-audit.spec.ts" time="3.543">
</testcase>
<testcase name="Landing Page UI Audit › Viewport: laptop (1366x768) › Landing Principal - Layout y elementos" classname="landing-ui-audit.spec.ts" time="2.504">
</testcase>
<testcase name="Landing Page UI Audit › Viewport: laptop (1366x768) › Login - Layout y elementos" classname="landing-ui-audit.spec.ts" time="2.677">
</testcase>
<testcase name="Landing Page UI Audit › Viewport: laptop (1366x768) › Registro - Layout y elementos" classname="landing-ui-audit.spec.ts" time="2.812">
</testcase>
<testcase name="Landing Page UI Audit › Viewport: laptop (1366x768) › Calculadora ROI - Layout y elementos" classname="landing-ui-audit.spec.ts" time="2.727">
</testcase>
<testcase name="Landing Page UI Audit › Viewport: tablet (768x1024) › Landing Principal - Layout y elementos" classname="landing-ui-audit.spec.ts" time="2.998">
</testcase>
<testcase name="Landing Page UI Audit › Viewport: tablet (768x1024) › Login - Layout y elementos" classname="landing-ui-audit.spec.ts" time="2.846">
</testcase>
<testcase name="Landing Page UI Audit › Viewport: tablet (768x1024) › Registro - Layout y elementos" classname="landing-ui-audit.spec.ts" time="3.61">
</testcase>
<testcase name="Landing Page UI Audit › Viewport: tablet (768x1024) › Calculadora ROI - Layout y elementos" classname="landing-ui-audit.spec.ts" time="2.231">
</testcase>
<testcase name="Landing Page UI Audit › Viewport: mobile (375x812) › Landing Principal - Layout y elementos" classname="landing-ui-audit.spec.ts" time="2.244">
</testcase>
<testcase name="Landing Page UI Audit › Viewport: mobile (375x812) › Login - Layout y elementos" classname="landing-ui-audit.spec.ts" time="2.025">
</testcase>
<testcase name="Landing Page UI Audit › Viewport: mobile (375x812) › Registro - Layout y elementos" classname="landing-ui-audit.spec.ts" time="2.592">
</testcase>
<testcase name="Landing Page UI Audit › Viewport: mobile (375x812) › Calculadora ROI - Layout y elementos" classname="landing-ui-audit.spec.ts" time="2.113">
</testcase>
<testcase name="Landing Page UI Audit › Pricing Section - Diseño y alineación" classname="landing-ui-audit.spec.ts" time="2.034">
</testcase>
<testcase name="Landing Page UI Audit › Mobile Navigation - Menú hamburguesa" classname="landing-ui-audit.spec.ts" time="2.379">
</testcase>
<testcase name="Landing Page UI Audit › Forms - Campos alineados correctamente" classname="landing-ui-audit.spec.ts" time="2.128">
</testcase>
<testcase name="Landing Page UI Audit › Accesibilidad - Elementos básicos" classname="landing-ui-audit.spec.ts" time="2.302">
</testcase>
<testcase name="Landing Page UI Audit › Colores - Sin texto invisible" classname="landing-ui-audit.spec.ts" time="2.484">
</testcase>
<testcase name="Landing Page UI Audit › Footer - Visible y con contenido" classname="landing-ui-audit.spec.ts" time="2.466">
</testcase>
<testcase name="Landing Page UI Audit › Assets - Imágenes y recursos cargan" classname="landing-ui-audit.spec.ts" time="2.099">
</testcase>
<testcase name="Performance - Tiempo de carga" classname="landing-ui-audit.spec.ts" time="1.792">
</testcase>
</testsuite>
<testsuite name="payments-flow.spec.ts" timestamp="2026-01-08T12:53:10.552Z" hostname="chromium" tests="5" failures="5" skipped="0" time="156.917" errors="0">
<testcase name="🎭 E2E - Flujo de Pagos › ✅ Debe mostrar lista de pagos" classname="payments-flow.spec.ts" time="31.443">
<failure message="payments-flow.spec.ts:21:7 ✅ Debe mostrar lista de pagos" type="FAILURE">
<![CDATA[  [chromium] › payments-flow.spec.ts:21:7 › 🎭 E2E - Flujo de Pagos › ✅ Debe mostrar lista de pagos 

    Test timeout of 30000ms exceeded while running "beforeEach" hook.

       7 |
       8 | test.describe('🎭 E2E - Flujo de Pagos', () => {
    >  9 |   test.beforeEach(async ({ page }) => {
         |        ^
      10 |     // Login
      11 |     await page.goto('http://localhost:3000/auth/login');
      12 |     await page.getByLabel(/email/i).fill('admin@inmova.app');
        at /workspace/__tests__/e2e/payments-flow.spec.ts:9:8

    Error: locator.fill: Test timeout of 30000ms exceeded.
    Call log:
      - waiting for getByLabel(/email/i)


      10 |     // Login
      11 |     await page.goto('http://localhost:3000/auth/login');
    > 12 |     await page.getByLabel(/email/i).fill('admin@inmova.app');
         |                                     ^
      13 |     await page.getByLabel(/password|contraseña/i).fill('admin123');
      14 |     await page.getByRole('button', { name: /login|entrar|iniciar/i }).click();
      15 |     await expect(page).toHaveURL(/\/home|\/dashboard/, { timeout: 10000 });
        at /workspace/__tests__/e2e/payments-flow.spec.ts:12:37

    attachment #1: screenshot (image/png) ──────────────────────────────────────────────────────────
    ../../test-results/payments-flow-🎭-E2E---Flu-69891-Debe-mostrar-lista-de-pagos-chromium/test-failed-1.png
    ────────────────────────────────────────────────────────────────────────────────────────────────

    attachment #2: video (video/webm) ──────────────────────────────────────────────────────────────
    ../../test-results/payments-flow-🎭-E2E---Flu-69891-Debe-mostrar-lista-de-pagos-chromium/video.webm
    ────────────────────────────────────────────────────────────────────────────────────────────────

    Error Context: ../../test-results/payments-flow-🎭-E2E---Flu-69891-Debe-mostrar-lista-de-pagos-chromium/error-context.md
]]>
</failure>
<system-out>
<![CDATA[
[[ATTACHMENT|test-results/payments-flow-🎭-E2E---Flu-69891-Debe-mostrar-lista-de-pagos-chromium/test-failed-1.png]]

[[ATTACHMENT|test-results/payments-flow-🎭-E2E---Flu-69891-Debe-mostrar-lista-de-pagos-chromium/video.webm]]

[[ATTACHMENT|test-results/payments-flow-🎭-E2E---Flu-69891-Debe-mostrar-lista-de-pagos-chromium/error-context.md]]
]]>
</system-out>
</testcase>
<testcase name="🎭 E2E - Flujo de Pagos › ✅ Debe filtrar pagos por estado" classname="payments-flow.spec.ts" time="31.442">
<failure message="payments-flow.spec.ts:28:7 ✅ Debe filtrar pagos por estado" type="FAILURE">
<![CDATA[  [chromium] › payments-flow.spec.ts:28:7 › 🎭 E2E - Flujo de Pagos › ✅ Debe filtrar pagos por estado 

    Test timeout of 30000ms exceeded while running "beforeEach" hook.

       7 |
       8 | test.describe('🎭 E2E - Flujo de Pagos', () => {
    >  9 |   test.beforeEach(async ({ page }) => {
         |        ^
      10 |     // Login
      11 |     await page.goto('http://localhost:3000/auth/login');
      12 |     await page.getByLabel(/email/i).fill('admin@inmova.app');
        at /workspace/__tests__/e2e/payments-flow.spec.ts:9:8

    Error: locator.fill: Test timeout of 30000ms exceeded.
    Call log:
      - waiting for getByLabel(/email/i)


      10 |     // Login
      11 |     await page.goto('http://localhost:3000/auth/login');
    > 12 |     await page.getByLabel(/email/i).fill('admin@inmova.app');
         |                                     ^
      13 |     await page.getByLabel(/password|contraseña/i).fill('admin123');
      14 |     await page.getByRole('button', { name: /login|entrar|iniciar/i }).click();
      15 |     await expect(page).toHaveURL(/\/home|\/dashboard/, { timeout: 10000 });
        at /workspace/__tests__/e2e/payments-flow.spec.ts:12:37

    attachment #1: screenshot (image/png) ──────────────────────────────────────────────────────────
    ../../test-results/payments-flow-🎭-E2E---Flu-224fc-be-filtrar-pagos-por-estado-chromium/test-failed-1.png
    ────────────────────────────────────────────────────────────────────────────────────────────────

    attachment #2: video (video/webm) ──────────────────────────────────────────────────────────────
    ../../test-results/payments-flow-🎭-E2E---Flu-224fc-be-filtrar-pagos-por-estado-chromium/video.webm
    ────────────────────────────────────────────────────────────────────────────────────────────────

    Error Context: ../../test-results/payments-flow-🎭-E2E---Flu-224fc-be-filtrar-pagos-por-estado-chromium/error-context.md
]]>
</failure>
<system-out>
<![CDATA[
[[ATTACHMENT|test-results/payments-flow-🎭-E2E---Flu-224fc-be-filtrar-pagos-por-estado-chromium/test-failed-1.png]]

[[ATTACHMENT|test-results/payments-flow-🎭-E2E---Flu-224fc-be-filtrar-pagos-por-estado-chromium/video.webm]]

[[ATTACHMENT|test-results/payments-flow-🎭-E2E---Flu-224fc-be-filtrar-pagos-por-estado-chromium/error-context.md]]
]]>
</system-out>
</testcase>
<testcase name="🎭 E2E - Flujo de Pagos › ✅ Debe crear un nuevo pago" classname="payments-flow.spec.ts" time="31.534">
<failure message="payments-flow.spec.ts:40:7 ✅ Debe crear un nuevo pago" type="FAILURE">
<![CDATA[  [chromium] › payments-flow.spec.ts:40:7 › 🎭 E2E - Flujo de Pagos › ✅ Debe crear un nuevo pago ───

    Test timeout of 30000ms exceeded while running "beforeEach" hook.

       7 |
       8 | test.describe('🎭 E2E - Flujo de Pagos', () => {
    >  9 |   test.beforeEach(async ({ page }) => {
         |        ^
      10 |     // Login
      11 |     await page.goto('http://localhost:3000/auth/login');
      12 |     await page.getByLabel(/email/i).fill('admin@inmova.app');
        at /workspace/__tests__/e2e/payments-flow.spec.ts:9:8

    Error: locator.fill: Test timeout of 30000ms exceeded.
    Call log:
      - waiting for getByLabel(/email/i)


      10 |     // Login
      11 |     await page.goto('http://localhost:3000/auth/login');
    > 12 |     await page.getByLabel(/email/i).fill('admin@inmova.app');
         |                                     ^
      13 |     await page.getByLabel(/password|contraseña/i).fill('admin123');
      14 |     await page.getByRole('button', { name: /login|entrar|iniciar/i }).click();
      15 |     await expect(page).toHaveURL(/\/home|\/dashboard/, { timeout: 10000 });
        at /workspace/__tests__/e2e/payments-flow.spec.ts:12:37

    attachment #1: screenshot (image/png) ──────────────────────────────────────────────────────────
    ../../test-results/payments-flow-🎭-E2E---Flu-12194--✅-Debe-crear-un-nuevo-pago-chromium/test-failed-1.png
    ────────────────────────────────────────────────────────────────────────────────────────────────

    attachment #2: video (video/webm) ──────────────────────────────────────────────────────────────
    ../../test-results/payments-flow-🎭-E2E---Flu-12194--✅-Debe-crear-un-nuevo-pago-chromium/video.webm
    ────────────────────────────────────────────────────────────────────────────────────────────────

    Error Context: ../../test-results/payments-flow-🎭-E2E---Flu-12194--✅-Debe-crear-un-nuevo-pago-chromium/error-context.md
]]>
</failure>
<system-out>
<![CDATA[
[[ATTACHMENT|test-results/payments-flow-🎭-E2E---Flu-12194--✅-Debe-crear-un-nuevo-pago-chromium/test-failed-1.png]]

[[ATTACHMENT|test-results/payments-flow-🎭-E2E---Flu-12194--✅-Debe-crear-un-nuevo-pago-chromium/video.webm]]

[[ATTACHMENT|test-results/payments-flow-🎭-E2E---Flu-12194--✅-Debe-crear-un-nuevo-pago-chromium/error-context.md]]
]]>
</system-out>
</testcase>
<testcase name="🎭 E2E - Flujo de Pagos › ✅ Debe marcar pago como pagado" classname="payments-flow.spec.ts" time="31.253">
<failure message="payments-flow.spec.ts:58:7 ✅ Debe marcar pago como pagado" type="FAILURE">
<![CDATA[  [chromium] › payments-flow.spec.ts:58:7 › 🎭 E2E - Flujo de Pagos › ✅ Debe marcar pago como pagado 

    Test timeout of 30000ms exceeded while running "beforeEach" hook.

       7 |
       8 | test.describe('🎭 E2E - Flujo de Pagos', () => {
    >  9 |   test.beforeEach(async ({ page }) => {
         |        ^
      10 |     // Login
      11 |     await page.goto('http://localhost:3000/auth/login');
      12 |     await page.getByLabel(/email/i).fill('admin@inmova.app');
        at /workspace/__tests__/e2e/payments-flow.spec.ts:9:8

    Error: locator.fill: Test timeout of 30000ms exceeded.
    Call log:
      - waiting for getByLabel(/email/i)


      10 |     // Login
      11 |     await page.goto('http://localhost:3000/auth/login');
    > 12 |     await page.getByLabel(/email/i).fill('admin@inmova.app');
         |                                     ^
      13 |     await page.getByLabel(/password|contraseña/i).fill('admin123');
      14 |     await page.getByRole('button', { name: /login|entrar|iniciar/i }).click();
      15 |     await expect(page).toHaveURL(/\/home|\/dashboard/, { timeout: 10000 });
        at /workspace/__tests__/e2e/payments-flow.spec.ts:12:37

    attachment #1: screenshot (image/png) ──────────────────────────────────────────────────────────
    ../../test-results/payments-flow-🎭-E2E---Flu-6d209-ebe-marcar-pago-como-pagado-chromium/test-failed-1.png
    ────────────────────────────────────────────────────────────────────────────────────────────────

    attachment #2: video (video/webm) ──────────────────────────────────────────────────────────────
    ../../test-results/payments-flow-🎭-E2E---Flu-6d209-ebe-marcar-pago-como-pagado-chromium/video.webm
    ────────────────────────────────────────────────────────────────────────────────────────────────

    Error Context: ../../test-results/payments-flow-🎭-E2E---Flu-6d209-ebe-marcar-pago-como-pagado-chromium/error-context.md
]]>
</failure>
<system-out>
<![CDATA[
[[ATTACHMENT|test-results/payments-flow-🎭-E2E---Flu-6d209-ebe-marcar-pago-como-pagado-chromium/test-failed-1.png]]

[[ATTACHMENT|test-results/payments-flow-🎭-E2E---Flu-6d209-ebe-marcar-pago-como-pagado-chromium/video.webm]]

[[ATTACHMENT|test-results/payments-flow-🎭-E2E---Flu-6d209-ebe-marcar-pago-como-pagado-chromium/error-context.md]]
]]>
</system-out>
</testcase>
<testcase name="🎭 E2E - Flujo de Pagos › ❌ Debe validar monto negativo" classname="payments-flow.spec.ts" time="31.245">
<failure message="payments-flow.spec.ts:72:7 ❌ Debe validar monto negativo" type="FAILURE">
<![CDATA[  [chromium] › payments-flow.spec.ts:72:7 › 🎭 E2E - Flujo de Pagos › ❌ Debe validar monto negativo 

    Test timeout of 30000ms exceeded while running "beforeEach" hook.

       7 |
       8 | test.describe('🎭 E2E - Flujo de Pagos', () => {
    >  9 |   test.beforeEach(async ({ page }) => {
         |        ^
      10 |     // Login
      11 |     await page.goto('http://localhost:3000/auth/login');
      12 |     await page.getByLabel(/email/i).fill('admin@inmova.app');
        at /workspace/__tests__/e2e/payments-flow.spec.ts:9:8

    Error: locator.fill: Test timeout of 30000ms exceeded.
    Call log:
      - waiting for getByLabel(/email/i)


      10 |     // Login
      11 |     await page.goto('http://localhost:3000/auth/login');
    > 12 |     await page.getByLabel(/email/i).fill('admin@inmova.app');
         |                                     ^
      13 |     await page.getByLabel(/password|contraseña/i).fill('admin123');
      14 |     await page.getByRole('button', { name: /login|entrar|iniciar/i }).click();
      15 |     await expect(page).toHaveURL(/\/home|\/dashboard/, { timeout: 10000 });
        at /workspace/__tests__/e2e/payments-flow.spec.ts:12:37

    attachment #1: screenshot (image/png) ──────────────────────────────────────────────────────────
    ../../test-results/payments-flow-🎭-E2E---Flu-567dd-Debe-validar-monto-negativo-chromium/test-failed-1.png
    ────────────────────────────────────────────────────────────────────────────────────────────────

    attachment #2: video (video/webm) ──────────────────────────────────────────────────────────────
    ../../test-results/payments-flow-🎭-E2E---Flu-567dd-Debe-validar-monto-negativo-chromium/video.webm
    ────────────────────────────────────────────────────────────────────────────────────────────────

    Error Context: ../../test-results/payments-flow-🎭-E2E---Flu-567dd-Debe-validar-monto-negativo-chromium/error-context.md
]]>
</failure>
<system-out>
<![CDATA[
[[ATTACHMENT|test-results/payments-flow-🎭-E2E---Flu-567dd-Debe-validar-monto-negativo-chromium/test-failed-1.png]]

[[ATTACHMENT|test-results/payments-flow-🎭-E2E---Flu-567dd-Debe-validar-monto-negativo-chromium/video.webm]]

[[ATTACHMENT|test-results/payments-flow-🎭-E2E---Flu-567dd-Debe-validar-monto-negativo-chromium/error-context.md]]
]]>
</system-out>
</testcase>
</testsuite>
<testsuite name="properties/crud.spec.ts" timestamp="2026-01-08T12:53:10.552Z" hostname="chromium" tests="8" failures="8" skipped="0" time="248.496" errors="0">
<testcase name="🏠 Properties - CRUD Operations › ✅ Debe listar propiedades existentes" classname="properties/crud.spec.ts" time="31.047">
<failure message="crud.spec.ts:36:7 ✅ Debe listar propiedades existentes" type="FAILURE">
<![CDATA[  [chromium] › properties/crud.spec.ts:36:7 › 🏠 Properties - CRUD Operations › ✅ Debe listar propiedades existentes 

    Test timeout of 30000ms exceeded while running "beforeEach" hook.

      26 | test.describe('🏠 Properties - CRUD Operations', () => {
      27 |   // Login antes de cada test
    > 28 |   test.beforeEach(async ({ page }) => {
         |        ^
      29 |     await page.goto(`${BASE_URL}/login`);
      30 |     await page.fill('input[name="email"]', TEST_USER.email);
      31 |     await page.fill('input[name="password"]', TEST_USER.password);
        at /workspace/__tests__/e2e/properties/crud.spec.ts:28:8

    Error: page.fill: Test timeout of 30000ms exceeded.
    Call log:
      - waiting for locator('input[name="email"]')


      28 |   test.beforeEach(async ({ page }) => {
      29 |     await page.goto(`${BASE_URL}/login`);
    > 30 |     await page.fill('input[name="email"]', TEST_USER.email);
         |                ^
      31 |     await page.fill('input[name="password"]', TEST_USER.password);
      32 |     await page.click('button[type="submit"]');
      33 |     await page.waitForURL(/\/dashboard|\/admin/, { timeout: 10000 });
        at /workspace/__tests__/e2e/properties/crud.spec.ts:30:16

    attachment #1: screenshot (image/png) ──────────────────────────────────────────────────────────
    ../../test-results/properties-crud-🏠-Propert-9802f-star-propiedades-existentes-chromium/test-failed-1.png
    ────────────────────────────────────────────────────────────────────────────────────────────────

    attachment #2: video (video/webm) ──────────────────────────────────────────────────────────────
    ../../test-results/properties-crud-🏠-Propert-9802f-star-propiedades-existentes-chromium/video.webm
    ────────────────────────────────────────────────────────────────────────────────────────────────

    Error Context: ../../test-results/properties-crud-🏠-Propert-9802f-star-propiedades-existentes-chromium/error-context.md
]]>
</failure>
<system-out>
<![CDATA[
[[ATTACHMENT|test-results/properties-crud-🏠-Propert-9802f-star-propiedades-existentes-chromium/test-failed-1.png]]

[[ATTACHMENT|test-results/properties-crud-🏠-Propert-9802f-star-propiedades-existentes-chromium/video.webm]]

[[ATTACHMENT|test-results/properties-crud-🏠-Propert-9802f-star-propiedades-existentes-chromium/error-context.md]]
]]>
</system-out>
</testcase>
<testcase name="🏠 Properties - CRUD Operations › ✅ Debe crear una nueva propiedad" classname="properties/crud.spec.ts" time="31.157">
<failure message="crud.spec.ts:56:7 ✅ Debe crear una nueva propiedad" type="FAILURE">
<![CDATA[  [chromium] › properties/crud.spec.ts:56:7 › 🏠 Properties - CRUD Operations › ✅ Debe crear una nueva propiedad 

    Test timeout of 30000ms exceeded while running "beforeEach" hook.

      26 | test.describe('🏠 Properties - CRUD Operations', () => {
      27 |   // Login antes de cada test
    > 28 |   test.beforeEach(async ({ page }) => {
         |        ^
      29 |     await page.goto(`${BASE_URL}/login`);
      30 |     await page.fill('input[name="email"]', TEST_USER.email);
      31 |     await page.fill('input[name="password"]', TEST_USER.password);
        at /workspace/__tests__/e2e/properties/crud.spec.ts:28:8

    Error: page.fill: Test timeout of 30000ms exceeded.
    Call log:
      - waiting for locator('input[name="email"]')


      28 |   test.beforeEach(async ({ page }) => {
      29 |     await page.goto(`${BASE_URL}/login`);
    > 30 |     await page.fill('input[name="email"]', TEST_USER.email);
         |                ^
      31 |     await page.fill('input[name="password"]', TEST_USER.password);
      32 |     await page.click('button[type="submit"]');
      33 |     await page.waitForURL(/\/dashboard|\/admin/, { timeout: 10000 });
        at /workspace/__tests__/e2e/properties/crud.spec.ts:30:16

    attachment #1: screenshot (image/png) ──────────────────────────────────────────────────────────
    ../../test-results/properties-crud-🏠-Propert-a12d9-e-crear-una-nueva-propiedad-chromium/test-failed-1.png
    ────────────────────────────────────────────────────────────────────────────────────────────────

    attachment #2: video (video/webm) ──────────────────────────────────────────────────────────────
    ../../test-results/properties-crud-🏠-Propert-a12d9-e-crear-una-nueva-propiedad-chromium/video.webm
    ────────────────────────────────────────────────────────────────────────────────────────────────

    Error Context: ../../test-results/properties-crud-🏠-Propert-a12d9-e-crear-una-nueva-propiedad-chromium/error-context.md
]]>
</failure>
<system-out>
<![CDATA[
[[ATTACHMENT|test-results/properties-crud-🏠-Propert-a12d9-e-crear-una-nueva-propiedad-chromium/test-failed-1.png]]

[...]


      10 |     // Login
      11 |     await page.goto('http://localhost:3000/auth/login');
    > 12 |     await page.getByLabel(/email/i).fill('admin@inmova.app');
         |                                     ^
      13 |     await page.getByLabel(/password|contraseña/i).fill('admin123');
      14 |     await page.getByRole('button', { name: /login|entrar|iniciar/i }).click();
      15 |     await expect(page).toHaveURL(/\/home|\/dashboard/, { timeout: 10000 });
        at /workspace/__tests__/e2e/visual-regression.spec.ts:12:37

    attachment #1: screenshot (image/png) ──────────────────────────────────────────────────────────
    ../../test-results/visual-regression-📸-Visua-63026-ual-Room-Rental---Prorrateo-chromium/test-failed-1.png
    ────────────────────────────────────────────────────────────────────────────────────────────────

    attachment #2: video (video/webm) ──────────────────────────────────────────────────────────────
    ../../test-results/visual-regression-📸-Visua-63026-ual-Room-Rental---Prorrateo-chromium/video.webm
    ────────────────────────────────────────────────────────────────────────────────────────────────

    Error Context: ../../test-results/visual-regression-📸-Visua-63026-ual-Room-Rental---Prorrateo-chromium/error-context.md
]]>
</failure>
<system-out>
<![CDATA[
[[ATTACHMENT|test-results/visual-regression-📸-Visua-63026-ual-Room-Rental---Prorrateo-chromium/test-failed-1.png]]

[[ATTACHMENT|test-results/visual-regression-📸-Visua-63026-ual-Room-Rental---Prorrateo-chromium/video.webm]]

[[ATTACHMENT|test-results/visual-regression-📸-Visua-63026-ual-Room-Rental---Prorrateo-chromium/error-context.md]]
]]>
</system-out>
</testcase>
<testcase name="📸 Visual Regression Tests › @visual Modal - Crear pago" classname="visual-regression.spec.ts" time="31.217">
<failure message="visual-regression.spec.ts:49:7 @visual Modal - Crear pago" type="FAILURE">
<![CDATA[  [chromium] › visual-regression.spec.ts:49:7 › 📸 Visual Regression Tests › @visual Modal - Crear pago 

    Test timeout of 30000ms exceeded while running "beforeEach" hook.

       7 |
       8 | test.describe('📸 Visual Regression Tests', () => {
    >  9 |   test.beforeEach(async ({ page }) => {
         |        ^
      10 |     // Login
      11 |     await page.goto('http://localhost:3000/auth/login');
      12 |     await page.getByLabel(/email/i).fill('admin@inmova.app');
        at /workspace/__tests__/e2e/visual-regression.spec.ts:9:8

    Error: locator.fill: Test timeout of 30000ms exceeded.
    Call log:
      - waiting for getByLabel(/email/i)


      10 |     // Login
      11 |     await page.goto('http://localhost:3000/auth/login');
    > 12 |     await page.getByLabel(/email/i).fill('admin@inmova.app');
         |                                     ^
      13 |     await page.getByLabel(/password|contraseña/i).fill('admin123');
      14 |     await page.getByRole('button', { name: /login|entrar|iniciar/i }).click();
      15 |     await expect(page).toHaveURL(/\/home|\/dashboard/, { timeout: 10000 });
        at /workspace/__tests__/e2e/visual-regression.spec.ts:12:37

    attachment #1: screenshot (image/png) ──────────────────────────────────────────────────────────
    ../../test-results/visual-regression-📸-Visua-bc623-s-visual-Modal---Crear-pago-chromium/test-failed-1.png
    ────────────────────────────────────────────────────────────────────────────────────────────────

    attachment #2: video (video/webm) ──────────────────────────────────────────────────────────────
    ../../test-results/visual-regression-📸-Visua-bc623-s-visual-Modal---Crear-pago-chromium/video.webm
    ────────────────────────────────────────────────────────────────────────────────────────────────

    Error Context: ../../test-results/visual-regression-📸-Visua-bc623-s-visual-Modal---Crear-pago-chromium/error-context.md
]]>
</failure>
<system-out>
<![CDATA[
[[ATTACHMENT|test-results/visual-regression-📸-Visua-bc623-s-visual-Modal---Crear-pago-chromium/test-failed-1.png]]

[[ATTACHMENT|test-results/visual-regression-📸-Visua-bc623-s-visual-Modal---Crear-pago-chromium/video.webm]]

[[ATTACHMENT|test-results/visual-regression-📸-Visua-bc623-s-visual-Modal---Crear-pago-chromium/error-context.md]]
]]>
</system-out>
</testcase>
<testcase name="📸 Visual Regression Tests › @visual Responsive - Dashboard en mobile" classname="visual-regression.spec.ts" time="31.18">
<failure message="visual-regression.spec.ts:61:7 @visual Responsive - Dashboard en mobile" type="FAILURE">
<![CDATA[  [chromium] › visual-regression.spec.ts:61:7 › 📸 Visual Regression Tests › @visual Responsive - Dashboard en mobile 

    Test timeout of 30000ms exceeded while running "beforeEach" hook.

       7 |
       8 | test.describe('📸 Visual Regression Tests', () => {
    >  9 |   test.beforeEach(async ({ page }) => {
         |        ^
      10 |     // Login
      11 |     await page.goto('http://localhost:3000/auth/login');
      12 |     await page.getByLabel(/email/i).fill('admin@inmova.app');
        at /workspace/__tests__/e2e/visual-regression.spec.ts:9:8

    Error: locator.fill: Test timeout of 30000ms exceeded.
    Call log:
      - waiting for getByLabel(/email/i)


      10 |     // Login
      11 |     await page.goto('http://localhost:3000/auth/login');
    > 12 |     await page.getByLabel(/email/i).fill('admin@inmova.app');
         |                                     ^
      13 |     await page.getByLabel(/password|contraseña/i).fill('admin123');
      14 |     await page.getByRole('button', { name: /login|entrar|iniciar/i }).click();
      15 |     await expect(page).toHaveURL(/\/home|\/dashboard/, { timeout: 10000 });
        at /workspace/__tests__/e2e/visual-regression.spec.ts:12:37

    attachment #1: screenshot (image/png) ──────────────────────────────────────────────────────────
    ../../test-results/visual-regression-📸-Visua-cb311-nsive---Dashboard-en-mobile-chromium/test-failed-1.png
    ────────────────────────────────────────────────────────────────────────────────────────────────

    attachment #2: video (video/webm) ──────────────────────────────────────────────────────────────
    ../../test-results/visual-regression-📸-Visua-cb311-nsive---Dashboard-en-mobile-chromium/video.webm
    ────────────────────────────────────────────────────────────────────────────────────────────────

    Error Context: ../../test-results/visual-regression-📸-Visua-cb311-nsive---Dashboard-en-mobile-chromium/error-context.md
]]>
</failure>
<system-out>
<![CDATA[
[[ATTACHMENT|test-results/visual-regression-📸-Visua-cb311-nsive---Dashboard-en-mobile-chromium/test-failed-1.png]]

[[ATTACHMENT|test-results/visual-regression-📸-Visua-cb311-nsive---Dashboard-en-mobile-chromium/video.webm]]

[[ATTACHMENT|test-results/visual-regression-📸-Visua-cb311-nsive---Dashboard-en-mobile-chromium/error-context.md]]
]]>
</system-out>
</testcase>
<testcase name="📸 Visual Regression Tests › @visual Responsive - Dashboard en tablet" classname="visual-regression.spec.ts" time="31.207">
<failure message="visual-regression.spec.ts:74:7 @visual Responsive - Dashboard en tablet" type="FAILURE">
<![CDATA[  [chromium] › visual-regression.spec.ts:74:7 › 📸 Visual Regression Tests › @visual Responsive - Dashboard en tablet 

    Test timeout of 30000ms exceeded while running "beforeEach" hook.

       7 |
       8 | test.describe('📸 Visual Regression Tests', () => {
    >  9 |   test.beforeEach(async ({ page }) => {
         |        ^
      10 |     // Login
      11 |     await page.goto('http://localhost:3000/auth/login');
      12 |     await page.getByLabel(/email/i).fill('admin@inmova.app');
        at /workspace/__tests__/e2e/visual-regression.spec.ts:9:8

    Error: locator.fill: Test timeout of 30000ms exceeded.
    Call log:
      - waiting for getByLabel(/email/i)


      10 |     // Login
      11 |     await page.goto('http://localhost:3000/auth/login');
    > 12 |     await page.getByLabel(/email/i).fill('admin@inmova.app');
         |                                     ^
      13 |     await page.getByLabel(/password|contraseña/i).fill('admin123');
      14 |     await page.getByRole('button', { name: /login|entrar|iniciar/i }).click();
      15 |     await expect(page).toHaveURL(/\/home|\/dashboard/, { timeout: 10000 });
        at /workspace/__tests__/e2e/visual-regression.spec.ts:12:37

    attachment #1: screenshot (image/png) ──────────────────────────────────────────────────────────
    ../../test-results/visual-regression-📸-Visua-9f21f-nsive---Dashboard-en-tablet-chromium/test-failed-1.png
    ────────────────────────────────────────────────────────────────────────────────────────────────

    attachment #2: video (video/webm) ──────────────────────────────────────────────────────────────
    ../../test-results/visual-regression-📸-Visua-9f21f-nsive---Dashboard-en-tablet-chromium/video.webm
    ────────────────────────────────────────────────────────────────────────────────────────────────

    Error Context: ../../test-results/visual-regression-📸-Visua-9f21f-nsive---Dashboard-en-tablet-chromium/error-context.md
]]>
</failure>
<system-out>
<![CDATA[
[[ATTACHMENT|test-results/visual-regression-📸-Visua-9f21f-nsive---Dashboard-en-tablet-chromium/test-failed-1.png]]

[[ATTACHMENT|test-results/visual-regression-📸-Visua-9f21f-nsive---Dashboard-en-tablet-chromium/video.webm]]

[[ATTACHMENT|test-results/visual-regression-📸-Visua-9f21f-nsive---Dashboard-en-tablet-chromium/error-context.md]]
]]>
</system-out>
</testcase>
<testcase name="📸 Visual Regression Tests › @visual Tema oscuro - Dashboard" classname="visual-regression.spec.ts" time="31.218">
<failure message="visual-regression.spec.ts:87:7 @visual Tema oscuro - Dashboard" type="FAILURE">
<![CDATA[  [chromium] › visual-regression.spec.ts:87:7 › 📸 Visual Regression Tests › @visual Tema oscuro - Dashboard 

    Test timeout of 30000ms exceeded while running "beforeEach" hook.

       7 |
       8 | test.describe('📸 Visual Regression Tests', () => {
    >  9 |   test.beforeEach(async ({ page }) => {
         |        ^
      10 |     // Login
      11 |     await page.goto('http://localhost:3000/auth/login');
      12 |     await page.getByLabel(/email/i).fill('admin@inmova.app');
        at /workspace/__tests__/e2e/visual-regression.spec.ts:9:8

    Error: locator.fill: Test timeout of 30000ms exceeded.
    Call log:
      - waiting for getByLabel(/email/i)


      10 |     // Login
      11 |     await page.goto('http://localhost:3000/auth/login');
    > 12 |     await page.getByLabel(/email/i).fill('admin@inmova.app');
         |                                     ^
      13 |     await page.getByLabel(/password|contraseña/i).fill('admin123');
      14 |     await page.getByRole('button', { name: /login|entrar|iniciar/i }).click();
      15 |     await expect(page).toHaveURL(/\/home|\/dashboard/, { timeout: 10000 });
        at /workspace/__tests__/e2e/visual-regression.spec.ts:12:37

    attachment #1: screenshot (image/png) ──────────────────────────────────────────────────────────
    ../../test-results/visual-regression-📸-Visua-b9e70-ual-Tema-oscuro---Dashboard-chromium/test-failed-1.png
    ────────────────────────────────────────────────────────────────────────────────────────────────

    attachment #2: video (video/webm) ──────────────────────────────────────────────────────────────
    ../../test-results/visual-regression-📸-Visua-b9e70-ual-Tema-oscuro---Dashboard-chromium/video.webm
    ────────────────────────────────────────────────────────────────────────────────────────────────

    Error Context: ../../test-results/visual-regression-📸-Visua-b9e70-ual-Tema-oscuro---Dashboard-chromium/error-context.md
]]>
</failure>
<system-out>
<![CDATA[
[[ATTACHMENT|test-results/visual-regression-📸-Visua-b9e70-ual-Tema-oscuro---Dashboard-chromium/test-failed-1.png]]

[[ATTACHMENT|test-results/visual-regression-📸-Visua-b9e70-ual-Tema-oscuro---Dashboard-chromium/video.webm]]

[[ATTACHMENT|test-results/visual-regression-📸-Visua-b9e70-ual-Tema-oscuro---Dashboard-chromium/error-context.md]]
]]>
</system-out>
</testcase>
<testcase name="📸 Visual Regression Tests › @visual Componente - Tabla de pagos" classname="visual-regression.spec.ts" time="31.182">
<failure message="visual-regression.spec.ts:100:7 @visual Componente - Tabla de pagos" type="FAILURE">
<![CDATA[  [chromium] › visual-regression.spec.ts:100:7 › 📸 Visual Regression Tests › @visual Componente - Tabla de pagos 

    Test timeout of 30000ms exceeded while running "beforeEach" hook.

       7 |
       8 | test.describe('📸 Visual Regression Tests', () => {
    >  9 |   test.beforeEach(async ({ page }) => {
         |        ^
      10 |     // Login
      11 |     await page.goto('http://localhost:3000/auth/login');
      12 |     await page.getByLabel(/email/i).fill('admin@inmova.app');
        at /workspace/__tests__/e2e/visual-regression.spec.ts:9:8

    Error: locator.fill: Test timeout of 30000ms exceeded.
    Call log:
      - waiting for getByLabel(/email/i)


      10 |     // Login
      11 |     await page.goto('http://localhost:3000/auth/login');
    > 12 |     await page.getByLabel(/email/i).fill('admin@inmova.app');
         |                                     ^
      13 |     await page.getByLabel(/password|contraseña/i).fill('admin123');
      14 |     await page.getByRole('button', { name: /login|entrar|iniciar/i }).click();
      15 |     await expect(page).toHaveURL(/\/home|\/dashboard/, { timeout: 10000 });
        at /workspace/__tests__/e2e/visual-regression.spec.ts:12:37

    attachment #1: screenshot (image/png) ──────────────────────────────────────────────────────────
    ../../test-results/visual-regression-📸-Visua-02ed4-Componente---Tabla-de-pagos-chromium/test-failed-1.png
    ────────────────────────────────────────────────────────────────────────────────────────────────

    attachment #2: video (video/webm) ──────────────────────────────────────────────────────────────
    ../../test-results/visual-regression-📸-Visua-02ed4-Componente---Tabla-de-pagos-chromium/video.webm
    ────────────────────────────────────────────────────────────────────────────────────────────────

    Error Context: ../../test-results/visual-regression-📸-Visua-02ed4-Componente---Tabla-de-pagos-chromium/error-context.md
]]>
</failure>
<system-out>
<![CDATA[
[[ATTACHMENT|test-results/visual-regression-📸-Visua-02ed4-Componente---Tabla-de-pagos-chromium/test-failed-1.png]]

[[ATTACHMENT|test-results/visual-regression-📸-Visua-02ed4-Componente---Tabla-de-pagos-chromium/video.webm]]

[[ATTACHMENT|test-results/visual-regression-📸-Visua-02ed4-Componente---Tabla-de-pagos-chromium/error-context.md]]
]]>
</system-out>
</testcase>
<testcase name="📸 Visual Regression Tests › @visual Componente - Gráfico de dashboard" classname="visual-regression.spec.ts" time="31.153">
<failure message="visual-regression.spec.ts:111:7 @visual Componente - Gráfico de dashboard" type="FAILURE">
<![CDATA[  [chromium] › visual-regression.spec.ts:111:7 › 📸 Visual Regression Tests › @visual Componente - Gráfico de dashboard 

    Test timeout of 30000ms exceeded while running "beforeEach" hook.

       7 |
       8 | test.describe('📸 Visual Regression Tests', () => {
    >  9 |   test.beforeEach(async ({ page }) => {
         |        ^
      10 |     // Login
      11 |     await page.goto('http://localhost:3000/auth/login');
      12 |     await page.getByLabel(/email/i).fill('admin@inmova.app');
        at /workspace/__tests__/e2e/visual-regression.spec.ts:9:8

    Error: locator.fill: Test timeout of 30000ms exceeded.
    Call log:
      - waiting for getByLabel(/email/i)


      10 |     // Login
      11 |     await page.goto('http://localhost:3000/auth/login');
    > 12 |     await page.getByLabel(/email/i).fill('admin@inmova.app');
         |                                     ^
      13 |     await page.getByLabel(/password|contraseña/i).fill('admin123');
      14 |     await page.getByRole('button', { name: /login|entrar|iniciar/i }).click();
      15 |     await expect(page).toHaveURL(/\/home|\/dashboard/, { timeout: 10000 });
        at /workspace/__tests__/e2e/visual-regression.spec.ts:12:37

    attachment #1: screenshot (image/png) ──────────────────────────────────────────────────────────
    ../../test-results/visual-regression-📸-Visua-83fbe-ente---Gráfico-de-dashboard-chromium/test-failed-1.png
    ────────────────────────────────────────────────────────────────────────────────────────────────

    attachment #2: video (video/webm) ──────────────────────────────────────────────────────────────
    ../../test-results/visual-regression-📸-Visua-83fbe-ente---Gráfico-de-dashboard-chromium/video.webm
    ────────────────────────────────────────────────────────────────────────────────────────────────

    Error Context: ../../test-results/visual-regression-📸-Visua-83fbe-ente---Gráfico-de-dashboard-chromium/error-context.md
]]>
</failure>
<system-out>
<![CDATA[
[[ATTACHMENT|test-results/visual-regression-📸-Visua-83fbe-ente---Gráfico-de-dashboard-chromium/test-failed-1.png]]

[[ATTACHMENT|test-results/visual-regression-📸-Visua-83fbe-ente---Gráfico-de-dashboard-chromium/video.webm]]

[[ATTACHMENT|test-results/visual-regression-📸-Visua-83fbe-ente---Gráfico-de-dashboard-chromium/error-context.md]]
]]>
</system-out>
</testcase>
<testcase name="📸 Visual Regression Tests › @visual Estados - Botón hover" classname="visual-regression.spec.ts" time="31.193">
<failure message="visual-regression.spec.ts:124:7 @visual Estados - Botón hover" type="FAILURE">
<![CDATA[  [chromium] › visual-regression.spec.ts:124:7 › 📸 Visual Regression Tests › @visual Estados - Botón hover 

    Test timeout of 30000ms exceeded while running "beforeEach" hook.

       7 |
       8 | test.describe('📸 Visual Regression Tests', () => {
    >  9 |   test.beforeEach(async ({ page }) => {
         |        ^
      10 |     // Login
      11 |     await page.goto('http://localhost:3000/auth/login');
      12 |     await page.getByLabel(/email/i).fill('admin@inmova.app');
        at /workspace/__tests__/e2e/visual-regression.spec.ts:9:8

    Error: locator.fill: Test timeout of 30000ms exceeded.
    Call log:
      - waiting for getByLabel(/email/i)


      10 |     // Login
      11 |     await page.goto('http://localhost:3000/auth/login');
    > 12 |     await page.getByLabel(/email/i).fill('admin@inmova.app');
         |                                     ^
      13 |     await page.getByLabel(/password|contraseña/i).fill('admin123');
      14 |     await page.getByRole('button', { name: /login|entrar|iniciar/i }).click();
      15 |     await expect(page).toHaveURL(/\/home|\/dashboard/, { timeout: 10000 });
        at /workspace/__tests__/e2e/visual-regression.spec.ts:12:37

    attachment #1: screenshot (image/png) ──────────────────────────────────────────────────────────
    ../../test-results/visual-regression-📸-Visua-baff4-isual-Estados---Botón-hover-chromium/test-failed-1.png
    ────────────────────────────────────────────────────────────────────────────────────────────────

    attachment #2: video (video/webm) ──────────────────────────────────────────────────────────────
    ../../test-results/visual-regression-📸-Visua-baff4-isual-Estados---Botón-hover-chromium/video.webm
    ────────────────────────────────────────────────────────────────────────────────────────────────

    Error Context: ../../test-results/visual-regression-📸-Visua-baff4-isual-Estados---Botón-hover-chromium/error-context.md
]]>
</failure>
<system-out>
<![CDATA[
[[ATTACHMENT|test-results/visual-regression-📸-Visua-baff4-isual-Estados---Botón-hover-chromium/test-failed-1.png]]

[[ATTACHMENT|test-results/visual-regression-📸-Visua-baff4-isual-Estados---Botón-hover-chromium/video.webm]]

[[ATTACHMENT|test-results/visual-regression-📸-Visua-baff4-isual-Estados---Botón-hover-chromium/error-context.md]]
]]>
</system-out>
</testcase>
</testsuite>
</testsuites>