<testsuites id="" name="" tests="265" failures="53" skipped="147" errors="0" time="879.9199649999999">
<testsuite name="auth/login.spec.ts" timestamp="2026-01-08T12:53:10.552Z" hostname="chromium" tests="9" failures="7" skipped="0" time="200.977" errors="0">
<testcase name="ðŸ” Login Flow - Usuario Admin â€º âœ… Debe mostrar el formulario de login" classname="auth/login.spec.ts" time="9.08">
<failure message="login.spec.ts:28:7 âœ… Debe mostrar el formulario de login" type="FAILURE">
<![CDATA[  [chromium] â€º auth/login.spec.ts:28:7 â€º ðŸ” Login Flow - Usuario Admin â€º âœ… Debe mostrar el formulario de login 

    Error: expect(locator).toBeVisible() failed

    Locator: locator('input[name="email"]')
    Expected: visible
    Timeout: 5000ms
    Error: element(s) not found

    Call log:
      - Expect "toBeVisible" with timeout 5000ms
      - waiting for locator('input[name="email"]')


      31 |
      32 |     // Verificar elementos clave del formulario
    > 33 |     await expect(page.locator('input[name="email"]')).toBeVisible();
         |                                                       ^
      34 |     await expect(page.locator('input[name="password"]')).toBeVisible();
      35 |     await expect(page.locator('button[type="submit"]')).toBeVisible();
      36 |   });
        at /workspace/__tests__/e2e/auth/login.spec.ts:33:55

    attachment #1: screenshot (image/png) â”€â”€â”€â”€â”€â”€â”€â”€â”€â”€â”€â”€â”€â”€â”€â”€â”€â”€â”€â”€â”€â”€â”€â”€â”€â”€â”€â”€â”€â”€â”€â”€â”€â”€â”€â”€â”€â”€â”€â”€â”€â”€â”€â”€â”€â”€â”€â”€â”€â”€â”€â”€â”€â”€â”€â”€â”€â”€
    ../../test-results/auth-login-ðŸ”-Login-Flow---bd5d6-trar-el-formulario-de-login-chromium/test-failed-1.png
    â”€â”€â”€â”€â”€â”€â”€â”€â”€â”€â”€â”€â”€â”€â”€â”€â”€â”€â”€â”€â”€â”€â”€â”€â”€â”€â”€â”€â”€â”€â”€â”€â”€â”€â”€â”€â”€â”€â”€â”€â”€â”€â”€â”€â”€â”€â”€â”€â”€â”€â”€â”€â”€â”€â”€â”€â”€â”€â”€â”€â”€â”€â”€â”€â”€â”€â”€â”€â”€â”€â”€â”€â”€â”€â”€â”€â”€â”€â”€â”€â”€â”€â”€â”€â”€â”€â”€â”€â”€â”€â”€â”€â”€â”€â”€â”€

    attachment #2: video (video/webm) â”€â”€â”€â”€â”€â”€â”€â”€â”€â”€â”€â”€â”€â”€â”€â”€â”€â”€â”€â”€â”€â”€â”€â”€â”€â”€â”€â”€â”€â”€â”€â”€â”€â”€â”€â”€â”€â”€â”€â”€â”€â”€â”€â”€â”€â”€â”€â”€â”€â”€â”€â”€â”€â”€â”€â”€â”€â”€â”€â”€â”€â”€
    ../../test-results/auth-login-ðŸ”-Login-Flow---bd5d6-trar-el-formulario-de-login-chromium/video.webm
    â”€â”€â”€â”€â”€â”€â”€â”€â”€â”€â”€â”€â”€â”€â”€â”€â”€â”€â”€â”€â”€â”€â”€â”€â”€â”€â”€â”€â”€â”€â”€â”€â”€â”€â”€â”€â”€â”€â”€â”€â”€â”€â”€â”€â”€â”€â”€â”€â”€â”€â”€â”€â”€â”€â”€â”€â”€â”€â”€â”€â”€â”€â”€â”€â”€â”€â”€â”€â”€â”€â”€â”€â”€â”€â”€â”€â”€â”€â”€â”€â”€â”€â”€â”€â”€â”€â”€â”€â”€â”€â”€â”€â”€â”€â”€â”€

    Error Context: ../../test-results/auth-login-ðŸ”-Login-Flow---bd5d6-trar-el-formulario-de-login-chromium/error-context.md
]]>
</failure>
<system-out>
<![CDATA[
[[ATTACHMENT|test-results/auth-login-ðŸ”-Login-Flow---bd5d6-trar-el-formulario-de-login-chromium/test-failed-1.png]]

[[ATTACHMENT|test-results/auth-login-ðŸ”-Login-Flow---bd5d6-trar-el-formulario-de-login-chromium/video.webm]]

[[ATTACHMENT|test-results/auth-login-ðŸ”-Login-Flow---bd5d6-trar-el-formulario-de-login-chromium/error-context.md]]
]]>
</system-out>
</testcase>
<testcase name="ðŸ” Login Flow - Usuario Admin â€º âœ… Debe realizar login exitoso con credenciales vÃ¡lidas" classname="auth/login.spec.ts" time="31.035">
<failure message="login.spec.ts:38:7 âœ… Debe realizar login exitoso con credenciales vÃ¡lidas" type="FAILURE">
<![CDATA[  [chromium] â€º auth/login.spec.ts:38:7 â€º ðŸ” Login Flow - Usuario Admin â€º âœ… Debe realizar login exitoso con credenciales vÃ¡lidas 

    Test timeout of 30000ms exceeded.

    Error: page.fill: Test timeout of 30000ms exceeded.
    Call log:
      - waiting for locator('input[name="email"]')


      38 |   test('âœ… Debe realizar login exitoso con credenciales vÃ¡lidas', async ({ page }) => {
      39 |     // Llenar formulario
    > 40 |     await page.fill('input[name="email"]', TEST_USER.email);
         |                ^
      41 |     await page.fill('input[name="password"]', TEST_USER.password);
      42 |
      43 |     // Enviar formulario
        at /workspace/__tests__/e2e/auth/login.spec.ts:40:16

    attachment #1: screenshot (image/png) â”€â”€â”€â”€â”€â”€â”€â”€â”€â”€â”€â”€â”€â”€â”€â”€â”€â”€â”€â”€â”€â”€â”€â”€â”€â”€â”€â”€â”€â”€â”€â”€â”€â”€â”€â”€â”€â”€â”€â”€â”€â”€â”€â”€â”€â”€â”€â”€â”€â”€â”€â”€â”€â”€â”€â”€â”€â”€
    ../../test-results/auth-login-ðŸ”-Login-Flow---54d7f-so-con-credenciales-vÃ¡lidas-chromium/test-failed-1.png
    â”€â”€â”€â”€â”€â”€â”€â”€â”€â”€â”€â”€â”€â”€â”€â”€â”€â”€â”€â”€â”€â”€â”€â”€â”€â”€â”€â”€â”€â”€â”€â”€â”€â”€â”€â”€â”€â”€â”€â”€â”€â”€â”€â”€â”€â”€â”€â”€â”€â”€â”€â”€â”€â”€â”€â”€â”€â”€â”€â”€â”€â”€â”€â”€â”€â”€â”€â”€â”€â”€â”€â”€â”€â”€â”€â”€â”€â”€â”€â”€â”€â”€â”€â”€â”€â”€â”€â”€â”€â”€â”€â”€â”€â”€â”€â”€

    attachment #2: video (video/webm) â”€â”€â”€â”€â”€â”€â”€â”€â”€â”€â”€â”€â”€â”€â”€â”€â”€â”€â”€â”€â”€â”€â”€â”€â”€â”€â”€â”€â”€â”€â”€â”€â”€â”€â”€â”€â”€â”€â”€â”€â”€â”€â”€â”€â”€â”€â”€â”€â”€â”€â”€â”€â”€â”€â”€â”€â”€â”€â”€â”€â”€â”€
    ../../test-results/auth-login-ðŸ”-Login-Flow---54d7f-so-con-credenciales-vÃ¡lidas-chromium/video.webm
    â”€â”€â”€â”€â”€â”€â”€â”€â”€â”€â”€â”€â”€â”€â”€â”€â”€â”€â”€â”€â”€â”€â”€â”€â”€â”€â”€â”€â”€â”€â”€â”€â”€â”€â”€â”€â”€â”€â”€â”€â”€â”€â”€â”€â”€â”€â”€â”€â”€â”€â”€â”€â”€â”€â”€â”€â”€â”€â”€â”€â”€â”€â”€â”€â”€â”€â”€â”€â”€â”€â”€â”€â”€â”€â”€â”€â”€â”€â”€â”€â”€â”€â”€â”€â”€â”€â”€â”€â”€â”€â”€â”€â”€â”€â”€â”€

    Error Context: ../../test-results/auth-login-ðŸ”-Login-Flow---54d7f-so-con-credenciales-vÃ¡lidas-chromium/error-context.md
]]>
</failure>
<system-out>
<![CDATA[
[[ATTACHMENT|test-results/auth-login-ðŸ”-Login-Flow---54d7f-so-con-credenciales-vÃ¡lidas-chromium/test-failed-1.png]]

[[ATTACHMENT|test-results/auth-login-ðŸ”-Login-Flow---54d7f-so-con-credenciales-vÃ¡lidas-chromium/video.webm]]

[[ATTACHMENT|test-results/auth-login-ðŸ”-Login-Flow---54d7f-so-con-credenciales-vÃ¡lidas-chromium/error-context.md]]
]]>
</system-out>
</testcase>
<testcase name="ðŸ” Login Flow - Usuario Admin â€º âŒ Debe rechazar login con credenciales invÃ¡lidas" classname="auth/login.spec.ts" time="30.915">
<failure message="login.spec.ts:59:7 âŒ Debe rechazar login con credenciales invÃ¡lidas" type="FAILURE">
<![CDATA[  [chromium] â€º auth/login.spec.ts:59:7 â€º ðŸ” Login Flow - Usuario Admin â€º âŒ Debe rechazar login con credenciales invÃ¡lidas 

    Test timeout of 30000ms exceeded.

    Error: page.fill: Test timeout of 30000ms exceeded.
    Call log:
      - waiting for locator('input[name="email"]')


      59 |   test('âŒ Debe rechazar login con credenciales invÃ¡lidas', async ({ page }) => {
      60 |     // Intentar login con credenciales incorrectas
    > 61 |     await page.fill('input[name="email"]', 'invalid@test.com');
         |                ^
      62 |     await page.fill('input[name="password"]', 'WrongPassword123');
      63 |
      64 |     await page.click('button[type="submit"]');
        at /workspace/__tests__/e2e/auth/login.spec.ts:61:16

    attachment #1: screenshot (image/png) â”€â”€â”€â”€â”€â”€â”€â”€â”€â”€â”€â”€â”€â”€â”€â”€â”€â”€â”€â”€â”€â”€â”€â”€â”€â”€â”€â”€â”€â”€â”€â”€â”€â”€â”€â”€â”€â”€â”€â”€â”€â”€â”€â”€â”€â”€â”€â”€â”€â”€â”€â”€â”€â”€â”€â”€â”€â”€
    ../../test-results/auth-login-ðŸ”-Login-Flow---3762c--con-credenciales-invÃ¡lidas-chromium/test-failed-1.png
    â”€â”€â”€â”€â”€â”€â”€â”€â”€â”€â”€â”€â”€â”€â”€â”€â”€â”€â”€â”€â”€â”€â”€â”€â”€â”€â”€â”€â”€â”€â”€â”€â”€â”€â”€â”€â”€â”€â”€â”€â”€â”€â”€â”€â”€â”€â”€â”€â”€â”€â”€â”€â”€â”€â”€â”€â”€â”€â”€â”€â”€â”€â”€â”€â”€â”€â”€â”€â”€â”€â”€â”€â”€â”€â”€â”€â”€â”€â”€â”€â”€â”€â”€â”€â”€â”€â”€â”€â”€â”€â”€â”€â”€â”€â”€â”€

    attachment #2: video (video/webm) â”€â”€â”€â”€â”€â”€â”€â”€â”€â”€â”€â”€â”€â”€â”€â”€â”€â”€â”€â”€â”€â”€â”€â”€â”€â”€â”€â”€â”€â”€â”€â”€â”€â”€â”€â”€â”€â”€â”€â”€â”€â”€â”€â”€â”€â”€â”€â”€â”€â”€â”€â”€â”€â”€â”€â”€â”€â”€â”€â”€â”€â”€
    ../../test-results/auth-login-ðŸ”-Login-Flow---3762c--con-credenciales-invÃ¡lidas-chromium/video.webm
    â”€â”€â”€â”€â”€â”€â”€â”€â”€â”€â”€â”€â”€â”€â”€â”€â”€â”€â”€â”€â”€â”€â”€â”€â”€â”€â”€â”€â”€â”€â”€â”€â”€â”€â”€â”€â”€â”€â”€â”€â”€â”€â”€â”€â”€â”€â”€â”€â”€â”€â”€â”€â”€â”€â”€â”€â”€â”€â”€â”€â”€â”€â”€â”€â”€â”€â”€â”€â”€â”€â”€â”€â”€â”€â”€â”€â”€â”€â”€â”€â”€â”€â”€â”€â”€â”€â”€â”€â”€â”€â”€â”€â”€â”€â”€â”€

    Error Context: ../../test-results/auth-login-ðŸ”-Login-Flow---3762c--con-credenciales-invÃ¡lidas-chromium/error-context.md
]]>
</failure>
<system-out>
<![CDATA[
[[ATTACHMENT|test-results/auth-login-ðŸ”-Login-Flow---3762c--con-credenciales-invÃ¡lidas-chromium/test-failed-1.png]]

[[ATTACHMENT|test-results/auth-login-ðŸ”-Login-Flow---3762c--con-credenciales-invÃ¡lidas-chromium/video.webm]]

[[ATTACHMENT|test-results/auth-login-ðŸ”-Login-Flow---3762c--con-credenciales-invÃ¡lidas-chromium/error-context.md]]
]]>
</system-out>
</testcase>
<testcase name="ðŸ” Login Flow - Usuario Admin â€º âš ï¸ Debe validar campos requeridos" classname="auth/login.spec.ts" time="30.956">
<failure message="login.spec.ts:85:7 âš ï¸ Debe validar campos requeridos" type="FAILURE">
<![CDATA[  [chromium] â€º auth/login.spec.ts:85:7 â€º ðŸ” Login Flow - Usuario Admin â€º âš ï¸ Debe validar campos requeridos 

    Test timeout of 30000ms exceeded.

    Error: locator.getAttribute: Test timeout of 30000ms exceeded.
    Call log:
      - waiting for locator('input[name="email"]')


      93 |     // Verificar validaciÃ³n HTML5 o mensajes de error
      94 |     const emailInput = page.locator('input[name="email"]');
    > 95 |     const isRequired = await emailInput.getAttribute('required');
         |                                         ^
      96 |
      97 |     expect(isRequired).not.toBeNull();
      98 |   });
        at /workspace/__tests__/e2e/auth/login.spec.ts:95:41

    attachment #1: screenshot (image/png) â”€â”€â”€â”€â”€â”€â”€â”€â”€â”€â”€â”€â”€â”€â”€â”€â”€â”€â”€â”€â”€â”€â”€â”€â”€â”€â”€â”€â”€â”€â”€â”€â”€â”€â”€â”€â”€â”€â”€â”€â”€â”€â”€â”€â”€â”€â”€â”€â”€â”€â”€â”€â”€â”€â”€â”€â”€â”€
    ../../test-results/auth-login-ðŸ”-Login-Flow---5cbe3-e-validar-campos-requeridos-chromium/test-failed-1.png
    â”€â”€â”€â”€â”€â”€â”€â”€â”€â”€â”€â”€â”€â”€â”€â”€â”€â”€â”€â”€â”€â”€â”€â”€â”€â”€â”€â”€â”€â”€â”€â”€â”€â”€â”€â”€â”€â”€â”€â”€â”€â”€â”€â”€â”€â”€â”€â”€â”€â”€â”€â”€â”€â”€â”€â”€â”€â”€â”€â”€â”€â”€â”€â”€â”€â”€â”€â”€â”€â”€â”€â”€â”€â”€â”€â”€â”€â”€â”€â”€â”€â”€â”€â”€â”€â”€â”€â”€â”€â”€â”€â”€â”€â”€â”€â”€

    attachment #2: video (video/webm) â”€â”€â”€â”€â”€â”€â”€â”€â”€â”€â”€â”€â”€â”€â”€â”€â”€â”€â”€â”€â”€â”€â”€â”€â”€â”€â”€â”€â”€â”€â”€â”€â”€â”€â”€â”€â”€â”€â”€â”€â”€â”€â”€â”€â”€â”€â”€â”€â”€â”€â”€â”€â”€â”€â”€â”€â”€â”€â”€â”€â”€â”€
    ../../test-results/auth-login-ðŸ”-Login-Flow---5cbe3-e-validar-campos-requeridos-chromium/video.webm
    â”€â”€â”€â”€â”€â”€â”€â”€â”€â”€â”€â”€â”€â”€â”€â”€â”€â”€â”€â”€â”€â”€â”€â”€â”€â”€â”€â”€â”€â”€â”€â”€â”€â”€â”€â”€â”€â”€â”€â”€â”€â”€â”€â”€â”€â”€â”€â”€â”€â”€â”€â”€â”€â”€â”€â”€â”€â”€â”€â”€â”€â”€â”€â”€â”€â”€â”€â”€â”€â”€â”€â”€â”€â”€â”€â”€â”€â”€â”€â”€â”€â”€â”€â”€â”€â”€â”€â”€â”€â”€â”€â”€â”€â”€â”€â”€

    Error Context: ../../test-results/auth-login-ðŸ”-Login-Flow---5cbe3-e-validar-campos-requeridos-chromium/error-context.md
]]>
</failure>
<system-out>
<![CDATA[
[[ATTACHMENT|test-results/auth-login-ðŸ”-Login-Flow---5cbe3-e-validar-campos-requeridos-chromium/test-failed-1.png]]

[[ATTACHMENT|test-results/auth-login-ðŸ”-Login-Flow---5cbe3-e-validar-campos-requeridos-chromium/video.webm]]

[[ATTACHMENT|test-results/auth-login-ðŸ”-Login-Flow---5cbe3-e-validar-campos-requeridos-chromium/error-context.md]]
]]>
</system-out>
</testcase>
<testcase name="ðŸ” Login Flow - Usuario Admin â€º âš ï¸ Debe manejar campos vacÃ­os con espacios" classname="auth/login.spec.ts" time="31.127">
<failure message="login.spec.ts:100:7 âš ï¸ Debe manejar campos vacÃ­os con espacios" type="FAILURE">
<![CDATA[  [chromium] â€º auth/login.spec.ts:100:7 â€º ðŸ” Login Flow - Usuario Admin â€º âš ï¸ Debe manejar campos vacÃ­os con espacios 

    Test timeout of 30000ms exceeded.

    Error: page.fill: Test timeout of 30000ms exceeded.
    Call log:
      - waiting for locator('input[name="email"]')


       99 |
      100 |   test('âš ï¸ Debe manejar campos vacÃ­os con espacios', async ({ page }) => {
    > 101 |     await page.fill('input[name="email"]', '   ');
          |                ^
      102 |     await page.fill('input[name="password"]', '   ');
      103 |
      104 |     await page.click('button[type="submit"]');
        at /workspace/__tests__/e2e/auth/login.spec.ts:101:16

    attachment #1: screenshot (image/png) â”€â”€â”€â”€â”€â”€â”€â”€â”€â”€â”€â”€â”€â”€â”€â”€â”€â”€â”€â”€â”€â”€â”€â”€â”€â”€â”€â”€â”€â”€â”€â”€â”€â”€â”€â”€â”€â”€â”€â”€â”€â”€â”€â”€â”€â”€â”€â”€â”€â”€â”€â”€â”€â”€â”€â”€â”€â”€
    ../../test-results/auth-login-ðŸ”-Login-Flow---8e21b--campos-vacÃ­os-con-espacios-chromium/test-failed-1.png
    â”€â”€â”€â”€â”€â”€â”€â”€â”€â”€â”€â”€â”€â”€â”€â”€â”€â”€â”€â”€â”€â”€â”€â”€â”€â”€â”€â”€â”€â”€â”€â”€â”€â”€â”€â”€â”€â”€â”€â”€â”€â”€â”€â”€â”€â”€â”€â”€â”€â”€â”€â”€â”€â”€â”€â”€â”€â”€â”€â”€â”€â”€â”€â”€â”€â”€â”€â”€â”€â”€â”€â”€â”€â”€â”€â”€â”€â”€â”€â”€â”€â”€â”€â”€â”€â”€â”€â”€â”€â”€â”€â”€â”€â”€â”€â”€

    attachment #2: video (video/webm) â”€â”€â”€â”€â”€â”€â”€â”€â”€â”€â”€â”€â”€â”€â”€â”€â”€â”€â”€â”€â”€â”€â”€â”€â”€â”€â”€â”€â”€â”€â”€â”€â”€â”€â”€â”€â”€â”€â”€â”€â”€â”€â”€â”€â”€â”€â”€â”€â”€â”€â”€â”€â”€â”€â”€â”€â”€â”€â”€â”€â”€â”€
    ../../test-results/auth-login-ðŸ”-Login-Flow---8e21b--campos-vacÃ­os-con-espacios-chromium/video.webm
    â”€â”€â”€â”€â”€â”€â”€â”€â”€â”€â”€â”€â”€â”€â”€â”€â”€â”€â”€â”€â”€â”€â”€â”€â”€â”€â”€â”€â”€â”€â”€â”€â”€â”€â”€â”€â”€â”€â”€â”€â”€â”€â”€â”€â”€â”€â”€â”€â”€â”€â”€â”€â”€â”€â”€â”€â”€â”€â”€â”€â”€â”€â”€â”€â”€â”€â”€â”€â”€â”€â”€â”€â”€â”€â”€â”€â”€â”€â”€â”€â”€â”€â”€â”€â”€â”€â”€â”€â”€â”€â”€â”€â”€â”€â”€â”€

    Error Context: ../../test-results/auth-login-ðŸ”-Login-Flow---8e21b--campos-vacÃ­os-con-espacios-chromium/error-context.md
]]>
</failure>
<system-out>
<![CDATA[
[[ATTACHMENT|test-results/auth-login-ðŸ”-Login-Flow---8e21b--campos-vacÃ­os-con-espacios-chromium/test-failed-1.png]]

[[ATTACHMENT|test-results/auth-login-ðŸ”-Login-Flow---8e21b--campos-vacÃ­os-con-espacios-chromium/video.webm]]

[[ATTACHMENT|test-results/auth-login-ðŸ”-Login-Flow---8e21b--campos-vacÃ­os-con-espacios-chromium/error-context.md]]
]]>
</system-out>
</testcase>
<testcase name="ðŸ” Login Flow - Usuario Inquilino â€º âœ… Debe realizar login de inquilino y redirigir a portal" classname="auth/login.spec.ts" time="30.922">
<failure message="login.spec.ts:114:7 âœ… Debe realizar login de inquilino y redirigir a portal" type="FAILURE">
<![CDATA[  [chromium] â€º auth/login.spec.ts:114:7 â€º ðŸ” Login Flow - Usuario Inquilino â€º âœ… Debe realizar login de inquilino y redirigir a portal 

    Test timeout of 30000ms exceeded.

    Error: page.fill: Test timeout of 30000ms exceeded.
    Call log:
      - waiting for locator('input[name="email"]')


      115 |     await page.goto(`${BASE_URL}/login`);
      116 |
    > 117 |     await page.fill('input[name="email"]', TEST_TENANT.email);
          |                ^
      118 |     await page.fill('input[name="password"]', TEST_TENANT.password);
      119 |
      120 |     await page.click('button[type="submit"]');
        at /workspace/__tests__/e2e/auth/login.spec.ts:117:16

    attachment #1: screenshot (image/png) â”€â”€â”€â”€â”€â”€â”€â”€â”€â”€â”€â”€â”€â”€â”€â”€â”€â”€â”€â”€â”€â”€â”€â”€â”€â”€â”€â”€â”€â”€â”€â”€â”€â”€â”€â”€â”€â”€â”€â”€â”€â”€â”€â”€â”€â”€â”€â”€â”€â”€â”€â”€â”€â”€â”€â”€â”€â”€
    ../../test-results/auth-login-ðŸ”-Login-Flow---929b0-uilino-y-redirigir-a-portal-chromium/test-failed-1.png
    â”€â”€â”€â”€â”€â”€â”€â”€â”€â”€â”€â”€â”€â”€â”€â”€â”€â”€â”€â”€â”€â”€â”€â”€â”€â”€â”€â”€â”€â”€â”€â”€â”€â”€â”€â”€â”€â”€â”€â”€â”€â”€â”€â”€â”€â”€â”€â”€â”€â”€â”€â”€â”€â”€â”€â”€â”€â”€â”€â”€â”€â”€â”€â”€â”€â”€â”€â”€â”€â”€â”€â”€â”€â”€â”€â”€â”€â”€â”€â”€â”€â”€â”€â”€â”€â”€â”€â”€â”€â”€â”€â”€â”€â”€â”€â”€

    attachment #2: video (video/webm) â”€â”€â”€â”€â”€â”€â”€â”€â”€â”€â”€â”€â”€â”€â”€â”€â”€â”€â”€â”€â”€â”€â”€â”€â”€â”€â”€â”€â”€â”€â”€â”€â”€â”€â”€â”€â”€â”€â”€â”€â”€â”€â”€â”€â”€â”€â”€â”€â”€â”€â”€â”€â”€â”€â”€â”€â”€â”€â”€â”€â”€â”€
    ../../test-results/auth-login-ðŸ”-Login-Flow---929b0-uilino-y-redirigir-a-portal-chromium/video.webm
    â”€â”€â”€â”€â”€â”€â”€â”€â”€â”€â”€â”€â”€â”€â”€â”€â”€â”€â”€â”€â”€â”€â”€â”€â”€â”€â”€â”€â”€â”€â”€â”€â”€â”€â”€â”€â”€â”€â”€â”€â”€â”€â”€â”€â”€â”€â”€â”€â”€â”€â”€â”€â”€â”€â”€â”€â”€â”€â”€â”€â”€â”€â”€â”€â”€â”€â”€â”€â”€â”€â”€â”€â”€â”€â”€â”€â”€â”€â”€â”€â”€â”€â”€â”€â”€â”€â”€â”€â”€â”€â”€â”€â”€â”€â”€â”€

    Error Context: ../../test-results/auth-login-ðŸ”-Login-Flow---929b0-uilino-y-redirigir-a-portal-chromium/error-context.md
]]>
</failure>
<system-out>
<![CDATA[
[[ATTACHMENT|test-results/auth-login-ðŸ”-Login-Flow---929b0-uilino-y-redirigir-a-portal-chromium/test-failed-1.png]]

[[ATTACHMENT|test-results/auth-login-ðŸ”-Login-Flow---929b0-uilino-y-redirigir-a-portal-chromium/video.webm]]

[[ATTACHMENT|test-results/auth-login-ðŸ”-Login-Flow---929b0-uilino-y-redirigir-a-portal-chromium/error-context.md]]
]]>
</system-out>
</testcase>
<testcase name="ðŸ” Logout Flow â€º âœ… Debe hacer logout correctamente" classname="auth/login.spec.ts" time="30.989">
<failure message="login.spec.ts:131:7 âœ… Debe hacer logout correctamente" type="FAILURE">
<![CDATA[  [chromium] â€º auth/login.spec.ts:131:7 â€º ðŸ” Logout Flow â€º âœ… Debe hacer logout correctamente â”€â”€â”€â”€â”€â”€â”€

    Test timeout of 30000ms exceeded.

    Error: page.fill: Test timeout of 30000ms exceeded.
    Call log:
      - waiting for locator('input[name="email"]')


      132 |     // Primero hacer login
      133 |     await page.goto(`${BASE_URL}/login`);
    > 134 |     await page.fill('input[name="email"]', TEST_USER.email);
          |                ^
      135 |     await page.fill('input[name="password"]', TEST_USER.password);
      136 |     await page.click('button[type="submit"]');
      137 |
        at /workspace/__tests__/e2e/auth/login.spec.ts:134:16

    attachment #1: screenshot (image/png) â”€â”€â”€â”€â”€â”€â”€â”€â”€â”€â”€â”€â”€â”€â”€â”€â”€â”€â”€â”€â”€â”€â”€â”€â”€â”€â”€â”€â”€â”€â”€â”€â”€â”€â”€â”€â”€â”€â”€â”€â”€â”€â”€â”€â”€â”€â”€â”€â”€â”€â”€â”€â”€â”€â”€â”€â”€â”€
    ../../test-results/auth-login-ðŸ”-Logout-Flow-âœ…-Debe-hacer-logout-correctamente-chromium/test-failed-1.png
    â”€â”€â”€â”€â”€â”€â”€â”€â”€â”€â”€â”€â”€â”€â”€â”€â”€â”€â”€â”€â”€â”€â”€â”€â”€â”€â”€â”€â”€â”€â”€â”€â”€â”€â”€â”€â”€â”€â”€â”€â”€â”€â”€â”€â”€â”€â”€â”€â”€â”€â”€â”€â”€â”€â”€â”€â”€â”€â”€â”€â”€â”€â”€â”€â”€â”€â”€â”€â”€â”€â”€â”€â”€â”€â”€â”€â”€â”€â”€â”€â”€â”€â”€â”€â”€â”€â”€â”€â”€â”€â”€â”€â”€â”€â”€â”€

    attachment #2: video (video/webm) â”€â”€â”€â”€â”€â”€â”€â”€â”€â”€â”€â”€â”€â”€â”€â”€â”€â”€â”€â”€â”€â”€â”€â”€â”€â”€â”€â”€â”€â”€â”€â”€â”€â”€â”€â”€â”€â”€â”€â”€â”€â”€â”€â”€â”€â”€â”€â”€â”€â”€â”€â”€â”€â”€â”€â”€â”€â”€â”€â”€â”€â”€
    ../../test-results/auth-login-ðŸ”-Logout-Flow-âœ…-Debe-hacer-logout-correctamente-chromium/video.webm
    â”€â”€â”€â”€â”€â”€â”€â”€â”€â”€â”€â”€â”€â”€â”€â”€â”€â”€â”€â”€â”€â”€â”€â”€â”€â”€â”€â”€â”€â”€â”€â”€â”€â”€â”€â”€â”€â”€â”€â”€â”€â”€â”€â”€â”€â”€â”€â”€â”€â”€â”€â”€â”€â”€â”€â”€â”€â”€â”€â”€â”€â”€â”€â”€â”€â”€â”€â”€â”€â”€â”€â”€â”€â”€â”€â”€â”€â”€â”€â”€â”€â”€â”€â”€â”€â”€â”€â”€â”€â”€â”€â”€â”€â”€â”€â”€

    Error Context: ../../test-results/auth-login-ðŸ”-Logout-Flow-âœ…-Debe-hacer-logout-correctamente-chromium/error-context.md
]]>
</failure>
<system-out>
<![CDATA[
[[ATTACHMENT|test-results/auth-login-ðŸ”-Logout-Flow-âœ…-Debe-hacer-logout-correctamente-chromium/test-failed-1.png]]

[[ATTACHMENT|test-results/auth-login-ðŸ”-Logout-Flow-âœ…-Debe-hacer-logout-correctamente-chromium/video.webm]]

[[ATTACHMENT|test-results/auth-login-ðŸ”-Logout-Flow-âœ…-Debe-hacer-logout-correctamente-chromium/error-context.md]]
]]>
</system-out>
</testcase>
<testcase name="ðŸ” Seguridad - ProtecciÃ³n de Rutas â€º âŒ Debe redirigir a login si intenta acceder a dashboard sin auth" classname="auth/login.spec.ts" time="2.968">
</testcase>
<testcase name="ðŸ” Seguridad - ProtecciÃ³n de Rutas â€º âŒ Debe redirigir a login si intenta acceder a admin sin auth" classname="auth/login.spec.ts" time="2.985">
</testcase>
</testsuite>
<testsuite name="auth-flow.spec.ts" timestamp="2026-01-08T12:53:10.552Z" hostname="chromium" tests="6" failures="6" skipped="0" time="162.871" errors="0">
<testcase name="ðŸŽ­ E2E - Flujo de AutenticaciÃ³n â€º âœ… Debe mostrar el formulario de login" classname="auth-flow.spec.ts" time="6.278">
<failure message="auth-flow.spec.ts:14:7 âœ… Debe mostrar el formulario de login" type="FAILURE">
<![CDATA[  [chromium] â€º auth-flow.spec.ts:14:7 â€º ðŸŽ­ E2E - Flujo de AutenticaciÃ³n â€º âœ… Debe mostrar el formulario de login 

    Error: expect(locator).toBeVisible() failed

    Locator: getByRole('heading', { name: /login|iniciar sesiÃ³n/i })
    Expected: visible
    Timeout: 5000ms
    Error: element(s) not found

    Call log:
      - Expect "toBeVisible" with timeout 5000ms
      - waiting for getByRole('heading', { name: /login|iniciar sesiÃ³n/i })


      13 |
      14 |   test('âœ… Debe mostrar el formulario de login', async ({ page }) => {
    > 15 |     await expect(page.getByRole('heading', { name: /login|iniciar sesiÃ³n/i })).toBeVisible();
         |                                                                                ^
      16 |     await expect(page.getByLabel(/email/i)).toBeVisible();
      17 |     await expect(page.getByLabel(/password|contraseÃ±a/i)).toBeVisible();
      18 |     await expect(page.getByRole('button', { name: /login|entrar|iniciar/i })).toBeVisible();
        at /workspace/__tests__/e2e/auth-flow.spec.ts:15:80

    attachment #1: screenshot (image/png) â”€â”€â”€â”€â”€â”€â”€â”€â”€â”€â”€â”€â”€â”€â”€â”€â”€â”€â”€â”€â”€â”€â”€â”€â”€â”€â”€â”€â”€â”€â”€â”€â”€â”€â”€â”€â”€â”€â”€â”€â”€â”€â”€â”€â”€â”€â”€â”€â”€â”€â”€â”€â”€â”€â”€â”€â”€â”€
    ../../test-results/auth-flow-ðŸŽ­-E2E---Flujo-d-aeda1-trar-el-formulario-de-login-chromium/test-failed-1.png
    â”€â”€â”€â”€â”€â”€â”€â”€â”€â”€â”€â”€â”€â”€â”€â”€â”€â”€â”€â”€â”€â”€â”€â”€â”€â”€â”€â”€â”€â”€â”€â”€â”€â”€â”€â”€â”€â”€â”€â”€â”€â”€â”€â”€â”€â”€â”€â”€â”€â”€â”€â”€â”€â”€â”€â”€â”€â”€â”€â”€â”€â”€â”€â”€â”€â”€â”€â”€â”€â”€â”€â”€â”€â”€â”€â”€â”€â”€â”€â”€â”€â”€â”€â”€â”€â”€â”€â”€â”€â”€â”€â”€â”€â”€â”€â”€

    attachment #2: video (video/webm) â”€â”€â”€â”€â”€â”€â”€â”€â”€â”€â”€â”€â”€â”€â”€â”€â”€â”€â”€â”€â”€â”€â”€â”€â”€â”€â”€â”€â”€â”€â”€â”€â”€â”€â”€â”€â”€â”€â”€â”€â”€â”€â”€â”€â”€â”€â”€â”€â”€â”€â”€â”€â”€â”€â”€â”€â”€â”€â”€â”€â”€â”€
    ../../test-results/auth-flow-ðŸŽ­-E2E---Flujo-d-aeda1-trar-el-formulario-de-login-chromium/video.webm
    â”€â”€â”€â”€â”€â”€â”€â”€â”€â”€â”€â”€â”€â”€â”€â”€â”€â”€â”€â”€â”€â”€â”€â”€â”€â”€â”€â”€â”€â”€â”€â”€â”€â”€â”€â”€â”€â”€â”€â”€â”€â”€â”€â”€â”€â”€â”€â”€â”€â”€â”€â”€â”€â”€â”€â”€â”€â”€â”€â”€â”€â”€â”€â”€â”€â”€â”€â”€â”€â”€â”€â”€â”€â”€â”€â”€â”€â”€â”€â”€â”€â”€â”€â”€â”€â”€â”€â”€â”€â”€â”€â”€â”€â”€â”€â”€

    Error Context: ../../test-results/auth-flow-ðŸŽ­-E2E---Flujo-d-aeda1-trar-el-formulario-de-login-chromium/error-context.md
]]>
</failure>
<system-out>
<![CDATA[
[[ATTACHMENT|test-results/auth-flow-ðŸŽ­-E2E---Flujo-d-aeda1-trar-el-formulario-de-login-chromium/test-failed-1.png]]

[[ATTACHMENT|test-results/auth-flow-ðŸŽ­-E2E---Flujo-d-aeda1-trar-el-formulario-de-login-chromium/video.webm]]

[[ATTACHMENT|test-results/auth-flow-ðŸŽ­-E2E---Flujo-d-aeda1-trar-el-formulario-de-login-chromium/error-context.md]]
]]>
</system-out>
</testcase>
<testcase name="ðŸŽ­ E2E - Flujo de AutenticaciÃ³n â€º âŒ Debe mostrar error con credenciales invÃ¡lidas" classname="auth-flow.spec.ts" time="31.174">
<failure message="auth-flow.spec.ts:21:7 âŒ Debe mostrar error con credenciales invÃ¡lidas" type="FAILURE">
<![CDATA[  [chromium] â€º auth-flow.spec.ts:21:7 â€º ðŸŽ­ E2E - Flujo de AutenticaciÃ³n â€º âŒ Debe mostrar error con credenciales invÃ¡lidas 

    Test timeout of 30000ms exceeded.

    Error: locator.fill: Test timeout of 30000ms exceeded.
    Call log:
      - waiting for getByLabel(/email/i)


      20 |
      21 |   test('âŒ Debe mostrar error con credenciales invÃ¡lidas', async ({ page }) => {
    > 22 |     await page.getByLabel(/email/i).fill('invalid@example.com');
         |                                     ^
      23 |     await page.getByLabel(/password|contraseÃ±a/i).fill('wrongpassword');
      24 |     await page.getByRole('button', { name: /login|entrar|iniciar/i }).click();
      25 |
        at /workspace/__tests__/e2e/auth-flow.spec.ts:22:37

    attachment #1: screenshot (image/png) â”€â”€â”€â”€â”€â”€â”€â”€â”€â”€â”€â”€â”€â”€â”€â”€â”€â”€â”€â”€â”€â”€â”€â”€â”€â”€â”€â”€â”€â”€â”€â”€â”€â”€â”€â”€â”€â”€â”€â”€â”€â”€â”€â”€â”€â”€â”€â”€â”€â”€â”€â”€â”€â”€â”€â”€â”€â”€
    ../../test-results/auth-flow-ðŸŽ­-E2E---Flujo-d-6191b--con-credenciales-invÃ¡lidas-chromium/test-failed-1.png
    â”€â”€â”€â”€â”€â”€â”€â”€â”€â”€â”€â”€â”€â”€â”€â”€â”€â”€â”€â”€â”€â”€â”€â”€â”€â”€â”€â”€â”€â”€â”€â”€â”€â”€â”€â”€â”€â”€â”€â”€â”€â”€â”€â”€â”€â”€â”€â”€â”€â”€â”€â”€â”€â”€â”€â”€â”€â”€â”€â”€â”€â”€â”€â”€â”€â”€â”€â”€â”€â”€â”€â”€â”€â”€â”€â”€â”€â”€â”€â”€â”€â”€â”€â”€â”€â”€â”€â”€â”€â”€â”€â”€â”€â”€â”€â”€

    attachment #2: video (video/webm) â”€â”€â”€â”€â”€â”€â”€â”€â”€â”€â”€â”€â”€â”€â”€â”€â”€â”€â”€â”€â”€â”€â”€â”€â”€â”€â”€â”€â”€â”€â”€â”€â”€â”€â”€â”€â”€â”€â”€â”€â”€â”€â”€â”€â”€â”€â”€â”€â”€â”€â”€â”€â”€â”€â”€â”€â”€â”€â”€â”€â”€â”€
    ../../test-results/auth-flow-ðŸŽ­-E2E---Flujo-d-6191b--con-credenciales-invÃ¡lidas-chromium/video.webm
    â”€â”€â”€â”€â”€â”€â”€â”€â”€â”€â”€â”€â”€â”€â”€â”€â”€â”€â”€â”€â”€â”€â”€â”€â”€â”€â”€â”€â”€â”€â”€â”€â”€â”€â”€â”€â”€â”€â”€â”€â”€â”€â”€â”€â”€â”€â”€â”€â”€â”€â”€â”€â”€â”€â”€â”€â”€â”€â”€â”€â”€â”€â”€â”€â”€â”€â”€â”€â”€â”€â”€â”€â”€â”€â”€â”€â”€â”€â”€â”€â”€â”€â”€â”€â”€â”€â”€â”€â”€â”€â”€â”€â”€â”€â”€â”€

    Error Context: ../../test-results/auth-flow-ðŸŽ­-E2E---Flujo-d-6191b--con-credenciales-invÃ¡lidas-chromium/error-context.md
]]>
</failure>
<system-out>
<![CDATA[
[[ATTACHMENT|test-results/auth-flow-ðŸŽ­-E2E---Flujo-d-6191b--con-credenciales-invÃ¡lidas-chromium/test-failed-1.png]]

[[ATTACHMENT|test-results/auth-flow-ðŸŽ­-E2E---Flujo-d-6191b--con-credenciales-invÃ¡lidas-chromium/video.webm]]

[[ATTACHMENT|test-results/auth-flow-ðŸŽ­-E2E---Flujo-d-6191b--con-credenciales-invÃ¡lidas-chromium/error-context.md]]
]]>
</system-out>
</testcase>
<testcase name="ðŸŽ­ E2E - Flujo de AutenticaciÃ³n â€º âœ… Debe hacer login exitoso con credenciales vÃ¡lidas" classname="auth-flow.spec.ts" time="31.188">
<failure message="auth-flow.spec.ts:32:7 âœ… Debe hacer login exitoso con credenciales vÃ¡lidas" type="FAILURE">
<![CDATA[  [chromium] â€º auth-flow.spec.ts:32:7 â€º ðŸŽ­ E2E - Flujo de AutenticaciÃ³n â€º âœ… Debe hacer login exitoso con credenciales vÃ¡lidas 

    Test timeout of 30000ms exceeded.

    Error: locator.fill: Test timeout of 30000ms exceeded.
    Call log:
      - waiting for getByLabel(/email/i)


      31 |
      32 |   test('âœ… Debe hacer login exitoso con credenciales vÃ¡lidas', async ({ page }) => {
    > 33 |     await page.getByLabel(/email/i).fill('admin@inmova.app');
         |                                     ^
      34 |     await page.getByLabel(/password|contraseÃ±a/i).fill('admin123');
      35 |     await page.getByRole('button', { name: /login|entrar|iniciar/i }).click();
      36 |
        at /workspace/__tests__/e2e/auth-flow.spec.ts:33:37

    attachment #1: screenshot (image/png) â”€â”€â”€â”€â”€â”€â”€â”€â”€â”€â”€â”€â”€â”€â”€â”€â”€â”€â”€â”€â”€â”€â”€â”€â”€â”€â”€â”€â”€â”€â”€â”€â”€â”€â”€â”€â”€â”€â”€â”€â”€â”€â”€â”€â”€â”€â”€â”€â”€â”€â”€â”€â”€â”€â”€â”€â”€â”€
    ../../test-results/auth-flow-ðŸŽ­-E2E---Flujo-d-fcd66-so-con-credenciales-vÃ¡lidas-chromium/test-failed-1.png
    â”€â”€â”€â”€â”€â”€â”€â”€â”€â”€â”€â”€â”€â”€â”€â”€â”€â”€â”€â”€â”€â”€â”€â”€â”€â”€â”€â”€â”€â”€â”€â”€â”€â”€â”€â”€â”€â”€â”€â”€â”€â”€â”€â”€â”€â”€â”€â”€â”€â”€â”€â”€â”€â”€â”€â”€â”€â”€â”€â”€â”€â”€â”€â”€â”€â”€â”€â”€â”€â”€â”€â”€â”€â”€â”€â”€â”€â”€â”€â”€â”€â”€â”€â”€â”€â”€â”€â”€â”€â”€â”€â”€â”€â”€â”€â”€

    attachment #2: video (video/webm) â”€â”€â”€â”€â”€â”€â”€â”€â”€â”€â”€â”€â”€â”€â”€â”€â”€â”€â”€â”€â”€â”€â”€â”€â”€â”€â”€â”€â”€â”€â”€â”€â”€â”€â”€â”€â”€â”€â”€â”€â”€â”€â”€â”€â”€â”€â”€â”€â”€â”€â”€â”€â”€â”€â”€â”€â”€â”€â”€â”€â”€â”€
    ../../test-results/auth-flow-ðŸŽ­-E2E---Flujo-d-fcd66-so-con-credenciales-vÃ¡lidas-chromium/video.webm
    â”€â”€â”€â”€â”€â”€â”€â”€â”€â”€â”€â”€â”€â”€â”€â”€â”€â”€â”€â”€â”€â”€â”€â”€â”€â”€â”€â”€â”€â”€â”€â”€â”€â”€â”€â”€â”€â”€â”€â”€â”€â”€â”€â”€â”€â”€â”€â”€â”€â”€â”€â”€â”€â”€â”€â”€â”€â”€â”€â”€â”€â”€â”€â”€â”€â”€â”€â”€â”€â”€â”€â”€â”€â”€â”€â”€â”€â”€â”€â”€â”€â”€â”€â”€â”€â”€â”€â”€â”€â”€â”€â”€â”€â”€â”€â”€

    Error Context: ../../test-results/auth-flow-ðŸŽ­-E2E---Flujo-d-fcd66-so-con-credenciales-vÃ¡lidas-chromium/error-context.md
]]>
</failure>
<system-out>
<![CDATA[
[[ATTACHMENT|test-results/auth-flow-ðŸŽ­-E2E---Flujo-d-fcd66-so-con-credenciales-vÃ¡lidas-chromium/test-failed-1.png]]

[[ATTACHMENT|test-results/auth-flow-ðŸŽ­-E2E---Flujo-d-fcd66-so-con-credenciales-vÃ¡lidas-chromium/video.webm]]

[[ATTACHMENT|test-results/auth-flow-ðŸŽ­-E2E---Flujo-d-fcd66-so-con-credenciales-vÃ¡lidas-chromium/error-context.md]]
]]>
</system-out>
</testcase>
<testcase name="ðŸŽ­ E2E - Flujo de AutenticaciÃ³n â€º âœ… Debe hacer logout correctamente" classname="auth-flow.spec.ts" time="31.172">
<failure message="auth-flow.spec.ts:46:7 âœ… Debe hacer logout correctamente" type="FAILURE">
<![CDATA[  [chromium] â€º auth-flow.spec.ts:46:7 â€º ðŸŽ­ E2E - Flujo de AutenticaciÃ³n â€º âœ… Debe hacer logout correctamente 

    Test timeout of 30000ms exceeded.

    Error: locator.fill: Test timeout of 30000ms exceeded.
    Call log:
      - waiting for getByLabel(/email/i)


      46 |   test('âœ… Debe hacer logout correctamente', async ({ page }) => {
      47 |     // Login primero
    > 48 |     await page.getByLabel(/email/i).fill('admin@inmova.app');
         |                                     ^
      49 |     await page.getByLabel(/password|contraseÃ±a/i).fill('admin123');
      50 |     await page.getByRole('button', { name: /login|entrar|iniciar/i }).click();
      51 |
        at /workspace/__tests__/e2e/auth-flow.spec.ts:48:37

    attachment #1: screenshot (image/png) â”€â”€â”€â”€â”€â”€â”€â”€â”€â”€â”€â”€â”€â”€â”€â”€â”€â”€â”€â”€â”€â”€â”€â”€â”€â”€â”€â”€â”€â”€â”€â”€â”€â”€â”€â”€â”€â”€â”€â”€â”€â”€â”€â”€â”€â”€â”€â”€â”€â”€â”€â”€â”€â”€â”€â”€â”€â”€
    ../../test-results/auth-flow-ðŸŽ­-E2E---Flujo-d-4efb6--hacer-logout-correctamente-chromium/test-failed-1.png
    â”€â”€â”€â”€â”€â”€â”€â”€â”€â”€â”€â”€â”€â”€â”€â”€â”€â”€â”€â”€â”€â”€â”€â”€â”€â”€â”€â”€â”€â”€â”€â”€â”€â”€â”€â”€â”€â”€â”€â”€â”€â”€â”€â”€â”€â”€â”€â”€â”€â”€â”€â”€â”€â”€â”€â”€â”€â”€â”€â”€â”€â”€â”€â”€â”€â”€â”€â”€â”€â”€â”€â”€â”€â”€â”€â”€â”€â”€â”€â”€â”€â”€â”€â”€â”€â”€â”€â”€â”€â”€â”€â”€â”€â”€â”€â”€

    attachment #2: video (video/webm) â”€â”€â”€â”€â”€â”€â”€â”€â”€â”€â”€â”€â”€â”€â”€â”€â”€â”€â”€â”€â”€â”€â”€â”€â”€â”€â”€â”€â”€â”€â”€â”€â”€â”€â”€â”€â”€â”€â”€â”€â”€â”€â”€â”€â”€â”€â”€â”€â”€â”€â”€â”€â”€â”€â”€â”€â”€â”€â”€â”€â”€â”€
    ../../test-results/auth-flow-ðŸŽ­-E2E---Flujo-d-4efb6--hacer-logout-correctamente-chromium/video.webm
    â”€â”€â”€â”€â”€â”€â”€â”€â”€â”€â”€â”€â”€â”€â”€â”€â”€â”€â”€â”€â”€â”€â”€â”€â”€â”€â”€â”€â”€â”€â”€â”€â”€â”€â”€â”€â”€â”€â”€â”€â”€â”€â”€â”€â”€â”€â”€â”€â”€â”€â”€â”€â”€â”€â”€â”€â”€â”€â”€â”€â”€â”€â”€â”€â”€â”€â”€â”€â”€â”€â”€â”€â”€â”€â”€â”€â”€â”€â”€â”€â”€â”€â”€â”€â”€â”€â”€â”€â”€â”€â”€â”€â”€â”€â”€â”€

    Error Context: ../../test-results/auth-flow-ðŸŽ­-E2E---Flujo-d-4efb6--hacer-logout-correctamente-chromium/error-context.md
]]>
</failure>
<system-out>
<![CDATA[
[[ATTACHMENT|test-results/auth-flow-ðŸŽ­-E2E---Flujo-d-4efb6--hacer-logout-correctamente-chromium/test-failed-1.png]]

[[ATTACHMENT|test-results/auth-flow-ðŸŽ­-E2E---Flujo-d-4efb6--hacer-logout-correctamente-chromium/video.webm]]

[[ATTACHMENT|test-results/auth-flow-ðŸŽ­-E2E---Flujo-d-4efb6--hacer-logout-correctamente-chromium/error-context.md]]
]]>
</system-out>
</testcase>
<testcase name="ðŸŽ­ E2E - Flujo de AutenticaciÃ³n â€º âŒ Debe validar campos vacÃ­os" classname="auth-flow.spec.ts" time="31.185">
<failure message="auth-flow.spec.ts:61:7 âŒ Debe validar campos vacÃ­os" type="FAILURE">
<![CDATA[  [chromium] â€º auth-flow.spec.ts:61:7 â€º ðŸŽ­ E2E - Flujo de AutenticaciÃ³n â€º âŒ Debe validar campos vacÃ­os 

    Test timeout of 30000ms exceeded.

    Error: locator.click: Test timeout of 30000ms exceeded.
    Call log:
      - waiting for getByRole('button', { name: /login|entrar|iniciar/i })


      61 |   test('âŒ Debe validar campos vacÃ­os', async ({ page }) => {
      62 |     // Intentar submit sin llenar campos
    > 63 |     await page.getByRole('button', { name: /login|entrar|iniciar/i }).click();
         |                                                                       ^
      64 |
      65 |     // Verificar mensajes de validaciÃ³n
      66 |     await expect(
        at /workspace/__tests__/e2e/auth-flow.spec.ts:63:71

    attachment #1: screenshot (image/png) â”€â”€â”€â”€â”€â”€â”€â”€â”€â”€â”€â”€â”€â”€â”€â”€â”€â”€â”€â”€â”€â”€â”€â”€â”€â”€â”€â”€â”€â”€â”€â”€â”€â”€â”€â”€â”€â”€â”€â”€â”€â”€â”€â”€â”€â”€â”€â”€â”€â”€â”€â”€â”€â”€â”€â”€â”€â”€
    ../../test-results/auth-flow-ðŸŽ­-E2E---Flujo-d-084d9--Debe-validar-campos-vacÃ­os-chromium/test-failed-1.png
    â”€â”€â”€â”€â”€â”€â”€â”€â”€â”€â”€â”€â”€â”€â”€â”€â”€â”€â”€â”€â”€â”€â”€â”€â”€â”€â”€â”€â”€â”€â”€â”€â”€â”€â”€â”€â”€â”€â”€â”€â”€â”€â”€â”€â”€â”€â”€â”€â”€â”€â”€â”€â”€â”€â”€â”€â”€â”€â”€â”€â”€â”€â”€â”€â”€â”€â”€â”€â”€â”€â”€â”€â”€â”€â”€â”€â”€â”€â”€â”€â”€â”€â”€â”€â”€â”€â”€â”€â”€â”€â”€â”€â”€â”€â”€â”€

    attachment #2: video (video/webm) â”€â”€â”€â”€â”€â”€â”€â”€â”€â”€â”€â”€â”€â”€â”€â”€â”€â”€â”€â”€â”€â”€â”€â”€â”€â”€â”€â”€â”€â”€â”€â”€â”€â”€â”€â”€â”€â”€â”€â”€â”€â”€â”€â”€â”€â”€â”€â”€â”€â”€â”€â”€â”€â”€â”€â”€â”€â”€â”€â”€â”€â”€
    ../../test-results/auth-flow-ðŸŽ­-E2E---Flujo-d-084d9--Debe-validar-campos-vacÃ­os-chromium/video.webm
    â”€â”€â”€â”€â”€â”€â”€â”€â”€â”€â”€â”€â”€â”€â”€â”€â”€â”€â”€â”€â”€â”€â”€â”€â”€â”€â”€â”€â”€â”€â”€â”€â”€â”€â”€â”€â”€â”€â”€â”€â”€â”€â”€â”€â”€â”€â”€â”€â”€â”€â”€â”€â”€â”€â”€â”€â”€â”€â”€â”€â”€â”€â”€â”€â”€â”€â”€â”€â”€â”€â”€â”€â”€â”€â”€â”€â”€â”€â”€â”€â”€â”€â”€â”€â”€â”€â”€â”€â”€â”€â”€â”€â”€â”€â”€â”€

    Error Context: ../../test-results/auth-flow-ðŸŽ­-E2E---Flujo-d-084d9--Debe-validar-campos-vacÃ­os-chromium/error-context.md
]]>
</failure>
<system-out>
<![CDATA[
[[ATTACHMENT|test-results/auth-flow-ðŸŽ­-E2E---Flujo-d-084d9--Debe-validar-campos-vacÃ­os-chromium/test-failed-1.png]]

[[ATTACHMENT|test-results/auth-flow-ðŸŽ­-E2E---Flujo-d-084d9--Debe-validar-campos-vacÃ­os-chromium/video.webm]]

[[ATTACHMENT|test-results/auth-flow-ðŸŽ­-E2E---Flujo-d-084d9--Debe-validar-campos-vacÃ­os-chromium/error-context.md]]
]]>
</system-out>
</testcase>
<testcase name="ðŸŽ­ E2E - Flujo de AutenticaciÃ³n â€º âŒ Debe validar formato de email" classname="auth-flow.spec.ts" time="31.874">
<failure message="auth-flow.spec.ts:71:7 âŒ Debe validar formato de email" type="FAILURE">
<![CDATA[  [chromium] â€º auth-flow.spec.ts:71:7 â€º ðŸŽ­ E2E - Flujo de AutenticaciÃ³n â€º âŒ Debe validar formato de email 

    Test timeout of 30000ms exceeded.

    Error: locator.fill: Test timeout of 30000ms exceeded.
    Call log:
      - waiting for getByLabel(/email/i)


      70 |
      71 |   test('âŒ Debe validar formato de email', async ({ page }) => {
    > 72 |     await page.getByLabel(/email/i).fill('invalid-email');
         |                                     ^
      73 |     await page.getByLabel(/password|contraseÃ±a/i).fill('password123');
      74 |     await page.getByRole('button', { name: /login|entrar|iniciar/i }).click();
      75 |
        at /workspace/__tests__/e2e/auth-flow.spec.ts:72:37

    attachment #1: screenshot (image/png) â”€â”€â”€â”€â”€â”€â”€â”€â”€â”€â”€â”€â”€â”€â”€â”€â”€â”€â”€â”€â”€â”€â”€â”€â”€â”€â”€â”€â”€â”€â”€â”€â”€â”€â”€â”€â”€â”€â”€â”€â”€â”€â”€â”€â”€â”€â”€â”€â”€â”€â”€â”€â”€â”€â”€â”€â”€â”€
    ../../test-results/auth-flow-ðŸŽ­-E2E---Flujo-d-bedfc-be-validar-formato-de-email-chromium/test-failed-1.png
    â”€â”€â”€â”€â”€â”€â”€â”€â”€â”€â”€â”€â”€â”€â”€â”€â”€â”€â”€â”€â”€â”€â”€â”€â”€â”€â”€â”€â”€â”€â”€â”€â”€â”€â”€â”€â”€â”€â”€â”€â”€â”€â”€â”€â”€â”€â”€â”€â”€â”€â”€â”€â”€â”€â”€â”€â”€â”€â”€â”€â”€â”€â”€â”€â”€â”€â”€â”€â”€â”€â”€â”€â”€â”€â”€â”€â”€â”€â”€â”€â”€â”€â”€â”€â”€â”€â”€â”€â”€â”€â”€â”€â”€â”€â”€â”€

    attachment #2: video (video/webm) â”€â”€â”€â”€â”€â”€â”€â”€â”€â”€â”€â”€â”€â”€â”€â”€â”€â”€â”€â”€â”€â”€â”€â”€â”€â”€â”€â”€â”€â”€â”€â”€â”€â”€â”€â”€â”€â”€â”€â”€â”€â”€â”€â”€â”€â”€â”€â”€â”€â”€â”€â”€â”€â”€â”€â”€â”€â”€â”€â”€â”€â”€
    ../../test-results/auth-flow-ðŸŽ­-E2E---Flujo-d-bedfc-be-validar-formato-de-email-chromium/video.webm
    â”€â”€â”€â”€â”€â”€â”€â”€â”€â”€â”€â”€â”€â”€â”€â”€â”€â”€â”€â”€â”€â”€â”€â”€â”€â”€â”€â”€â”€â”€â”€â”€â”€â”€â”€â”€â”€â”€â”€â”€â”€â”€â”€â”€â”€â”€â”€â”€â”€â”€â”€â”€â”€â”€â”€â”€â”€â”€â”€â”€â”€â”€â”€â”€â”€â”€â”€â”€â”€â”€â”€â”€â”€â”€â”€â”€â”€â”€â”€â”€â”€â”€â”€â”€â”€â”€â”€â”€â”€â”€â”€â”€â”€â”€â”€â”€

    Error Context: ../../test-results/auth-flow-ðŸŽ­-E2E---Flujo-d-bedfc-be-validar-formato-de-email-chromium/error-context.md
]]>
</failure>
<system-out>
<![CDATA[
[[ATTACHMENT|test-results/auth-flow-ðŸŽ­-E2E---Flujo-d-bedfc-be-validar-formato-de-email-chromium/test-failed-1.png]]

[[ATTACHMENT|test-results/auth-flow-ðŸŽ­-E2E---Flujo-d-bedfc-be-validar-formato-de-email-chromium/video.webm]]

[[ATTACHMENT|test-results/auth-flow-ðŸŽ­-E2E---Flujo-d-bedfc-be-validar-formato-de-email-chromium/error-context.md]]
]]>
</system-out>
</testcase>
</testsuite>
<testsuite name="button-visibility-audit.spec.ts" timestamp="2026-01-08T12:53:10.552Z" hostname="chromium" tests="3" failures="0" skipped="0" time="9.639" errors="0">
<testcase name="AuditorÃ­a de Botones - Visibilidad y Contraste â€º Analizar todos los botones de la landing" classname="button-visibility-audit.spec.ts" time="5.161">
<system-out>
<![CDATA[
â•â•â•â•â•â•â•â•â•â•â•â•â•â•â•â•â•â•â•â•â•â•â•â•â•â•â•â•â•â•â•â•â•â•â•â•â•â•â•â•â•â•â•â•â•â•â•â•â•â•â•â•â•â•â•â•â•â•â•â•â•â•â•
  ANÃLISIS DE BOTONES - LANDING PRINCIPAL
â•â•â•â•â•â•â•â•â•â•â•â•â•â•â•â•â•â•â•â•â•â•â•â•â•â•â•â•â•â•â•â•â•â•â•â•â•â•â•â•â•â•â•â•â•â•â•â•â•â•â•â•â•â•â•â•â•â•â•â•â•â•â•

Total botones analizados: 89
âœ… Sin problemas: 62
âš ï¸  Con problemas: 27

BOTONES CON PROBLEMAS DE VISIBILIDAD:
â”€â”€â”€â”€â”€â”€â”€â”€â”€â”€â”€â”€â”€â”€â”€â”€â”€â”€â”€â”€â”€â”€â”€â”€â”€â”€â”€â”€â”€â”€â”€â”€â”€â”€â”€â”€â”€â”€â”€â”€â”€â”€â”€â”€â”€â”€â”€â”€â”€â”€â”€â”€â”€â”€â”€â”€â”€â”€â”€â”€â”€â”€â”€â”€â”€

âŒ "Ver oferta"
   Problema: Contraste muy bajo: 1.00:1 (mÃ­nimo 3:1)
   Texto: rgb(255, 255, 255)
   Fondo: rgba(0, 0, 0, 0)
   Contraste: 1:1

âŒ "Empezar Gratis Ahora"
   Problema: Contraste muy bajo: 1.00:1 (mÃ­nimo 3:1)
   Texto: rgb(255, 255, 255)
   Fondo: rgba(0, 0, 0, 0)
   Contraste: 1:1

âŒ "Ver Planes y Precios"
   Problema: Contraste muy bajo: 1.00:1 (mÃ­nimo 3:1)
   Texto: rgb(255, 255, 255)
   Fondo: rgba(0, 0, 0, 0)
   Contraste: 1:1

âŒ "Acceder"
   Problema: Contraste bajo: 3.30:1 (recomendado 4.5:1)
   Texto: rgb(255, 255, 255)
   Fondo: rgb(22, 163, 74)
   Contraste: 3.3:1

âŒ "Twitter"
   Problema: Contraste muy bajo: 1.00:1 (mÃ­nimo 3:1)
   Texto: rgb(255, 255, 255)
   Fondo: rgba(0, 0, 0, 0)
   Contraste: 1:1

âŒ "LinkedIn"
   Problema: Contraste muy bajo: 1.00:1 (mÃ­nimo 3:1)
   Texto: rgb(255, 255, 255)
   Fondo: rgba(0, 0, 0, 0)
   Contraste: 1:1

âŒ "CaracterÃ­sticas"
   Problema: Contraste muy bajo: 1.47:1 (mÃ­nimo 3:1)
   Texto: rgb(209, 213, 219)
   Fondo: rgba(0, 0, 0, 0)
   Contraste: 1.47:1

âŒ "Precios"
   Problema: Contraste muy bajo: 1.47:1 (mÃ­nimo 3:1)
   Texto: rgb(209, 213, 219)
   Fondo: rgba(0, 0, 0, 0)
   Contraste: 1.47:1

âŒ "Ver Demo"
   Problema: Contraste muy bajo: 1.47:1 (mÃ­nimo 3:1)
   Texto: rgb(209, 213, 219)
   Fondo: rgba(0, 0, 0, 0)
   Contraste: 1.47:1

âŒ "Integraciones"
   Problema: Contraste muy bajo: 1.47:1 (mÃ­nimo 3:1)
   Texto: rgb(209, 213, 219)
   Fondo: rgba(0, 0, 0, 0)
   Contraste: 1.47:1

âŒ "Ventajas de INMOVA"
   Problema: Contraste muy bajo: 1.24:1 (mÃ­nimo 3:1)
   Texto: rgb(229, 231, 235)
   Fondo: rgba(0, 0, 0, 0)
   Contraste: 1.24:1

âŒ "Marketplace B2B"
   Problema: Contraste muy bajo: 1.69:1 (mÃ­nimo 3:1)
   Texto: rgb(253, 186, 116)
   Fondo: rgba(0, 0, 0, 0)
   Contraste: 1.69:1

âŒ "CÃ³mo Funciona"
   Problema: Contraste muy bajo: 1.47:1 (mÃ­nimo 3:1)
   Texto: rgb(209, 213, 219)
   Fondo: rgba(0, 0, 0, 0)
   Contraste: 1.47:1

âŒ "Planes"
   Problema: Contraste muy bajo: 1.47:1 (mÃ­nimo 3:1)
   Texto: rgb(209, 213, 219)
   Fondo: rgba(0, 0, 0, 0)
   Contraste: 1.47:1

âŒ "Compliance Hub"
   Problema: Contraste muy bajo: 1.47:1 (mÃ­nimo 3:1)
   Texto: rgb(209, 213, 219)
   Fondo: rgba(0, 0, 0, 0)
   Contraste: 1.47:1

âŒ "Sobre Nosotros"
   Problema: Contraste muy bajo: 1.47:1 (mÃ­nimo 3:1)
   Texto: rgb(209, 213, 219)
   Fondo: rgba(0, 0, 0, 0)
   Contraste: 1.47:1

âŒ "Blog"
   Problema: Contraste muy bajo: 1.47:1 (mÃ­nimo 3:1)
   Texto: rgb(209, 213, 219)
   Fondo: rgba(0, 0, 0, 0)
   Contraste: 1.47:1

âŒ "Casos de Ã‰xito"
   Problema: Contraste muy bajo: 1.47:1 (mÃ­nimo 3:1)
   Texto: rgb(209, 213, 219)
   Fondo: rgba(0, 0, 0, 0)
   Contraste: 1.47:1

âŒ "Contacto"
   Problema: Contraste muy bajo: 1.47:1 (mÃ­nimo 3:1)
   Texto: rgb(209, 213, 219)
   Fondo: rgba(0, 0, 0, 0)
   Contraste: 1.47:1

âŒ "Privacidad"
   Problema: Contraste muy bajo: 1.47:1 (mÃ­nimo 3:1)
   Texto: rgb(209, 213, 219)
   Fondo: rgba(0, 0, 0, 0)
   Contraste: 1.47:1

âŒ "TÃ©rminos"
   Problema: Contraste muy bajo: 1.47:1 (mÃ­nimo 3:1)
   Texto: rgb(209, 213, 219)
   Fondo: rgba(0, 0, 0, 0)
   Contraste: 1.47:1

âŒ "GDPR"
   Problema: Contraste muy bajo: 1.47:1 (mÃ­nimo 3:1)
   Texto: rgb(209, 213, 219)
   Fondo: rgba(0, 0, 0, 0)
   Contraste: 1.47:1

âŒ "Cookies"
   Problema: Contraste muy bajo: 1.47:1 (mÃ­nimo 3:1)
   Texto: rgb(209, 213, 219)
   Fondo: rgba(0, 0, 0, 0)
   Contraste: 1.47:1

âŒ "Empezar Gratis"
   Problema: Contraste muy bajo: 1.00:1 (mÃ­nimo 3:1)
   Texto: rgb(255, 255, 255)
   Fondo: rgba(0, 0, 0, 0)
   Contraste: 1:1

âŒ "Empezar Gratis"
   Problema: Contraste muy bajo: 1.00:1 (mÃ­nimo 3:1)
   Texto: rgb(255, 255, 255)
   Fondo: rgba(0, 0, 0, 0)
   Contraste: 1:1

âŒ "!Â¡Chatea con nosotros!"
   Problema: Contraste bajo: 3.30:1 (recomendado 4.5:1)
   Texto: rgb(255, 255, 255)
   Fondo: rgb(22, 163, 74)
   Contraste: 3.3:1

âŒ "!"
   Problema: Contraste muy bajo: 1.00:1 (mÃ­nimo 3:1)
   Texto: rgb(255, 255, 255)
   Fondo: rgba(0, 0, 0, 0)
   Contraste: 1:1


TODOS LOS BOTONES:
â”€â”€â”€â”€â”€â”€â”€â”€â”€â”€â”€â”€â”€â”€â”€â”€â”€â”€â”€â”€â”€â”€â”€â”€â”€â”€â”€â”€â”€â”€â”€â”€â”€â”€â”€â”€â”€â”€â”€â”€â”€â”€â”€â”€â”€â”€â”€â”€â”€â”€â”€â”€â”€â”€â”€â”€â”€â”€â”€â”€â”€â”€â”€â”€â”€
âœ… "CaracterÃ­sticas" - Contraste: 17.74:1 | BG: rgba(0, 0, 0, 0) | Text: rgb(17, 24, 39)
âœ… "Accesos" - Contraste: 17.74:1 | BG: rgba(0, 0, 0, 0) | Text: rgb(17, 24, 39)
âœ… "Precios" - Contraste: 17.74:1 | BG: rgba(0, 0, 0, 0) | Text: rgb(17, 24, 39)
âœ… "Integraciones" - Contraste: 17.74:1 | BG: rgba(0, 0, 0, 0) | Text: rgb(17, 24, 39)
âœ… "eWoorker" - Contraste: 6.38:1 | BG: rgb(255, 237, 213) | Text: rgb(154, 52, 18)
âœ… "Iniciar SesiÃ³n" - Contraste: 20.01:1 | BG: rgba(0, 0, 0, 0) | Text: rgb(2, 8, 23)
âœ… "Iniciar SesiÃ³n" - Contraste: 11.86:1 | BG: rgb(229, 231, 235) | Text: rgb(31, 41, 55)
âœ… "EmpezarComenzar Gratis" - Contraste: 20.01:1 | BG: rgba(0, 0, 0, 0) | Text: rgb(2, 8, 23)
âœ… "EmpezarComenzar Gratis" - Contraste: 7.9:1 | BG: rgb(67, 56, 202) | Text: rgb(255, 255, 255)
âœ… "Propietarios" - Contraste: 11.86:1 | BG: rgb(229, 231, 235) | Text: rgb(31, 41, 55)
âœ… "Gestores" - Contraste: 11.86:1 | BG: rgb(229, 231, 235) | Text: rgb(31, 41, 55)
âœ… "ConstrucciÃ³nB2B" - Contraste: 11.86:1 | BG: rgb(229, 231, 235) | Text: rgb(31, 41, 55)
âœ… "Inversores" - Contraste: 11.86:1 | BG: rgb(229, 231, 235) | Text: rgb(31, 41, 55)
âœ… "Empezar Gratis" - Contraste: 20.01:1 | BG: rgba(0, 0, 0, 0) | Text: rgb(2, 8, 23)
âœ… "Empezar Gratis" - Contraste: 7.9:1 | BG: rgb(67, 56, 202) | Text: rgb(255, 255, 255)
âœ… "Ver Demo" - Contraste: 20.01:1 | BG: rgba(0, 0, 0, 0) | Text: rgb(2, 8, 23)
âœ… "Ver Demo" - Contraste: 11.86:1 | BG: rgb(229, 231, 235) | Text: rgb(31, 41, 55)
âš ï¸  "Ver oferta" - Contraste: 1:1 | BG: rgba(0, 0, 0, 0) | Text: rgb(255, 255, 255)
âœ… "Ver oferta" - Contraste: 11.86:1 | BG: rgb(229, 231, 235) | Text: rgb(31, 41, 55)
âœ… "Â¡Empieza a â‚¬17/mes!STARTER26" - Contraste: 20.01:1 | BG: rgb(255, 255, 255) | Text: rgb(2, 8, 23)
âœ… "Coliving Sin ComplicacionesCOLIVING26" - Contraste: 11.86:1 | BG: rgb(229, 231, 235) | Text: rgb(31, 41, 55)
âœ… "Cambia y AhorraSWITCH26" - Contraste: 11.86:1 | BG: rgb(229, 231, 235) | Text: rgb(31, 41, 55)
âš ï¸  "Empezar Gratis Ahora" - Contraste: 1:1 | BG: rgba(0, 0, 0, 0) | Text: rgb(255, 255, 255)
âœ… "Empezar Gratis Ahora" - Contraste: 11.86:1 | BG: rgb(229, 231, 235) | Text: rgb(31, 41, 55)
âš ï¸  "Ver Planes y Precios" - Contraste: 1:1 | BG: rgba(0, 0, 0, 0) | Text: rgb(255, 255, 255)
âœ… "Ver Planes y Precios" - Contraste: 11.86:1 | BG: rgb(229, 231, 235) | Text: rgb(31, 41, 55)
âœ… "Acceder" - Contraste: 20.01:1 | BG: rgba(0, 0, 0, 0) | Text: rgb(2, 8, 23)
âœ… "Acceder" - Contraste: 7.9:1 | BG: rgb(67, 56, 202) | Text: rgb(255, 255, 255)
âœ… "Acceder" - Contraste: 20.01:1 | BG: rgba(0, 0, 0, 0) | Text: rgb(2, 8, 23)
âœ… "Acceder" - Contraste: 7.9:1 | BG: rgb(67, 56, 202) | Text: rgb(255, 255, 255)
âœ… "Acceder" - Contraste: 20.01:1 | BG: rgba(0, 0, 0, 0) | Text: rgb(2, 8, 23)
âœ… "Acceder" - Contraste: 7.9:1 | BG: rgb(67, 56, 202) | Text: rgb(255, 255, 255)
âœ… "Acceder" - Contraste: 20.01:1 | BG: rgba(0, 0, 0, 0) | Text: rgb(2, 8, 23)
âš ï¸  "Acceder" - Contraste: 3.3:1 | BG: rgb(22, 163, 74) | Text: rgb(255, 255, 255)
âœ… "Acceder" - Contraste: 20.01:1 | BG: rgba(0, 0, 0, 0) | Text: rgb(2, 8, 23)
âœ… "Acceder" - Contraste: 7.9:1 | BG: rgb(67, 56, 202) | Text: rgb(255, 255, 255)
âœ… "RegÃ­strate gratis" - Contraste: 7.9:1 | BG: rgba(0, 0, 0, 0) | Text: rgb(67, 56, 202)
âœ… "contacta con ventas" - Contraste: 7.9:1 | BG: rgba(0, 0, 0, 0) | Text: rgb(67, 56, 202)
âœ… "Probar 30 dÃ­as gratis" - Contraste: 20.01:1 | BG: rgba(0, 0, 0, 0) | Text: rgb(2, 8, 23)
âœ… "Probar 30 dÃ­as gratis" - Contraste: 7.9:1 | BG: rgb(67, 56, 202) | Text: rgb(255, 255, 255)
âœ… "Probar 30 dÃ­as gratis" - Contraste: 20.01:1 | BG: rgba(0, 0, 0, 0) | Text: rgb(2, 8, 23)
âœ… "Probar 30 dÃ­as gratis" - Contraste: 7.9:1 | BG: rgb(67, 56, 202) | Text: rgb(255, 255, 255)
âœ… "Probar 30 dÃ­as gratis" - Contraste: 20.01:1 | BG: rgba(0, 0, 0, 0) | Text: rgb(2, 8, 23)
âœ… "Probar 30 dÃ­as gratis" - Contraste: 7.9:1 | BG: rgb(67, 56, 202) | Text: rgb(255, 255, 255)
âœ… "Probar 30 dÃ­as gratis" - Contraste: 20.01:1 | BG: rgba(0, 0, 0, 0) | Text: rgb(2, 8, 23)
âœ… "Probar 30 dÃ­as gratis" - Contraste: 7.9:1 | BG: rgb(67, 56, 202) | Text: rgb(255, 255, 255)
âœ… "Solicitar Demo Personalizada" - Contraste: 20.01:1 | BG: rgba(0, 0, 0, 0) | Text: rgb(2, 8, 23)
âœ… "Solicitar Demo Personalizada" - Contraste: 7.9:1 | BG: rgb(67, 56, 202) | Text: rgb(255, 255, 255)
âœ… "contÃ¡ctanos" - Contraste: 6.7:1 | BG: rgba(0, 0, 0, 0) | Text: rgb(29, 78, 216)
âœ… "General" - Contraste: 5.17:1 | BG: rgb(37, 99, 235) | Text: rgb(255, 255, 255)
âœ… "Pricing" - Contraste: 11.86:1 | BG: rgb(229, 231, 235) | Text: rgb(31, 41, 55)
âœ… "TÃ©cnico" - Contraste: 11.86:1 | BG: rgb(229, 231, 235) | Text: rgb(31, 41, 55)
âœ… "Legal" - Contraste: 11.86:1 | BG: rgb(229, 231, 235) | Text: rgb(31, 41, 55)
âœ… "Â¿QuÃ© es Inmova y para quiÃ©n es?Inmova es una plata" - Contraste: 20.01:1 | BG: rgba(0, 0, 0, 0) | Text: rgb(2, 8, 23)
âœ… "Â¿CÃ³mo funciona el proceso de onboarding?" - Contraste: 20.01:1 | BG: rgba(0, 0, 0, 0) | Text: rgb(2, 8, 23)
âœ… "Â¿Necesito conocimientos tÃ©cnicos para usar Inmova?" - Contraste: 20.01:1 | BG: rgba(0, 0, 0, 0) | Text: rgb(2, 8, 23)
âœ… "Â¿Puedo gestionar mÃºltiples propiedades?" - Contraste: 20.01:1 | BG: rgba(0, 0, 0, 0) | Text: rgb(2, 8, 23)
âœ… "Contactar Soporte" - Contraste: 6.29:1 | BG: rgb(79, 70, 229) | Text: rgb(255, 255, 255)
âœ… "Ver Centro de Ayuda" - Contraste: 17.74:1 | BG: rgb(255, 255, 255) | Text: rgb(17, 24, 39)
âš ï¸  "Twitter" - Contraste: 1:1 | BG: rgba(0, 0, 0, 0) | Text: rgb(255, 255, 255)
âœ… "Twitter" - Contraste: 11.86:1 | BG: rgb(229, 231, 235) | Text: rgb(31, 41, 55)
âš ï¸  "LinkedIn" - Contraste: 1:1 | BG: rgba(0, 0, 0, 0) | Text: rgb(255, 255, 255)
âœ… "LinkedIn" - Contraste: 11.86:1 | BG: rgb(229, 231, 235) | Text: rgb(31, 41, 55)
âš ï¸  "CaracterÃ­sticas" - Contraste: 1.47:1 | BG: rgba(0, 0, 0, 0) | Text: rgb(209, 213, 219)
âš ï¸  "Precios" - Contraste: 1.47:1 | BG: rgba(0, 0, 0, 0) | Text: rgb(209, 213, 219)
âš ï¸  "Ver Demo" - Contraste: 1.47:1 | BG: rgba(0, 0, 0, 0) | Text: rgb(209, 213, 219)
âš ï¸  "Integraciones" - Contraste: 1.47:1 | BG: rgba(0, 0, 0, 0) | Text: rgb(209, 213, 219)
âš ï¸  "Ventajas de INMOVA" - Contraste: 1.24:1 | BG: rgba(0, 0, 0, 0) | Text: rgb(229, 231, 235)
âš ï¸  "Marketplace B2B" - Contraste: 1.69:1 | BG: rgba(0, 0, 0, 0) | Text: rgb(253, 186, 116)
âš ï¸  "CÃ³mo Funciona" - Contraste: 1.47:1 | BG: rgba(0, 0, 0, 0) | Text: rgb(209, 213, 219)
âš ï¸  "Planes" - Contraste: 1.47:1 | BG: rgba(0, 0, 0, 0) | Text: rgb(209, 213, 219)
âš ï¸  "Compliance Hub" - Contraste: 1.47:1 | BG: rgba(0, 0, 0, 0) | Text: rgb(209, 213, 219)
âš ï¸  "Sobre Nosotros" - Contraste: 1.47:1 | BG: rgba(0, 0, 0, 0) | Text: rgb(209, 213, 219)
âš ï¸  "Blog" - Contraste: 1.47:1 | BG: rgba(0, 0, 0, 0) | Text: rgb(209, 213, 219)
âš ï¸  "Casos de Ã‰xito" - Contraste: 1.47:1 | BG: rgba(0, 0, 0, 0) | Text: rgb(209, 213, 219)
âš ï¸  "Contacto" - Contraste: 1.47:1 | BG: rgba(0, 0, 0, 0) | Text: rgb(209, 213, 219)
âš ï¸  "Privacidad" - Contraste: 1.47:1 | BG: rgba(0, 0, 0, 0) | Text: rgb(209, 213, 219)
âš ï¸  "TÃ©rminos" - Contraste: 1.47:1 | BG: rgba(0, 0, 0, 0) | Text: rgb(209, 213, 219)
âš ï¸  "GDPR" - Contraste: 1.47:1 | BG: rgba(0, 0, 0, 0) | Text: rgb(209, 213, 219)
âš ï¸  "Cookies" - Contraste: 1.47:1 | BG: rgba(0, 0, 0, 0) | Text: rgb(209, 213, 219)
âš ï¸  "Empezar Gratis" - Contraste: 1:1 | BG: rgba(0, 0, 0, 0) | Text: rgb(255, 255, 255)
âš ï¸  "Empezar Gratis" - Contraste: 1:1 | BG: rgba(0, 0, 0, 0) | Text: rgb(255, 255, 255)
âš ï¸  "!Â¡Chatea con nosotros!" - Contraste: 3.3:1 | BG: rgb(22, 163, 74) | Text: rgb(255, 255, 255)
âš ï¸  "!" - Contraste: 1:1 | BG: rgba(0, 0, 0, 0) | Text: rgb(255, 255, 255)
âœ… "PolÃ­tica de Cookies" - Contraste: 6.7:1 | BG: rgba(0, 0, 0, 0) | Text: rgb(29, 78, 216)
âœ… "PolÃ­tica de Privacidad" - Contraste: 6.7:1 | BG: rgba(0, 0, 0, 0) | Text: rgb(29, 78, 216)
âœ… "Configurar" - Contraste: 11.86:1 | BG: rgb(229, 231, 235) | Text: rgb(31, 41, 55)
âœ… "Solo necesarias" - Contraste: 11.86:1 | BG: rgb(229, 231, 235) | Text: rgb(31, 41, 55)
âœ… "Aceptar todas" - Contraste: 7.9:1 | BG: rgb(67, 56, 202) | Text: rgb(255, 255, 255)
]]>
</system-out>
</testcase>
<testcase name="AuditorÃ­a de Botones - Visibilidad y Contraste â€º Analizar botones en secciones especÃ­ficas" classname="button-visibility-audit.spec.ts" time="2.534">
<system-out>
<![CDATA[
â•â•â•â•â•â•â•â•â•â•â•â•â•â•â•â•â•â•â•â•â•â•â•â•â•â•â•â•â•â•â•â•â•â•â•â•â•â•â•â•â•â•â•â•â•â•â•â•â•â•â•â•â•â•â•â•â•â•â•â•â•â•â•
  ANÃLISIS POR SECCIONES
â•â•â•â•â•â•â•â•â•â•â•â•â•â•â•â•â•â•â•â•â•â•â•â•â•â•â•â•â•â•â•â•â•â•â•â•â•â•â•â•â•â•â•â•â•â•â•â•â•â•â•â•â•â•â•â•â•â•â•â•â•â•â•


ðŸ“ SecciÃ³n: Hero
   Botones encontrados: 8
   âœ… "Propietarios" - 11.9:1
   âœ… "Gestores" - 11.9:1
   âœ… "ConstrucciÃ³nB2B" - 11.9:1
   âœ… "Inversores" - 11.9:1
   âš ï¸  "Empezar Gratis" - 1.0:1
   âœ… "Empezar Gratis" - 7.9:1
   âš ï¸  "Ver Demo" - 1.0:1
   âœ… "Ver Demo" - 11.9:1

ðŸ“ SecciÃ³n: Pricing
   Botones encontrados: 4
   âœ… "Empezar Gratis Ahora" - 21.0:1
   âœ… "Empezar Gratis Ahora" - 11.9:1
   âœ… "Ver Planes y Precios" - 21.0:1
   âœ… "Ver Planes y Precios" - 11.9:1

ðŸ“ SecciÃ³n: CTA
   Botones encontrados: 10
   âœ… "Ver oferta" - 21.0:1
   âœ… "Ver oferta" - 11.9:1
   âœ… "Â¡Empieza a â‚¬17/mes!STARTER26" - 20.0:1
   âœ… "Coliving Sin ComplicacionesCOLIVING26" - 11.9:1
   âœ… "Cambia y AhorraSWITCH26" - 11.9:1

ðŸ“ SecciÃ³n: Footer
   Botones encontrados: 23
   âœ… "Twitter" - 21.0:1
   âœ… "Twitter" - 11.9:1
   âœ… "LinkedIn" - 21.0:1
   âœ… "LinkedIn" - 11.9:1
   âœ… "CaracterÃ­sticas" - 14.3:1
   âœ… "Precios" - 14.3:1
   âœ… "Ver Demo" - 14.3:1
   âœ… "Integraciones" - 14.3:1
   âœ… "Ventajas de INMOVA" - 17.0:1
   âœ… "Marketplace B2B" - 12.5:1
   âœ… "CÃ³mo Funciona" - 14.3:1
   âœ… "Planes" - 14.3:1
   âœ… "Compliance Hub" - 14.3:1
   âœ… "Sobre Nosotros" - 14.3:1
   âœ… "Blog" - 14.3:1
   âœ… "Casos de Ã‰xito" - 14.3:1
   âœ… "Contacto" - 14.3:1
   âœ… "Privacidad" - 14.3:1
   âœ… "TÃ©rminos" - 14.3:1
   âœ… "GDPR" - 14.3:1
   âœ… "Cookies" - 14.3:1
   âœ… "Empezar Gratis" - 21.0:1
   âœ… "Empezar Gratis" - 21.0:1
]]>
</system-out>
</testcase>
<testcase name="AuditorÃ­a de Botones - Visibilidad y Contraste â€º Verificar botones del header" classname="button-visibility-audit.spec.ts" time="1.944">
<system-out>
<![CDATA[
â•â•â•â•â•â•â•â•â•â•â•â•â•â•â•â•â•â•â•â•â•â•â•â•â•â•â•â•â•â•â•â•â•â•â•â•â•â•â•â•â•â•â•â•â•â•â•â•â•â•â•â•â•â•â•â•â•â•â•â•â•â•â•
  BOTONES DEL HEADER
â•â•â•â•â•â•â•â•â•â•â•â•â•â•â•â•â•â•â•â•â•â•â•â•â•â•â•â•â•â•â•â•â•â•â•â•â•â•â•â•â•â•â•â•â•â•â•â•â•â•â•â•â•â•â•â•â•â•â•â•â•â•â•

âœ… OK "CaracterÃ­sticas"
      Texto: rgb(17, 24, 39)
      Fondo: rgba(0, 0, 0, 0) (tratado como blanco)
      Contraste: 17.74:1
âœ… OK "Accesos"
      Texto: rgb(17, 24, 39)
      Fondo: rgba(0, 0, 0, 0) (tratado como blanco)
      Contraste: 17.74:1
âœ… OK "Precios"
      Texto: rgb(17, 24, 39)
      Fondo: rgba(0, 0, 0, 0) (tratado como blanco)
      Contraste: 17.74:1
âœ… OK "Integraciones"
      Texto: rgb(17, 24, 39)
      Fondo: rgba(0, 0, 0, 0) (tratado como blanco)
      Contraste: 17.74:1
âœ… OK "eWoorker"
      Texto: rgb(154, 52, 18)
      Fondo: rgb(255, 237, 213) 
      Contraste: 6.38:1
âœ… OK "Iniciar SesiÃ³n"
      Texto: rgb(2, 8, 23)
      Fondo: rgba(0, 0, 0, 0) (tratado como blanco)
      Contraste: 20.01:1
âœ… OK "Iniciar SesiÃ³n"
      Texto: rgb(31, 41, 55)
      Fondo: rgb(229, 231, 235) 
      Contraste: 11.86:1
âœ… OK "EmpezarComenzar Gratis"
      Texto: rgb(2, 8, 23)
      Fondo: rgba(0, 0, 0, 0) (tratado como blanco)
      Contraste: 20.01:1
âœ… OK "EmpezarComenzar Gratis"
      Texto: rgb(255, 255, 255)
      Fondo: rgb(67, 56, 202) 
      Contraste: 7.90:1
]]>
</system-out>
</testcase>
</testsuite>
<testsuite name="ewoorker-login.spec.ts" timestamp="2026-01-08T12:53:10.552Z" hostname="chromium" tests="4" failures="0" skipped="0" time="15.918" errors="0">
<testcase name="eWoorker Login Tests â€º pÃ¡gina de login carga correctamente" classname="ewoorker-login.spec.ts" time="1.097">
</testcase>
<testcase name="eWoorker Login Tests â€º login socio: socio@ewoorker.com" classname="ewoorker-login.spec.ts" time="5.44">
<system-out>
<![CDATA[
ðŸ” Testing login for socio@ewoorker.com
   URL actual: https://inmovaapp.com/ewoorker/panel
   Login exitoso: true
]]>
</system-out>
</testcase>
<testcase name="eWoorker Login Tests â€º login contratista: contratista@ewoorker.com" classname="ewoorker-login.spec.ts" time="4.691">
<system-out>
<![CDATA[
ðŸ” Testing login for contratista@ewoorker.com
   URL actual: https://inmovaapp.com/ewoorker/panel
   Login exitoso: true
]]>
</system-out>
</testcase>
<testcase name="eWoorker Login Tests â€º login subcontratista: subcontratista@ewoorker.com" classname="ewoorker-login.spec.ts" time="4.69">
<system-out>
<![CDATA[
ðŸ” Testing login for subcontratista@ewoorker.com
   URL actual: https://inmovaapp.com/ewoorker/panel
   Login exitoso: true
]]>
</system-out>
</testcase>
</testsuite>
<testsuite name="example.spec.ts" timestamp="2026-01-08T12:53:10.552Z" hostname="chromium" tests="1" failures="0" skipped="0" time="0.618" errors="0">
<testcase name="Example E2E Test â€º should load home page" classname="example.spec.ts" time="0.618">
</testcase>
</testsuite>
<testsuite name="full-app-test.spec.ts" timestamp="2026-01-08T12:53:10.552Z" hostname="chromium" tests="25" failures="2" skipped="0" time="65.544" errors="0">
<testcase name="INMOVA App - Tests E2E Completos â€º 1. Landing Page â€º debe cargar la landing page correctamente" classname="full-app-test.spec.ts" time="2.062">
</testcase>
<testcase name="INMOVA App - Tests E2E Completos â€º 1. Landing Page â€º debe tener botÃ³n de &quot;Iniciar SesiÃ³n&quot;" classname="full-app-test.spec.ts" time="1.403">
</testcase>
<testcase name="INMOVA App - Tests E2E Completos â€º 1. Landing Page â€º debe ser responsive (mobile)" classname="full-app-test.spec.ts" time="1.262">
</testcase>
<testcase name="INMOVA App - Tests E2E Completos â€º 2. Login Page â€º debe cargar la pÃ¡gina de login" classname="full-app-test.spec.ts" time="1.319">
<failure message="full-app-test.spec.ts:69:9 debe cargar la pÃ¡gina de login" type="FAILURE">
<![CDATA[  [chromium] â€º full-app-test.spec.ts:69:9 â€º INMOVA App - Tests E2E Completos â€º 2. Login Page â€º debe cargar la pÃ¡gina de login 

    Error: expect(locator).toBeVisible() failed

    Locator: locator('text=Iniciar SesiÃ³n')
    Expected: visible
    Error: strict mode violation: locator('text=Iniciar SesiÃ³n') resolved to 2 elements:
        1) <h2 class="jsx-dac1a87eafb14790 text-2xl font-bold text-white mb-6">Iniciar SesiÃ³n</h2> aka getByRole('heading', { name: 'Iniciar SesiÃ³n' })
        2) <button type="submit" aria-busy="false" aria-live="polite" class="inline-flex items-center justify-center whitespace-nowrap ring-offset-background focus-visible:outline-none focus-visible:ring-2 focus-visible:ring-ring focus-visible:ring-offset-2 disabled:pointer-events-none hover:shadow-md active:scale-[0.98] bg-indigo-600 hover:bg-indigo-700 active:bg-indigo-800 dark:bg-indigo-500 dark:hover:bg-indigo-600 h-10 px-4 text-sm w-full relative group mt-6 bg-gradient-to-r from-indigo-500 to-purple-600 hovâ€¦>â€¦</button> aka getByRole('button', { name: 'Iniciar SesiÃ³n' })

    Call log:
      - Expect "toBeVisible" with timeout 10000ms
      - waiting for locator('text=Iniciar SesiÃ³n')


      71 |       
      72 |       // Verificar elementos del login
    > 73 |       await expect(page.locator('text=Iniciar SesiÃ³n')).toBeVisible({ timeout: 10000 });
         |                                                         ^
      74 |       await expect(page.locator('input[type="email"]')).toBeVisible();
      75 |       await expect(page.locator('input[type="password"]')).toBeVisible();
      76 |       await expect(page.locator('button[type="submit"]')).toBeVisible();
        at /workspace/__tests__/e2e/full-app-test.spec.ts:73:57

    attachment #1: screenshot (image/png) â”€â”€â”€â”€â”€â”€â”€â”€â”€â”€â”€â”€â”€â”€â”€â”€â”€â”€â”€â”€â”€â”€â”€â”€â”€â”€â”€â”€â”€â”€â”€â”€â”€â”€â”€â”€â”€â”€â”€â”€â”€â”€â”€â”€â”€â”€â”€â”€â”€â”€â”€â”€â”€â”€â”€â”€â”€â”€
    ../../test-results/full-app-test-INMOVA-App---fbdba-e-cargar-la-pÃ¡gina-de-login-chromium/test-failed-1.png
    â”€â”€â”€â”€â”€â”€â”€â”€â”€â”€â”€â”€â”€â”€â”€â”€â”€â”€â”€â”€â”€â”€â”€â”€â”€â”€â”€â”€â”€â”€â”€â”€â”€â”€â”€â”€â”€â”€â”€â”€â”€â”€â”€â”€â”€â”€â”€â”€â”€â”€â”€â”€â”€â”€â”€â”€â”€â”€â”€â”€â”€â”€â”€â”€â”€â”€â”€â”€â”€â”€â”€â”€â”€â”€â”€â”€â”€â”€â”€â”€â”€â”€â”€â”€â”€â”€â”€â”€â”€â”€â”€â”€â”€â”€â”€â”€

    attachment #2: video (video/webm) â”€â”€â”€â”€â”€â”€â”€â”€â”€â”€â”€â”€â”€â”€â”€â”€â”€â”€â”€â”€â”€â”€â”€â”€â”€â”€â”€â”€â”€â”€â”€â”€â”€â”€â”€â”€â”€â”€â”€â”€â”€â”€â”€â”€â”€â”€â”€â”€â”€â”€â”€â”€â”€â”€â”€â”€â”€â”€â”€â”€â”€â”€
    ../../test-results/full-app-test-INMOVA-App---fbdba-e-cargar-la-pÃ¡gina-de-login-chromium/video.webm
    â”€â”€â”€â”€â”€â”€â”€â”€â”€â”€â”€â”€â”€â”€â”€â”€â”€â”€â”€â”€â”€â”€â”€â”€â”€â”€â”€â”€â”€â”€â”€â”€â”€â”€â”€â”€â”€â”€â”€â”€â”€â”€â”€â”€â”€â”€â”€â”€â”€â”€â”€â”€â”€â”€â”€â”€â”€â”€â”€â”€â”€â”€â”€â”€â”€â”€â”€â”€â”€â”€â”€â”€â”€â”€â”€â”€â”€â”€â”€â”€â”€â”€â”€â”€â”€â”€â”€â”€â”€â”€â”€â”€â”€â”€â”€â”€

    Error Context: ../../test-results/full-app-test-INMOVA-App---fbdba-e-cargar-la-pÃ¡gina-de-login-chromium/error-context.md
]]>
</failure>
<system-out>
<![CDATA[
[[ATTACHMENT|test-results/full-app-test-INMOVA-App---fbdba-e-cargar-la-pÃ¡gina-de-login-chromium/test-failed-1.png]]

[[ATTACHMENT|test-results/full-app-test-INMOVA-App---fbdba-e-cargar-la-pÃ¡gina-de-login-chromium/video.webm]]

[[ATTACHMENT|test-results/full-app-test-INMOVA-App---fbdba-e-cargar-la-pÃ¡gina-de-login-chromium/error-context.md]]
]]>
</system-out>
</testcase>
<testcase name="INMOVA App - Tests E2E Completos â€º 2. Login Page â€º debe mostrar error con credenciales invÃ¡lidas" classname="full-app-test.spec.ts" time="1.73">
</testcase>
<testcase name="INMOVA App - Tests E2E Completos â€º 2. Login Page â€º debe validar campos requeridos" classname="full-app-test.spec.ts" time="2.358">
</testcase>
<testcase name="INMOVA App - Tests E2E Completos â€º 2. Login Page â€º debe hacer login exitoso con credenciales correctas" classname="full-app-test.spec.ts" time="3.712">
</testcase>
<testcase name="INMOVA App - Tests E2E Completos â€º 3. Dashboard Principal â€º debe cargar el dashboard correctamente" classname="full-app-test.spec.ts" time="3.393">
</testcase>
<testcase name="INMOVA App - Tests E2E Completos â€º 3. Dashboard Principal â€º debe tener sidebar de navegaciÃ³n" classname="full-app-test.spec.ts" time="3.033">
</testcase>
<testcase name="INMOVA App - Tests E2E Completos â€º 3. Dashboard Principal â€º debe tener enlaces a mÃ³dulos principales" classname="full-app-test.spec.ts" time="2.958">
<failure message="full-app-test.spec.ts:128:9 debe tener enlaces a mÃ³dulos principales" type="FAILURE">
<![CDATA[  [chromium] â€º full-app-test.spec.ts:128:9 â€º INMOVA App - Tests E2E Completos â€º 3. Dashboard Principal â€º debe tener enlaces a mÃ³dulos principales 

    Error: expect(received).toBeGreaterThanOrEqual(expected)

    Expected: >= 2
    Received:    0

      145 |       
      146 |       // Al menos 2 mÃ³dulos deben estar visibles
    > 147 |       expect(foundCount).toBeGreaterThanOrEqual(2);
          |                          ^
      148 |     });
      149 |     
      150 |     test('debe poder hacer logout', async ({ page }) => {
        at /workspace/__tests__/e2e/full-app-test.spec.ts:147:26

    attachment #1: screenshot (image/png) â”€â”€â”€â”€â”€â”€â”€â”€â”€â”€â”€â”€â”€â”€â”€â”€â”€â”€â”€â”€â”€â”€â”€â”€â”€â”€â”€â”€â”€â”€â”€â”€â”€â”€â”€â”€â”€â”€â”€â”€â”€â”€â”€â”€â”€â”€â”€â”€â”€â”€â”€â”€â”€â”€â”€â”€â”€â”€
    ../../test-results/full-app-test-INMOVA-App---71578-laces-a-mÃ³dulos-principales-chromium/test-failed-1.png
    â”€â”€â”€â”€â”€â”€â”€â”€â”€â”€â”€â”€â”€â”€â”€â”€â”€â”€â”€â”€â”€â”€â”€â”€â”€â”€â”€â”€â”€â”€â”€â”€â”€â”€â”€â”€â”€â”€â”€â”€â”€â”€â”€â”€â”€â”€â”€â”€â”€â”€â”€â”€â”€â”€â”€â”€â”€â”€â”€â”€â”€â”€â”€â”€â”€â”€â”€â”€â”€â”€â”€â”€â”€â”€â”€â”€â”€â”€â”€â”€â”€â”€â”€â”€â”€â”€â”€â”€â”€â”€â”€â”€â”€â”€â”€â”€

    attachment #2: video (video/webm) â”€â”€â”€â”€â”€â”€â”€â”€â”€â”€â”€â”€â”€â”€â”€â”€â”€â”€â”€â”€â”€â”€â”€â”€â”€â”€â”€â”€â”€â”€â”€â”€â”€â”€â”€â”€â”€â”€â”€â”€â”€â”€â”€â”€â”€â”€â”€â”€â”€â”€â”€â”€â”€â”€â”€â”€â”€â”€â”€â”€â”€â”€
    ../../test-results/full-app-test-INMOVA-App---71578-laces-a-mÃ³dulos-principales-chromium/video.webm
    â”€â”€â”€â”€â”€â”€â”€â”€â”€â”€â”€â”€â”€â”€â”€â”€â”€â”€â”€â”€â”€â”€â”€â”€â”€â”€â”€â”€â”€â”€â”€â”€â”€â”€â”€â”€â”€â”€â”€â”€â”€â”€â”€â”€â”€â”€â”€â”€â”€â”€â”€â”€â”€â”€â”€â”€â”€â”€â”€â”€â”€â”€â”€â”€â”€â”€â”€â”€â”€â”€â”€â”€â”€â”€â”€â”€â”€â”€â”€â”€â”€â”€â”€â”€â”€â”€â”€â”€â”€â”€â”€â”€â”€â”€â”€â”€

    Error Context: ../../test-results/full-app-test-INMOVA-App---71578-laces-a-mÃ³dulos-principales-chromium/error-context.md
]]>
</failure>
<system-out>
<![CDATA[
[[ATTACHMENT|test-results/full-app-test-INMOVA-App---71578-laces-a-mÃ³dulos-principales-chromium/test-failed-1.png]]

[[ATTACHMENT|test-results/full-app-test-INMOVA-App---71578-laces-a-mÃ³dulos-principales-chromium/video.webm]]

[[ATTACHMENT|test-results/full-app-test-INMOVA-App---71578-laces-a-mÃ³dulos-principales-chromium/error-context.md]]
]]>
</system-out>
</testcase>
<testcase name="INMOVA App - Tests E2E Completos â€º 3. Dashboard Principal â€º debe poder hacer logout" classname="full-app-test.spec.ts" time="3.888">
</testcase>
<testcase name="INMOVA App - Tests E2E Completos â€º 4. MÃ³dulo de Propiedades â€º debe cargar la lista de propiedades" classname="full-app-test.spec.ts" time="5.513">
</testcase>
<testcase name="INMOVA App - Tests E2E Completos â€º 4. MÃ³dulo de Propiedades â€º debe tener botÃ³n para crear nueva propiedad" classname="full-app-test.spec.ts" time="4.275">
</testcase>
<testcase name="INMOVA App - Tests E2E Completos â€º 5. MÃ³dulo de Inquilinos â€º debe cargar la lista de inquilinos" classname="full-app-test.spec.ts" time="5.159">
</testcase>
<testcase name="INMOVA App - Tests E2E Completos â€º 6. MÃ³dulo de Contratos â€º debe cargar la lista de contratos" classname="full-app-test.spec.ts" time="5.242">
</testcase>
<testcase name="INMOVA App - Tests E2E Completos â€º 7. MÃ³dulo de Pagos â€º debe cargar la lista de pagos" classname="full-app-test.spec.ts" time="5.381">
</testcase>
<testcase name="INMOVA App - Tests E2E Completos â€º 8. Health Check &amp; API â€º debe responder el endpoint de health" classname="full-app-test.spec.ts" time="0.398">
</testcase>
<testcase name="INMOVA App - Tests E2E Completos â€º 8. Health Check &amp; API â€º debe proteger rutas de API sin auth" classname="full-app-test.spec.ts" time="0.435">
</testcase>
<testcase name="INMOVA App - Tests E2E Completos â€º 9. Manejo de Errores â€º debe mostrar 404 en rutas inexistentes" classname="full-app-test.spec.ts" time="0.744">
</testcase>
<testcase name="INMOVA App - Tests E2E Completos â€º 9. Manejo de Errores â€º debe redirigir rutas protegidas si no hay sesiÃ³n" classname="full-app-test.spec.ts" time="1.214">
</testcase>
<testcase name="INMOVA App - Tests E2E Completos â€º 10. Accesibilidad â€º debe tener meta tags bÃ¡sicos en landing" classname="full-app-test.spec.ts" time="0.957">
</testcase>
<testcase name="INMOVA App - Tests E2E Completos â€º 10. Accesibilidad â€º debe tener alt text en imÃ¡genes principales" classname="full-app-test.spec.ts" time="1.803">
</testcase>
<testcase name="INMOVA App - Tests E2E Completos â€º 11. Performance â€º debe cargar landing en menos de 5 segundos" classname="full-app-test.spec.ts" time="2.612">
</testcase>
<testcase name="INMOVA App - Tests E2E Completos â€º 12. DetecciÃ³n de Errores de Consola â€º no debe tener errores crÃ­ticos en consola en landing" classname="full-app-test.spec.ts" time="1.67">
</testcase>
<testcase name="INMOVA App - Tests E2E Completos â€º 12. DetecciÃ³n de Errores de Consola â€º no debe tener errores crÃ­ticos en dashboard post-login" classname="full-app-test.spec.ts" time="3.023">
</testcase>
</testsuite>
<testsuite name="full-pages-audit.spec.ts" timestamp="2026-01-08T12:53:10.552Z" hostname="chromium" tests="1" failures="1" skipped="0" time="30.169" errors="0">
<testcase name="AuditorÃ­a completa de texto oscuro sobre fondo oscuro" classname="full-pages-audit.spec.ts" time="30.169">
<failure message="full-pages-audit.spec.ts:18:5 AuditorÃ­a completa de texto oscuro sobre fondo oscuro" type="FAILURE">
<![CDATA[  [chromium] â€º full-pages-audit.spec.ts:18:5 â€º AuditorÃ­a completa de texto oscuro sobre fondo oscuro 

    Test timeout of 30000ms exceeded.

    attachment #1: screenshot (image/png) â”€â”€â”€â”€â”€â”€â”€â”€â”€â”€â”€â”€â”€â”€â”€â”€â”€â”€â”€â”€â”€â”€â”€â”€â”€â”€â”€â”€â”€â”€â”€â”€â”€â”€â”€â”€â”€â”€â”€â”€â”€â”€â”€â”€â”€â”€â”€â”€â”€â”€â”€â”€â”€â”€â”€â”€â”€â”€
    ../../test-results/full-pages-audit-AuditorÃ­a-6bb90-o-oscuro-sobre-fondo-oscuro-chromium/test-failed-1.png
    â”€â”€â”€â”€â”€â”€â”€â”€â”€â”€â”€â”€â”€â”€â”€â”€â”€â”€â”€â”€â”€â”€â”€â”€â”€â”€â”€â”€â”€â”€â”€â”€â”€â”€â”€â”€â”€â”€â”€â”€â”€â”€â”€â”€â”€â”€â”€â”€â”€â”€â”€â”€â”€â”€â”€â”€â”€â”€â”€â”€â”€â”€â”€â”€â”€â”€â”€â”€â”€â”€â”€â”€â”€â”€â”€â”€â”€â”€â”€â”€â”€â”€â”€â”€â”€â”€â”€â”€â”€â”€â”€â”€â”€â”€â”€â”€

    attachment #2: video (video/webm) â”€â”€â”€â”€â”€â”€â”€â”€â”€â”€â”€â”€â”€â”€â”€â”€â”€â”€â”€â”€â”€â”€â”€â”€â”€â”€â”€â”€â”€â”€â”€â”€â”€â”€â”€â”€â”€â”€â”€â”€â”€â”€â”€â”€â”€â”€â”€â”€â”€â”€â”€â”€â”€â”€â”€â”€â”€â”€â”€â”€â”€â”€
    ../../test-results/full-pages-audit-AuditorÃ­a-6bb90-o-oscuro-sobre-fondo-oscuro-chromium/video.webm
    â”€â”€â”€â”€â”€â”€â”€â”€â”€â”€â”€â”€â”€â”€â”€â”€â”€â”€â”€â”€â”€â”€â”€â”€â”€â”€â”€â”€â”€â”€â”€â”€â”€â”€â”€â”€â”€â”€â”€â”€â”€â”€â”€â”€â”€â”€â”€â”€â”€â”€â”€â”€â”€â”€â”€â”€â”€â”€â”€â”€â”€â”€â”€â”€â”€â”€â”€â”€â”€â”€â”€â”€â”€â”€â”€â”€â”€â”€â”€â”€â”€â”€â”€â”€â”€â”€â”€â”€â”€â”€â”€â”€â”€â”€â”€â”€

    Error Context: ../../test-results/full-pages-audit-AuditorÃ­a-6bb90-o-oscuro-sobre-fondo-oscuro-chromium/error-context.md
]]>
</failure>
<system-out>
<![CDATA[/landing: 0 problemas
/landing/demo: 0 problemas
/landing/ventajas: 0 problemas
/landing/sobre-nosotros: 0 problemas
/landing/contacto: 0 problemas
/landing/blog: 0 problemas
/landing/casos-exito: 0 problemas
/ewoorker/landing: 0 problemas
/landing/legal/privacidad: ERROR - page.waitForTimeout: Test timeout of 30000ms excee
/landing/legal/terminos: ERROR - page.goto: Target page, context or browser has bee
/landing/legal/gdpr: ERROR - page.goto: Target page, context or browser has bee
/landing/legal/cookies: ERROR - page.goto: Target page, context or browser has bee

=== RESUMEN DETALLADO ===

âœ… No se encontraron problemas de texto oscuro sobre fondo oscuro


ðŸ“Š Total: 0 problemas en 0 pÃ¡ginas


[[ATTACHMENT|test-results/full-pages-audit-AuditorÃ­a-6bb90-o-oscuro-sobre-fondo-oscuro-chromium/test-failed-1.png]]

[[ATTACHMENT|test-results/full-pages-audit-AuditorÃ­a-6bb90-o-oscuro-sobre-fondo-oscuro-chromium/video.webm]]

[[ATTACHMENT|test-results/full-pages-audit-AuditorÃ­a-6bb90-o-oscuro-sobre-fondo-oscuro-chromium/error-context.md]]
]]>
</system-out>
</testcase>
</testsuite>
<testsuite name="landing-ui-audit.spec.ts" timestamp="2026-01-08T12:53:10.552Z" hostname="chromium" tests="24" failures="0" skipped="0" time="62.913" errors="0">
<testcase name="Landing Page UI Audit â€º Viewport: desktop (1920x1080) â€º Landing Principal - Layout y elementos" classname="landing-ui-audit.spec.ts" time="3.371">
</testcase>
<testcase name="Landing Page UI Audit â€º Viewport: desktop (1920x1080) â€º Login - Layout y elementos" classname="landing-ui-audit.spec.ts" time="2.242">
</testcase>
<testcase name="Landing Page UI Audit â€º Viewport: desktop (1920x1080) â€º Registro - Layout y elementos" classname="landing-ui-audit.spec.ts" time="4.694">
</testcase>
<testcase name="Landing Page UI Audit â€º Viewport: desktop (1920x1080) â€º Calculadora ROI - Layout y elementos" classname="landing-ui-audit.spec.ts" time="3.543">
</testcase>
<testcase name="Landing Page UI Audit â€º Viewport: laptop (1366x768) â€º Landing Principal - Layout y elementos" classname="landing-ui-audit.spec.ts" time="2.504">
</testcase>
<testcase name="Landing Page UI Audit â€º Viewport: laptop (1366x768) â€º Login - Layout y elementos" classname="landing-ui-audit.spec.ts" time="2.677">
</testcase>
<testcase name="Landing Page UI Audit â€º Viewport: laptop (1366x768) â€º Registro - Layout y elementos" classname="landing-ui-audit.spec.ts" time="2.812">
</testcase>
<testcase name="Landing Page UI Audit â€º Viewport: laptop (1366x768) â€º Calculadora ROI - Layout y elementos" classname="landing-ui-audit.spec.ts" time="2.727">
</testcase>
<testcase name="Landing Page UI Audit â€º Viewport: tablet (768x1024) â€º Landing Principal - Layout y elementos" classname="landing-ui-audit.spec.ts" time="2.998">
</testcase>
<testcase name="Landing Page UI Audit â€º Viewport: tablet (768x1024) â€º Login - Layout y elementos" classname="landing-ui-audit.spec.ts" time="2.846">
</testcase>
<testcase name="Landing Page UI Audit â€º Viewport: tablet (768x1024) â€º Registro - Layout y elementos" classname="landing-ui-audit.spec.ts" time="3.61">
</testcase>
<testcase name="Landing Page UI Audit â€º Viewport: tablet (768x1024) â€º Calculadora ROI - Layout y elementos" classname="landing-ui-audit.spec.ts" time="2.231">
</testcase>
<testcase name="Landing Page UI Audit â€º Viewport: mobile (375x812) â€º Landing Principal - Layout y elementos" classname="landing-ui-audit.spec.ts" time="2.244">
</testcase>
<testcase name="Landing Page UI Audit â€º Viewport: mobile (375x812) â€º Login - Layout y elementos" classname="landing-ui-audit.spec.ts" time="2.025">
</testcase>
<testcase name="Landing Page UI Audit â€º Viewport: mobile (375x812) â€º Registro - Layout y elementos" classname="landing-ui-audit.spec.ts" time="2.592">
</testcase>
<testcase name="Landing Page UI Audit â€º Viewport: mobile (375x812) â€º Calculadora ROI - Layout y elementos" classname="landing-ui-audit.spec.ts" time="2.113">
</testcase>
<testcase name="Landing Page UI Audit â€º Pricing Section - DiseÃ±o y alineaciÃ³n" classname="landing-ui-audit.spec.ts" time="2.034">
</testcase>
<testcase name="Landing Page UI Audit â€º Mobile Navigation - MenÃº hamburguesa" classname="landing-ui-audit.spec.ts" time="2.379">
</testcase>
<testcase name="Landing Page UI Audit â€º Forms - Campos alineados correctamente" classname="landing-ui-audit.spec.ts" time="2.128">
</testcase>
<testcase name="Landing Page UI Audit â€º Accesibilidad - Elementos bÃ¡sicos" classname="landing-ui-audit.spec.ts" time="2.302">
</testcase>
<testcase name="Landing Page UI Audit â€º Colores - Sin texto invisible" classname="landing-ui-audit.spec.ts" time="2.484">
</testcase>
<testcase name="Landing Page UI Audit â€º Footer - Visible y con contenido" classname="landing-ui-audit.spec.ts" time="2.466">
</testcase>
<testcase name="Landing Page UI Audit â€º Assets - ImÃ¡genes y recursos cargan" classname="landing-ui-audit.spec.ts" time="2.099">
</testcase>
<testcase name="Performance - Tiempo de carga" classname="landing-ui-audit.spec.ts" time="1.792">
</testcase>
</testsuite>
<testsuite name="payments-flow.spec.ts" timestamp="2026-01-08T12:53:10.552Z" hostname="chromium" tests="5" failures="5" skipped="0" time="156.917" errors="0">
<testcase name="ðŸŽ­ E2E - Flujo de Pagos â€º âœ… Debe mostrar lista de pagos" classname="payments-flow.spec.ts" time="31.443">
<failure message="payments-flow.spec.ts:21:7 âœ… Debe mostrar lista de pagos" type="FAILURE">
<![CDATA[  [chromium] â€º payments-flow.spec.ts:21:7 â€º ðŸŽ­ E2E - Flujo de Pagos â€º âœ… Debe mostrar lista de pagos 

    Test timeout of 30000ms exceeded while running "beforeEach" hook.

       7 |
       8 | test.describe('ðŸŽ­ E2E - Flujo de Pagos', () => {
    >  9 |   test.beforeEach(async ({ page }) => {
         |        ^
      10 |     // Login
      11 |     await page.goto('http://localhost:3000/auth/login');
      12 |     await page.getByLabel(/email/i).fill('admin@inmova.app');
        at /workspace/__tests__/e2e/payments-flow.spec.ts:9:8

    Error: locator.fill: Test timeout of 30000ms exceeded.
    Call log:
      - waiting for getByLabel(/email/i)


      10 |     // Login
      11 |     await page.goto('http://localhost:3000/auth/login');
    > 12 |     await page.getByLabel(/email/i).fill('admin@inmova.app');
         |                                     ^
      13 |     await page.getByLabel(/password|contraseÃ±a/i).fill('admin123');
      14 |     await page.getByRole('button', { name: /login|entrar|iniciar/i }).click();
      15 |     await expect(page).toHaveURL(/\/home|\/dashboard/, { timeout: 10000 });
        at /workspace/__tests__/e2e/payments-flow.spec.ts:12:37

    attachment #1: screenshot (image/png) â”€â”€â”€â”€â”€â”€â”€â”€â”€â”€â”€â”€â”€â”€â”€â”€â”€â”€â”€â”€â”€â”€â”€â”€â”€â”€â”€â”€â”€â”€â”€â”€â”€â”€â”€â”€â”€â”€â”€â”€â”€â”€â”€â”€â”€â”€â”€â”€â”€â”€â”€â”€â”€â”€â”€â”€â”€â”€
    ../../test-results/payments-flow-ðŸŽ­-E2E---Flu-69891-Debe-mostrar-lista-de-pagos-chromium/test-failed-1.png
    â”€â”€â”€â”€â”€â”€â”€â”€â”€â”€â”€â”€â”€â”€â”€â”€â”€â”€â”€â”€â”€â”€â”€â”€â”€â”€â”€â”€â”€â”€â”€â”€â”€â”€â”€â”€â”€â”€â”€â”€â”€â”€â”€â”€â”€â”€â”€â”€â”€â”€â”€â”€â”€â”€â”€â”€â”€â”€â”€â”€â”€â”€â”€â”€â”€â”€â”€â”€â”€â”€â”€â”€â”€â”€â”€â”€â”€â”€â”€â”€â”€â”€â”€â”€â”€â”€â”€â”€â”€â”€â”€â”€â”€â”€â”€â”€

    attachment #2: video (video/webm) â”€â”€â”€â”€â”€â”€â”€â”€â”€â”€â”€â”€â”€â”€â”€â”€â”€â”€â”€â”€â”€â”€â”€â”€â”€â”€â”€â”€â”€â”€â”€â”€â”€â”€â”€â”€â”€â”€â”€â”€â”€â”€â”€â”€â”€â”€â”€â”€â”€â”€â”€â”€â”€â”€â”€â”€â”€â”€â”€â”€â”€â”€
    ../../test-results/payments-flow-ðŸŽ­-E2E---Flu-69891-Debe-mostrar-lista-de-pagos-chromium/video.webm
    â”€â”€â”€â”€â”€â”€â”€â”€â”€â”€â”€â”€â”€â”€â”€â”€â”€â”€â”€â”€â”€â”€â”€â”€â”€â”€â”€â”€â”€â”€â”€â”€â”€â”€â”€â”€â”€â”€â”€â”€â”€â”€â”€â”€â”€â”€â”€â”€â”€â”€â”€â”€â”€â”€â”€â”€â”€â”€â”€â”€â”€â”€â”€â”€â”€â”€â”€â”€â”€â”€â”€â”€â”€â”€â”€â”€â”€â”€â”€â”€â”€â”€â”€â”€â”€â”€â”€â”€â”€â”€â”€â”€â”€â”€â”€â”€

    Error Context: ../../test-results/payments-flow-ðŸŽ­-E2E---Flu-69891-Debe-mostrar-lista-de-pagos-chromium/error-context.md
]]>
</failure>
<system-out>
<![CDATA[
[[ATTACHMENT|test-results/payments-flow-ðŸŽ­-E2E---Flu-69891-Debe-mostrar-lista-de-pagos-chromium/test-failed-1.png]]

[[ATTACHMENT|test-results/payments-flow-ðŸŽ­-E2E---Flu-69891-Debe-mostrar-lista-de-pagos-chromium/video.webm]]

[[ATTACHMENT|test-results/payments-flow-ðŸŽ­-E2E---Flu-69891-Debe-mostrar-lista-de-pagos-chromium/error-context.md]]
]]>
</system-out>
</testcase>
<testcase name="ðŸŽ­ E2E - Flujo de Pagos â€º âœ… Debe filtrar pagos por estado" classname="payments-flow.spec.ts" time="31.442">
<failure message="payments-flow.spec.ts:28:7 âœ… Debe filtrar pagos por estado" type="FAILURE">
<![CDATA[  [chromium] â€º payments-flow.spec.ts:28:7 â€º ðŸŽ­ E2E - Flujo de Pagos â€º âœ… Debe filtrar pagos por estado 

    Test timeout of 30000ms exceeded while running "beforeEach" hook.

       7 |
       8 | test.describe('ðŸŽ­ E2E - Flujo de Pagos', () => {
    >  9 |   test.beforeEach(async ({ page }) => {
         |        ^
      10 |     // Login
      11 |     await page.goto('http://localhost:3000/auth/login');
      12 |     await page.getByLabel(/email/i).fill('admin@inmova.app');
        at /workspace/__tests__/e2e/payments-flow.spec.ts:9:8

    Error: locator.fill: Test timeout of 30000ms exceeded.
    Call log:
      - waiting for getByLabel(/email/i)


      10 |     // Login
      11 |     await page.goto('http://localhost:3000/auth/login');
    > 12 |     await page.getByLabel(/email/i).fill('admin@inmova.app');
         |                                     ^
      13 |     await page.getByLabel(/password|contraseÃ±a/i).fill('admin123');
      14 |     await page.getByRole('button', { name: /login|entrar|iniciar/i }).click();
      15 |     await expect(page).toHaveURL(/\/home|\/dashboard/, { timeout: 10000 });
        at /workspace/__tests__/e2e/payments-flow.spec.ts:12:37

    attachment #1: screenshot (image/png) â”€â”€â”€â”€â”€â”€â”€â”€â”€â”€â”€â”€â”€â”€â”€â”€â”€â”€â”€â”€â”€â”€â”€â”€â”€â”€â”€â”€â”€â”€â”€â”€â”€â”€â”€â”€â”€â”€â”€â”€â”€â”€â”€â”€â”€â”€â”€â”€â”€â”€â”€â”€â”€â”€â”€â”€â”€â”€
    ../../test-results/payments-flow-ðŸŽ­-E2E---Flu-224fc-be-filtrar-pagos-por-estado-chromium/test-failed-1.png
    â”€â”€â”€â”€â”€â”€â”€â”€â”€â”€â”€â”€â”€â”€â”€â”€â”€â”€â”€â”€â”€â”€â”€â”€â”€â”€â”€â”€â”€â”€â”€â”€â”€â”€â”€â”€â”€â”€â”€â”€â”€â”€â”€â”€â”€â”€â”€â”€â”€â”€â”€â”€â”€â”€â”€â”€â”€â”€â”€â”€â”€â”€â”€â”€â”€â”€â”€â”€â”€â”€â”€â”€â”€â”€â”€â”€â”€â”€â”€â”€â”€â”€â”€â”€â”€â”€â”€â”€â”€â”€â”€â”€â”€â”€â”€â”€

    attachment #2: video (video/webm) â”€â”€â”€â”€â”€â”€â”€â”€â”€â”€â”€â”€â”€â”€â”€â”€â”€â”€â”€â”€â”€â”€â”€â”€â”€â”€â”€â”€â”€â”€â”€â”€â”€â”€â”€â”€â”€â”€â”€â”€â”€â”€â”€â”€â”€â”€â”€â”€â”€â”€â”€â”€â”€â”€â”€â”€â”€â”€â”€â”€â”€â”€
    ../../test-results/payments-flow-ðŸŽ­-E2E---Flu-224fc-be-filtrar-pagos-por-estado-chromium/video.webm
    â”€â”€â”€â”€â”€â”€â”€â”€â”€â”€â”€â”€â”€â”€â”€â”€â”€â”€â”€â”€â”€â”€â”€â”€â”€â”€â”€â”€â”€â”€â”€â”€â”€â”€â”€â”€â”€â”€â”€â”€â”€â”€â”€â”€â”€â”€â”€â”€â”€â”€â”€â”€â”€â”€â”€â”€â”€â”€â”€â”€â”€â”€â”€â”€â”€â”€â”€â”€â”€â”€â”€â”€â”€â”€â”€â”€â”€â”€â”€â”€â”€â”€â”€â”€â”€â”€â”€â”€â”€â”€â”€â”€â”€â”€â”€â”€

    Error Context: ../../test-results/payments-flow-ðŸŽ­-E2E---Flu-224fc-be-filtrar-pagos-por-estado-chromium/error-context.md
]]>
</failure>
<system-out>
<![CDATA[
[[ATTACHMENT|test-results/payments-flow-ðŸŽ­-E2E---Flu-224fc-be-filtrar-pagos-por-estado-chromium/test-failed-1.png]]

[[ATTACHMENT|test-results/payments-flow-ðŸŽ­-E2E---Flu-224fc-be-filtrar-pagos-por-estado-chromium/video.webm]]

[[ATTACHMENT|test-results/payments-flow-ðŸŽ­-E2E---Flu-224fc-be-filtrar-pagos-por-estado-chromium/error-context.md]]
]]>
</system-out>
</testcase>
<testcase name="ðŸŽ­ E2E - Flujo de Pagos â€º âœ… Debe crear un nuevo pago" classname="payments-flow.spec.ts" time="31.534">
<failure message="payments-flow.spec.ts:40:7 âœ… Debe crear un nuevo pago" type="FAILURE">
<![CDATA[  [chromium] â€º payments-flow.spec.ts:40:7 â€º ðŸŽ­ E2E - Flujo de Pagos â€º âœ… Debe crear un nuevo pago â”€â”€â”€

    Test timeout of 30000ms exceeded while running "beforeEach" hook.

       7 |
       8 | test.describe('ðŸŽ­ E2E - Flujo de Pagos', () => {
    >  9 |   test.beforeEach(async ({ page }) => {
         |        ^
      10 |     // Login
      11 |     await page.goto('http://localhost:3000/auth/login');
      12 |     await page.getByLabel(/email/i).fill('admin@inmova.app');
        at /workspace/__tests__/e2e/payments-flow.spec.ts:9:8

    Error: locator.fill: Test timeout of 30000ms exceeded.
    Call log:
      - waiting for getByLabel(/email/i)


      10 |     // Login
      11 |     await page.goto('http://localhost:3000/auth/login');
    > 12 |     await page.getByLabel(/email/i).fill('admin@inmova.app');
         |                                     ^
      13 |     await page.getByLabel(/password|contraseÃ±a/i).fill('admin123');
      14 |     await page.getByRole('button', { name: /login|entrar|iniciar/i }).click();
      15 |     await expect(page).toHaveURL(/\/home|\/dashboard/, { timeout: 10000 });
        at /workspace/__tests__/e2e/payments-flow.spec.ts:12:37

    attachment #1: screenshot (image/png) â”€â”€â”€â”€â”€â”€â”€â”€â”€â”€â”€â”€â”€â”€â”€â”€â”€â”€â”€â”€â”€â”€â”€â”€â”€â”€â”€â”€â”€â”€â”€â”€â”€â”€â”€â”€â”€â”€â”€â”€â”€â”€â”€â”€â”€â”€â”€â”€â”€â”€â”€â”€â”€â”€â”€â”€â”€â”€
    ../../test-results/payments-flow-ðŸŽ­-E2E---Flu-12194--âœ…-Debe-crear-un-nuevo-pago-chromium/test-failed-1.png
    â”€â”€â”€â”€â”€â”€â”€â”€â”€â”€â”€â”€â”€â”€â”€â”€â”€â”€â”€â”€â”€â”€â”€â”€â”€â”€â”€â”€â”€â”€â”€â”€â”€â”€â”€â”€â”€â”€â”€â”€â”€â”€â”€â”€â”€â”€â”€â”€â”€â”€â”€â”€â”€â”€â”€â”€â”€â”€â”€â”€â”€â”€â”€â”€â”€â”€â”€â”€â”€â”€â”€â”€â”€â”€â”€â”€â”€â”€â”€â”€â”€â”€â”€â”€â”€â”€â”€â”€â”€â”€â”€â”€â”€â”€â”€â”€

    attachment #2: video (video/webm) â”€â”€â”€â”€â”€â”€â”€â”€â”€â”€â”€â”€â”€â”€â”€â”€â”€â”€â”€â”€â”€â”€â”€â”€â”€â”€â”€â”€â”€â”€â”€â”€â”€â”€â”€â”€â”€â”€â”€â”€â”€â”€â”€â”€â”€â”€â”€â”€â”€â”€â”€â”€â”€â”€â”€â”€â”€â”€â”€â”€â”€â”€
    ../../test-results/payments-flow-ðŸŽ­-E2E---Flu-12194--âœ…-Debe-crear-un-nuevo-pago-chromium/video.webm
    â”€â”€â”€â”€â”€â”€â”€â”€â”€â”€â”€â”€â”€â”€â”€â”€â”€â”€â”€â”€â”€â”€â”€â”€â”€â”€â”€â”€â”€â”€â”€â”€â”€â”€â”€â”€â”€â”€â”€â”€â”€â”€â”€â”€â”€â”€â”€â”€â”€â”€â”€â”€â”€â”€â”€â”€â”€â”€â”€â”€â”€â”€â”€â”€â”€â”€â”€â”€â”€â”€â”€â”€â”€â”€â”€â”€â”€â”€â”€â”€â”€â”€â”€â”€â”€â”€â”€â”€â”€â”€â”€â”€â”€â”€â”€â”€

    Error Context: ../../test-results/payments-flow-ðŸŽ­-E2E---Flu-12194--âœ…-Debe-crear-un-nuevo-pago-chromium/error-context.md
]]>
</failure>
<system-out>
<![CDATA[
[[ATTACHMENT|test-results/payments-flow-ðŸŽ­-E2E---Flu-12194--âœ…-Debe-crear-un-nuevo-pago-chromium/test-failed-1.png]]

[[ATTACHMENT|test-results/payments-flow-ðŸŽ­-E2E---Flu-12194--âœ…-Debe-crear-un-nuevo-pago-chromium/video.webm]]

[[ATTACHMENT|test-results/payments-flow-ðŸŽ­-E2E---Flu-12194--âœ…-Debe-crear-un-nuevo-pago-chromium/error-context.md]]
]]>
</system-out>
</testcase>
<testcase name="ðŸŽ­ E2E - Flujo de Pagos â€º âœ… Debe marcar pago como pagado" classname="payments-flow.spec.ts" time="31.253">
<failure message="payments-flow.spec.ts:58:7 âœ… Debe marcar pago como pagado" type="FAILURE">
<![CDATA[  [chromium] â€º payments-flow.spec.ts:58:7 â€º ðŸŽ­ E2E - Flujo de Pagos â€º âœ… Debe marcar pago como pagado 

    Test timeout of 30000ms exceeded while running "beforeEach" hook.

       7 |
       8 | test.describe('ðŸŽ­ E2E - Flujo de Pagos', () => {
    >  9 |   test.beforeEach(async ({ page }) => {
         |        ^
      10 |     // Login
      11 |     await page.goto('http://localhost:3000/auth/login');
      12 |     await page.getByLabel(/email/i).fill('admin@inmova.app');
        at /workspace/__tests__/e2e/payments-flow.spec.ts:9:8

    Error: locator.fill: Test timeout of 30000ms exceeded.
    Call log:
      - waiting for getByLabel(/email/i)


      10 |     // Login
      11 |     await page.goto('http://localhost:3000/auth/login');
    > 12 |     await page.getByLabel(/email/i).fill('admin@inmova.app');
         |                                     ^
      13 |     await page.getByLabel(/password|contraseÃ±a/i).fill('admin123');
      14 |     await page.getByRole('button', { name: /login|entrar|iniciar/i }).click();
      15 |     await expect(page).toHaveURL(/\/home|\/dashboard/, { timeout: 10000 });
        at /workspace/__tests__/e2e/payments-flow.spec.ts:12:37

    attachment #1: screenshot (image/png) â”€â”€â”€â”€â”€â”€â”€â”€â”€â”€â”€â”€â”€â”€â”€â”€â”€â”€â”€â”€â”€â”€â”€â”€â”€â”€â”€â”€â”€â”€â”€â”€â”€â”€â”€â”€â”€â”€â”€â”€â”€â”€â”€â”€â”€â”€â”€â”€â”€â”€â”€â”€â”€â”€â”€â”€â”€â”€
    ../../test-results/payments-flow-ðŸŽ­-E2E---Flu-6d209-ebe-marcar-pago-como-pagado-chromium/test-failed-1.png
    â”€â”€â”€â”€â”€â”€â”€â”€â”€â”€â”€â”€â”€â”€â”€â”€â”€â”€â”€â”€â”€â”€â”€â”€â”€â”€â”€â”€â”€â”€â”€â”€â”€â”€â”€â”€â”€â”€â”€â”€â”€â”€â”€â”€â”€â”€â”€â”€â”€â”€â”€â”€â”€â”€â”€â”€â”€â”€â”€â”€â”€â”€â”€â”€â”€â”€â”€â”€â”€â”€â”€â”€â”€â”€â”€â”€â”€â”€â”€â”€â”€â”€â”€â”€â”€â”€â”€â”€â”€â”€â”€â”€â”€â”€â”€â”€

    attachment #2: video (video/webm) â”€â”€â”€â”€â”€â”€â”€â”€â”€â”€â”€â”€â”€â”€â”€â”€â”€â”€â”€â”€â”€â”€â”€â”€â”€â”€â”€â”€â”€â”€â”€â”€â”€â”€â”€â”€â”€â”€â”€â”€â”€â”€â”€â”€â”€â”€â”€â”€â”€â”€â”€â”€â”€â”€â”€â”€â”€â”€â”€â”€â”€â”€
    ../../test-results/payments-flow-ðŸŽ­-E2E---Flu-6d209-ebe-marcar-pago-como-pagado-chromium/video.webm
    â”€â”€â”€â”€â”€â”€â”€â”€â”€â”€â”€â”€â”€â”€â”€â”€â”€â”€â”€â”€â”€â”€â”€â”€â”€â”€â”€â”€â”€â”€â”€â”€â”€â”€â”€â”€â”€â”€â”€â”€â”€â”€â”€â”€â”€â”€â”€â”€â”€â”€â”€â”€â”€â”€â”€â”€â”€â”€â”€â”€â”€â”€â”€â”€â”€â”€â”€â”€â”€â”€â”€â”€â”€â”€â”€â”€â”€â”€â”€â”€â”€â”€â”€â”€â”€â”€â”€â”€â”€â”€â”€â”€â”€â”€â”€â”€

    Error Context: ../../test-results/payments-flow-ðŸŽ­-E2E---Flu-6d209-ebe-marcar-pago-como-pagado-chromium/error-context.md
]]>
</failure>
<system-out>
<![CDATA[
[[ATTACHMENT|test-results/payments-flow-ðŸŽ­-E2E---Flu-6d209-ebe-marcar-pago-como-pagado-chromium/test-failed-1.png]]

[[ATTACHMENT|test-results/payments-flow-ðŸŽ­-E2E---Flu-6d209-ebe-marcar-pago-como-pagado-chromium/video.webm]]

[[ATTACHMENT|test-results/payments-flow-ðŸŽ­-E2E---Flu-6d209-ebe-marcar-pago-como-pagado-chromium/error-context.md]]
]]>
</system-out>
</testcase>
<testcase name="ðŸŽ­ E2E - Flujo de Pagos â€º âŒ Debe validar monto negativo" classname="payments-flow.spec.ts" time="31.245">
<failure message="payments-flow.spec.ts:72:7 âŒ Debe validar monto negativo" type="FAILURE">
<![CDATA[  [chromium] â€º payments-flow.spec.ts:72:7 â€º ðŸŽ­ E2E - Flujo de Pagos â€º âŒ Debe validar monto negativo 

    Test timeout of 30000ms exceeded while running "beforeEach" hook.

       7 |
       8 | test.describe('ðŸŽ­ E2E - Flujo de Pagos', () => {
    >  9 |   test.beforeEach(async ({ page }) => {
         |        ^
      10 |     // Login
      11 |     await page.goto('http://localhost:3000/auth/login');
      12 |     await page.getByLabel(/email/i).fill('admin@inmova.app');
        at /workspace/__tests__/e2e/payments-flow.spec.ts:9:8

    Error: locator.fill: Test timeout of 30000ms exceeded.
    Call log:
      - waiting for getByLabel(/email/i)


      10 |     // Login
      11 |     await page.goto('http://localhost:3000/auth/login');
    > 12 |     await page.getByLabel(/email/i).fill('admin@inmova.app');
         |                                     ^
      13 |     await page.getByLabel(/password|contraseÃ±a/i).fill('admin123');
      14 |     await page.getByRole('button', { name: /login|entrar|iniciar/i }).click();
      15 |     await expect(page).toHaveURL(/\/home|\/dashboard/, { timeout: 10000 });
        at /workspace/__tests__/e2e/payments-flow.spec.ts:12:37

    attachment #1: screenshot (image/png) â”€â”€â”€â”€â”€â”€â”€â”€â”€â”€â”€â”€â”€â”€â”€â”€â”€â”€â”€â”€â”€â”€â”€â”€â”€â”€â”€â”€â”€â”€â”€â”€â”€â”€â”€â”€â”€â”€â”€â”€â”€â”€â”€â”€â”€â”€â”€â”€â”€â”€â”€â”€â”€â”€â”€â”€â”€â”€
    ../../test-results/payments-flow-ðŸŽ­-E2E---Flu-567dd-Debe-validar-monto-negativo-chromium/test-failed-1.png
    â”€â”€â”€â”€â”€â”€â”€â”€â”€â”€â”€â”€â”€â”€â”€â”€â”€â”€â”€â”€â”€â”€â”€â”€â”€â”€â”€â”€â”€â”€â”€â”€â”€â”€â”€â”€â”€â”€â”€â”€â”€â”€â”€â”€â”€â”€â”€â”€â”€â”€â”€â”€â”€â”€â”€â”€â”€â”€â”€â”€â”€â”€â”€â”€â”€â”€â”€â”€â”€â”€â”€â”€â”€â”€â”€â”€â”€â”€â”€â”€â”€â”€â”€â”€â”€â”€â”€â”€â”€â”€â”€â”€â”€â”€â”€â”€

    attachment #2: video (video/webm) â”€â”€â”€â”€â”€â”€â”€â”€â”€â”€â”€â”€â”€â”€â”€â”€â”€â”€â”€â”€â”€â”€â”€â”€â”€â”€â”€â”€â”€â”€â”€â”€â”€â”€â”€â”€â”€â”€â”€â”€â”€â”€â”€â”€â”€â”€â”€â”€â”€â”€â”€â”€â”€â”€â”€â”€â”€â”€â”€â”€â”€â”€
    ../../test-results/payments-flow-ðŸŽ­-E2E---Flu-567dd-Debe-validar-monto-negativo-chromium/video.webm
    â”€â”€â”€â”€â”€â”€â”€â”€â”€â”€â”€â”€â”€â”€â”€â”€â”€â”€â”€â”€â”€â”€â”€â”€â”€â”€â”€â”€â”€â”€â”€â”€â”€â”€â”€â”€â”€â”€â”€â”€â”€â”€â”€â”€â”€â”€â”€â”€â”€â”€â”€â”€â”€â”€â”€â”€â”€â”€â”€â”€â”€â”€â”€â”€â”€â”€â”€â”€â”€â”€â”€â”€â”€â”€â”€â”€â”€â”€â”€â”€â”€â”€â”€â”€â”€â”€â”€â”€â”€â”€â”€â”€â”€â”€â”€â”€

    Error Context: ../../test-results/payments-flow-ðŸŽ­-E2E---Flu-567dd-Debe-validar-monto-negativo-chromium/error-context.md
]]>
</failure>
<system-out>
<![CDATA[
[[ATTACHMENT|test-results/payments-flow-ðŸŽ­-E2E---Flu-567dd-Debe-validar-monto-negativo-chromium/test-failed-1.png]]

[[ATTACHMENT|test-results/payments-flow-ðŸŽ­-E2E---Flu-567dd-Debe-validar-monto-negativo-chromium/video.webm]]

[[ATTACHMENT|test-results/payments-flow-ðŸŽ­-E2E---Flu-567dd-Debe-validar-monto-negativo-chromium/error-context.md]]
]]>
</system-out>
</testcase>
</testsuite>
<testsuite name="properties/crud.spec.ts" timestamp="2026-01-08T12:53:10.552Z" hostname="chromium" tests="8" failures="8" skipped="0" time="248.496" errors="0">
<testcase name="ðŸ  Properties - CRUD Operations â€º âœ… Debe listar propiedades existentes" classname="properties/crud.spec.ts" time="31.047">
<failure message="crud.spec.ts:36:7 âœ… Debe listar propiedades existentes" type="FAILURE">
<![CDATA[  [chromium] â€º properties/crud.spec.ts:36:7 â€º ðŸ  Properties - CRUD Operations â€º âœ… Debe listar propiedades existentes 

    Test timeout of 30000ms exceeded while running "beforeEach" hook.

      26 | test.describe('ðŸ  Properties - CRUD Operations', () => {
      27 |   // Login antes de cada test
    > 28 |   test.beforeEach(async ({ page }) => {
         |        ^
      29 |     await page.goto(`${BASE_URL}/login`);
      30 |     await page.fill('input[name="email"]', TEST_USER.email);
      31 |     await page.fill('input[name="password"]', TEST_USER.password);
        at /workspace/__tests__/e2e/properties/crud.spec.ts:28:8

    Error: page.fill: Test timeout of 30000ms exceeded.
    Call log:
      - waiting for locator('input[name="email"]')


      28 |   test.beforeEach(async ({ page }) => {
      29 |     await page.goto(`${BASE_URL}/login`);
    > 30 |     await page.fill('input[name="email"]', TEST_USER.email);
         |                ^
      31 |     await page.fill('input[name="password"]', TEST_USER.password);
      32 |     await page.click('button[type="submit"]');
      33 |     await page.waitForURL(/\/dashboard|\/admin/, { timeout: 10000 });
        at /workspace/__tests__/e2e/properties/crud.spec.ts:30:16

    attachment #1: screenshot (image/png) â”€â”€â”€â”€â”€â”€â”€â”€â”€â”€â”€â”€â”€â”€â”€â”€â”€â”€â”€â”€â”€â”€â”€â”€â”€â”€â”€â”€â”€â”€â”€â”€â”€â”€â”€â”€â”€â”€â”€â”€â”€â”€â”€â”€â”€â”€â”€â”€â”€â”€â”€â”€â”€â”€â”€â”€â”€â”€
    ../../test-results/properties-crud-ðŸ -Propert-9802f-star-propiedades-existentes-chromium/test-failed-1.png
    â”€â”€â”€â”€â”€â”€â”€â”€â”€â”€â”€â”€â”€â”€â”€â”€â”€â”€â”€â”€â”€â”€â”€â”€â”€â”€â”€â”€â”€â”€â”€â”€â”€â”€â”€â”€â”€â”€â”€â”€â”€â”€â”€â”€â”€â”€â”€â”€â”€â”€â”€â”€â”€â”€â”€â”€â”€â”€â”€â”€â”€â”€â”€â”€â”€â”€â”€â”€â”€â”€â”€â”€â”€â”€â”€â”€â”€â”€â”€â”€â”€â”€â”€â”€â”€â”€â”€â”€â”€â”€â”€â”€â”€â”€â”€â”€

    attachment #2: video (video/webm) â”€â”€â”€â”€â”€â”€â”€â”€â”€â”€â”€â”€â”€â”€â”€â”€â”€â”€â”€â”€â”€â”€â”€â”€â”€â”€â”€â”€â”€â”€â”€â”€â”€â”€â”€â”€â”€â”€â”€â”€â”€â”€â”€â”€â”€â”€â”€â”€â”€â”€â”€â”€â”€â”€â”€â”€â”€â”€â”€â”€â”€â”€
    ../../test-results/properties-crud-ðŸ -Propert-9802f-star-propiedades-existentes-chromium/video.webm
    â”€â”€â”€â”€â”€â”€â”€â”€â”€â”€â”€â”€â”€â”€â”€â”€â”€â”€â”€â”€â”€â”€â”€â”€â”€â”€â”€â”€â”€â”€â”€â”€â”€â”€â”€â”€â”€â”€â”€â”€â”€â”€â”€â”€â”€â”€â”€â”€â”€â”€â”€â”€â”€â”€â”€â”€â”€â”€â”€â”€â”€â”€â”€â”€â”€â”€â”€â”€â”€â”€â”€â”€â”€â”€â”€â”€â”€â”€â”€â”€â”€â”€â”€â”€â”€â”€â”€â”€â”€â”€â”€â”€â”€â”€â”€â”€

    Error Context: ../../test-results/properties-crud-ðŸ -Propert-9802f-star-propiedades-existentes-chromium/error-context.md
]]>
</failure>
<system-out>
<![CDATA[
[[ATTACHMENT|test-results/properties-crud-ðŸ -Propert-9802f-star-propiedades-existentes-chromium/test-failed-1.png]]

[[ATTACHMENT|test-results/properties-crud-ðŸ -Propert-9802f-star-propiedades-existentes-chromium/video.webm]]

[[ATTACHMENT|test-results/properties-crud-ðŸ -Propert-9802f-star-propiedades-existentes-chromium/error-context.md]]
]]>
</system-out>
</testcase>
<testcase name="ðŸ  Properties - CRUD Operations â€º âœ… Debe crear una nueva propiedad" classname="properties/crud.spec.ts" time="31.157">
<failure message="crud.spec.ts:56:7 âœ… Debe crear una nueva propiedad" type="FAILURE">
<![CDATA[  [chromium] â€º properties/crud.spec.ts:56:7 â€º ðŸ  Properties - CRUD Operations â€º âœ… Debe crear una nueva propiedad 

    Test timeout of 30000ms exceeded while running "beforeEach" hook.

      26 | test.describe('ðŸ  Properties - CRUD Operations', () => {
      27 |   // Login antes de cada test
    > 28 |   test.beforeEach(async ({ page }) => {
         |        ^
      29 |     await page.goto(`${BASE_URL}/login`);
      30 |     await page.fill('input[name="email"]', TEST_USER.email);
      31 |     await page.fill('input[name="password"]', TEST_USER.password);
        at /workspace/__tests__/e2e/properties/crud.spec.ts:28:8

    Error: page.fill: Test timeout of 30000ms exceeded.
    Call log:
      - waiting for locator('input[name="email"]')


      28 |   test.beforeEach(async ({ page }) => {
      29 |     await page.goto(`${BASE_URL}/login`);
    > 30 |     await page.fill('input[name="email"]', TEST_USER.email);
         |                ^
      31 |     await page.fill('input[name="password"]', TEST_USER.password);
      32 |     await page.click('button[type="submit"]');
      33 |     await page.waitForURL(/\/dashboard|\/admin/, { timeout: 10000 });
        at /workspace/__tests__/e2e/properties/crud.spec.ts:30:16

    attachment #1: screenshot (image/png) â”€â”€â”€â”€â”€â”€â”€â”€â”€â”€â”€â”€â”€â”€â”€â”€â”€â”€â”€â”€â”€â”€â”€â”€â”€â”€â”€â”€â”€â”€â”€â”€â”€â”€â”€â”€â”€â”€â”€â”€â”€â”€â”€â”€â”€â”€â”€â”€â”€â”€â”€â”€â”€â”€â”€â”€â”€â”€
    ../../test-results/properties-crud-ðŸ -Propert-a12d9-e-crear-una-nueva-propiedad-chromium/test-failed-1.png
    â”€â”€â”€â”€â”€â”€â”€â”€â”€â”€â”€â”€â”€â”€â”€â”€â”€â”€â”€â”€â”€â”€â”€â”€â”€â”€â”€â”€â”€â”€â”€â”€â”€â”€â”€â”€â”€â”€â”€â”€â”€â”€â”€â”€â”€â”€â”€â”€â”€â”€â”€â”€â”€â”€â”€â”€â”€â”€â”€â”€â”€â”€â”€â”€â”€â”€â”€â”€â”€â”€â”€â”€â”€â”€â”€â”€â”€â”€â”€â”€â”€â”€â”€â”€â”€â”€â”€â”€â”€â”€â”€â”€â”€â”€â”€â”€

    attachment #2: video (video/webm) â”€â”€â”€â”€â”€â”€â”€â”€â”€â”€â”€â”€â”€â”€â”€â”€â”€â”€â”€â”€â”€â”€â”€â”€â”€â”€â”€â”€â”€â”€â”€â”€â”€â”€â”€â”€â”€â”€â”€â”€â”€â”€â”€â”€â”€â”€â”€â”€â”€â”€â”€â”€â”€â”€â”€â”€â”€â”€â”€â”€â”€â”€
    ../../test-results/properties-crud-ðŸ -Propert-a12d9-e-crear-una-nueva-propiedad-chromium/video.webm
    â”€â”€â”€â”€â”€â”€â”€â”€â”€â”€â”€â”€â”€â”€â”€â”€â”€â”€â”€â”€â”€â”€â”€â”€â”€â”€â”€â”€â”€â”€â”€â”€â”€â”€â”€â”€â”€â”€â”€â”€â”€â”€â”€â”€â”€â”€â”€â”€â”€â”€â”€â”€â”€â”€â”€â”€â”€â”€â”€â”€â”€â”€â”€â”€â”€â”€â”€â”€â”€â”€â”€â”€â”€â”€â”€â”€â”€â”€â”€â”€â”€â”€â”€â”€â”€â”€â”€â”€â”€â”€â”€â”€â”€â”€â”€â”€

    Error Context: ../../test-results/properties-crud-ðŸ -Propert-a12d9-e-crear-una-nueva-propiedad-chromium/error-context.md
]]>
</failure>
<system-out>
<![CDATA[
[[ATTACHMENT|test-results/properties-crud-ðŸ -Propert-a12d9-e-crear-una-nueva-propiedad-chromium/test-failed-1.png]]

[[ATTACHMENT|test-results/properties-crud-ðŸ -Propert-a12d9-e-crear-una-nueva-propiedad-chromium/video.webm]]

[[ATTACHMENT|test-results/properties-crud-ðŸ -Propert-a12d9-e-crear-una-nueva-propiedad-chromium/error-context.md]]
]]>
</system-out>
</testcase>
<testcase name="ðŸ  Properties - CRUD Operations â€º âš ï¸ Debe validar campos requeridos al crear propiedad" classname="properties/crud.spec.ts" time="30.954">
<failure message="crud.spec.ts:86:7 âš ï¸ Debe validar campos requeridos al crear propiedad" type="FAILURE">
<![CDATA[  [chromium] â€º properties/crud.spec.ts:86:7 â€º ðŸ  Properties - CRUD Operations â€º âš ï¸ Debe validar campos requeridos al crear propiedad 

    Test timeout of 30000ms exceeded while running "beforeEach" hook.

      26 | test.describe('ðŸ  Properties - CRUD Operations', () => {
      27 |   // Login antes de cada test
    > 28 |   test.beforeEach(async ({ page }) => {
         |        ^
      29 |     await page.goto(`${BASE_URL}/login`);
      30 |     await page.fill('input[name="email"]', TEST_USER.email);
      31 |     await page.fill('input[name="password"]', TEST_USER.password);
        at /workspace/__tests__/e2e/properties/crud.spec.ts:28:8

    Error: page.fill: Test timeout of 30000ms exceeded.
    Call log:
      - waiting for locator('input[name="email"]')


      28 |   test.beforeEach(async ({ page }) => {
      29 |     await page.goto(`${BASE_URL}/login`);
    > 30 |     await page.fill('input[name="email"]', TEST_USER.email);
         |                ^
      31 |     await page.fill('input[name="password"]', TEST_USER.password);
      32 |     await page.click('button[type="submit"]');
      33 |     await page.waitForURL(/\/dashboard|\/admin/, { timeout: 10000 });
        at /workspace/__tests__/e2e/properties/crud.spec.ts:30:16

    attachment #1: screenshot (image/png) â”€â”€â”€â”€â”€â”€â”€â”€â”€â”€â”€â”€â”€â”€â”€â”€â”€â”€â”€â”€â”€â”€â”€â”€â”€â”€â”€â”€â”€â”€â”€â”€â”€â”€â”€â”€â”€â”€â”€â”€â”€â”€â”€â”€â”€â”€â”€â”€â”€â”€â”€â”€â”€â”€â”€â”€â”€â”€
    ../../test-results/properties-crud-ðŸ -Propert-88f61-queridos-al-crear-propiedad-chromium/test-failed-1.png
    â”€â”€â”€â”€â”€â”€â”€â”€â”€â”€â”€â”€â”€â”€â”€â”€â”€â”€â”€â”€â”€â”€â”€â”€â”€â”€â”€â”€â”€â”€â”€â”€â”€â”€â”€â”€â”€â”€â”€â”€â”€â”€â”€â”€â”€â”€â”€â”€â”€â”€â”€â”€â”€â”€â”€â”€â”€â”€â”€â”€â”€â”€â”€â”€â”€â”€â”€â”€â”€â”€â”€â”€â”€â”€â”€â”€â”€â”€â”€â”€â”€â”€â”€â”€â”€â”€â”€â”€â”€â”€â”€â”€â”€â”€â”€â”€

    attachment #2: video (video/webm) â”€â”€â”€â”€â”€â”€â”€â”€â”€â”€â”€â”€â”€â”€â”€â”€â”€â”€â”€â”€â”€â”€â”€â”€â”€â”€â”€â”€â”€â”€â”€â”€â”€â”€â”€â”€â”€â”€â”€â”€â”€â”€â”€â”€â”€â”€â”€â”€â”€â”€â”€â”€â”€â”€â”€â”€â”€â”€â”€â”€â”€â”€
    ../../test-results/properties-crud-ðŸ -Propert-88f61-queridos-al-crear-propiedad-chromium/video.webm
    â”€â”€â”€â”€â”€â”€â”€â”€â”€â”€â”€â”€â”€â”€â”€â”€â”€â”€â”€â”€â”€â”€â”€â”€â”€â”€â”€â”€â”€â”€â”€â”€â”€â”€â”€â”€â”€â”€â”€â”€â”€â”€â”€â”€â”€â”€â”€â”€â”€â”€â”€â”€â”€â”€â”€â”€â”€â”€â”€â”€â”€â”€â”€â”€â”€â”€â”€â”€â”€â”€â”€â”€â”€â”€â”€â”€â”€â”€â”€â”€â”€â”€â”€â”€â”€â”€â”€â”€â”€â”€â”€â”€â”€â”€â”€â”€

    Error Context: ../../test-results/properties-crud-ðŸ -Propert-88f61-queridos-al-crear-propiedad-chromium/error-context.md
]]>
</failure>
<system-out>
<![CDATA[
[[ATTACHMENT|test-results/properties-crud-ðŸ -Propert-88f61-queridos-al-crear-propiedad-chromium/test-failed-1.png]]

[[ATTACHMENT|test-results/properties-crud-ðŸ -Propert-88f61-queridos-al-crear-propiedad-chromium/video.webm]]

[[ATTACHMENT|test-results/properties-crud-ðŸ -Propert-88f61-queridos-al-crear-propiedad-chromium/error-context.md]]
]]>
</system-out>
</testcase>
<testcase name="ðŸ  Properties - CRUD Operations â€º âœ… Debe buscar/filtrar propiedades" classname="properties/crud.spec.ts" time="31.095">
<failure message="crud.spec.ts:105:7 âœ… Debe buscar/filtrar propiedades" type="FAILURE">
<![CDATA[  [chromium] â€º properties/crud.spec.ts:105:7 â€º ðŸ  Properties - CRUD Operations â€º âœ… Debe buscar/filtrar propiedades 

    Test timeout of 30000ms exceeded while running "beforeEach" hook.

      26 | test.describe('ðŸ  Properties - CRUD Operations', () => {
      27 |   // Login antes de cada test
    > 28 |   test.beforeEach(async ({ page }) => {
         |        ^
      29 |     await page.goto(`${BASE_URL}/login`);
      30 |     await page.fill('input[name="email"]', TEST_USER.email);
      31 |     await page.fill('input[name="password"]', TEST_USER.password);
        at /workspace/__tests__/e2e/properties/crud.spec.ts:28:8

    Error: page.fill: Test timeout of 30000ms exceeded.
    Call log:
      - waiting for locator('input[name="email"]')


      28 |   test.beforeEach(async ({ page }) => {
      29 |     await page.goto(`${BASE_URL}/login`);
    > 30 |     await page.fill('input[name="email"]', TEST_USER.email);
         |                ^
      31 |     await page.fill('input[name="password"]', TEST_USER.password);
      32 |     await page.click('button[type="submit"]');
      33 |     await page.waitForURL(/\/dashboard|\/admin/, { timeout: 10000 });
        at /workspace/__tests__/e2e/properties/crud.spec.ts:30:16

    attachment #1: screenshot (image/png) â”€â”€â”€â”€â”€â”€â”€â”€â”€â”€â”€â”€â”€â”€â”€â”€â”€â”€â”€â”€â”€â”€â”€â”€â”€â”€â”€â”€â”€â”€â”€â”€â”€â”€â”€â”€â”€â”€â”€â”€â”€â”€â”€â”€â”€â”€â”€â”€â”€â”€â”€â”€â”€â”€â”€â”€â”€â”€
    ../../test-results/properties-crud-ðŸ -Propert-d0dee--buscar-filtrar-propiedades-chromium/test-failed-1.png
    â”€â”€â”€â”€â”€â”€â”€â”€â”€â”€â”€â”€â”€â”€â”€â”€â”€â”€â”€â”€â”€â”€â”€â”€â”€â”€â”€â”€â”€â”€â”€â”€â”€â”€â”€â”€â”€â”€â”€â”€â”€â”€â”€â”€â”€â”€â”€â”€â”€â”€â”€â”€â”€â”€â”€â”€â”€â”€â”€â”€â”€â”€â”€â”€â”€â”€â”€â”€â”€â”€â”€â”€â”€â”€â”€â”€â”€â”€â”€â”€â”€â”€â”€â”€â”€â”€â”€â”€â”€â”€â”€â”€â”€â”€â”€â”€

    attachment #2: video (video/webm) â”€â”€â”€â”€â”€â”€â”€â”€â”€â”€â”€â”€â”€â”€â”€â”€â”€â”€â”€â”€â”€â”€â”€â”€â”€â”€â”€â”€â”€â”€â”€â”€â”€â”€â”€â”€â”€â”€â”€â”€â”€â”€â”€â”€â”€â”€â”€â”€â”€â”€â”€â”€â”€â”€â”€â”€â”€â”€â”€â”€â”€â”€
    ../../test-results/properties-crud-ðŸ -Propert-d0dee--buscar-filtrar-propiedades-chromium/video.webm
    â”€â”€â”€â”€â”€â”€â”€â”€â”€â”€â”€â”€â”€â”€â”€â”€â”€â”€â”€â”€â”€â”€â”€â”€â”€â”€â”€â”€â”€â”€â”€â”€â”€â”€â”€â”€â”€â”€â”€â”€â”€â”€â”€â”€â”€â”€â”€â”€â”€â”€â”€â”€â”€â”€â”€â”€â”€â”€â”€â”€â”€â”€â”€â”€â”€â”€â”€â”€â”€â”€â”€â”€â”€â”€â”€â”€â”€â”€â”€â”€â”€â”€â”€â”€â”€â”€â”€â”€â”€â”€â”€â”€â”€â”€â”€â”€

    Error Context: ../../test-results/properties-crud-ðŸ -Propert-d0dee--buscar-filtrar-propiedades-chromium/error-context.md
]]>
</failure>
<system-out>
<![CDATA[
[[ATTACHMENT|test-results/properties-crud-ðŸ -Propert-d0dee--buscar-filtrar-propiedades-chromium/test-failed-1.png]]

[[ATTACHMENT|test-results/properties-crud-ðŸ -Propert-d0dee--buscar-filtrar-propiedades-chromium/video.webm]]

[[ATTACHMENT|test-results/properties-crud-ðŸ -Propert-d0dee--buscar-filtrar-propiedades-chromium/error-context.md]]
]]>
</system-out>
</testcase>
<testcase name="ðŸ  Properties - CRUD Operations â€º âœ… Debe ver detalles de una propiedad" classname="properties/crud.spec.ts" time="30.946">
<failure message="crud.spec.ts:128:7 âœ… Debe ver detalles de una propiedad" type="FAILURE">
<![CDATA[  [chromium] â€º properties/crud.spec.ts:128:7 â€º ðŸ  Properties - CRUD Operations â€º âœ… Debe ver detalles de una propiedad 

    Test timeout of 30000ms exceeded while running "beforeEach" hook.

      26 | test.describe('ðŸ  Properties - CRUD Operations', () => {
      27 |   // Login antes de cada test
    > 28 |   test.beforeEach(async ({ page }) => {
         |        ^
      29 |     await page.goto(`${BASE_URL}/login`);
      30 |     await page.fill('input[name="email"]', TEST_USER.email);
      31 |     await page.fill('input[name="password"]', TEST_USER.password);
        at /workspace/__tests__/e2e/properties/crud.spec.ts:28:8

    Error: page.fill: Test timeout of 30000ms exceeded.
    Call log:
      - waiting for locator('input[name="email"]')


      28 |   test.beforeEach(async ({ page }) => {
      29 |     await page.goto(`${BASE_URL}/login`);
    > 30 |     await page.fill('input[name="email"]', TEST_USER.email);
         |                ^
      31 |     await page.fill('input[name="password"]', TEST_USER.password);
      32 |     await page.click('button[type="submit"]');
      33 |     await page.waitForURL(/\/dashboard|\/admin/, { timeout: 10000 });
        at /workspace/__tests__/e2e/properties/crud.spec.ts:30:16

    attachment #1: screenshot (image/png) â”€â”€â”€â”€â”€â”€â”€â”€â”€â”€â”€â”€â”€â”€â”€â”€â”€â”€â”€â”€â”€â”€â”€â”€â”€â”€â”€â”€â”€â”€â”€â”€â”€â”€â”€â”€â”€â”€â”€â”€â”€â”€â”€â”€â”€â”€â”€â”€â”€â”€â”€â”€â”€â”€â”€â”€â”€â”€
    ../../test-results/properties-crud-ðŸ -Propert-c21cf-r-detalles-de-una-propiedad-chromium/test-failed-1.png
    â”€â”€â”€â”€â”€â”€â”€â”€â”€â”€â”€â”€â”€â”€â”€â”€â”€â”€â”€â”€â”€â”€â”€â”€â”€â”€â”€â”€â”€â”€â”€â”€â”€â”€â”€â”€â”€â”€â”€â”€â”€â”€â”€â”€â”€â”€â”€â”€â”€â”€â”€â”€â”€â”€â”€â”€â”€â”€â”€â”€â”€â”€â”€â”€â”€â”€â”€â”€â”€â”€â”€â”€â”€â”€â”€â”€â”€â”€â”€â”€â”€â”€â”€â”€â”€â”€â”€â”€â”€â”€â”€â”€â”€â”€â”€â”€

    attachment #2: video (video/webm) â”€â”€â”€â”€â”€â”€â”€â”€â”€â”€â”€â”€â”€â”€â”€â”€â”€â”€â”€â”€â”€â”€â”€â”€â”€â”€â”€â”€â”€â”€â”€â”€â”€â”€â”€â”€â”€â”€â”€â”€â”€â”€â”€â”€â”€â”€â”€â”€â”€â”€â”€â”€â”€â”€â”€â”€â”€â”€â”€â”€â”€â”€
    ../../test-results/properties-crud-ðŸ -Propert-c21cf-r-detalles-de-una-propiedad-chromium/video.webm
    â”€â”€â”€â”€â”€â”€â”€â”€â”€â”€â”€â”€â”€â”€â”€â”€â”€â”€â”€â”€â”€â”€â”€â”€â”€â”€â”€â”€â”€â”€â”€â”€â”€â”€â”€â”€â”€â”€â”€â”€â”€â”€â”€â”€â”€â”€â”€â”€â”€â”€â”€â”€â”€â”€â”€â”€â”€â”€â”€â”€â”€â”€â”€â”€â”€â”€â”€â”€â”€â”€â”€â”€â”€â”€â”€â”€â”€â”€â”€â”€â”€â”€â”€â”€â”€â”€â”€â”€â”€â”€â”€â”€â”€â”€â”€â”€

    Error Context: ../../test-results/properties-crud-ðŸ -Propert-c21cf-r-detalles-de-una-propiedad-chromium/error-context.md
]]>
</failure>
<system-out>
<![CDATA[
[[ATTACHMENT|test-results/properties-crud-ðŸ -Propert-c21cf-r-detalles-de-una-propiedad-chromium/test-failed-1.png]]

[[ATTACHMENT|test-results/properties-crud-ðŸ -Propert-c21cf-r-detalles-de-una-propiedad-chromium/video.webm]]

[[ATTACHMENT|test-results/properties-crud-ðŸ -Propert-c21cf-r-detalles-de-una-propiedad-chromium/error-context.md]]
]]>
</system-out>
</testcase>
<testcase name="ðŸ  Properties - CRUD Operations â€º âš ï¸ Debe manejar precio negativo" classname="properties/crud.spec.ts" time="31.118">
<failure message="crud.spec.ts:162:7 âš ï¸ Debe manejar precio negativo" type="FAILURE">
<![CDATA[  [chromium] â€º properties/crud.spec.ts:162:7 â€º ðŸ  Properties - CRUD Operations â€º âš ï¸ Debe manejar precio negativo 

    Test timeout of 30000ms exceeded while running "beforeEach" hook.

      26 | test.describe('ðŸ  Properties - CRUD Operations', () => {
      27 |   // Login antes de cada test
    > 28 |   test.beforeEach(async ({ page }) => {
         |        ^
      29 |     await page.goto(`${BASE_URL}/login`);
      30 |     await page.fill('input[name="email"]', TEST_USER.email);
      31 |     await page.fill('input[name="password"]', TEST_USER.password);
        at /workspace/__tests__/e2e/properties/crud.spec.ts:28:8

    Error: page.fill: Test timeout of 30000ms exceeded.
    Call log:
      - waiting for locator('input[name="email"]')


      28 |   test.beforeEach(async ({ page }) => {
      29 |     await page.goto(`${BASE_URL}/login`);
    > 30 |     await page.fill('input[name="email"]', TEST_USER.email);
         |                ^
      31 |     await page.fill('input[name="password"]', TEST_USER.password);
      32 |     await page.click('button[type="submit"]');
      33 |     await page.waitForURL(/\/dashboard|\/admin/, { timeout: 10000 });
        at /workspace/__tests__/e2e/properties/crud.spec.ts:30:16

    attachment #1: screenshot (image/png) â”€â”€â”€â”€â”€â”€â”€â”€â”€â”€â”€â”€â”€â”€â”€â”€â”€â”€â”€â”€â”€â”€â”€â”€â”€â”€â”€â”€â”€â”€â”€â”€â”€â”€â”€â”€â”€â”€â”€â”€â”€â”€â”€â”€â”€â”€â”€â”€â”€â”€â”€â”€â”€â”€â”€â”€â”€â”€
    ../../test-results/properties-crud-ðŸ -Propert-e53ea-ebe-manejar-precio-negativo-chromium/test-failed-1.png
    â”€â”€â”€â”€â”€â”€â”€â”€â”€â”€â”€â”€â”€â”€â”€â”€â”€â”€â”€â”€â”€â”€â”€â”€â”€â”€â”€â”€â”€â”€â”€â”€â”€â”€â”€â”€â”€â”€â”€â”€â”€â”€â”€â”€â”€â”€â”€â”€â”€â”€â”€â”€â”€â”€â”€â”€â”€â”€â”€â”€â”€â”€â”€â”€â”€â”€â”€â”€â”€â”€â”€â”€â”€â”€â”€â”€â”€â”€â”€â”€â”€â”€â”€â”€â”€â”€â”€â”€â”€â”€â”€â”€â”€â”€â”€â”€

    attachment #2: video (video/webm) â”€â”€â”€â”€â”€â”€â”€â”€â”€â”€â”€â”€â”€â”€â”€â”€â”€â”€â”€â”€â”€â”€â”€â”€â”€â”€â”€â”€â”€â”€â”€â”€â”€â”€â”€â”€â”€â”€â”€â”€â”€â”€â”€â”€â”€â”€â”€â”€â”€â”€â”€â”€â”€â”€â”€â”€â”€â”€â”€â”€â”€â”€
    ../../test-results/properties-crud-ðŸ -Propert-e53ea-ebe-manejar-precio-negativo-chromium/video.webm
    â”€â”€â”€â”€â”€â”€â”€â”€â”€â”€â”€â”€â”€â”€â”€â”€â”€â”€â”€â”€â”€â”€â”€â”€â”€â”€â”€â”€â”€â”€â”€â”€â”€â”€â”€â”€â”€â”€â”€â”€â”€â”€â”€â”€â”€â”€â”€â”€â”€â”€â”€â”€â”€â”€â”€â”€â”€â”€â”€â”€â”€â”€â”€â”€â”€â”€â”€â”€â”€â”€â”€â”€â”€â”€â”€â”€â”€â”€â”€â”€â”€â”€â”€â”€â”€â”€â”€â”€â”€â”€â”€â”€â”€â”€â”€â”€

    Error Context: ../../test-results/properties-crud-ðŸ -Propert-e53ea-ebe-manejar-precio-negativo-chromium/error-context.md
]]>
</failure>
<system-out>
<![CDATA[
[[ATTACHMENT|test-results/properties-crud-ðŸ -Propert-e53ea-ebe-manejar-precio-negativo-chromium/test-failed-1.png]]

[[ATTACHMENT|test-results/properties-crud-ðŸ -Propert-e53ea-ebe-manejar-precio-negativo-chromium/video.webm]]

[[ATTACHMENT|test-results/properties-crud-ðŸ -Propert-e53ea-ebe-manejar-precio-negativo-chromium/error-context.md]]
]]>
</system-out>
</testcase>
<testcase name="ðŸ  Properties - API Integration â€º âœ… Debe cargar propiedades desde la API" classname="properties/crud.spec.ts" time="30.953">
<failure message="crud.spec.ts:187:7 âœ… Debe cargar propiedades desde la API" type="FAILURE">
<![CDATA[  [chromium] â€º properties/crud.spec.ts:187:7 â€º ðŸ  Properties - API Integration â€º âœ… Debe cargar propiedades desde la API 

    Test timeout of 30000ms exceeded while running "beforeEach" hook.

      177 |
      178 | test.describe('ðŸ  Properties - API Integration', () => {
    > 179 |   test.beforeEach(async ({ page }) => {
          |        ^
      180 |     await page.goto(`${BASE_URL}/login`);
      181 |     await page.fill('input[name="email"]', TEST_USER.email);
      182 |     await page.fill('input[name="password"]', TEST_USER.password);
        at /workspace/__tests__/e2e/properties/crud.spec.ts:179:8

    Error: page.fill: Test timeout of 30000ms exceeded.
    Call log:
      - waiting for locator('input[name="email"]')


      179 |   test.beforeEach(async ({ page }) => {
      180 |     await page.goto(`${BASE_URL}/login`);
    > 181 |     await page.fill('input[name="email"]', TEST_USER.email);
          |                ^
      182 |     await page.fill('input[name="password"]', TEST_USER.password);
      183 |     await page.click('button[type="submit"]');
      184 |     await page.waitForURL(/\/dashboard|\/admin/, { timeout: 10000 });
        at /workspace/__tests__/e2e/properties/crud.spec.ts:181:16

    attachment #1: screenshot (image/png) â”€â”€â”€â”€â”€â”€â”€â”€â”€â”€â”€â”€â”€â”€â”€â”€â”€â”€â”€â”€â”€â”€â”€â”€â”€â”€â”€â”€â”€â”€â”€â”€â”€â”€â”€â”€â”€â”€â”€â”€â”€â”€â”€â”€â”€â”€â”€â”€â”€â”€â”€â”€â”€â”€â”€â”€â”€â”€
    ../../test-results/properties-crud-ðŸ -Propert-456d9-ar-propiedades-desde-la-API-chromium/test-failed-1.png
    â”€â”€â”€â”€â”€â”€â”€â”€â”€â”€â”€â”€â”€â”€â”€â”€â”€â”€â”€â”€â”€â”€â”€â”€â”€â”€â”€â”€â”€â”€â”€â”€â”€â”€â”€â”€â”€â”€â”€â”€â”€â”€â”€â”€â”€â”€â”€â”€â”€â”€â”€â”€â”€â”€â”€â”€â”€â”€â”€â”€â”€â”€â”€â”€â”€â”€â”€â”€â”€â”€â”€â”€â”€â”€â”€â”€â”€â”€â”€â”€â”€â”€â”€â”€â”€â”€â”€â”€â”€â”€â”€â”€â”€â”€â”€â”€

    attachment #2: video (video/webm) â”€â”€â”€â”€â”€â”€â”€â”€â”€â”€â”€â”€â”€â”€â”€â”€â”€â”€â”€â”€â”€â”€â”€â”€â”€â”€â”€â”€â”€â”€â”€â”€â”€â”€â”€â”€â”€â”€â”€â”€â”€â”€â”€â”€â”€â”€â”€â”€â”€â”€â”€â”€â”€â”€â”€â”€â”€â”€â”€â”€â”€â”€
    ../../test-results/properties-crud-ðŸ -Propert-456d9-ar-propiedades-desde-la-API-chromium/video.webm
    â”€â”€â”€â”€â”€â”€â”€â”€â”€â”€â”€â”€â”€â”€â”€â”€â”€â”€â”€â”€â”€â”€â”€â”€â”€â”€â”€â”€â”€â”€â”€â”€â”€â”€â”€â”€â”€â”€â”€â”€â”€â”€â”€â”€â”€â”€â”€â”€â”€â”€â”€â”€â”€â”€â”€â”€â”€â”€â”€â”€â”€â”€â”€â”€â”€â”€â”€â”€â”€â”€â”€â”€â”€â”€â”€â”€â”€â”€â”€â”€â”€â”€â”€â”€â”€â”€â”€â”€â”€â”€â”€â”€â”€â”€â”€â”€

    Error Context: ../../test-results/properties-crud-ðŸ -Propert-456d9-ar-propiedades-desde-la-API-chromium/error-context.md
]]>
</failure>
<system-out>
<![CDATA[
[[ATTACHMENT|test-results/properties-crud-ðŸ -Propert-456d9-ar-propiedades-desde-la-API-chromium/test-failed-1.png]]

[[ATTACHMENT|test-results/properties-crud-ðŸ -Propert-456d9-ar-propiedades-desde-la-API-chromium/video.webm]]

[[ATTACHMENT|test-results/properties-crud-ðŸ -Propert-456d9-ar-propiedades-desde-la-API-chromium/error-context.md]]
]]>
</system-out>
</testcase>
<testcase name="ðŸ  Properties - API Integration â€º âš ï¸ Debe manejar error de API gracefully" classname="properties/crud.spec.ts" time="31.226">
<failure message="crud.spec.ts:203:7 âš ï¸ Debe manejar error de API gracefully" type="FAILURE">
<![CDATA[  [chromium] â€º properties/crud.spec.ts:203:7 â€º ðŸ  Properties - API Integration â€º âš ï¸ Debe manejar error de API gracefully 

    Test timeout of 30000ms exceeded while running "beforeEach" hook.

      177 |
      178 | test.describe('ðŸ  Properties - API Integration', () => {
    > 179 |   test.beforeEach(async ({ page }) => {
          |        ^
      180 |     await page.goto(`${BASE_URL}/login`);
      181 |     await page.fill('input[name="email"]', TEST_USER.email);
      182 |     await page.fill('input[name="password"]', TEST_USER.password);
        at /workspace/__tests__/e2e/properties/crud.spec.ts:179:8

    Error: page.fill: Test timeout of 30000ms exceeded.
    Call log:
      - waiting for locator('input[name="email"]')


      179 |   test.beforeEach(async ({ page }) => {
      180 |     await page.goto(`${BASE_URL}/login`);
    > 181 |     await page.fill('input[name="email"]', TEST_USER.email);
          |                ^
      182 |     await page.fill('input[name="password"]', TEST_USER.password);
      183 |     await page.click('button[type="submit"]');
      184 |     await page.waitForURL(/\/dashboard|\/admin/, { timeout: 10000 });
        at /workspace/__tests__/e2e/properties/crud.spec.ts:181:16

    attachment #1: screenshot (image/png) â”€â”€â”€â”€â”€â”€â”€â”€â”€â”€â”€â”€â”€â”€â”€â”€â”€â”€â”€â”€â”€â”€â”€â”€â”€â”€â”€â”€â”€â”€â”€â”€â”€â”€â”€â”€â”€â”€â”€â”€â”€â”€â”€â”€â”€â”€â”€â”€â”€â”€â”€â”€â”€â”€â”€â”€â”€â”€
    ../../test-results/properties-crud-ðŸ -Propert-a9215-jar-error-de-API-gracefully-chromium/test-failed-1.png
    â”€â”€â”€â”€â”€â”€â”€â”€â”€â”€â”€â”€â”€â”€â”€â”€â”€â”€â”€â”€â”€â”€â”€â”€â”€â”€â”€â”€â”€â”€â”€â”€â”€â”€â”€â”€â”€â”€â”€â”€â”€â”€â”€â”€â”€â”€â”€â”€â”€â”€â”€â”€â”€â”€â”€â”€â”€â”€â”€â”€â”€â”€â”€â”€â”€â”€â”€â”€â”€â”€â”€â”€â”€â”€â”€â”€â”€â”€â”€â”€â”€â”€â”€â”€â”€â”€â”€â”€â”€â”€â”€â”€â”€â”€â”€â”€

    attachment #2: video (video/webm) â”€â”€â”€â”€â”€â”€â”€â”€â”€â”€â”€â”€â”€â”€â”€â”€â”€â”€â”€â”€â”€â”€â”€â”€â”€â”€â”€â”€â”€â”€â”€â”€â”€â”€â”€â”€â”€â”€â”€â”€â”€â”€â”€â”€â”€â”€â”€â”€â”€â”€â”€â”€â”€â”€â”€â”€â”€â”€â”€â”€â”€â”€
    ../../test-results/properties-crud-ðŸ -Propert-a9215-jar-error-de-API-gracefully-chromium/video.webm
    â”€â”€â”€â”€â”€â”€â”€â”€â”€â”€â”€â”€â”€â”€â”€â”€â”€â”€â”€â”€â”€â”€â”€â”€â”€â”€â”€â”€â”€â”€â”€â”€â”€â”€â”€â”€â”€â”€â”€â”€â”€â”€â”€â”€â”€â”€â”€â”€â”€â”€â”€â”€â”€â”€â”€â”€â”€â”€â”€â”€â”€â”€â”€â”€â”€â”€â”€â”€â”€â”€â”€â”€â”€â”€â”€â”€â”€â”€â”€â”€â”€â”€â”€â”€â”€â”€â”€â”€â”€â”€â”€â”€â”€â”€â”€â”€

    Error Context: ../../test-results/properties-crud-ðŸ -Propert-a9215-jar-error-de-API-gracefully-chromium/error-context.md
]]>
</failure>
<system-out>
<![CDATA[
[[ATTACHMENT|test-results/properties-crud-ðŸ -Propert-a9215-jar-error-de-API-gracefully-chromium/test-failed-1.png]]

[[ATTACHMENT|test-results/properties-crud-ðŸ -Propert-a9215-jar-error-de-API-gracefully-chromium/video.webm]]

[[ATTACHMENT|test-results/properties-crud-ðŸ -Propert-a9215-jar-error-de-API-gracefully-chromium/error-context.md]]
]]>
</system-out>
</testcase>
</testsuite>
<testsuite name="super-admin-exhaustive.spec.ts" timestamp="2026-01-08T12:53:10.552Z" hostname="chromium" tests="149" failures="2" skipped="147" time="23.286" errors="0">
<testcase name="Super Admin - Test Exhaustivo de PÃ¡ginas y Botones â€º SecciÃ³n: platformManagement â€º Dashboard Super Admin (/admin/dashboard)" classname="super-admin-exhaustive.spec.ts" time="0">
<failure message="super-admin-exhaustive.spec.ts:451:13 Dashboard Super Admin (/admin/dashboard)" type="FAILURE">
<![CDATA[  [chromium] â€º super-admin-exhaustive.spec.ts:451:13 â€º Super Admin - Test Exhaustivo de PÃ¡ginas y Botones â€º SecciÃ³n: platformManagement â€º Dashboard Super Admin (/admin/dashboard) 

    Error: expect(received).toBe(expected) // Object.is equality

    Expected: true
    Received: false

      412 |     // Login como super admin
      413 |     const loginSuccess = await loginAsSuperAdmin(page);
    > 414 |     expect(loginSuccess).toBe(true);
          |                          ^
      415 |   });
      416 |
      417 |   test.afterAll(async () => {
        at /workspace/__tests__/e2e/super-admin-exhaustive.spec.ts:414:26

    attachment #1: screenshot (image/png) â”€â”€â”€â”€â”€â”€â”€â”€â”€â”€â”€â”€â”€â”€â”€â”€â”€â”€â”€â”€â”€â”€â”€â”€â”€â”€â”€â”€â”€â”€â”€â”€â”€â”€â”€â”€â”€â”€â”€â”€â”€â”€â”€â”€â”€â”€â”€â”€â”€â”€â”€â”€â”€â”€â”€â”€â”€â”€
    ../../test-results/super-admin-exhaustive-Sup-5ad33-uper-Admin-admin-dashboard--chromium/test-failed-1.png
    â”€â”€â”€â”€â”€â”€â”€â”€â”€â”€â”€â”€â”€â”€â”€â”€â”€â”€â”€â”€â”€â”€â”€â”€â”€â”€â”€â”€â”€â”€â”€â”€â”€â”€â”€â”€â”€â”€â”€â”€â”€â”€â”€â”€â”€â”€â”€â”€â”€â”€â”€â”€â”€â”€â”€â”€â”€â”€â”€â”€â”€â”€â”€â”€â”€â”€â”€â”€â”€â”€â”€â”€â”€â”€â”€â”€â”€â”€â”€â”€â”€â”€â”€â”€â”€â”€â”€â”€â”€â”€â”€â”€â”€â”€â”€â”€

    Error Context: ../../test-results/super-admin-exhaustive-Sup-5ad33-uper-Admin-admin-dashboard--chromium/error-context.md
]]>
</failure>
<system-out>
<![CDATA[

================================================================================
REPORTE FINAL - TEST EXHAUSTIVO SUPER ADMIN
================================================================================

Total de rutas testeadas: 0
âœ… Exitosas: 0
âš ï¸ Redirecciones: 0
âŒ Errores 404: 0
ðŸ”´ Errores 500: 0
â±ï¸ Timeouts: 0
âšª Otros errores: 0

[[ATTACHMENT|test-results/super-admin-exhaustive-Sup-5ad33-uper-Admin-admin-dashboard--chromium/test-failed-1.png]]

[[ATTACHMENT|test-results/super-admin-exhaustive-Sup-5ad33-uper-Admin-admin-dashboard--chromium/error-context.md]]
]]>
</system-out>
<system-err>
<![CDATA[Error en login: page.waitForURL: Timeout 20000ms exceeded.
=========================== logs ===========================
waiting for navigation until "load"
============================================================
    at loginAsSuperAdmin [90m(/workspace/[39m__tests__/e2e/super-admin-exhaustive.spec.ts:287:16[90m)[39m
    at [90m/workspace/[39m__tests__/e2e/super-admin-exhaustive.spec.ts:413:26 {
  name: [32m'TimeoutError'[39m,
  [[32mSymbol(step)[39m]: {
    location: {
      file: [32m'/workspace/__tests__/e2e/super-admin-exhaustive.spec.ts'[39m,
      line: [33m287[39m,
      column: [33m16[39m,
      function: [32m'loginAsSuperAdmin'[39m
    },
    category: [32m'pw:api'[39m,
    title: [32m'Wait for navigation'[39m,
    apiName: [32m'page.waitForURL'[39m,
    params: { info: [36m[Object][39m },
    group: [90mundefined[39m,
    stepId: [32m'pw:api@35'[39m,
    boxedStack: [90mundefined[39m,
    steps: [],
    attachmentIndices: [],
    info: TestStepInfoImpl {
      annotations: [],
      _testInfo: [36m[TestInfoImpl][39m,
      _stepId: [32m'pw:api@35'[39m,
      _title: [32m'Wait for navigation'[39m,
      _parentStep: [36m[TestStepInfoImpl][39m,
      skip: [36m[Function (anonymous)][39m
    },
    complete: [36m[Function: complete][39m,
    endWallTime: [33m1767877298763[39m,
    error: {
      message: [32m'TimeoutError: page.waitForURL: Timeout 20000ms exceeded.\n'[39m +
        [32m'=========================== logs ===========================\n'[39m +
        [32m'waiting for navigation until "load"\n'[39m +
        [32m'============================================================'[39m,
      stack: [32m'TimeoutError: page.waitForURL: Timeout 20000ms exceeded.\n'[39m +
        [32m'=========================== logs ===========================\n'[39m +
        [32m'waiting for navigation until "load"\n'[39m +
        [32m'============================================================\n'[39m +
        [32m'    at loginAsSuperAdmin (/workspace/__tests__/e2e/super-admin-exhaustive.spec.ts:287:16)\n'[39m +
        [32m'    at /workspace/__tests__/e2e/super-admin-exhaustive.spec.ts:413:26'[39m,
      cause: [90mundefined[39m
    }
  }
}
]]>
</system-err>
</testcase>
<testcase name="Super Admin - Test Exhaustivo de PÃ¡ginas y Botones â€º SecciÃ³n: platformManagement â€º GestiÃ³n de Clientes (B2B) (/admin/clientes)" classname="super-admin-exhaustive.spec.ts" time="0">
<skipped>
</skipped>
</testcase>
<testcase name="Super Admin - Test Exhaustivo de PÃ¡ginas y Botones â€º SecciÃ³n: platformManagement â€º Comparar Clientes (/admin/clientes/comparar)" classname="super-admin-exhaustive.spec.ts" time="0">
<skipped>
</skipped>
</testcase>
<testcase name="Super Admin - Test Exhaustivo de PÃ¡ginas y Botones â€º SecciÃ³n: platformManagement â€º Integraciones (/dashboard/integrations)" classname="super-admin-exhaustive.spec.ts" time="0">
<skipped>
</skipped>
</testcase>
<testcase name="Super Admin - Test Exhaustivo de PÃ¡ginas y Botones â€º SecciÃ³n: platformManagement â€º Planes y FacturaciÃ³n B2B (/admin/planes)" classname="super-admin-exhaustive.spec.ts" time="0">
<skipped>
</skipped>
</testcase>
<testcase name="Super Admin - Test Exhaustivo de PÃ¡ginas y Botones â€º SecciÃ³n: platformManagement â€º FacturaciÃ³n B2B (/admin/facturacion-b2b)" classname="super-admin-exhaustive.spec.ts" time="0">
<skipped>
</skipped>
</testcase>
<testcase name="Super Admin - Test Exhaustivo de PÃ¡ginas y Botones â€º SecciÃ³n: platformManagement â€º Partners y Aliados (/admin/partners)" classname="super-admin-exhaustive.spec.ts" time="0">
<skipped>
</skipped>
</testcase>
<testcase name="Super Admin - Test Exhaustivo de PÃ¡ginas y Botones â€º SecciÃ³n: platformManagement â€º Integraciones Contables (/admin/integraciones-contables)" classname="super-admin-exhaustive.spec.ts" time="0">
<skipped>
</skipped>
</testcase>
<testcase name="Super Admin - Test Exhaustivo de PÃ¡ginas y Botones â€º SecciÃ³n: platformManagement â€º Marketplace Admin (/admin/marketplace)" classname="super-admin-exhaustive.spec.ts" time="0">
<skipped>
</skipped>
</testcase>
<testcase name="Super Admin - Test Exhaustivo de PÃ¡ginas y Botones â€º SecciÃ³n: platformManagement â€º Plantillas SMS (/admin/plantillas-sms)" classname="super-admin-exhaustive.spec.ts" time="0">
<skipped>
</skipped>
</testcase>
<testcase name="Super Admin - Test Exhaustivo de PÃ¡ginas y Botones â€º SecciÃ³n: platformManagement â€º Firma Digital Config (/admin/firma-digital)" classname="super-admin-exhaustive.spec.ts" time="0">
<skipped>
</skipped>
</testcase>
<testcase name="Super Admin - Test Exhaustivo de PÃ¡ginas y Botones â€º SecciÃ³n: platformManagement â€º OCR Import Config (/admin/ocr-import)" classname="super-admin-exhaustive.spec.ts" time="0">
<skipped>
</skipped>
</testcase>
<testcase name="Super Admin - Test Exhaustivo de PÃ¡ginas y Botones â€º SecciÃ³n: platformManagement â€º Actividad de Sistema (/admin/activity)" classname="super-admin-exhaustive.spec.ts" time="0">
<skipped>
</skipped>
</testcase>
<testcase name="Super Admin - Test Exhaustivo de PÃ¡ginas y Botones â€º SecciÃ³n: platformManagement â€º Alertas de Sistema (/admin/alertas)" classname="super-admin-exhaustive.spec.ts" time="0">
<skipped>
</skipped>
</testcase>
<testcase name="Super Admin - Test Exhaustivo de PÃ¡ginas y Botones â€º SecciÃ³n: platformManagement â€º Salud del Sistema (/admin/salud-sistema)" classname="super-admin-exhaustive.spec.ts" time="0">
<skipped>
</skipped>
</testcase>
<testcase name="Super Admin - Test Exhaustivo de PÃ¡ginas y Botones â€º SecciÃ³n: platformManagement â€º MÃ©tricas de Uso (/admin/metricas-uso)" classname="super-admin-exhaustive.spec.ts" time="0">
<skipped>
</skipped>
</testcase>
<testcase name="Super Admin - Test Exhaustivo de PÃ¡ginas y Botones â€º SecciÃ³n: platformManagement â€º Aprobaciones Pendientes (/admin/aprobaciones)" classname="super-admin-exhaustive.spec.ts" time="0">
<skipped>
</skipped>
</testcase>
<testcase name="Super Admin - Test Exhaustivo de PÃ¡ginas y Botones â€º SecciÃ³n: platformManagement â€º Reportes Programados (/admin/reportes-programados)" classname="super-admin-exhaustive.spec.ts" time="0">
<skipped>
</skipped>
</testcase>
<testcase name="Super Admin - Test Exhaustivo de PÃ¡ginas y Botones â€º SecciÃ³n: platformManagement â€º Portales Externos (/admin/portales-externos)" classname="super-admin-exhaustive.spec.ts" time="0">
<skipped>
</skipped>
</testcase>
<testcase name="Super Admin - Test Exhaustivo de PÃ¡ginas y Botones â€º SecciÃ³n: platformManagement â€º Seguridad (/admin/seguridad)" classname="super-admin-exhaustive.spec.ts" time="0">
<skipped>
</skipped>
</testcase>
<testcase name="Super Admin - Test Exhaustivo de PÃ¡ginas y Botones â€º SecciÃ³n: platformManagement â€º Sugerencias (/admin/sugerencias)" classname="super-admin-exhaustive.spec.ts" time="0">
<skipped>
</skipped>
</testcase>
<testcase name="Super Admin - Test Exhaustivo de PÃ¡ginas y Botones â€º SecciÃ³n: platformManagement â€º MÃ³dulos (/admin/modulos)" classname="super-admin-exhaustive.spec.ts" time="0">
<skipped>
</skipped>
</testcase>
<testcase name="Super Admin - Test Exhaustivo de PÃ¡ginas y Botones â€º SecciÃ³n: platformManagement â€º Usuarios (/admin/usuarios)" classname="super-admin-exhaustive.spec.ts" time="0">
<skipped>
</skipped>
</testcase>
<testcase name="Super Admin - Test Exhaustivo de PÃ¡ginas y Botones â€º SecciÃ³n: platformManagement â€º Backup y Restore (/admin/backup-restore)" classname="super-admin-exhaustive.spec.ts" time="0">
<skipped>
</skipped>
</testcase>
<testcase name="Super Admin - Test Exhaustivo de PÃ¡ginas y Botones â€º SecciÃ³n: platformManagement â€º ConfiguraciÃ³n (/admin/configuracion)" classname="super-admin-exhaustive.spec.ts" time="0">
<skipped>
</skipped>
</testcase>
<testcase name="Super Admin - Test Exhaustivo de PÃ¡ginas y Botones â€º SecciÃ³n: platformManagement â€º Legal (/admin/legal)" classname="super-admin-exhaustive.spec.ts" time="0">
<skipped>
</skipped>
</testcase>
<testcase name="Super Admin - Test Exhaustivo de PÃ¡ginas y Botones â€º SecciÃ³n: platformManagement â€º PersonalizaciÃ³n (/admin/personalizacion)" classname="super-admin-exhaustive.spec.ts" time="0">
<skipped>
</skipped>
</testcase>
<testcase name="Super Admin - Test Exhaustivo de PÃ¡ginas y Botones â€º SecciÃ³n: platformManagement â€º Importar Datos (/admin/importar)" classname="super-admin-exhaustive.spec.ts" time="0">
<skipped>
</skipped>
</testcase>
<testcase name="Super Admin - Test Exhaustivo de PÃ¡ginas y Botones â€º SecciÃ³n: platformManagement â€º Recuperar ContraseÃ±a (/admin/recuperar-contrasena)" classname="super-admin-exhaustive.spec.ts" time="0">
<skipped>
</skipped>
</testcase>
<testcase name="Super Admin - Test Exhaustivo de PÃ¡ginas y Botones â€º SecciÃ³n: companyManagement â€º ConfiguraciÃ³n General (/configuracion)" classname="super-admin-exhaustive.spec.ts" time="0">
<skipped>
</skipped>
</testcase>
<testcase name="Super Admin - Test Exhaustivo de PÃ¡ginas y Botones â€º SecciÃ³n: companyManagement â€º Usuarios (/admin/usuarios)" classname="super-admin-exhaustive.spec.ts" time="0">
<skipped>
</skipped>
</testcase>
<testcase name="Super Admin - Test Exhaustivo de PÃ¡ginas y Botones â€º SecciÃ³n: companyManagement â€º MÃ³dulos Activos (/admin/modulos)" classname="super-admin-exhaustive.spec.ts" time="0">
<skipped>
</skipped>
</testcase>
<testcase name="Super Admin - Test Exhaustivo de PÃ¡ginas y Botones â€º SecciÃ³n: companyManagement â€º PersonalizaciÃ³n (/admin/personalizacion)" classname="super-admin-exhaustive.spec.ts" time="0">
<skipped>
</skipped>
</testcase>
<testcase name="Super Admin - Test Exhaustivo de PÃ¡ginas y Botones â€º SecciÃ³n: companyManagement â€º Mi Perfil (/perfil)" classname="super-admin-exhaustive.spec.ts" time="0">
<skipped>
</skipped>
</testcase>
<testcase name="Super Admin - Test Exhaustivo de PÃ¡ginas y Botones â€º SecciÃ³n: dashboard â€º Dashboard Principal (/dashboard)" classname="super-admin-exhaustive.spec.ts" time="0">
<skipped>
</skipped>
</testcase>
<testcase name="Super Admin - Test Exhaustivo de PÃ¡ginas y Botones â€º SecciÃ³n: dashboard â€º Dashboard Adaptativo (/dashboard/adaptive)" classname="super-admin-exhaustive.spec.ts" time="0">
<skipped>
</skipped>
</testcase>
<testcase name="Super Admin - Test Exhaustivo de PÃ¡ginas y Botones â€º SecciÃ³n: alquilerResidencial â€º Dashboard Alquiler (/traditional-rental)" classname="super-admin-exhaustive.spec.ts" time="0">
<skipped>
</skipped>
</testcase>
<testcase name="Super Admin - Test Exhaustivo de PÃ¡ginas y Botones â€º SecciÃ³n: alquilerResidencial â€º Edificios (/edificios)" classname="super-admin-exhaustive.spec.ts" time="0">
<skipped>
</skipped>
</testcase>
<testcase name="Super Admin - Test Exhaustivo de PÃ¡ginas y Botones â€º SecciÃ³n: alquilerResidencial â€º Unidades (/unidades)" classname="super-admin-exhaustive.spec.ts" time="0">
<skipped>
</skipped>
</testcase>
<testcase name="Super Admin - Test Exhaustivo de PÃ¡ginas y Botones â€º SecciÃ³n: alquilerResidencial â€º Garajes y Trasteros (/garajes-trasteros)" classname="super-admin-exhaustive.spec.ts" time="0">
<skipped>
</skipped>
</testcase>
<testcase name="Super Admin - Test Exhaustivo de PÃ¡ginas y Botones â€º SecciÃ³n: alquilerResidencial â€º Propiedades (/propiedades)" classname="super-admin-exhaustive.spec.ts" time="0">
<skipped>
</skipped>
</testcase>
<testcase name="Super Admin - Test Exhaustivo de PÃ¡ginas y Botones â€º SecciÃ³n: alquilerResidencial â€º Inquilinos (/inquilinos)" classname="super-admin-exhaustive.spec.ts" time="0">
<skipped>
</skipped>
</testcase>
<testcase name="Super Admin - Test Exhaustivo de PÃ¡ginas y Botones â€º SecciÃ³n: alquilerResidencial â€º Contratos (/contratos)" classname="super-admin-exhaustive.spec.ts" time="0">
<skipped>
</skipped>
</testcase>
<testcase name="Super Admin - Test Exhaustivo de PÃ¡ginas y Botones â€º SecciÃ³n: alquilerResidencial â€º Candidatos (/candidatos)" classname="super-admin-exhaustive.spec.ts" time="0">
<skipped>
</skipped>
</testcase>
<testcase name="Super Admin - Test Exhaustivo de PÃ¡ginas y Botones â€º SecciÃ³n: alquilerResidencial â€º Screening Inquilinos (/screening)" classname="super-admin-exhaustive.spec.ts" time="0">
<skipped>
</skipped>
</testcase>
<testcase name="Super Admin - Test Exhaustivo de PÃ¡ginas y Botones â€º SecciÃ³n: alquilerResidencial â€º Valoraciones Propiedades (/valoraciones)" classname="super-admin-exhaustive.spec.ts" time="0">
<skipped>
</skipped>
</testcase>
<testcase name="Super Admin - Test Exhaustivo de PÃ¡ginas y Botones â€º SecciÃ³n: alquilerResidencial â€º Inspecciones (/inspecciones)" classname="super-admin-exhaustive.spec.ts" time="0">
<skipped>
</skipped>
</testcase>
<testcase name="Super Admin - Test Exhaustivo de PÃ¡ginas y Botones â€º SecciÃ³n: alquilerResidencial â€º Certificaciones (/certificaciones)" classname="super-admin-exhaustive.spec.ts" time="0">
<skipped>
</skipped>
</testcase>
<testcase name="Super Admin - Test Exhaustivo de PÃ¡ginas y Botones â€º SecciÃ³n: alquilerResidencial â€º Seguros (/seguros)" classname="super-admin-exhaustive.spec.ts" time="0">
<skipped>
</skipped>
</testcase>
<testcase name="Super Admin - Test Exhaustivo de PÃ¡ginas y Botones â€º SecciÃ³n: str â€º Dashboard STR (/str)" classname="super-admin-exhaustive.spec.ts" time="0">
<skipped>
</skipped>
</testcase>
<testcase name="Super Admin - Test Exhaustivo de PÃ¡ginas y Botones â€º SecciÃ³n: str â€º Anuncios y Listados (/str/listings)" classname="super-admin-exhaustive.spec.ts" time="0">
<skipped>
</skipped>
</testcase>
<testcase name="Super Admin - Test Exhaustivo de PÃ¡ginas y Botones â€º SecciÃ³n: str â€º Reservas STR (/str/bookings)" classname="super-admin-exhaustive.spec.ts" time="0">
<skipped>
</skipped>
</testcase>
<testcase name="Super Admin - Test Exhaustivo de PÃ¡ginas y Botones â€º SecciÃ³n: str â€º Channel Manager (/str/channels)" classname="super-admin-exhaustive.spec.ts" time="0">
<skipped>
</skipped>
</testcase>
<testcase name="Super Admin - Test Exhaustivo de PÃ¡ginas y Botones â€º SecciÃ³n: str â€º Pricing DinÃ¡mico (/str/pricing)" classname="super-admin-exhaustive.spec.ts" time="0">
<skipped>
</skipped>
</testcase>
<testcase name="Super Admin - Test Exhaustivo de PÃ¡ginas y Botones â€º SecciÃ³n: str â€º GestiÃ³n de Reviews (/str/reviews)" classname="super-admin-exhaustive.spec.ts" time="0">
<skipped>
</skipped>
</testcase>
<testcase name="Super Admin - Test Exhaustivo de PÃ¡ginas y Botones â€º SecciÃ³n: str â€º Limpieza y Housekeeping (/str-housekeeping)" classname="super-admin-exhaustive.spec.ts" time="0">
<skipped>
</skipped>
</testcase>
<testcase name="Super Admin - Test Exhaustivo de PÃ¡ginas y Botones â€º SecciÃ³n: str â€º STR Avanzado (/str-advanced)" classname="super-admin-exhaustive.spec.ts" time="0">
<skipped>
</skipped>
</testcase>
<testcase name="Super Admin - Test Exhaustivo de PÃ¡ginas y Botones â€º SecciÃ³n: coliving â€º Room Rental (/room-rental)" classname="super-admin-exhaustive.spec.ts" time="0">
<skipped>
</skipped>
</testcase>
<testcase name="Super Admin - Test Exhaustivo de PÃ¡ginas y Botones â€º SecciÃ³n: coliving â€º Comunidad Social (/comunidad-social)" classname="super-admin-exhaustive.spec.ts" time="0">
<skipped>
</skipped>
</testcase>
<testcase name="Super Admin - Test Exhaustivo de PÃ¡ginas y Botones â€º SecciÃ³n: coliving â€º Reservas Espacios Comunes (/reservas)" classname="super-admin-exhaustive.spec.ts" time="0">
<skipped>
</skipped>
</testcase>
<testcase name="Super Admin - Test Exhaustivo de PÃ¡ginas y Botones â€º SecciÃ³n: buildToRent â€º Proyectos ConstrucciÃ³n (/construction/projects)" classname="super-admin-exhaustive.spec.ts" time="0">
<skipped>
</skipped>
</testcase>
<testcase name="Super Admin - Test Exhaustivo de PÃ¡ginas y Botones â€º SecciÃ³n: buildToRent â€º Gantt y Cronograma (/construction/gantt)" classname="super-admin-exhaustive.spec.ts" time="0">
<skipped>
</skipped>
</testcase>
<testcase name="Super Admin - Test Exhaustivo de PÃ¡ginas y Botones â€º SecciÃ³n: buildToRent â€º Control de Calidad (/construction/quality-control)" classname="super-admin-exhaustive.spec.ts" time="0">
<skipped>
</skipped>
</testcase>
<testcase name="Super Admin - Test Exhaustivo de PÃ¡ginas y Botones â€º SecciÃ³n: buildToRent â€º Proveedores (/proveedores)" classname="super-admin-exhaustive.spec.ts" time="0">
<skipped>
</skipped>
</testcase>
<testcase name="Super Admin - Test Exhaustivo de PÃ¡ginas y Botones â€º SecciÃ³n: buildToRent â€º Ã“rdenes de Trabajo (/ordenes-trabajo)" classname="super-admin-exhaustive.spec.ts" time="0">
<skipped>
</skipped>
</testcase>
<testcase name="Super Admin - Test Exhaustivo de PÃ¡ginas y Botones â€º SecciÃ³n: flipping â€º Dashboard Flipping (/flipping/dashboard)" classname="super-admin-exhaustive.spec.ts" time="0">
<skipped>
</skipped>
</testcase>
<testcase name="Super Admin - Test Exhaustivo de PÃ¡ginas y Botones â€º SecciÃ³n: flipping â€º Proyectos Flipping (/flipping/projects)" classname="super-admin-exhaustive.spec.ts" time="0">
<skipped>
</skipped>
</testcase>
<testcase name="Super Admin - Test Exhaustivo de PÃ¡ginas y Botones â€º SecciÃ³n: flipping â€º Calculadora ROI (/flipping/calculator)" classname="super-admin-exhaustive.spec.ts" time="0">
<skipped>
</skipped>
</testcase>
<testcase name="Super Admin - Test Exhaustivo de PÃ¡ginas y Botones â€º SecciÃ³n: flipping â€º Comparador de Propiedades (/flipping/comparator)" classname="super-admin-exhaustive.spec.ts" time="0">
<skipped>
</skipped>
</testcase>
<testcase name="Super Admin - Test Exhaustivo de PÃ¡ginas y Botones â€º SecciÃ³n: flipping â€º Timeline de Proyectos (/flipping/timeline)" classname="super-admin-exhaustive.spec.ts" time="0">
<skipped>
</skipped>
</testcase>
<testcase name="Super Admin - Test Exhaustivo de PÃ¡ginas y Botones â€º SecciÃ³n: comercial â€º Servicios Profesionales (/professional/projects)" classname="super-admin-exhaustive.spec.ts" time="0">
<skipped>
</skipped>
</testcase>
<testcase name="Super Admin - Test Exhaustivo de PÃ¡ginas y Botones â€º SecciÃ³n: comercial â€º Clientes Comerciales (/professional/clients)" classname="super-admin-exhaustive.spec.ts" time="0">
<skipped>
</skipped>
</testcase>
<testcase name="Super Admin - Test Exhaustivo de PÃ¡ginas y Botones â€º SecciÃ³n: comercial â€º FacturaciÃ³n Comercial (/professional/invoicing)" classname="super-admin-exhaustive.spec.ts" time="0">
<skipped>
</skipped>
</testcase>
<testcase name="Super Admin - Test Exhaustivo de PÃ¡ginas y Botones â€º SecciÃ³n: adminFincas â€º Portal Admin Fincas (/comunidades)" classname="super-admin-exhaustive.spec.ts" time="0">
<skipped>
</skipped>
</testcase>
<testcase name="Super Admin - Test Exhaustivo de PÃ¡ginas y Botones â€º SecciÃ³n: adminFincas â€º Anuncios Comunidad (/anuncios)" classname="super-admin-exhaustive.spec.ts" time="0">
<skipped>
</skipped>
</testcase>
<testcase name="Super Admin - Test Exhaustivo de PÃ¡ginas y Botones â€º SecciÃ³n: adminFincas â€º Votaciones (/votaciones)" classname="super-admin-exhaustive.spec.ts" time="0">
<skipped>
</skipped>
</testcase>
<testcase name="Super Admin - Test Exhaustivo de PÃ¡ginas y Botones â€º SecciÃ³n: adminFincas â€º Reuniones y Actas (/reuniones)" classname="super-admin-exhaustive.spec.ts" time="0">
<skipped>
</skipped>
</testcase>
<testcase name="Super Admin - Test Exhaustivo de PÃ¡ginas y Botones â€º SecciÃ³n: adminFincas â€º Cuotas y Derramas (/comunidades/cuotas)" classname="super-admin-exhaustive.spec.ts" time="0">
<skipped>
</skipped>
</testcase>
<testcase name="Super Admin - Test Exhaustivo de PÃ¡ginas y Botones â€º SecciÃ³n: adminFincas â€º Fondos de Reserva (/comunidades/fondos)" classname="super-admin-exhaustive.spec.ts" time="0">
<skipped>
</skipped>
</testcase>
<testcase name="Super Admin - Test Exhaustivo de PÃ¡ginas y Botones â€º SecciÃ³n: adminFincas â€º Finanzas Comunidad (/comunidades/finanzas)" classname="super-admin-exhaustive.spec.ts" time="0">
<skipped>
</skipped>
</testcase>
<testcase name="Super Admin - Test Exhaustivo de PÃ¡ginas y Botones â€º SecciÃ³n: finanzas â€º Pagos (/pagos)" classname="super-admin-exhaustive.spec.ts" time="0">
<skipped>
</skipped>
</testcase>
<testcase name="Super Admin - Test Exhaustivo de PÃ¡ginas y Botones â€º SecciÃ³n: finanzas â€º Gastos (/gastos)" classname="super-admin-exhaustive.spec.ts" time="0">
<skipped>
</skipped>
</testcase>
<testcase name="Super Admin - Test Exhaustivo de PÃ¡ginas y Botones â€º SecciÃ³n: finanzas â€º Presupuestos (/dashboard/budgets)" classname="super-admin-exhaustive.spec.ts" time="0">
<skipped>
</skipped>
</testcase>
<testcase name="Super Admin - Test Exhaustivo de PÃ¡ginas y Botones â€º SecciÃ³n: finanzas â€º FacturaciÃ³n (/facturacion)" classname="super-admin-exhaustive.spec.ts" time="0">
<skipped>
</skipped>
</testcase>
<testcase name="Super Admin - Test Exhaustivo de PÃ¡ginas y Botones â€º SecciÃ³n: finanzas â€º Contabilidad (/contabilidad)" classname="super-admin-exhaustive.spec.ts" time="0">
<skipped>
</skipped>
</testcase>
<testcase name="Super Admin - Test Exhaustivo de PÃ¡ginas y Botones â€º SecciÃ³n: finanzas â€º Open Banking (/open-banking)" classname="super-admin-exhaustive.spec.ts" time="0">
<skipped>
</skipped>
</testcase>
<testcase name="Super Admin - Test Exhaustivo de PÃ¡ginas y Botones â€º SecciÃ³n: analytics â€º Business Intelligence (/bi)" classname="super-admin-exhaustive.spec.ts" time="0">
<skipped>
</skipped>
</testcase>
<testcase name="Super Admin - Test Exhaustivo de PÃ¡ginas y Botones â€º SecciÃ³n: analytics â€º Analytics (/analytics)" classname="super-admin-exhaustive.spec.ts" time="0">
<skipped>
</skipped>
</testcase>
<testcase name="Super Admin - Test Exhaustivo de PÃ¡ginas y Botones â€º SecciÃ³n: analytics â€º Reportes (/reportes)" classname="super-admin-exhaustive.spec.ts" time="0">
<skipped>
</skipped>
</testcase>
<testcase name="Super Admin - Test Exhaustivo de PÃ¡ginas y Botones â€º SecciÃ³n: analytics â€º Asistente IA (/asistente-ia)" classname="super-admin-exhaustive.spec.ts" time="0">
<skipped>
</skipped>
</testcase>
<testcase name="Super Admin - Test Exhaustivo de PÃ¡ginas y Botones â€º SecciÃ³n: operaciones â€º Mantenimiento (/mantenimiento)" classname="super-admin-exhaustive.spec.ts" time="0">
<skipped>
</skipped>
</testcase>
<testcase name="Super Admin - Test Exhaustivo de PÃ¡ginas y Botones â€º SecciÃ³n: operaciones â€º Tareas (/tareas)" classname="super-admin-exhaustive.spec.ts" time="0">
<skipped>
</skipped>
</testcase>
<testcase name="Super Admin - Test Exhaustivo de PÃ¡ginas y Botones â€º SecciÃ³n: operaciones â€º Incidencias (/incidencias)" classname="super-admin-exhaustive.spec.ts" time="0">
<skipped>
</skipped>
</testcase>
<testcase name="Super Admin - Test Exhaustivo de PÃ¡ginas y Botones â€º SecciÃ³n: operaciones â€º Calendario (/calendario)" classname="super-admin-exhaustive.spec.ts" time="0">
<skipped>
</skipped>
</testcase>
<testcase name="Super Admin - Test Exhaustivo de PÃ¡ginas y Botones â€º SecciÃ³n: operaciones â€º Visitas y Showings (/visitas)" classname="super-admin-exhaustive.spec.ts" time="0">
<skipped>
</skipped>
</testcase>
<testcase name="Super Admin - Test Exhaustivo de PÃ¡ginas y Botones â€º SecciÃ³n: comunicaciones â€º Chat (/chat)" classname="super-admin-exhaustive.spec.ts" time="0">
<skipped>
</skipped>
</testcase>
<testcase name="Super Admin - Test Exhaustivo de PÃ¡ginas y Botones â€º SecciÃ³n: comunicaciones â€º Notificaciones (/notificaciones)" classname="super-admin-exhaustive.spec.ts" time="0">
<skipped>
</skipped>
</testcase>
<testcase name="Super Admin - Test Exhaustivo de PÃ¡ginas y Botones â€º SecciÃ³n: comunicaciones â€º SMS (/sms)" classname="super-admin-exhaustive.spec.ts" time="0">
<skipped>
</skipped>
</testcase>
<testcase name="Super Admin - Test Exhaustivo de PÃ¡ginas y Botones â€º SecciÃ³n: comunicaciones â€º GestiÃ³n de Redes Sociales (/dashboard/social-media)" classname="super-admin-exhaustive.spec.ts" time="0">
<skipped>
</skipped>
</testcase>
<testcase name="Super Admin - Test Exhaustivo de PÃ¡ginas y Botones â€º SecciÃ³n: documentosLegal â€º Documentos (/documentos)" classname="super-admin-exhaustive.spec.ts" time="0">
<skipped>
</skipped>
</testcase>
<testcase name="Super Admin - Test Exhaustivo de PÃ¡ginas y Botones â€º SecciÃ³n: documentosLegal â€º OCR Documentos (/ocr)" classname="super-admin-exhaustive.spec.ts" time="0">
<skipped>
</skipped>
</testcase>
<testcase name="Super Admin - Test Exhaustivo de PÃ¡ginas y Botones â€º SecciÃ³n: documentosLegal â€º Firma Digital (/firma-digital)" classname="super-admin-exhaustive.spec.ts" time="0">
<skipped>
</skipped>
</testcase>
<testcase name="Super Admin - Test Exhaustivo de PÃ¡ginas y Botones â€º SecciÃ³n: documentosLegal â€º Legal y Compliance (/legal)" classname="super-admin-exhaustive.spec.ts" time="0">
<skipped>
</skipped>
</testcase>
<testcase name="Super Admin - Test Exhaustivo de PÃ¡ginas y Botones â€º SecciÃ³n: documentosLegal â€º Seguridad &amp; Compliance (/seguridad-compliance)" classname="super-admin-exhaustive.spec.ts" time="0">
<skipped>
</skipped>
</testcase>
<testcase name="Super Admin - Test Exhaustivo de PÃ¡ginas y Botones â€º SecciÃ³n: documentosLegal â€º AuditorÃ­a (/auditoria)" classname="super-admin-exhaustive.spec.ts" time="0">
<skipped>
</skipped>
</testcase>
<testcase name="Super Admin - Test Exhaustivo de PÃ¡ginas y Botones â€º SecciÃ³n: documentosLegal â€º Plantillas (/plantillas)" classname="super-admin-exhaustive.spec.ts" time="0">
<skipped>
</skipped>
</testcase>
<testcase name="Super Admin - Test Exhaustivo de PÃ¡ginas y Botones â€º SecciÃ³n: crmMarketing â€º CRM (/crm)" classname="super-admin-exhaustive.spec.ts" time="0">
<skipped>
</skipped>
</testcase>
<testcase name="Super Admin - Test Exhaustivo de PÃ¡ginas y Botones â€º SecciÃ³n: crmMarketing â€º Portal Comercial (/portal-comercial)" classname="super-admin-exhaustive.spec.ts" time="0">
<skipped>
</skipped>
</testcase>
<testcase name="Super Admin - Test Exhaustivo de PÃ¡ginas y Botones â€º SecciÃ³n: crmMarketing â€º Programa de Referidos (/dashboard/referrals)" classname="super-admin-exhaustive.spec.ts" time="0">
<skipped>
</skipped>
</testcase>
<testcase name="Super Admin - Test Exhaustivo de PÃ¡ginas y Botones â€º SecciÃ³n: crmMarketing â€º Cupones y Descuentos (/dashboard/coupons)" classname="super-admin-exhaustive.spec.ts" time="0">
<skipped>
</skipped>
</testcase>
<testcase name="Super Admin - Test Exhaustivo de PÃ¡ginas y Botones â€º SecciÃ³n: crmMarketing â€º Marketplace (/marketplace)" classname="super-admin-exhaustive.spec.ts" time="0">
<skipped>
</skipped>
</testcase>
<testcase name="Super Admin - Test Exhaustivo de PÃ¡ginas y Botones â€º SecciÃ³n: crmMarketing â€º GalerÃ­as (/galerias)" classname="super-admin-exhaustive.spec.ts" time="0">
<skipped>
</skipped>
</testcase>
<testcase name="Super Admin - Test Exhaustivo de PÃ¡ginas y Botones â€º SecciÃ³n: automatizacion â€º Motor de AutomatizaciÃ³n (/automatizacion)" classname="super-admin-exhaustive.spec.ts" time="0">
<skipped>
</skipped>
</testcase>
<testcase name="Super Admin - Test Exhaustivo de PÃ¡ginas y Botones â€º SecciÃ³n: automatizacion â€º Workflows (/workflows)" classname="super-admin-exhaustive.spec.ts" time="0">
<skipped>
</skipped>
</testcase>
<testcase name="Super Admin - Test Exhaustivo de PÃ¡ginas y Botones â€º SecciÃ³n: automatizacion â€º Recordatorios (/recordatorios)" classname="super-admin-exhaustive.spec.ts" time="0">
<skipped>
</skipped>
</testcase>
<testcase name="Super Admin - Test Exhaustivo de PÃ¡ginas y Botones â€º SecciÃ³n: innovacion â€º Tours Virtuales 360Â° (/tours-virtuales)" classname="super-admin-exhaustive.spec.ts" time="0">
<skipped>
</skipped>
</testcase>
<testcase name="Super Admin - Test Exhaustivo de PÃ¡ginas y Botones â€º SecciÃ³n: innovacion â€º Dispositivos IoT (/iot)" classname="super-admin-exhaustive.spec.ts" time="0">
<skipped>
</skipped>
</testcase>
<testcase name="Super Admin - Test Exhaustivo de PÃ¡ginas y Botones â€º SecciÃ³n: innovacion â€º ESG y Sostenibilidad (/esg)" classname="super-admin-exhaustive.spec.ts" time="0">
<skipped>
</skipped>
</testcase>
<testcase name="Super Admin - Test Exhaustivo de PÃ¡ginas y Botones â€º SecciÃ³n: innovacion â€º Blockchain (/blockchain)" classname="super-admin-exhaustive.spec.ts" time="0">
<skipped>
</skipped>
</testcase>
<testcase name="Super Admin - Test Exhaustivo de PÃ¡ginas y Botones â€º SecciÃ³n: innovacion â€º EconomÃ­a Circular (/economia-circular)" classname="super-admin-exhaustive.spec.ts" time="0">
<skipped>
</skipped>
</testcase>
<testcase name="Super Admin - Test Exhaustivo de PÃ¡ginas y Botones â€º SecciÃ³n: innovacion â€º EnergÃ­a (/energia)" classname="super-admin-exhaustive.spec.ts" time="0">
<skipped>
</skipped>
</testcase>
<testcase name="Super Admin - Test Exhaustivo de PÃ¡ginas y Botones â€º SecciÃ³n: innovacion â€º ValoraciÃ³n con IA (/valoracion-ia)" classname="super-admin-exhaustive.spec.ts" time="0">
<skipped>
</skipped>
</testcase>
<testcase name="Super Admin - Test Exhaustivo de PÃ¡ginas y Botones â€º SecciÃ³n: soporte â€º Centro de Soporte (/soporte)" classname="super-admin-exhaustive.spec.ts" time="0">
<skipped>
</skipped>
</testcase>
<testcase name="Super Admin - Test Exhaustivo de PÃ¡ginas y Botones â€º SecciÃ³n: soporte â€º Base de Conocimientos (/knowledge-base)" classname="super-admin-exhaustive.spec.ts" time="0">
<skipped>
</skipped>
</testcase>
<testcase name="Super Admin - Test Exhaustivo de PÃ¡ginas y Botones â€º SecciÃ³n: soporte â€º Desarrolladores (/developers)" classname="super-admin-exhaustive.spec.ts" time="0">
<skipped>
</skipped>
</testcase>
<testcase name="Super Admin - Test Exhaustivo de PÃ¡ginas y Botones â€º SecciÃ³n: soporte â€º DocumentaciÃ³n API (/api-docs)" classname="super-admin-exhaustive.spec.ts" time="0">
<skipped>
</skipped>
</testcase>
<testcase name="Super Admin - Test Exhaustivo de PÃ¡ginas y Botones â€º SecciÃ³n: additional â€º Integraciones (/integraciones)" classname="super-admin-exhaustive.spec.ts" time="0">
<skipped>
</skipped>
</testcase>
<testcase name="Super Admin - Test Exhaustivo de PÃ¡ginas y Botones â€º SecciÃ³n: additional â€º EstadÃ­sticas (/estadisticas)" classname="super-admin-exhaustive.spec.ts" time="0">
<skipped>
</skipped>
</testcase>
<testcase name="Super Admin - Test Exhaustivo de PÃ¡ginas y Botones â€º SecciÃ³n: additional â€º Finanzas (/finanzas)" classname="super-admin-exhaustive.spec.ts" time="0">
<skipped>
</skipped>
</testcase>
<testcase name="Super Admin - Test Exhaustivo de PÃ¡ginas y Botones â€º SecciÃ³n: additional â€º Informes (/informes)" classname="super-admin-exhaustive.spec.ts" time="0">
<skipped>
</skipped>
</testcase>
<testcase name="Super Admin - Test Exhaustivo de PÃ¡ginas y Botones â€º SecciÃ³n: additional â€º Presupuestos (/presupuestos)" classname="super-admin-exhaustive.spec.ts" time="0">
<skipped>
</skipped>
</testcase>
<testcase name="Super Admin - Test Exhaustivo de PÃ¡ginas y Botones â€º SecciÃ³n: additional â€º Suscripciones (/suscripciones)" classname="super-admin-exhaustive.spec.ts" time="0">
<skipped>
</skipped>
</testcase>
<testcase name="Super Admin - Test Exhaustivo de PÃ¡ginas y Botones â€º SecciÃ³n: additional â€º Renovaciones (/renovaciones)" classname="super-admin-exhaustive.spec.ts" time="0">
<skipped>
</skipped>
</testcase>
<testcase name="Super Admin - Test Exhaustivo de PÃ¡ginas y Botones â€º SecciÃ³n: additional â€º Subastas (/subastas)" classname="super-admin-exhaustive.spec.ts" time="0">
<skipped>
</skipped>
</testcase>
<testcase name="Super Admin - Test Exhaustivo de PÃ¡ginas y Botones â€º SecciÃ³n: additional â€º Comunidad (/community)" classname="super-admin-exhaustive.spec.ts" time="0">
<skipped>
</skipped>
</testcase>
<testcase name="Super Admin - Test Exhaustivo de PÃ¡ginas y Botones â€º SecciÃ³n: ewoorker â€º eWoorker Dashboard (/ewoorker)" classname="super-admin-exhaustive.spec.ts" time="0">
<skipped>
</skipped>
</testcase>
<testcase name="Super Admin - Test Exhaustivo de PÃ¡ginas y Botones â€º SecciÃ³n: ewoorker â€º eWoorker Admin Socio (/ewoorker/admin-socio)" classname="super-admin-exhaustive.spec.ts" time="0">
<skipped>
</skipped>
</testcase>
<testcase name="Super Admin - Test Exhaustivo de PÃ¡ginas y Botones â€º SecciÃ³n: ewoorker â€º eWoorker Trabajadores (/ewoorker/trabajadores)" classname="super-admin-exhaustive.spec.ts" time="0">
<skipped>
</skipped>
</testcase>
<testcase name="Super Admin - Test Exhaustivo de PÃ¡ginas y Botones â€º SecciÃ³n: ewoorker â€º eWoorker Asignaciones (/ewoorker/asignaciones)" classname="super-admin-exhaustive.spec.ts" time="0">
<skipped>
</skipped>
</testcase>
<testcase name="Super Admin - Test Exhaustivo de PÃ¡ginas y Botones â€º SecciÃ³n: partners â€º Partners (/partners)" classname="super-admin-exhaustive.spec.ts" time="0">
<skipped>
</skipped>
</testcase>
<testcase name="Super Admin - Test Exhaustivo de PÃ¡ginas y Botones â€º SecciÃ³n: partners â€º Partners Dashboard (/partners/dashboard)" classname="super-admin-exhaustive.spec.ts" time="0">
<skipped>
</skipped>
</testcase>
<testcase name="Super Admin - Test Exhaustivo de PÃ¡ginas y Botones â€º SecciÃ³n: partners â€º Programa de Partners (/partners-program)" classname="super-admin-exhaustive.spec.ts" time="0">
<skipped>
</skipped>
</testcase>
<testcase name="Super Admin - Test Exhaustivo de PÃ¡ginas y Botones â€º VerificaciÃ³n de Botones en PÃ¡ginas CrÃ­ticas â€º Verificar botones en /admin/dashboard" classname="super-admin-exhaustive.spec.ts" time="0">
<skipped>
</skipped>
</testcase>
<testcase name="Super Admin - Test Exhaustivo de PÃ¡ginas y Botones â€º VerificaciÃ³n de Botones en PÃ¡ginas CrÃ­ticas â€º Verificar botones en /admin/clientes" classname="super-admin-exhaustive.spec.ts" time="0">
<skipped>
</skipped>
</testcase>
<testcase name="Super Admin - Test Exhaustivo de PÃ¡ginas y Botones â€º VerificaciÃ³n de Botones en PÃ¡ginas CrÃ­ticas â€º Verificar botones en /admin/planes" classname="super-admin-exhaustive.spec.ts" time="0">
<skipped>
</skipped>
</testcase>
<testcase name="Super Admin - Test Exhaustivo de PÃ¡ginas y Botones â€º VerificaciÃ³n de Botones en PÃ¡ginas CrÃ­ticas â€º Verificar botones en /admin/usuarios" classname="super-admin-exhaustive.spec.ts" time="0">
<skipped>
</skipped>
</testcase>
<testcase name="Super Admin - Test Exhaustivo de PÃ¡ginas y Botones â€º VerificaciÃ³n de Botones en PÃ¡ginas CrÃ­ticas â€º Verificar botones en /admin/modulos" classname="super-admin-exhaustive.spec.ts" time="0">
<skipped>
</skipped>
</testcase>
<testcase name="Super Admin - Test Exhaustivo de PÃ¡ginas y Botones â€º Verificar todos los enlaces del sidebar" classname="super-admin-exhaustive.spec.ts" time="0">
<skipped>
</skipped>
</testcase>
<testcase name="Super Admin - Solo Verificar 404s â€º Escaneo rÃ¡pido de todas las rutas admin para 404" classname="super-admin-exhaustive.spec.ts" time="23.286">
<failure message="super-admin-exhaustive.spec.ts:624:7 Escaneo rÃ¡pido de todas las rutas admin para 404" type="FAILURE">
<![CDATA[  [chromium] â€º super-admin-exhaustive.spec.ts:624:7 â€º Super Admin - Solo Verificar 404s â€º Escaneo rÃ¡pido de todas las rutas admin para 404 

    Error: expect(received).toBe(expected) // Object.is equality

    Expected: true
    Received: false

      625 |     // Login
      626 |     const loginSuccess = await loginAsSuperAdmin(page);
    > 627 |     expect(loginSuccess).toBe(true);
          |                          ^
      628 |
      629 |     const allRoutes = Object.values(SUPER_ADMIN_ROUTES).flat();
      630 |     const errors404: string[] = [];
        at /workspace/__tests__/e2e/super-admin-exhaustive.spec.ts:627:26

    attachment #1: screenshot (image/png) â”€â”€â”€â”€â”€â”€â”€â”€â”€â”€â”€â”€â”€â”€â”€â”€â”€â”€â”€â”€â”€â”€â”€â”€â”€â”€â”€â”€â”€â”€â”€â”€â”€â”€â”€â”€â”€â”€â”€â”€â”€â”€â”€â”€â”€â”€â”€â”€â”€â”€â”€â”€â”€â”€â”€â”€â”€â”€
    ../../test-results/super-admin-exhaustive-Sup-2adeb-as-las-rutas-admin-para-404-chromium/test-failed-1.png
    â”€â”€â”€â”€â”€â”€â”€â”€â”€â”€â”€â”€â”€â”€â”€â”€â”€â”€â”€â”€â”€â”€â”€â”€â”€â”€â”€â”€â”€â”€â”€â”€â”€â”€â”€â”€â”€â”€â”€â”€â”€â”€â”€â”€â”€â”€â”€â”€â”€â”€â”€â”€â”€â”€â”€â”€â”€â”€â”€â”€â”€â”€â”€â”€â”€â”€â”€â”€â”€â”€â”€â”€â”€â”€â”€â”€â”€â”€â”€â”€â”€â”€â”€â”€â”€â”€â”€â”€â”€â”€â”€â”€â”€â”€â”€â”€

    attachment #2: video (video/webm) â”€â”€â”€â”€â”€â”€â”€â”€â”€â”€â”€â”€â”€â”€â”€â”€â”€â”€â”€â”€â”€â”€â”€â”€â”€â”€â”€â”€â”€â”€â”€â”€â”€â”€â”€â”€â”€â”€â”€â”€â”€â”€â”€â”€â”€â”€â”€â”€â”€â”€â”€â”€â”€â”€â”€â”€â”€â”€â”€â”€â”€â”€
    ../../test-results/super-admin-exhaustive-Sup-2adeb-as-las-rutas-admin-para-404-chromium/video.webm
    â”€â”€â”€â”€â”€â”€â”€â”€â”€â”€â”€â”€â”€â”€â”€â”€â”€â”€â”€â”€â”€â”€â”€â”€â”€â”€â”€â”€â”€â”€â”€â”€â”€â”€â”€â”€â”€â”€â”€â”€â”€â”€â”€â”€â”€â”€â”€â”€â”€â”€â”€â”€â”€â”€â”€â”€â”€â”€â”€â”€â”€â”€â”€â”€â”€â”€â”€â”€â”€â”€â”€â”€â”€â”€â”€â”€â”€â”€â”€â”€â”€â”€â”€â”€â”€â”€â”€â”€â”€â”€â”€â”€â”€â”€â”€â”€

    Error Context: ../../test-results/super-admin-exhaustive-Sup-2adeb-as-las-rutas-admin-para-404-chromium/error-context.md
]]>
</failure>
<system-out>
<![CDATA[
[[ATTACHMENT|test-results/super-admin-exhaustive-Sup-2adeb-as-las-rutas-admin-para-404-chromium/test-failed-1.png]]

[[ATTACHMENT|test-results/super-admin-exhaustive-Sup-2adeb-as-las-rutas-admin-para-404-chromium/video.webm]]

[[ATTACHMENT|test-results/super-admin-exhaustive-Sup-2adeb-as-las-rutas-admin-para-404-chromium/error-context.md]]
]]>
</system-out>
<system-err>
<![CDATA[Error en login: page.waitForURL: Timeout 20000ms exceeded.
=========================== logs ===========================
waiting for navigation until "load"
============================================================
    at loginAsSuperAdmin [90m(/workspace/[39m__tests__/e2e/super-admin-exhaustive.spec.ts:287:16[90m)[39m
    at [90m/workspace/[39m__tests__/e2e/super-admin-exhaustive.spec.ts:626:26 {
  name: [32m'TimeoutError'[39m,
  [[32mSymbol(step)[39m]: {
    location: {
      file: [32m'/workspace/__tests__/e2e/super-admin-exhaustive.spec.ts'[39m,
      line: [33m287[39m,
      column: [33m16[39m,
      function: [32m'loginAsSuperAdmin'[39m
    },
    category: [32m'pw:api'[39m,
    title: [32m'Wait for navigation'[39m,
    apiName: [32m'page.waitForURL'[39m,
    params: { info: [36m[Object][39m },
    group: [90mundefined[39m,
    stepId: [32m'pw:api@39'[39m,
    boxedStack: [90mundefined[39m,
    steps: [],
    attachmentIndices: [],
    info: TestStepInfoImpl {
      annotations: [],
      _testInfo: [36m[TestInfoImpl][39m,
      _stepId: [32m'pw:api@39'[39m,
      _title: [32m'Wait for navigation'[39m,
      _parentStep: [90mundefined[39m,
      skip: [36m[Function (anonymous)][39m
    },
    complete: [36m[Function: complete][39m,
    endWallTime: [33m1767877301030[39m,
    error: {
      message: [32m'TimeoutError: page.waitForURL: Timeout 20000ms exceeded.\n'[39m +
        [32m'=========================== logs ===========================\n'[39m +
        [32m'waiting for navigation until "load"\n'[39m +
        [32m'============================================================'[39m,
      stack: [32m'TimeoutError: page.waitForURL: Timeout 20000ms exceeded.\n'[39m +
        [32m'=========================== logs ===========================\n'[39m +
        [32m'waiting for navigation until "load"\n'[39m +
        [32m'============================================================\n'[39m +
        [32m'    at loginAsSuperAdmin (/workspace/__tests__/e2e/super-admin-exhaustive.spec.ts:287:16)\n'[39m +
        [32m'    at /workspace/__tests__/e2e/super-admin-exhaustive.spec.ts:626:26'[39m,
      cause: [90mundefined[39m
    }
  }
}
]]>
</system-err>
</testcase>
</testsuite>
<testsuite name="tenants/crud.spec.ts" timestamp="2026-01-08T12:53:10.552Z" hostname="chromium" tests="11" failures="11" skipped="0" time="340.826" errors="0">
<testcase name="ðŸ‘¥ Tenants - CRUD Operations â€º âœ… Debe listar inquilinos existentes" classname="tenants/crud.spec.ts" time="30.934">
<failure message="crud.spec.ts:33:7 âœ… Debe listar inquilinos existentes" type="FAILURE">
<![CDATA[  [chromium] â€º tenants/crud.spec.ts:33:7 â€º ðŸ‘¥ Tenants - CRUD Operations â€º âœ… Debe listar inquilinos existentes 

    Test timeout of 30000ms exceeded while running "beforeEach" hook.

      23 | test.describe('ðŸ‘¥ Tenants - CRUD Operations', () => {
      24 |   // Login antes de cada test
    > 25 |   test.beforeEach(async ({ page }) => {
         |        ^
      26 |     await page.goto(`${BASE_URL}/login`);
      27 |     await page.fill('input[name="email"]', TEST_USER.email);
      28 |     await page.fill('input[name="password"]', TEST_USER.password);
        at /workspace/__tests__/e2e/tenants/crud.spec.ts:25:8

    Error: page.fill: Test timeout of 30000ms exceeded.
    Call log:
      - waiting for locator('input[name="email"]')


      25 |   test.beforeEach(async ({ page }) => {
      26 |     await page.goto(`${BASE_URL}/login`);
    > 27 |     await page.fill('input[name="email"]', TEST_USER.email);
         |                ^
      28 |     await page.fill('input[name="password"]', TEST_USER.password);
      29 |     await page.click('button[type="submit"]');
      30 |     await page.waitForURL(/\/dashboard|\/admin/, { timeout: 10000 });
        at /workspace/__tests__/e2e/tenants/crud.spec.ts:27:16

    attachment #1: screenshot (image/png) â”€â”€â”€â”€â”€â”€â”€â”€â”€â”€â”€â”€â”€â”€â”€â”€â”€â”€â”€â”€â”€â”€â”€â”€â”€â”€â”€â”€â”€â”€â”€â”€â”€â”€â”€â”€â”€â”€â”€â”€â”€â”€â”€â”€â”€â”€â”€â”€â”€â”€â”€â”€â”€â”€â”€â”€â”€â”€
    ../../test-results/tenants-crud-ðŸ‘¥-Tenants----6edf8-istar-inquilinos-existentes-chromium/test-failed-1.png
    â”€â”€â”€â”€â”€â”€â”€â”€â”€â”€â”€â”€â”€â”€â”€â”€â”€â”€â”€â”€â”€â”€â”€â”€â”€â”€â”€â”€â”€â”€â”€â”€â”€â”€â”€â”€â”€â”€â”€â”€â”€â”€â”€â”€â”€â”€â”€â”€â”€â”€â”€â”€â”€â”€â”€â”€â”€â”€â”€â”€â”€â”€â”€â”€â”€â”€â”€â”€â”€â”€â”€â”€â”€â”€â”€â”€â”€â”€â”€â”€â”€â”€â”€â”€â”€â”€â”€â”€â”€â”€â”€â”€â”€â”€â”€â”€

    attachment #2: video (video/webm) â”€â”€â”€â”€â”€â”€â”€â”€â”€â”€â”€â”€â”€â”€â”€â”€â”€â”€â”€â”€â”€â”€â”€â”€â”€â”€â”€â”€â”€â”€â”€â”€â”€â”€â”€â”€â”€â”€â”€â”€â”€â”€â”€â”€â”€â”€â”€â”€â”€â”€â”€â”€â”€â”€â”€â”€â”€â”€â”€â”€â”€â”€
    ../../test-results/tenants-crud-ðŸ‘¥-Tenants----6edf8-istar-inquilinos-existentes-chromium/video.webm
    â”€â”€â”€â”€â”€â”€â”€â”€â”€â”€â”€â”€â”€â”€â”€â”€â”€â”€â”€â”€â”€â”€â”€â”€â”€â”€â”€â”€â”€â”€â”€â”€â”€â”€â”€â”€â”€â”€â”€â”€â”€â”€â”€â”€â”€â”€â”€â”€â”€â”€â”€â”€â”€â”€â”€â”€â”€â”€â”€â”€â”€â”€â”€â”€â”€â”€â”€â”€â”€â”€â”€â”€â”€â”€â”€â”€â”€â”€â”€â”€â”€â”€â”€â”€â”€â”€â”€â”€â”€â”€â”€â”€â”€â”€â”€â”€

    Error Context: ../../test-results/tenants-crud-ðŸ‘¥-Tenants----6edf8-istar-inquilinos-existentes-chromium/error-context.md
]]>
</failure>
<system-out>
<![CDATA[
[[ATTACHMENT|test-results/tenants-crud-ðŸ‘¥-Tenants----6edf8-istar-inquilinos-existentes-chromium/test-failed-1.png]]

[[ATTACHMENT|test-results/tenants-crud-ðŸ‘¥-Tenants----6edf8-istar-inquilinos-existentes-chromium/video.webm]]

[[ATTACHMENT|test-results/tenants-crud-ðŸ‘¥-Tenants----6edf8-istar-inquilinos-existentes-chromium/error-context.md]]
]]>
</system-out>
</testcase>
<testcase name="ðŸ‘¥ Tenants - CRUD Operations â€º âœ… Debe crear un nuevo inquilino" classname="tenants/crud.spec.ts" time="30.984">
<failure message="crud.spec.ts:53:7 âœ… Debe crear un nuevo inquilino" type="FAILURE">
<![CDATA[  [chromium] â€º tenants/crud.spec.ts:53:7 â€º ðŸ‘¥ Tenants - CRUD Operations â€º âœ… Debe crear un nuevo inquilino 

    Test timeout of 30000ms exceeded while running "beforeEach" hook.

      23 | test.describe('ðŸ‘¥ Tenants - CRUD Operations', () => {
      24 |   // Login antes de cada test
    > 25 |   test.beforeEach(async ({ page }) => {
         |        ^
      26 |     await page.goto(`${BASE_URL}/login`);
      27 |     await page.fill('input[name="email"]', TEST_USER.email);
      28 |     await page.fill('input[name="password"]', TEST_USER.password);
        at /workspace/__tests__/e2e/tenants/crud.spec.ts:25:8

    Error: page.fill: Test timeout of 30000ms exceeded.
    Call log:
      - waiting for locator('input[name="email"]')


      25 |   test.beforeEach(async ({ page }) => {
      26 |     await page.goto(`${BASE_URL}/login`);
    > 27 |     await page.fill('input[name="email"]', TEST_USER.email);
         |                ^
      28 |     await page.fill('input[name="password"]', TEST_USER.password);
      29 |     await page.click('button[type="submit"]');
      30 |     await page.waitForURL(/\/dashboard|\/admin/, { timeout: 10000 });
        at /workspace/__tests__/e2e/tenants/crud.spec.ts:27:16

    attachment #1: screenshot (image/png) â”€â”€â”€â”€â”€â”€â”€â”€â”€â”€â”€â”€â”€â”€â”€â”€â”€â”€â”€â”€â”€â”€â”€â”€â”€â”€â”€â”€â”€â”€â”€â”€â”€â”€â”€â”€â”€â”€â”€â”€â”€â”€â”€â”€â”€â”€â”€â”€â”€â”€â”€â”€â”€â”€â”€â”€â”€â”€
    ../../test-results/tenants-crud-ðŸ‘¥-Tenants----935c2-be-crear-un-nuevo-inquilino-chromium/test-failed-1.png
    â”€â”€â”€â”€â”€â”€â”€â”€â”€â”€â”€â”€â”€â”€â”€â”€â”€â”€â”€â”€â”€â”€â”€â”€â”€â”€â”€â”€â”€â”€â”€â”€â”€â”€â”€â”€â”€â”€â”€â”€â”€â”€â”€â”€â”€â”€â”€â”€â”€â”€â”€â”€â”€â”€â”€â”€â”€â”€â”€â”€â”€â”€â”€â”€â”€â”€â”€â”€â”€â”€â”€â”€â”€â”€â”€â”€â”€â”€â”€â”€â”€â”€â”€â”€â”€â”€â”€â”€â”€â”€â”€â”€â”€â”€â”€â”€

    attachment #2: video (video/webm) â”€â”€â”€â”€â”€â”€â”€â”€â”€â”€â”€â”€â”€â”€â”€â”€â”€â”€â”€â”€â”€â”€â”€â”€â”€â”€â”€â”€â”€â”€â”€â”€â”€â”€â”€â”€â”€â”€â”€â”€â”€â”€â”€â”€â”€â”€â”€â”€â”€â”€â”€â”€â”€â”€â”€â”€â”€â”€â”€â”€â”€â”€
    ../../test-results/tenants-crud-ðŸ‘¥-Tenants----935c2-be-crear-un-nuevo-inquilino-chromium/video.webm
    â”€â”€â”€â”€â”€â”€â”€â”€â”€â”€â”€â”€â”€â”€â”€â”€â”€â”€â”€â”€â”€â”€â”€â”€â”€â”€â”€â”€â”€â”€â”€â”€â”€â”€â”€â”€â”€â”€â”€â”€â”€â”€â”€â”€â”€â”€â”€â”€â”€â”€â”€â”€â”€â”€â”€â”€â”€â”€â”€â”€â”€â”€â”€â”€â”€â”€â”€â”€â”€â”€â”€â”€â”€â”€â”€â”€â”€â”€â”€â”€â”€â”€â”€â”€â”€â”€â”€â”€â”€â”€â”€â”€â”€â”€â”€â”€

    Error Context: ../../test-results/tenants-crud-ðŸ‘¥-Tenants----935c2-be-crear-un-nuevo-inquilino-chromium/error-context.md
]]>
</failure>
<system-out>
<![CDATA[
[[ATTACHMENT|test-results/tenants-crud-ðŸ‘¥-Tenants----935c2-be-crear-un-nuevo-inquilino-chromium/test-failed-1.png]]

[[ATTACHMENT|test-results/tenants-crud-ðŸ‘¥-Tenants----935c2-be-crear-un-nuevo-inquilino-chromium/video.webm]]

[[ATTACHMENT|test-results/tenants-crud-ðŸ‘¥-Tenants----935c2-be-crear-un-nuevo-inquilino-chromium/error-context.md]]
]]>
</system-out>
</testcase>
<testcase name="ðŸ‘¥ Tenants - CRUD Operations â€º âš ï¸ Debe validar campos requeridos al crear inquilino" classname="tenants/crud.spec.ts" time="30.928">
<failure message="crud.spec.ts:89:7 âš ï¸ Debe validar campos requeridos al crear inquilino" type="FAILURE">
<![CDATA[  [chromium] â€º tenants/crud.spec.ts:89:7 â€º ðŸ‘¥ Tenants - CRUD Operations â€º âš ï¸ Debe validar campos requeridos al crear inquilino 

    Test timeout of 30000ms exceeded while running "beforeEach" hook.

      23 | test.describe('ðŸ‘¥ Tenants - CRUD Operations', () => {
      24 |   // Login antes de cada test
    > 25 |   test.beforeEach(async ({ page }) => {
         |        ^
      26 |     await page.goto(`${BASE_URL}/login`);
      27 |     await page.fill('input[name="email"]', TEST_USER.email);
      28 |     await page.fill('input[name="password"]', TEST_USER.password);
        at /workspace/__tests__/e2e/tenants/crud.spec.ts:25:8

    Error: page.fill: Test timeout of 30000ms exceeded.
    Call log:
      - waiting for locator('input[name="email"]')


      25 |   test.beforeEach(async ({ page }) => {
      26 |     await page.goto(`${BASE_URL}/login`);
    > 27 |     await page.fill('input[name="email"]', TEST_USER.email);
         |                ^
      28 |     await page.fill('input[name="password"]', TEST_USER.password);
      29 |     await page.click('button[type="submit"]');
      30 |     await page.waitForURL(/\/dashboard|\/admin/, { timeout: 10000 });
        at /workspace/__tests__/e2e/tenants/crud.spec.ts:27:16

    attachment #1: screenshot (image/png) â”€â”€â”€â”€â”€â”€â”€â”€â”€â”€â”€â”€â”€â”€â”€â”€â”€â”€â”€â”€â”€â”€â”€â”€â”€â”€â”€â”€â”€â”€â”€â”€â”€â”€â”€â”€â”€â”€â”€â”€â”€â”€â”€â”€â”€â”€â”€â”€â”€â”€â”€â”€â”€â”€â”€â”€â”€â”€
    ../../test-results/tenants-crud-ðŸ‘¥-Tenants----8d9a8-queridos-al-crear-inquilino-chromium/test-failed-1.png
    â”€â”€â”€â”€â”€â”€â”€â”€â”€â”€â”€â”€â”€â”€â”€â”€â”€â”€â”€â”€â”€â”€â”€â”€â”€â”€â”€â”€â”€â”€â”€â”€â”€â”€â”€â”€â”€â”€â”€â”€â”€â”€â”€â”€â”€â”€â”€â”€â”€â”€â”€â”€â”€â”€â”€â”€â”€â”€â”€â”€â”€â”€â”€â”€â”€â”€â”€â”€â”€â”€â”€â”€â”€â”€â”€â”€â”€â”€â”€â”€â”€â”€â”€â”€â”€â”€â”€â”€â”€â”€â”€â”€â”€â”€â”€â”€

    attachment #2: video (video/webm) â”€â”€â”€â”€â”€â”€â”€â”€â”€â”€â”€â”€â”€â”€â”€â”€â”€â”€â”€â”€â”€â”€â”€â”€â”€â”€â”€â”€â”€â”€â”€â”€â”€â”€â”€â”€â”€â”€â”€â”€â”€â”€â”€â”€â”€â”€â”€â”€â”€â”€â”€â”€â”€â”€â”€â”€â”€â”€â”€â”€â”€â”€
    ../../test-results/tenants-crud-ðŸ‘¥-Tenants----8d9a8-queridos-al-crear-inquilino-chromium/video.webm
    â”€â”€â”€â”€â”€â”€â”€â”€â”€â”€â”€â”€â”€â”€â”€â”€â”€â”€â”€â”€â”€â”€â”€â”€â”€â”€â”€â”€â”€â”€â”€â”€â”€â”€â”€â”€â”€â”€â”€â”€â”€â”€â”€â”€â”€â”€â”€â”€â”€â”€â”€â”€â”€â”€â”€â”€â”€â”€â”€â”€â”€â”€â”€â”€â”€â”€â”€â”€â”€â”€â”€â”€â”€â”€â”€â”€â”€â”€â”€â”€â”€â”€â”€â”€â”€â”€â”€â”€â”€â”€â”€â”€â”€â”€â”€â”€

    Error Context: ../../test-results/tenants-crud-ðŸ‘¥-Tenants----8d9a8-queridos-al-crear-inquilino-chromium/error-context.md
]]>
</failure>
<system-out>
<![CDATA[
[[ATTACHMENT|test-results/tenants-crud-ðŸ‘¥-Tenants----8d9a8-queridos-al-crear-inquilino-chromium/test-failed-1.png]]

[[ATTACHMENT|test-results/tenants-crud-ðŸ‘¥-Tenants----8d9a8-queridos-al-crear-inquilino-chromium/video.webm]]

[[ATTACHMENT|test-results/tenants-crud-ðŸ‘¥-Tenants----8d9a8-queridos-al-crear-inquilino-chromium/error-context.md]]
]]>
</system-out>
</testcase>
<testcase name="ðŸ‘¥ Tenants - CRUD Operations â€º âš ï¸ Debe validar formato de email" classname="tenants/crud.spec.ts" time="30.92">
<failure message="crud.spec.ts:108:7 âš ï¸ Debe validar formato de email" type="FAILURE">
<![CDATA[  [chromium] â€º tenants/crud.spec.ts:108:7 â€º ðŸ‘¥ Tenants - CRUD Operations â€º âš ï¸ Debe validar formato de email 

    Test timeout of 30000ms exceeded while running "beforeEach" hook.

      23 | test.describe('ðŸ‘¥ Tenants - CRUD Operations', () => {
      24 |   // Login antes de cada test
    > 25 |   test.beforeEach(async ({ page }) => {
         |        ^
      26 |     await page.goto(`${BASE_URL}/login`);
      27 |     await page.fill('input[name="email"]', TEST_USER.email);
      28 |     await page.fill('input[name="password"]', TEST_USER.password);
        at /workspace/__tests__/e2e/tenants/crud.spec.ts:25:8

    Error: page.fill: Test timeout of 30000ms exceeded.
    Call log:
      - waiting for locator('input[name="email"]')


      25 |   test.beforeEach(async ({ page }) => {
      26 |     await page.goto(`${BASE_URL}/login`);
    > 27 |     await page.fill('input[name="email"]', TEST_USER.email);
         |                ^
      28 |     await page.fill('input[name="password"]', TEST_USER.password);
      29 |     await page.click('button[type="submit"]');
      30 |     await page.waitForURL(/\/dashboard|\/admin/, { timeout: 10000 });
        at /workspace/__tests__/e2e/tenants/crud.spec.ts:27:16

    attachment #1: screenshot (image/png) â”€â”€â”€â”€â”€â”€â”€â”€â”€â”€â”€â”€â”€â”€â”€â”€â”€â”€â”€â”€â”€â”€â”€â”€â”€â”€â”€â”€â”€â”€â”€â”€â”€â”€â”€â”€â”€â”€â”€â”€â”€â”€â”€â”€â”€â”€â”€â”€â”€â”€â”€â”€â”€â”€â”€â”€â”€â”€
    ../../test-results/tenants-crud-ðŸ‘¥-Tenants----d2c0d-be-validar-formato-de-email-chromium/test-failed-1.png
    â”€â”€â”€â”€â”€â”€â”€â”€â”€â”€â”€â”€â”€â”€â”€â”€â”€â”€â”€â”€â”€â”€â”€â”€â”€â”€â”€â”€â”€â”€â”€â”€â”€â”€â”€â”€â”€â”€â”€â”€â”€â”€â”€â”€â”€â”€â”€â”€â”€â”€â”€â”€â”€â”€â”€â”€â”€â”€â”€â”€â”€â”€â”€â”€â”€â”€â”€â”€â”€â”€â”€â”€â”€â”€â”€â”€â”€â”€â”€â”€â”€â”€â”€â”€â”€â”€â”€â”€â”€â”€â”€â”€â”€â”€â”€â”€

    attachment #2: video (video/webm) â”€â”€â”€â”€â”€â”€â”€â”€â”€â”€â”€â”€â”€â”€â”€â”€â”€â”€â”€â”€â”€â”€â”€â”€â”€â”€â”€â”€â”€â”€â”€â”€â”€â”€â”€â”€â”€â”€â”€â”€â”€â”€â”€â”€â”€â”€â”€â”€â”€â”€â”€â”€â”€â”€â”€â”€â”€â”€â”€â”€â”€â”€
    ../../test-results/tenants-crud-ðŸ‘¥-Tenants----d2c0d-be-validar-formato-de-email-chromium/video.webm
    â”€â”€â”€â”€â”€â”€â”€â”€â”€â”€â”€â”€â”€â”€â”€â”€â”€â”€â”€â”€â”€â”€â”€â”€â”€â”€â”€â”€â”€â”€â”€â”€â”€â”€â”€â”€â”€â”€â”€â”€â”€â”€â”€â”€â”€â”€â”€â”€â”€â”€â”€â”€â”€â”€â”€â”€â”€â”€â”€â”€â”€â”€â”€â”€â”€â”€â”€â”€â”€â”€â”€â”€â”€â”€â”€â”€â”€â”€â”€â”€â”€â”€â”€â”€â”€â”€â”€â”€â”€â”€â”€â”€â”€â”€â”€â”€

    Error Context: ../../test-results/tenants-crud-ðŸ‘¥-Tenants----d2c0d-be-validar-formato-de-email-chromium/error-context.md
]]>
</failure>
<system-out>
<![CDATA[
[[ATTACHMENT|test-results/tenants-crud-ðŸ‘¥-Tenants----d2c0d-be-validar-formato-de-email-chromium/test-failed-1.png]]

[[ATTACHMENT|test-results/tenants-crud-ðŸ‘¥-Tenants----d2c0d-be-validar-formato-de-email-chromium/video.webm]]

[[ATTACHMENT|test-results/tenants-crud-ðŸ‘¥-Tenants----d2c0d-be-validar-formato-de-email-chromium/error-context.md]]
]]>
</system-out>
</testcase>
<testcase name="ðŸ‘¥ Tenants - CRUD Operations â€º âœ… Debe buscar/filtrar inquilinos" classname="tenants/crud.spec.ts" time="30.976">
<failure message="crud.spec.ts:129:7 âœ… Debe buscar/filtrar inquilinos" type="FAILURE">
<![CDATA[  [chromium] â€º tenants/crud.spec.ts:129:7 â€º ðŸ‘¥ Tenants - CRUD Operations â€º âœ… Debe buscar/filtrar inquilinos 

    Test timeout of 30000ms exceeded while running "beforeEach" hook.

      23 | test.describe('ðŸ‘¥ Tenants - CRUD Operations', () => {
      24 |   // Login antes de cada test
    > 25 |   test.beforeEach(async ({ page }) => {
         |        ^
      26 |     await page.goto(`${BASE_URL}/login`);
      27 |     await page.fill('input[name="email"]', TEST_USER.email);
      28 |     await page.fill('input[name="password"]', TEST_USER.password);
        at /workspace/__tests__/e2e/tenants/crud.spec.ts:25:8

    Error: page.fill: Test timeout of 30000ms exceeded.
    Call log:
      - waiting for locator('input[name="email"]')


      25 |   test.beforeEach(async ({ page }) => {
      26 |     await page.goto(`${BASE_URL}/login`);
    > 27 |     await page.fill('input[name="email"]', TEST_USER.email);
         |                ^
      28 |     await page.fill('input[name="password"]', TEST_USER.password);
      29 |     await page.click('button[type="submit"]');
      30 |     await page.waitForURL(/\/dashboard|\/admin/, { timeout: 10000 });
        at /workspace/__tests__/e2e/tenants/crud.spec.ts:27:16

    attachment #1: screenshot (image/png) â”€â”€â”€â”€â”€â”€â”€â”€â”€â”€â”€â”€â”€â”€â”€â”€â”€â”€â”€â”€â”€â”€â”€â”€â”€â”€â”€â”€â”€â”€â”€â”€â”€â”€â”€â”€â”€â”€â”€â”€â”€â”€â”€â”€â”€â”€â”€â”€â”€â”€â”€â”€â”€â”€â”€â”€â”€â”€
    ../../test-results/tenants-crud-ðŸ‘¥-Tenants----b589d-e-buscar-filtrar-inquilinos-chromium/test-failed-1.png
    â”€â”€â”€â”€â”€â”€â”€â”€â”€â”€â”€â”€â”€â”€â”€â”€â”€â”€â”€â”€â”€â”€â”€â”€â”€â”€â”€â”€â”€â”€â”€â”€â”€â”€â”€â”€â”€â”€â”€â”€â”€â”€â”€â”€â”€â”€â”€â”€â”€â”€â”€â”€â”€â”€â”€â”€â”€â”€â”€â”€â”€â”€â”€â”€â”€â”€â”€â”€â”€â”€â”€â”€â”€â”€â”€â”€â”€â”€â”€â”€â”€â”€â”€â”€â”€â”€â”€â”€â”€â”€â”€â”€â”€â”€â”€â”€

    attachment #2: video (video/webm) â”€â”€â”€â”€â”€â”€â”€â”€â”€â”€â”€â”€â”€â”€â”€â”€â”€â”€â”€â”€â”€â”€â”€â”€â”€â”€â”€â”€â”€â”€â”€â”€â”€â”€â”€â”€â”€â”€â”€â”€â”€â”€â”€â”€â”€â”€â”€â”€â”€â”€â”€â”€â”€â”€â”€â”€â”€â”€â”€â”€â”€â”€
    ../../test-results/tenants-crud-ðŸ‘¥-Tenants----b589d-e-buscar-filtrar-inquilinos-chromium/video.webm
    â”€â”€â”€â”€â”€â”€â”€â”€â”€â”€â”€â”€â”€â”€â”€â”€â”€â”€â”€â”€â”€â”€â”€â”€â”€â”€â”€â”€â”€â”€â”€â”€â”€â”€â”€â”€â”€â”€â”€â”€â”€â”€â”€â”€â”€â”€â”€â”€â”€â”€â”€â”€â”€â”€â”€â”€â”€â”€â”€â”€â”€â”€â”€â”€â”€â”€â”€â”€â”€â”€â”€â”€â”€â”€â”€â”€â”€â”€â”€â”€â”€â”€â”€â”€â”€â”€â”€â”€â”€â”€â”€â”€â”€â”€â”€â”€

    Error Context: ../../test-results/tenants-crud-ðŸ‘¥-Tenants----b589d-e-buscar-filtrar-inquilinos-chromium/error-context.md
]]>
</failure>
<system-out>
<![CDATA[
[[ATTACHMENT|test-results/tenants-crud-ðŸ‘¥-Tenants----b589d-e-buscar-filtrar-inquilinos-chromium/test-failed-1.png]]

[[ATTACHMENT|test-results/tenants-crud-ðŸ‘¥-Tenants----b589d-e-buscar-filtrar-inquilinos-chromium/video.webm]]

[[ATTACHMENT|test-results/tenants-crud-ðŸ‘¥-Tenants----b589d-e-buscar-filtrar-inquilinos-chromium/error-context.md]]
]]>
</system-out>
</testcase>
<testcase name="ðŸ‘¥ Tenants - CRUD Operations â€º âœ… Debe ver detalles de un inquilino" classname="tenants/crud.spec.ts" time="30.963">
<failure message="crud.spec.ts:151:7 âœ… Debe ver detalles de un inquilino" type="FAILURE">
<![CDATA[  [chromium] â€º tenants/crud.spec.ts:151:7 â€º ðŸ‘¥ Tenants - CRUD Operations â€º âœ… Debe ver detalles de un inquilino 

    Test timeout of 30000ms exceeded while running "beforeEach" hook.

      23 | test.describe('ðŸ‘¥ Tenants - CRUD Operations', () => {
      24 |   // Login antes de cada test
    > 25 |   test.beforeEach(async ({ page }) => {
         |        ^
      26 |     await page.goto(`${BASE_URL}/login`);
      27 |     await page.fill('input[name="email"]', TEST_USER.email);
      28 |     await page.fill('input[name="password"]', TEST_USER.password);
        at /workspace/__tests__/e2e/tenants/crud.spec.ts:25:8

    Error: page.fill: Test timeout of 30000ms exceeded.
    Call log:
      - waiting for locator('input[name="email"]')


      25 |   test.beforeEach(async ({ page }) => {
      26 |     await page.goto(`${BASE_URL}/login`);
    > 27 |     await page.fill('input[name="email"]', TEST_USER.email);
         |                ^
      28 |     await page.fill('input[name="password"]', TEST_USER.password);
      29 |     await page.click('button[type="submit"]');
      30 |     await page.waitForURL(/\/dashboard|\/admin/, { timeout: 10000 });
        at /workspace/__tests__/e2e/tenants/crud.spec.ts:27:16

    attachment #1: screenshot (image/png) â”€â”€â”€â”€â”€â”€â”€â”€â”€â”€â”€â”€â”€â”€â”€â”€â”€â”€â”€â”€â”€â”€â”€â”€â”€â”€â”€â”€â”€â”€â”€â”€â”€â”€â”€â”€â”€â”€â”€â”€â”€â”€â”€â”€â”€â”€â”€â”€â”€â”€â”€â”€â”€â”€â”€â”€â”€â”€
    ../../test-results/tenants-crud-ðŸ‘¥-Tenants----9136d-er-detalles-de-un-inquilino-chromium/test-failed-1.png
    â”€â”€â”€â”€â”€â”€â”€â”€â”€â”€â”€â”€â”€â”€â”€â”€â”€â”€â”€â”€â”€â”€â”€â”€â”€â”€â”€â”€â”€â”€â”€â”€â”€â”€â”€â”€â”€â”€â”€â”€â”€â”€â”€â”€â”€â”€â”€â”€â”€â”€â”€â”€â”€â”€â”€â”€â”€â”€â”€â”€â”€â”€â”€â”€â”€â”€â”€â”€â”€â”€â”€â”€â”€â”€â”€â”€â”€â”€â”€â”€â”€â”€â”€â”€â”€â”€â”€â”€â”€â”€â”€â”€â”€â”€â”€â”€

    attachment #2: video (video/webm) â”€â”€â”€â”€â”€â”€â”€â”€â”€â”€â”€â”€â”€â”€â”€â”€â”€â”€â”€â”€â”€â”€â”€â”€â”€â”€â”€â”€â”€â”€â”€â”€â”€â”€â”€â”€â”€â”€â”€â”€â”€â”€â”€â”€â”€â”€â”€â”€â”€â”€â”€â”€â”€â”€â”€â”€â”€â”€â”€â”€â”€â”€
    ../../test-results/tenants-crud-ðŸ‘¥-Tenants----9136d-er-detalles-de-un-inquilino-chromium/video.webm
    â”€â”€â”€â”€â”€â”€â”€â”€â”€â”€â”€â”€â”€â”€â”€â”€â”€â”€â”€â”€â”€â”€â”€â”€â”€â”€â”€â”€â”€â”€â”€â”€â”€â”€â”€â”€â”€â”€â”€â”€â”€â”€â”€â”€â”€â”€â”€â”€â”€â”€â”€â”€â”€â”€â”€â”€â”€â”€â”€â”€â”€â”€â”€â”€â”€â”€â”€â”€â”€â”€â”€â”€â”€â”€â”€â”€â”€â”€â”€â”€â”€â”€â”€â”€â”€â”€â”€â”€â”€â”€â”€â”€â”€â”€â”€â”€

    Error Context: ../../test-results/tenants-crud-ðŸ‘¥-Tenants----9136d-er-detalles-de-un-inquilino-chromium/error-context.md
]]>
</failure>
<system-out>
<![CDATA[
[[ATTACHMENT|test-results/tenants-crud-ðŸ‘¥-Tenants----9136d-er-detalles-de-un-inquilino-chromium/test-failed-1.png]]

[[ATTACHMENT|test-results/tenants-crud-ðŸ‘¥-Tenants----9136d-er-detalles-de-un-inquilino-chromium/video.webm]]

[[ATTACHMENT|test-results/tenants-crud-ðŸ‘¥-Tenants----9136d-er-detalles-de-un-inquilino-chromium/error-context.md]]
]]>
</system-out>
</testcase>
<testcase name="ðŸ‘¥ Tenants - CRUD Operations â€º âš ï¸ Debe manejar email duplicado" classname="tenants/crud.spec.ts" time="30.962">
<failure message="crud.spec.ts:185:7 âš ï¸ Debe manejar email duplicado" type="FAILURE">
<![CDATA[  [chromium] â€º tenants/crud.spec.ts:185:7 â€º ðŸ‘¥ Tenants - CRUD Operations â€º âš ï¸ Debe manejar email duplicado 

    Test timeout of 30000ms exceeded while running "beforeEach" hook.

      23 | test.describe('ðŸ‘¥ Tenants - CRUD Operations', () => {
      24 |   // Login antes de cada test
    > 25 |   test.beforeEach(async ({ page }) => {
         |        ^
      26 |     await page.goto(`${BASE_URL}/login`);
      27 |     await page.fill('input[name="email"]', TEST_USER.email);
      28 |     await page.fill('input[name="password"]', TEST_USER.password);
        at /workspace/__tests__/e2e/tenants/crud.spec.ts:25:8

    Error: page.fill: Test timeout of 30000ms exceeded.
    Call log:
      - waiting for locator('input[name="email"]')


      25 |   test.beforeEach(async ({ page }) => {
      26 |     await page.goto(`${BASE_URL}/login`);
    > 27 |     await page.fill('input[name="email"]', TEST_USER.email);
         |                ^
      28 |     await page.fill('input[name="password"]', TEST_USER.password);
      29 |     await page.click('button[type="submit"]');
      30 |     await page.waitForURL(/\/dashboard|\/admin/, { timeout: 10000 });
        at /workspace/__tests__/e2e/tenants/crud.spec.ts:27:16

    attachment #1: screenshot (image/png) â”€â”€â”€â”€â”€â”€â”€â”€â”€â”€â”€â”€â”€â”€â”€â”€â”€â”€â”€â”€â”€â”€â”€â”€â”€â”€â”€â”€â”€â”€â”€â”€â”€â”€â”€â”€â”€â”€â”€â”€â”€â”€â”€â”€â”€â”€â”€â”€â”€â”€â”€â”€â”€â”€â”€â”€â”€â”€
    ../../test-results/tenants-crud-ðŸ‘¥-Tenants----e50b2-ebe-manejar-email-duplicado-chromium/test-failed-1.png
    â”€â”€â”€â”€â”€â”€â”€â”€â”€â”€â”€â”€â”€â”€â”€â”€â”€â”€â”€â”€â”€â”€â”€â”€â”€â”€â”€â”€â”€â”€â”€â”€â”€â”€â”€â”€â”€â”€â”€â”€â”€â”€â”€â”€â”€â”€â”€â”€â”€â”€â”€â”€â”€â”€â”€â”€â”€â”€â”€â”€â”€â”€â”€â”€â”€â”€â”€â”€â”€â”€â”€â”€â”€â”€â”€â”€â”€â”€â”€â”€â”€â”€â”€â”€â”€â”€â”€â”€â”€â”€â”€â”€â”€â”€â”€â”€

    attachment #2: video (video/webm) â”€â”€â”€â”€â”€â”€â”€â”€â”€â”€â”€â”€â”€â”€â”€â”€â”€â”€â”€â”€â”€â”€â”€â”€â”€â”€â”€â”€â”€â”€â”€â”€â”€â”€â”€â”€â”€â”€â”€â”€â”€â”€â”€â”€â”€â”€â”€â”€â”€â”€â”€â”€â”€â”€â”€â”€â”€â”€â”€â”€â”€â”€
    ../../test-results/tenants-crud-ðŸ‘¥-Tenants----e50b2-ebe-manejar-email-duplicado-chromium/video.webm
    â”€â”€â”€â”€â”€â”€â”€â”€â”€â”€â”€â”€â”€â”€â”€â”€â”€â”€â”€â”€â”€â”€â”€â”€â”€â”€â”€â”€â”€â”€â”€â”€â”€â”€â”€â”€â”€â”€â”€â”€â”€â”€â”€â”€â”€â”€â”€â”€â”€â”€â”€â”€â”€â”€â”€â”€â”€â”€â”€â”€â”€â”€â”€â”€â”€â”€â”€â”€â”€â”€â”€â”€â”€â”€â”€â”€â”€â”€â”€â”€â”€â”€â”€â”€â”€â”€â”€â”€â”€â”€â”€â”€â”€â”€â”€â”€

    Error Context: ../../test-results/tenants-crud-ðŸ‘¥-Tenants----e50b2-ebe-manejar-email-duplicado-chromium/error-context.md
]]>
</failure>
<system-out>
<![CDATA[
[[ATTACHMENT|test-results/tenants-crud-ðŸ‘¥-Tenants----e50b2-ebe-manejar-email-duplicado-chromium/test-failed-1.png]]

[[ATTACHMENT|test-results/tenants-crud-ðŸ‘¥-Tenants----e50b2-ebe-manejar-email-duplicado-chromium/video.webm]]

[[ATTACHMENT|test-results/tenants-crud-ðŸ‘¥-Tenants----e50b2-ebe-manejar-email-duplicado-chromium/error-context.md]]
]]>
</system-out>
</testcase>
<testcase name="ðŸ‘¥ Tenants - Payments &amp; Documents â€º âœ… Debe mostrar pagos del inquilino" classname="tenants/crud.spec.ts" time="31.029">
<failure message="crud.spec.ts:229:7 âœ… Debe mostrar pagos del inquilino" type="FAILURE">
<![CDATA[  [chromium] â€º tenants/crud.spec.ts:229:7 â€º ðŸ‘¥ Tenants - Payments & Documents â€º âœ… Debe mostrar pagos del inquilino 

    Test timeout of 30000ms exceeded while running "beforeEach" hook.

      219 |
      220 | test.describe('ðŸ‘¥ Tenants - Payments & Documents', () => {
    > 221 |   test.beforeEach(async ({ page }) => {
          |        ^
      222 |     await page.goto(`${BASE_URL}/login`);
      223 |     await page.fill('input[name="email"]', TEST_USER.email);
      224 |     await page.fill('input[name="password"]', TEST_USER.password);
        at /workspace/__tests__/e2e/tenants/crud.spec.ts:221:8

    Error: page.fill: Test timeout of 30000ms exceeded.
    Call log:
      - waiting for locator('input[name="email"]')


      221 |   test.beforeEach(async ({ page }) => {
      222 |     await page.goto(`${BASE_URL}/login`);
    > 223 |     await page.fill('input[name="email"]', TEST_USER.email);
          |                ^
      224 |     await page.fill('input[name="password"]', TEST_USER.password);
      225 |     await page.click('button[type="submit"]');
      226 |     await page.waitForURL(/\/dashboard|\/admin/, { timeout: 10000 });
        at /workspace/__tests__/e2e/tenants/crud.spec.ts:223:16

    attachment #1: screenshot (image/png) â”€â”€â”€â”€â”€â”€â”€â”€â”€â”€â”€â”€â”€â”€â”€â”€â”€â”€â”€â”€â”€â”€â”€â”€â”€â”€â”€â”€â”€â”€â”€â”€â”€â”€â”€â”€â”€â”€â”€â”€â”€â”€â”€â”€â”€â”€â”€â”€â”€â”€â”€â”€â”€â”€â”€â”€â”€â”€
    ../../test-results/tenants-crud-ðŸ‘¥-Tenants----a9492-mostrar-pagos-del-inquilino-chromium/test-failed-1.png
    â”€â”€â”€â”€â”€â”€â”€â”€â”€â”€â”€â”€â”€â”€â”€â”€â”€â”€â”€â”€â”€â”€â”€â”€â”€â”€â”€â”€â”€â”€â”€â”€â”€â”€â”€â”€â”€â”€â”€â”€â”€â”€â”€â”€â”€â”€â”€â”€â”€â”€â”€â”€â”€â”€â”€â”€â”€â”€â”€â”€â”€â”€â”€â”€â”€â”€â”€â”€â”€â”€â”€â”€â”€â”€â”€â”€â”€â”€â”€â”€â”€â”€â”€â”€â”€â”€â”€â”€â”€â”€â”€â”€â”€â”€â”€â”€

    attachment #2: video (video/webm) â”€â”€â”€â”€â”€â”€â”€â”€â”€â”€â”€â”€â”€â”€â”€â”€â”€â”€â”€â”€â”€â”€â”€â”€â”€â”€â”€â”€â”€â”€â”€â”€â”€â”€â”€â”€â”€â”€â”€â”€â”€â”€â”€â”€â”€â”€â”€â”€â”€â”€â”€â”€â”€â”€â”€â”€â”€â”€â”€â”€â”€â”€
    ../../test-results/tenants-crud-ðŸ‘¥-Tenants----a9492-mostrar-pagos-del-inquilino-chromium/video.webm
    â”€â”€â”€â”€â”€â”€â”€â”€â”€â”€â”€â”€â”€â”€â”€â”€â”€â”€â”€â”€â”€â”€â”€â”€â”€â”€â”€â”€â”€â”€â”€â”€â”€â”€â”€â”€â”€â”€â”€â”€â”€â”€â”€â”€â”€â”€â”€â”€â”€â”€â”€â”€â”€â”€â”€â”€â”€â”€â”€â”€â”€â”€â”€â”€â”€â”€â”€â”€â”€â”€â”€â”€â”€â”€â”€â”€â”€â”€â”€â”€â”€â”€â”€â”€â”€â”€â”€â”€â”€â”€â”€â”€â”€â”€â”€â”€

    Error Context: ../../test-results/tenants-crud-ðŸ‘¥-Tenants----a9492-mostrar-pagos-del-inquilino-chromium/error-context.md
]]>
</failure>
<system-out>
<![CDATA[
[[ATTACHMENT|test-results/tenants-crud-ðŸ‘¥-Tenants----a9492-mostrar-pagos-del-inquilino-chromium/test-failed-1.png]]

[[ATTACHMENT|test-results/tenants-crud-ðŸ‘¥-Tenants----a9492-mostrar-pagos-del-inquilino-chromium/video.webm]]

[[ATTACHMENT|test-results/tenants-crud-ðŸ‘¥-Tenants----a9492-mostrar-pagos-del-inquilino-chromium/error-context.md]]
]]>
</system-out>
</testcase>
<testcase name="ðŸ‘¥ Tenants - Payments &amp; Documents â€º âœ… Debe permitir subir documentos" classname="tenants/crud.spec.ts" time="30.987">
<failure message="crud.spec.ts:256:7 âœ… Debe permitir subir documentos" type="FAILURE">
<![CDATA[  [chromium] â€º tenants/crud.spec.ts:256:7 â€º ðŸ‘¥ Tenants - Payments & Documents â€º âœ… Debe permitir subir documentos 

    Test timeout of 30000ms exceeded while running "beforeEach" hook.

      219 |
      220 | test.describe('ðŸ‘¥ Tenants - Payments & Documents', () => {
    > 221 |   test.beforeEach(async ({ page }) => {
          |        ^
      222 |     await page.goto(`${BASE_URL}/login`);
      223 |     await page.fill('input[name="email"]', TEST_USER.email);
      224 |     await page.fill('input[name="password"]', TEST_USER.password);
        at /workspace/__tests__/e2e/tenants/crud.spec.ts:221:8

    Error: page.fill: Test timeout of 30000ms exceeded.
    Call log:
      - waiting for locator('input[name="email"]')


      221 |   test.beforeEach(async ({ page }) => {
      222 |     await page.goto(`${BASE_URL}/login`);
    > 223 |     await page.fill('input[name="email"]', TEST_USER.email);
          |                ^
      224 |     await page.fill('input[name="password"]', TEST_USER.password);
      225 |     await page.click('button[type="submit"]');
      226 |     await page.waitForURL(/\/dashboard|\/admin/, { timeout: 10000 });
        at /workspace/__tests__/e2e/tenants/crud.spec.ts:223:16

    attachment #1: screenshot (image/png) â”€â”€â”€â”€â”€â”€â”€â”€â”€â”€â”€â”€â”€â”€â”€â”€â”€â”€â”€â”€â”€â”€â”€â”€â”€â”€â”€â”€â”€â”€â”€â”€â”€â”€â”€â”€â”€â”€â”€â”€â”€â”€â”€â”€â”€â”€â”€â”€â”€â”€â”€â”€â”€â”€â”€â”€â”€â”€
    ../../test-results/tenants-crud-ðŸ‘¥-Tenants----b629e-e-permitir-subir-documentos-chromium/test-failed-1.png
    â”€â”€â”€â”€â”€â”€â”€â”€â”€â”€â”€â”€â”€â”€â”€â”€â”€â”€â”€â”€â”€â”€â”€â”€â”€â”€â”€â”€â”€â”€â”€â”€â”€â”€â”€â”€â”€â”€â”€â”€â”€â”€â”€â”€â”€â”€â”€â”€â”€â”€â”€â”€â”€â”€â”€â”€â”€â”€â”€â”€â”€â”€â”€â”€â”€â”€â”€â”€â”€â”€â”€â”€â”€â”€â”€â”€â”€â”€â”€â”€â”€â”€â”€â”€â”€â”€â”€â”€â”€â”€â”€â”€â”€â”€â”€â”€

    attachment #2: video (video/webm) â”€â”€â”€â”€â”€â”€â”€â”€â”€â”€â”€â”€â”€â”€â”€â”€â”€â”€â”€â”€â”€â”€â”€â”€â”€â”€â”€â”€â”€â”€â”€â”€â”€â”€â”€â”€â”€â”€â”€â”€â”€â”€â”€â”€â”€â”€â”€â”€â”€â”€â”€â”€â”€â”€â”€â”€â”€â”€â”€â”€â”€â”€
    ../../test-results/tenants-crud-ðŸ‘¥-Tenants----b629e-e-permitir-subir-documentos-chromium/video.webm
    â”€â”€â”€â”€â”€â”€â”€â”€â”€â”€â”€â”€â”€â”€â”€â”€â”€â”€â”€â”€â”€â”€â”€â”€â”€â”€â”€â”€â”€â”€â”€â”€â”€â”€â”€â”€â”€â”€â”€â”€â”€â”€â”€â”€â”€â”€â”€â”€â”€â”€â”€â”€â”€â”€â”€â”€â”€â”€â”€â”€â”€â”€â”€â”€â”€â”€â”€â”€â”€â”€â”€â”€â”€â”€â”€â”€â”€â”€â”€â”€â”€â”€â”€â”€â”€â”€â”€â”€â”€â”€â”€â”€â”€â”€â”€â”€

    Error Context: ../../test-results/tenants-crud-ðŸ‘¥-Tenants----b629e-e-permitir-subir-documentos-chromium/error-context.md
]]>
</failure>
<system-out>
<![CDATA[
[[ATTACHMENT|test-results/tenants-crud-ðŸ‘¥-Tenants----b629e-e-permitir-subir-documentos-chromium/test-failed-1.png]]

[[ATTACHMENT|test-results/tenants-crud-ðŸ‘¥-Tenants----b629e-e-permitir-subir-documentos-chromium/video.webm]]

[[ATTACHMENT|test-results/tenants-crud-ðŸ‘¥-Tenants----b629e-e-permitir-subir-documentos-chromium/error-context.md]]
]]>
</system-out>
</testcase>
<testcase name="ðŸ‘¥ Tenants - API Integration â€º âœ… Debe cargar inquilinos desde la API" classname="tenants/crud.spec.ts" time="30.984">
<failure message="crud.spec.ts:292:7 âœ… Debe cargar inquilinos desde la API" type="FAILURE">
<![CDATA[  [chromium] â€º tenants/crud.spec.ts:292:7 â€º ðŸ‘¥ Tenants - API Integration â€º âœ… Debe cargar inquilinos desde la API 

    Test timeout of 30000ms exceeded while running "beforeEach" hook.

      282 |
      283 | test.describe('ðŸ‘¥ Tenants - API Integration', () => {
    > 284 |   test.beforeEach(async ({ page }) => {
          |        ^
      285 |     await page.goto(`${BASE_URL}/login`);
      286 |     await page.fill('input[name="email"]', TEST_USER.email);
      287 |     await page.fill('input[name="password"]', TEST_USER.password);
        at /workspace/__tests__/e2e/tenants/crud.spec.ts:284:8

    Error: page.fill: Test timeout of 30000ms exceeded.
    Call log:
      - waiting for locator('input[name="email"]')


      284 |   test.beforeEach(async ({ page }) => {
      285 |     await page.goto(`${BASE_URL}/login`);
    > 286 |     await page.fill('input[name="email"]', TEST_USER.email);
          |                ^
      287 |     await page.fill('input[name="password"]', TEST_USER.password);
      288 |     await page.click('button[type="submit"]');
      289 |     await page.waitForURL(/\/dashboard|\/admin/, { timeout: 10000 });
        at /workspace/__tests__/e2e/tenants/crud.spec.ts:286:16

    attachment #1: screenshot (image/png) â”€â”€â”€â”€â”€â”€â”€â”€â”€â”€â”€â”€â”€â”€â”€â”€â”€â”€â”€â”€â”€â”€â”€â”€â”€â”€â”€â”€â”€â”€â”€â”€â”€â”€â”€â”€â”€â”€â”€â”€â”€â”€â”€â”€â”€â”€â”€â”€â”€â”€â”€â”€â”€â”€â”€â”€â”€â”€
    ../../test-results/tenants-crud-ðŸ‘¥-Tenants----997a9-gar-inquilinos-desde-la-API-chromium/test-failed-1.png
    â”€â”€â”€â”€â”€â”€â”€â”€â”€â”€â”€â”€â”€â”€â”€â”€â”€â”€â”€â”€â”€â”€â”€â”€â”€â”€â”€â”€â”€â”€â”€â”€â”€â”€â”€â”€â”€â”€â”€â”€â”€â”€â”€â”€â”€â”€â”€â”€â”€â”€â”€â”€â”€â”€â”€â”€â”€â”€â”€â”€â”€â”€â”€â”€â”€â”€â”€â”€â”€â”€â”€â”€â”€â”€â”€â”€â”€â”€â”€â”€â”€â”€â”€â”€â”€â”€â”€â”€â”€â”€â”€â”€â”€â”€â”€â”€

    attachment #2: video (video/webm) â”€â”€â”€â”€â”€â”€â”€â”€â”€â”€â”€â”€â”€â”€â”€â”€â”€â”€â”€â”€â”€â”€â”€â”€â”€â”€â”€â”€â”€â”€â”€â”€â”€â”€â”€â”€â”€â”€â”€â”€â”€â”€â”€â”€â”€â”€â”€â”€â”€â”€â”€â”€â”€â”€â”€â”€â”€â”€â”€â”€â”€â”€
    ../../test-results/tenants-crud-ðŸ‘¥-Tenants----997a9-gar-inquilinos-desde-la-API-chromium/video.webm
    â”€â”€â”€â”€â”€â”€â”€â”€â”€â”€â”€â”€â”€â”€â”€â”€â”€â”€â”€â”€â”€â”€â”€â”€â”€â”€â”€â”€â”€â”€â”€â”€â”€â”€â”€â”€â”€â”€â”€â”€â”€â”€â”€â”€â”€â”€â”€â”€â”€â”€â”€â”€â”€â”€â”€â”€â”€â”€â”€â”€â”€â”€â”€â”€â”€â”€â”€â”€â”€â”€â”€â”€â”€â”€â”€â”€â”€â”€â”€â”€â”€â”€â”€â”€â”€â”€â”€â”€â”€â”€â”€â”€â”€â”€â”€â”€

    Error Context: ../../test-results/tenants-crud-ðŸ‘¥-Tenants----997a9-gar-inquilinos-desde-la-API-chromium/error-context.md
]]>
</failure>
<system-out>
<![CDATA[
[[ATTACHMENT|test-results/tenants-crud-ðŸ‘¥-Tenants----997a9-gar-inquilinos-desde-la-API-chromium/test-failed-1.png]]

[[ATTACHMENT|test-results/tenants-crud-ðŸ‘¥-Tenants----997a9-gar-inquilinos-desde-la-API-chromium/video.webm]]

[[ATTACHMENT|test-results/tenants-crud-ðŸ‘¥-Tenants----997a9-gar-inquilinos-desde-la-API-chromium/error-context.md]]
]]>
</system-out>
</testcase>
<testcase name="ðŸ‘¥ Tenants - API Integration â€º âš ï¸ Debe manejar error de API gracefully" classname="tenants/crud.spec.ts" time="31.159">
<failure message="crud.spec.ts:307:7 âš ï¸ Debe manejar error de API gracefully" type="FAILURE">
<![CDATA[  [chromium] â€º tenants/crud.spec.ts:307:7 â€º ðŸ‘¥ Tenants - API Integration â€º âš ï¸ Debe manejar error de API gracefully 

    Test timeout of 30000ms exceeded while running "beforeEach" hook.

      282 |
      283 | test.describe('ðŸ‘¥ Tenants - API Integration', () => {
    > 284 |   test.beforeEach(async ({ page }) => {
          |        ^
      285 |     await page.goto(`${BASE_URL}/login`);
      286 |     await page.fill('input[name="email"]', TEST_USER.email);
      287 |     await page.fill('input[name="password"]', TEST_USER.password);
        at /workspace/__tests__/e2e/tenants/crud.spec.ts:284:8

    Error: page.fill: Test timeout of 30000ms exceeded.
    Call log:
      - waiting for locator('input[name="email"]')


      284 |   test.beforeEach(async ({ page }) => {
      285 |     await page.goto(`${BASE_URL}/login`);
    > 286 |     await page.fill('input[name="email"]', TEST_USER.email);
          |                ^
      287 |     await page.fill('input[name="password"]', TEST_USER.password);
      288 |     await page.click('button[type="submit"]');
      289 |     await page.waitForURL(/\/dashboard|\/admin/, { timeout: 10000 });
        at /workspace/__tests__/e2e/tenants/crud.spec.ts:286:16

    attachment #1: screenshot (image/png) â”€â”€â”€â”€â”€â”€â”€â”€â”€â”€â”€â”€â”€â”€â”€â”€â”€â”€â”€â”€â”€â”€â”€â”€â”€â”€â”€â”€â”€â”€â”€â”€â”€â”€â”€â”€â”€â”€â”€â”€â”€â”€â”€â”€â”€â”€â”€â”€â”€â”€â”€â”€â”€â”€â”€â”€â”€â”€
    ../../test-results/tenants-crud-ðŸ‘¥-Tenants----01431-jar-error-de-API-gracefully-chromium/test-failed-1.png
    â”€â”€â”€â”€â”€â”€â”€â”€â”€â”€â”€â”€â”€â”€â”€â”€â”€â”€â”€â”€â”€â”€â”€â”€â”€â”€â”€â”€â”€â”€â”€â”€â”€â”€â”€â”€â”€â”€â”€â”€â”€â”€â”€â”€â”€â”€â”€â”€â”€â”€â”€â”€â”€â”€â”€â”€â”€â”€â”€â”€â”€â”€â”€â”€â”€â”€â”€â”€â”€â”€â”€â”€â”€â”€â”€â”€â”€â”€â”€â”€â”€â”€â”€â”€â”€â”€â”€â”€â”€â”€â”€â”€â”€â”€â”€â”€

    attachment #2: video (video/webm) â”€â”€â”€â”€â”€â”€â”€â”€â”€â”€â”€â”€â”€â”€â”€â”€â”€â”€â”€â”€â”€â”€â”€â”€â”€â”€â”€â”€â”€â”€â”€â”€â”€â”€â”€â”€â”€â”€â”€â”€â”€â”€â”€â”€â”€â”€â”€â”€â”€â”€â”€â”€â”€â”€â”€â”€â”€â”€â”€â”€â”€â”€
    ../../test-results/tenants-crud-ðŸ‘¥-Tenants----01431-jar-error-de-API-gracefully-chromium/video.webm
    â”€â”€â”€â”€â”€â”€â”€â”€â”€â”€â”€â”€â”€â”€â”€â”€â”€â”€â”€â”€â”€â”€â”€â”€â”€â”€â”€â”€â”€â”€â”€â”€â”€â”€â”€â”€â”€â”€â”€â”€â”€â”€â”€â”€â”€â”€â”€â”€â”€â”€â”€â”€â”€â”€â”€â”€â”€â”€â”€â”€â”€â”€â”€â”€â”€â”€â”€â”€â”€â”€â”€â”€â”€â”€â”€â”€â”€â”€â”€â”€â”€â”€â”€â”€â”€â”€â”€â”€â”€â”€â”€â”€â”€â”€â”€â”€

    Error Context: ../../test-results/tenants-crud-ðŸ‘¥-Tenants----01431-jar-error-de-API-gracefully-chromium/error-context.md
]]>
</failure>
<system-out>
<![CDATA[
[[ATTACHMENT|test-results/tenants-crud-ðŸ‘¥-Tenants----01431-jar-error-de-API-gracefully-chromium/test-failed-1.png]]

[[ATTACHMENT|test-results/tenants-crud-ðŸ‘¥-Tenants----01431-jar-error-de-API-gracefully-chromium/video.webm]]

[[ATTACHMENT|test-results/tenants-crud-ðŸ‘¥-Tenants----01431-jar-error-de-API-gracefully-chromium/error-context.md]]
]]>
</system-out>
</testcase>
</testsuite>
<testsuite name="text-visibility-audit.spec.ts" timestamp="2026-01-08T12:53:10.552Z" hostname="chromium" tests="2" failures="1" skipped="0" time="45.508" errors="0">
<testcase name="AuditorÃ­a de Textos - Visibilidad en Todas las PÃ¡ginas â€º Analizar textos oscuros sobre fondos oscuros en todas las pÃ¡ginas" classname="text-visibility-audit.spec.ts" time="30.591">
<failure message="text-visibility-audit.spec.ts:195:7 Analizar textos oscuros sobre fondos oscuros en todas las pÃ¡ginas" type="FAILURE">
<![CDATA[  [chromium] â€º text-visibility-audit.spec.ts:195:7 â€º AuditorÃ­a de Textos - Visibilidad en Todas las PÃ¡ginas â€º Analizar textos oscuros sobre fondos oscuros en todas las pÃ¡ginas 

    Test timeout of 30000ms exceeded.

    attachment #1: screenshot (image/png) â”€â”€â”€â”€â”€â”€â”€â”€â”€â”€â”€â”€â”€â”€â”€â”€â”€â”€â”€â”€â”€â”€â”€â”€â”€â”€â”€â”€â”€â”€â”€â”€â”€â”€â”€â”€â”€â”€â”€â”€â”€â”€â”€â”€â”€â”€â”€â”€â”€â”€â”€â”€â”€â”€â”€â”€â”€â”€
    ../../test-results/text-visibility-audit-Audi-d71e9-scuros-en-todas-las-pÃ¡ginas-chromium/test-failed-1.png
    â”€â”€â”€â”€â”€â”€â”€â”€â”€â”€â”€â”€â”€â”€â”€â”€â”€â”€â”€â”€â”€â”€â”€â”€â”€â”€â”€â”€â”€â”€â”€â”€â”€â”€â”€â”€â”€â”€â”€â”€â”€â”€â”€â”€â”€â”€â”€â”€â”€â”€â”€â”€â”€â”€â”€â”€â”€â”€â”€â”€â”€â”€â”€â”€â”€â”€â”€â”€â”€â”€â”€â”€â”€â”€â”€â”€â”€â”€â”€â”€â”€â”€â”€â”€â”€â”€â”€â”€â”€â”€â”€â”€â”€â”€â”€â”€

    attachment #2: video (video/webm) â”€â”€â”€â”€â”€â”€â”€â”€â”€â”€â”€â”€â”€â”€â”€â”€â”€â”€â”€â”€â”€â”€â”€â”€â”€â”€â”€â”€â”€â”€â”€â”€â”€â”€â”€â”€â”€â”€â”€â”€â”€â”€â”€â”€â”€â”€â”€â”€â”€â”€â”€â”€â”€â”€â”€â”€â”€â”€â”€â”€â”€â”€
    ../../test-results/text-visibility-audit-Audi-d71e9-scuros-en-todas-las-pÃ¡ginas-chromium/video.webm
    â”€â”€â”€â”€â”€â”€â”€â”€â”€â”€â”€â”€â”€â”€â”€â”€â”€â”€â”€â”€â”€â”€â”€â”€â”€â”€â”€â”€â”€â”€â”€â”€â”€â”€â”€â”€â”€â”€â”€â”€â”€â”€â”€â”€â”€â”€â”€â”€â”€â”€â”€â”€â”€â”€â”€â”€â”€â”€â”€â”€â”€â”€â”€â”€â”€â”€â”€â”€â”€â”€â”€â”€â”€â”€â”€â”€â”€â”€â”€â”€â”€â”€â”€â”€â”€â”€â”€â”€â”€â”€â”€â”€â”€â”€â”€â”€

    Error Context: ../../test-results/text-visibility-audit-Audi-d71e9-scuros-en-todas-las-pÃ¡ginas-chromium/error-context.md
]]>
</failure>
<system-out>
<![CDATA[
â•â•â•â•â•â•â•â•â•â•â•â•â•â•â•â•â•â•â•â•â•â•â•â•â•â•â•â•â•â•â•â•â•â•â•â•â•â•â•â•â•â•â•â•â•â•â•â•â•â•â•â•â•â•â•â•â•â•â•â•â•â•â•â•â•â•â•â•â•â•
  AUDITORÃA DE TEXTOS - VISIBILIDAD
â•â•â•â•â•â•â•â•â•â•â•â•â•â•â•â•â•â•â•â•â•â•â•â•â•â•â•â•â•â•â•â•â•â•â•â•â•â•â•â•â•â•â•â•â•â•â•â•â•â•â•â•â•â•â•â•â•â•â•â•â•â•â•â•â•â•â•â•â•â•


ðŸ“ Analizando: /landing
   âš ï¸  28 problemas encontrados
   ðŸŸ¡ Texto claro sobre fondo claro: 22
      - "Â¡Empieza a â‚¬17/mes!" (1:1)
      - "Â¿Listo para el Ecosistema Completo?" (1:1)
      - "Â¿Por quÃ© elegir INMOVA?" (1:1)
      - "Plan Starter 50% dto. 3 primeros meses" (1:1)
      - "Pasa del Excel a gestiÃ³n profesional. Contratos, c" (1:1)
      - "Prueba Inmova 30 dÃ­as gratis. Sin tarjeta, sin per" (1:1)
      - "âœ“ Setup en 10 minutos Â· âœ“ Soporte 24/7 Â· âœ“ Cancela" (1:1)
      - "â° Oferta por tiempo limitado" (1:1)
      - "Ver oferta" (1:1)
      - "Empezar Gratis Ahora" (1:1)
      - "Ver Planes y Precios" (1:1)
      - "!" (1:1)
      - "PropTech" (1.1:1)
      - "CÃ³digo: COLIVING26" (1:1)
      - "Coliving Sin Complicaciones" (1:1)
      - "Primer mes GRATIS + 20% dto. 6 meses" (1:1)
      - "Plan Professional con prorrateo automÃ¡tico de sumi" (1:1)
      - "â­ MÃ¡s Popular" (1:1)
      - "M" (1:1)
      - "J" (1:1)
      - "L" (1:1)
      - "C" (1:1)

ðŸ“ Analizando: /landing/demo
   âŒ Error cargando pÃ¡gina: Error: page.goto: Test timeout of 30000ms exceeded.
Call log:
[2m  - navigating to "https://inmovaapp.com/landing/demo", waiting until "networkidle"[22m


ðŸ“ Analizando: /landing/ventajas
   âŒ Error cargando pÃ¡gina: Error: page.goto: Target page, context or browser has been closed

ðŸ“ Analizando: /landing/sobre-nosotros
   âŒ Error cargando pÃ¡gina: Error: page.goto: Target page, context or browser has been closed

ðŸ“ Analizando: /landing/blog
   âŒ Error cargando pÃ¡gina: Error: page.goto: Target page, context or browser has been closed

ðŸ“ Analizando: /landing/casos-exito
   âŒ Error cargando pÃ¡gina: Error: page.goto: Target page, context or browser has been closed

ðŸ“ Analizando: /landing/contacto
   âŒ Error cargando pÃ¡gina: Error: page.goto: Target page, context or browser has been closed

ðŸ“ Analizando: /landing/legal/privacidad
   âŒ Error cargando pÃ¡gina: Error: page.goto: Target page, context or browser has been closed

ðŸ“ Analizando: /landing/legal/terminos
   âŒ Error cargando pÃ¡gina: Error: page.goto: Target page, context or browser has been closed

ðŸ“ Analizando: /landing/legal/gdpr
   âŒ Error cargando pÃ¡gina: Error: page.goto: Target page, context or browser has been closed

ðŸ“ Analizando: /landing/legal/cookies
   âŒ Error cargando pÃ¡gina: Error: page.goto: Target page, context or browser has been closed

ðŸ“ Analizando: /ewoorker/landing
   âŒ Error cargando pÃ¡gina: Error: page.goto: Target page, context or browser has been closed

â•â•â•â•â•â•â•â•â•â•â•â•â•â•â•â•â•â•â•â•â•â•â•â•â•â•â•â•â•â•â•â•â•â•â•â•â•â•â•â•â•â•â•â•â•â•â•â•â•â•â•â•â•â•â•â•â•â•â•â•â•â•â•â•â•â•â•â•â•â•
  RESUMEN FINAL
â•â•â•â•â•â•â•â•â•â•â•â•â•â•â•â•â•â•â•â•â•â•â•â•â•â•â•â•â•â•â•â•â•â•â•â•â•â•â•â•â•â•â•â•â•â•â•â•â•â•â•â•â•â•â•â•â•â•â•â•â•â•â•â•â•â•â•â•â•â•

Total pÃ¡ginas analizadas: 12
Total problemas encontrados: 28

ðŸ”´ Texto oscuro sobre fondo oscuro: 0
ðŸŸ¡ Texto claro sobre fondo claro: 22

â•â•â•â•â•â•â•â•â•â•â•â•â•â•â•â•â•â•â•â•â•â•â•â•â•â•â•â•â•â•â•â•â•â•â•â•â•â•â•â•â•â•â•â•â•â•â•â•â•â•â•â•â•â•â•â•â•â•â•â•â•â•â•â•â•â•â•â•â•â•


[[ATTACHMENT|test-results/text-visibility-audit-Audi-d71e9-scuros-en-todas-las-pÃ¡ginas-chromium/test-failed-1.png]]

[[ATTACHMENT|test-results/text-visibility-audit-Audi-d71e9-scuros-en-todas-las-pÃ¡ginas-chromium/video.webm]]

[[ATTACHMENT|test-results/text-visibility-audit-Audi-d71e9-scuros-en-todas-las-pÃ¡ginas-chromium/error-context.md]]
]]>
</system-out>
</testcase>
<testcase name="AuditorÃ­a de Textos - Visibilidad en Todas las PÃ¡ginas â€º Verificar secciones especÃ­ficas de la landing principal" classname="text-visibility-audit.spec.ts" time="14.917">
<system-out>
<![CDATA[
â•â•â•â•â•â•â•â•â•â•â•â•â•â•â•â•â•â•â•â•â•â•â•â•â•â•â•â•â•â•â•â•â•â•â•â•â•â•â•â•â•â•â•â•â•â•â•â•â•â•â•â•â•â•â•â•â•â•â•â•â•â•â•â•â•â•â•â•â•â•
  ANÃLISIS DETALLADO - LANDING PRINCIPAL
â•â•â•â•â•â•â•â•â•â•â•â•â•â•â•â•â•â•â•â•â•â•â•â•â•â•â•â•â•â•â•â•â•â•â•â•â•â•â•â•â•â•â•â•â•â•â•â•â•â•â•â•â•â•â•â•â•â•â•â•â•â•â•â•â•â•â•â•â•â•

ðŸ“ SecciÃ³n: Header/Navigation
   âœ… Sin problemas de texto oscuro sobre oscuro

ðŸ“ SecciÃ³n: Hero Section
   âœ… Sin problemas de texto oscuro sobre oscuro

ðŸ“ SecciÃ³n: Features
   âœ… Sin problemas de texto oscuro sobre oscuro

ðŸ“ SecciÃ³n: Pricing
   âœ… Sin problemas de texto oscuro sobre oscuro

ðŸ“ SecciÃ³n: Footer
   âœ… Sin problemas de texto oscuro sobre oscuro

ðŸ“ SecciÃ³n: Banners/Promos
   (No encontrada)

â•â•â•â•â•â•â•â•â•â•â•â•â•â•â•â•â•â•â•â•â•â•â•â•â•â•â•â•â•â•â•â•â•â•â•â•â•â•â•â•â•â•â•â•â•â•â•â•â•â•â•â•â•â•â•â•â•â•â•â•â•â•â•â•â•â•â•â•â•â•

]]>
</system-out>
</testcase>
</testsuite>
<testsuite name="verify-production.spec.ts" timestamp="2026-01-08T12:53:10.552Z" hostname="chromium" tests="7" failures="0" skipped="0" time="8.535" errors="0">
<testcase name="VerificaciÃ³n de ProducciÃ³n - Cambios Desplegados â€º Landing principal carga correctamente" classname="verify-production.spec.ts" time="1.185">
<system-out>
<![CDATA[âœ… Landing carga correctamente
]]>
</system-out>
</testcase>
<testcase name="VerificaciÃ³n de ProducciÃ³n - Cambios Desplegados â€º No hay menciones de competidores (Homming/Rentger)" classname="verify-production.spec.ts" time="1.811">
<system-out>
<![CDATA[âœ… No hay menciones de competidores
]]>
</system-out>
</testcase>
<testcase name="VerificaciÃ³n de ProducciÃ³n - Cambios Desplegados â€º SecciÃ³n de precios tiene nombres genÃ©ricos" classname="verify-production.spec.ts" time="1.915">
<system-out>
<![CDATA[âœ… Precios usan nombres genÃ©ricos
]]>
</system-out>
</testcase>
<testcase name="VerificaciÃ³n de ProducciÃ³n - Cambios Desplegados â€º API de planes responde correctamente" classname="verify-production.spec.ts" time="0.287">
<system-out>
<![CDATA[âœ… API /api/planes funciona
]]>
</system-out>
</testcase>
<testcase name="VerificaciÃ³n de ProducciÃ³n - Cambios Desplegados â€º API de addons responde correctamente" classname="verify-production.spec.ts" time="0.232">
<system-out>
<![CDATA[âœ… API /api/addons funciona
   Add-ons disponibles: 6
]]>
</system-out>
</testcase>
<testcase name="VerificaciÃ³n de ProducciÃ³n - Cambios Desplegados â€º API de health responde correctamente" classname="verify-production.spec.ts" time="0.225">
<system-out>
<![CDATA[âœ… API /api/health funciona
   Database: connected
]]>
</system-out>
</testcase>
<testcase name="VerificaciÃ³n de ProducciÃ³n - Cambios Desplegados â€º Calculadora ROI no tiene competidores especÃ­ficos" classname="verify-production.spec.ts" time="2.88">
<system-out>
<![CDATA[âœ… Calculadora ROI sin menciones de competidores
]]>
</system-out>
</testcase>
</testsuite>
<testsuite name="visual-regression.spec.ts" timestamp="2026-01-08T12:53:10.552Z" hostname="chromium" tests="10" failures="10" skipped="0" time="311.943" errors="0">
<testcase name="ðŸ“¸ Visual Regression Tests â€º @visual Dashboard - Vista completa" classname="visual-regression.spec.ts" time="31.171">
<failure message="visual-regression.spec.ts:18:7 @visual Dashboard - Vista completa" type="FAILURE">
<![CDATA[  [chromium] â€º visual-regression.spec.ts:18:7 â€º ðŸ“¸ Visual Regression Tests â€º @visual Dashboard - Vista completa 

    Test timeout of 30000ms exceeded while running "beforeEach" hook.

       7 |
       8 | test.describe('ðŸ“¸ Visual Regression Tests', () => {
    >  9 |   test.beforeEach(async ({ page }) => {
         |        ^
      10 |     // Login
      11 |     await page.goto('http://localhost:3000/auth/login');
      12 |     await page.getByLabel(/email/i).fill('admin@inmova.app');
        at /workspace/__tests__/e2e/visual-regression.spec.ts:9:8

    Error: locator.fill: Test timeout of 30000ms exceeded.
    Call log:
      - waiting for getByLabel(/email/i)


      10 |     // Login
      11 |     await page.goto('http://localhost:3000/auth/login');
    > 12 |     await page.getByLabel(/email/i).fill('admin@inmova.app');
         |                                     ^
      13 |     await page.getByLabel(/password|contraseÃ±a/i).fill('admin123');
      14 |     await page.getByRole('button', { name: /login|entrar|iniciar/i }).click();
      15 |     await expect(page).toHaveURL(/\/home|\/dashboard/, { timeout: 10000 });
        at /workspace/__tests__/e2e/visual-regression.spec.ts:12:37

    attachment #1: screenshot (image/png) â”€â”€â”€â”€â”€â”€â”€â”€â”€â”€â”€â”€â”€â”€â”€â”€â”€â”€â”€â”€â”€â”€â”€â”€â”€â”€â”€â”€â”€â”€â”€â”€â”€â”€â”€â”€â”€â”€â”€â”€â”€â”€â”€â”€â”€â”€â”€â”€â”€â”€â”€â”€â”€â”€â”€â”€â”€â”€
    ../../test-results/visual-regression-ðŸ“¸-Visua-ae076--Dashboard---Vista-completa-chromium/test-failed-1.png
    â”€â”€â”€â”€â”€â”€â”€â”€â”€â”€â”€â”€â”€â”€â”€â”€â”€â”€â”€â”€â”€â”€â”€â”€â”€â”€â”€â”€â”€â”€â”€â”€â”€â”€â”€â”€â”€â”€â”€â”€â”€â”€â”€â”€â”€â”€â”€â”€â”€â”€â”€â”€â”€â”€â”€â”€â”€â”€â”€â”€â”€â”€â”€â”€â”€â”€â”€â”€â”€â”€â”€â”€â”€â”€â”€â”€â”€â”€â”€â”€â”€â”€â”€â”€â”€â”€â”€â”€â”€â”€â”€â”€â”€â”€â”€â”€

    attachment #2: video (video/webm) â”€â”€â”€â”€â”€â”€â”€â”€â”€â”€â”€â”€â”€â”€â”€â”€â”€â”€â”€â”€â”€â”€â”€â”€â”€â”€â”€â”€â”€â”€â”€â”€â”€â”€â”€â”€â”€â”€â”€â”€â”€â”€â”€â”€â”€â”€â”€â”€â”€â”€â”€â”€â”€â”€â”€â”€â”€â”€â”€â”€â”€â”€
    ../../test-results/visual-regression-ðŸ“¸-Visua-ae076--Dashboard---Vista-completa-chromium/video.webm
    â”€â”€â”€â”€â”€â”€â”€â”€â”€â”€â”€â”€â”€â”€â”€â”€â”€â”€â”€â”€â”€â”€â”€â”€â”€â”€â”€â”€â”€â”€â”€â”€â”€â”€â”€â”€â”€â”€â”€â”€â”€â”€â”€â”€â”€â”€â”€â”€â”€â”€â”€â”€â”€â”€â”€â”€â”€â”€â”€â”€â”€â”€â”€â”€â”€â”€â”€â”€â”€â”€â”€â”€â”€â”€â”€â”€â”€â”€â”€â”€â”€â”€â”€â”€â”€â”€â”€â”€â”€â”€â”€â”€â”€â”€â”€â”€

    Error Context: ../../test-results/visual-regression-ðŸ“¸-Visua-ae076--Dashboard---Vista-completa-chromium/error-context.md
]]>
</failure>
<system-out>
<![CDATA[
[[ATTACHMENT|test-results/visual-regression-ðŸ“¸-Visua-ae076--Dashboard---Vista-completa-chromium/test-failed-1.png]]

[[ATTACHMENT|test-results/visual-regression-ðŸ“¸-Visua-ae076--Dashboard---Vista-completa-chromium/video.webm]]

[[ATTACHMENT|test-results/visual-regression-ðŸ“¸-Visua-ae076--Dashboard---Vista-completa-chromium/error-context.md]]
]]>
</system-out>
</testcase>
<testcase name="ðŸ“¸ Visual Regression Tests â€º @visual Pagos - Lista de pagos" classname="visual-regression.spec.ts" time="31.202">
<failure message="visual-regression.spec.ts:29:7 @visual Pagos - Lista de pagos" type="FAILURE">
<![CDATA[  [chromium] â€º visual-regression.spec.ts:29:7 â€º ðŸ“¸ Visual Regression Tests â€º @visual Pagos - Lista de pagos 

    Test timeout of 30000ms exceeded while running "beforeEach" hook.

       7 |
       8 | test.describe('ðŸ“¸ Visual Regression Tests', () => {
    >  9 |   test.beforeEach(async ({ page }) => {
         |        ^
      10 |     // Login
      11 |     await page.goto('http://localhost:3000/auth/login');
      12 |     await page.getByLabel(/email/i).fill('admin@inmova.app');
        at /workspace/__tests__/e2e/visual-regression.spec.ts:9:8

    Error: locator.fill: Test timeout of 30000ms exceeded.
    Call log:
      - waiting for getByLabel(/email/i)


      10 |     // Login
      11 |     await page.goto('http://localhost:3000/auth/login');
    > 12 |     await page.getByLabel(/email/i).fill('admin@inmova.app');
         |                                     ^
      13 |     await page.getByLabel(/password|contraseÃ±a/i).fill('admin123');
      14 |     await page.getByRole('button', { name: /login|entrar|iniciar/i }).click();
      15 |     await expect(page).toHaveURL(/\/home|\/dashboard/, { timeout: 10000 });
        at /workspace/__tests__/e2e/visual-regression.spec.ts:12:37

    attachment #1: screenshot (image/png) â”€â”€â”€â”€â”€â”€â”€â”€â”€â”€â”€â”€â”€â”€â”€â”€â”€â”€â”€â”€â”€â”€â”€â”€â”€â”€â”€â”€â”€â”€â”€â”€â”€â”€â”€â”€â”€â”€â”€â”€â”€â”€â”€â”€â”€â”€â”€â”€â”€â”€â”€â”€â”€â”€â”€â”€â”€â”€
    ../../test-results/visual-regression-ðŸ“¸-Visua-73e06-sual-Pagos---Lista-de-pagos-chromium/test-failed-1.png
    â”€â”€â”€â”€â”€â”€â”€â”€â”€â”€â”€â”€â”€â”€â”€â”€â”€â”€â”€â”€â”€â”€â”€â”€â”€â”€â”€â”€â”€â”€â”€â”€â”€â”€â”€â”€â”€â”€â”€â”€â”€â”€â”€â”€â”€â”€â”€â”€â”€â”€â”€â”€â”€â”€â”€â”€â”€â”€â”€â”€â”€â”€â”€â”€â”€â”€â”€â”€â”€â”€â”€â”€â”€â”€â”€â”€â”€â”€â”€â”€â”€â”€â”€â”€â”€â”€â”€â”€â”€â”€â”€â”€â”€â”€â”€â”€

    attachment #2: video (video/webm) â”€â”€â”€â”€â”€â”€â”€â”€â”€â”€â”€â”€â”€â”€â”€â”€â”€â”€â”€â”€â”€â”€â”€â”€â”€â”€â”€â”€â”€â”€â”€â”€â”€â”€â”€â”€â”€â”€â”€â”€â”€â”€â”€â”€â”€â”€â”€â”€â”€â”€â”€â”€â”€â”€â”€â”€â”€â”€â”€â”€â”€â”€
    ../../test-results/visual-regression-ðŸ“¸-Visua-73e06-sual-Pagos---Lista-de-pagos-chromium/video.webm
    â”€â”€â”€â”€â”€â”€â”€â”€â”€â”€â”€â”€â”€â”€â”€â”€â”€â”€â”€â”€â”€â”€â”€â”€â”€â”€â”€â”€â”€â”€â”€â”€â”€â”€â”€â”€â”€â”€â”€â”€â”€â”€â”€â”€â”€â”€â”€â”€â”€â”€â”€â”€â”€â”€â”€â”€â”€â”€â”€â”€â”€â”€â”€â”€â”€â”€â”€â”€â”€â”€â”€â”€â”€â”€â”€â”€â”€â”€â”€â”€â”€â”€â”€â”€â”€â”€â”€â”€â”€â”€â”€â”€â”€â”€â”€â”€

    Error Context: ../../test-results/visual-regression-ðŸ“¸-Visua-73e06-sual-Pagos---Lista-de-pagos-chromium/error-context.md
]]>
</failure>
<system-out>
<![CDATA[
[[ATTACHMENT|test-results/visual-regression-ðŸ“¸-Visua-73e06-sual-Pagos---Lista-de-pagos-chromium/test-failed-1.png]]

[[ATTACHMENT|test-results/visual-regression-ðŸ“¸-Visua-73e06-sual-Pagos---Lista-de-pagos-chromium/video.webm]]

[[ATTACHMENT|test-results/visual-regression-ðŸ“¸-Visua-73e06-sual-Pagos---Lista-de-pagos-chromium/error-context.md]]
]]>
</system-out>
</testcase>
<testcase name="ðŸ“¸ Visual Regression Tests â€º @visual Room Rental - Prorrateo" classname="visual-regression.spec.ts" time="31.22">
<failure message="visual-regression.spec.ts:39:7 @visual Room Rental - Prorrateo" type="FAILURE">
<![CDATA[  [chromium] â€º visual-regression.spec.ts:39:7 â€º ðŸ“¸ Visual Regression Tests â€º @visual Room Rental - Prorrateo 

    Test timeout of 30000ms exceeded while running "beforeEach" hook.

       7 |
       8 | test.describe('ðŸ“¸ Visual Regression Tests', () => {
    >  9 |   test.beforeEach(async ({ page }) => {
         |        ^
      10 |     // Login
      11 |     await page.goto('http://localhost:3000/auth/login');
      12 |     await page.getByLabel(/email/i).fill('admin@inmova.app');
        at /workspace/__tests__/e2e/visual-regression.spec.ts:9:8

    Error: locator.fill: Test timeout of 30000ms exceeded.
    Call log:
      - waiting for getByLabel(/email/i)


      10 |     // Login
      11 |     await page.goto('http://localhost:3000/auth/login');
    > 12 |     await page.getByLabel(/email/i).fill('admin@inmova.app');
         |                                     ^
      13 |     await page.getByLabel(/password|contraseÃ±a/i).fill('admin123');
      14 |     await page.getByRole('button', { name: /login|entrar|iniciar/i }).click();
      15 |     await expect(page).toHaveURL(/\/home|\/dashboard/, { timeout: 10000 });
        at /workspace/__tests__/e2e/visual-regression.spec.ts:12:37

    attachment #1: screenshot (image/png) â”€â”€â”€â”€â”€â”€â”€â”€â”€â”€â”€â”€â”€â”€â”€â”€â”€â”€â”€â”€â”€â”€â”€â”€â”€â”€â”€â”€â”€â”€â”€â”€â”€â”€â”€â”€â”€â”€â”€â”€â”€â”€â”€â”€â”€â”€â”€â”€â”€â”€â”€â”€â”€â”€â”€â”€â”€â”€
    ../../test-results/visual-regression-ðŸ“¸-Visua-63026-ual-Room-Rental---Prorrateo-chromium/test-failed-1.png
    â”€â”€â”€â”€â”€â”€â”€â”€â”€â”€â”€â”€â”€â”€â”€â”€â”€â”€â”€â”€â”€â”€â”€â”€â”€â”€â”€â”€â”€â”€â”€â”€â”€â”€â”€â”€â”€â”€â”€â”€â”€â”€â”€â”€â”€â”€â”€â”€â”€â”€â”€â”€â”€â”€â”€â”€â”€â”€â”€â”€â”€â”€â”€â”€â”€â”€â”€â”€â”€â”€â”€â”€â”€â”€â”€â”€â”€â”€â”€â”€â”€â”€â”€â”€â”€â”€â”€â”€â”€â”€â”€â”€â”€â”€â”€â”€

    attachment #2: video (video/webm) â”€â”€â”€â”€â”€â”€â”€â”€â”€â”€â”€â”€â”€â”€â”€â”€â”€â”€â”€â”€â”€â”€â”€â”€â”€â”€â”€â”€â”€â”€â”€â”€â”€â”€â”€â”€â”€â”€â”€â”€â”€â”€â”€â”€â”€â”€â”€â”€â”€â”€â”€â”€â”€â”€â”€â”€â”€â”€â”€â”€â”€â”€
    ../../test-results/visual-regression-ðŸ“¸-Visua-63026-ual-Room-Rental---Prorrateo-chromium/video.webm
    â”€â”€â”€â”€â”€â”€â”€â”€â”€â”€â”€â”€â”€â”€â”€â”€â”€â”€â”€â”€â”€â”€â”€â”€â”€â”€â”€â”€â”€â”€â”€â”€â”€â”€â”€â”€â”€â”€â”€â”€â”€â”€â”€â”€â”€â”€â”€â”€â”€â”€â”€â”€â”€â”€â”€â”€â”€â”€â”€â”€â”€â”€â”€â”€â”€â”€â”€â”€â”€â”€â”€â”€â”€â”€â”€â”€â”€â”€â”€â”€â”€â”€â”€â”€â”€â”€â”€â”€â”€â”€â”€â”€â”€â”€â”€â”€

    Error Context: ../../test-results/visual-regression-ðŸ“¸-Visua-63026-ual-Room-Rental---Prorrateo-chromium/error-context.md
]]>
</failure>
<system-out>
<![CDATA[
[[ATTACHMENT|test-results/visual-regression-ðŸ“¸-Visua-63026-ual-Room-Rental---Prorrateo-chromium/test-failed-1.png]]

[[ATTACHMENT|test-results/visual-regression-ðŸ“¸-Visua-63026-ual-Room-Rental---Prorrateo-chromium/video.webm]]

[[ATTACHMENT|test-results/visual-regression-ðŸ“¸-Visua-63026-ual-Room-Rental---Prorrateo-chromium/error-context.md]]
]]>
</system-out>
</testcase>
<testcase name="ðŸ“¸ Visual Regression Tests â€º @visual Modal - Crear pago" classname="visual-regression.spec.ts" time="31.217">
<failure message="visual-regression.spec.ts:49:7 @visual Modal - Crear pago" type="FAILURE">
<![CDATA[  [chromium] â€º visual-regression.spec.ts:49:7 â€º ðŸ“¸ Visual Regression Tests â€º @visual Modal - Crear pago 

    Test timeout of 30000ms exceeded while running "beforeEach" hook.

       7 |
       8 | test.describe('ðŸ“¸ Visual Regression Tests', () => {
    >  9 |   test.beforeEach(async ({ page }) => {
         |        ^
      10 |     // Login
      11 |     await page.goto('http://localhost:3000/auth/login');
      12 |     await page.getByLabel(/email/i).fill('admin@inmova.app');
        at /workspace/__tests__/e2e/visual-regression.spec.ts:9:8

    Error: locator.fill: Test timeout of 30000ms exceeded.
    Call log:
      - waiting for getByLabel(/email/i)


      10 |     // Login
      11 |     await page.goto('http://localhost:3000/auth/login');
    > 12 |     await page.getByLabel(/email/i).fill('admin@inmova.app');
         |                                     ^
      13 |     await page.getByLabel(/password|contraseÃ±a/i).fill('admin123');
      14 |     await page.getByRole('button', { name: /login|entrar|iniciar/i }).click();
      15 |     await expect(page).toHaveURL(/\/home|\/dashboard/, { timeout: 10000 });
        at /workspace/__tests__/e2e/visual-regression.spec.ts:12:37

    attachment #1: screenshot (image/png) â”€â”€â”€â”€â”€â”€â”€â”€â”€â”€â”€â”€â”€â”€â”€â”€â”€â”€â”€â”€â”€â”€â”€â”€â”€â”€â”€â”€â”€â”€â”€â”€â”€â”€â”€â”€â”€â”€â”€â”€â”€â”€â”€â”€â”€â”€â”€â”€â”€â”€â”€â”€â”€â”€â”€â”€â”€â”€
    ../../test-results/visual-regression-ðŸ“¸-Visua-bc623-s-visual-Modal---Crear-pago-chromium/test-failed-1.png
    â”€â”€â”€â”€â”€â”€â”€â”€â”€â”€â”€â”€â”€â”€â”€â”€â”€â”€â”€â”€â”€â”€â”€â”€â”€â”€â”€â”€â”€â”€â”€â”€â”€â”€â”€â”€â”€â”€â”€â”€â”€â”€â”€â”€â”€â”€â”€â”€â”€â”€â”€â”€â”€â”€â”€â”€â”€â”€â”€â”€â”€â”€â”€â”€â”€â”€â”€â”€â”€â”€â”€â”€â”€â”€â”€â”€â”€â”€â”€â”€â”€â”€â”€â”€â”€â”€â”€â”€â”€â”€â”€â”€â”€â”€â”€â”€

    attachment #2: video (video/webm) â”€â”€â”€â”€â”€â”€â”€â”€â”€â”€â”€â”€â”€â”€â”€â”€â”€â”€â”€â”€â”€â”€â”€â”€â”€â”€â”€â”€â”€â”€â”€â”€â”€â”€â”€â”€â”€â”€â”€â”€â”€â”€â”€â”€â”€â”€â”€â”€â”€â”€â”€â”€â”€â”€â”€â”€â”€â”€â”€â”€â”€â”€
    ../../test-results/visual-regression-ðŸ“¸-Visua-bc623-s-visual-Modal---Crear-pago-chromium/video.webm
    â”€â”€â”€â”€â”€â”€â”€â”€â”€â”€â”€â”€â”€â”€â”€â”€â”€â”€â”€â”€â”€â”€â”€â”€â”€â”€â”€â”€â”€â”€â”€â”€â”€â”€â”€â”€â”€â”€â”€â”€â”€â”€â”€â”€â”€â”€â”€â”€â”€â”€â”€â”€â”€â”€â”€â”€â”€â”€â”€â”€â”€â”€â”€â”€â”€â”€â”€â”€â”€â”€â”€â”€â”€â”€â”€â”€â”€â”€â”€â”€â”€â”€â”€â”€â”€â”€â”€â”€â”€â”€â”€â”€â”€â”€â”€â”€

    Error Context: ../../test-results/visual-regression-ðŸ“¸-Visua-bc623-s-visual-Modal---Crear-pago-chromium/error-context.md
]]>
</failure>
<system-out>
<![CDATA[
[[ATTACHMENT|test-results/visual-regression-ðŸ“¸-Visua-bc623-s-visual-Modal---Crear-pago-chromium/test-failed-1.png]]

[[ATTACHMENT|test-results/visual-regression-ðŸ“¸-Visua-bc623-s-visual-Modal---Crear-pago-chromium/video.webm]]

[[ATTACHMENT|test-results/visual-regression-ðŸ“¸-Visua-bc623-s-visual-Modal---Crear-pago-chromium/error-context.md]]
]]>
</system-out>
</testcase>
<testcase name="ðŸ“¸ Visual Regression Tests â€º @visual Responsive - Dashboard en mobile" classname="visual-regression.spec.ts" time="31.18">
<failure message="visual-regression.spec.ts:61:7 @visual Responsive - Dashboard en mobile" type="FAILURE">
<![CDATA[  [chromium] â€º visual-regression.spec.ts:61:7 â€º ðŸ“¸ Visual Regression Tests â€º @visual Responsive - Dashboard en mobile 

    Test timeout of 30000ms exceeded while running "beforeEach" hook.

       7 |
       8 | test.describe('ðŸ“¸ Visual Regression Tests', () => {
    >  9 |   test.beforeEach(async ({ page }) => {
         |        ^
      10 |     // Login
      11 |     await page.goto('http://localhost:3000/auth/login');
      12 |     await page.getByLabel(/email/i).fill('admin@inmova.app');
        at /workspace/__tests__/e2e/visual-regression.spec.ts:9:8

    Error: locator.fill: Test timeout of 30000ms exceeded.
    Call log:
      - waiting for getByLabel(/email/i)


      10 |     // Login
      11 |     await page.goto('http://localhost:3000/auth/login');
    > 12 |     await page.getByLabel(/email/i).fill('admin@inmova.app');
         |                                     ^
      13 |     await page.getByLabel(/password|contraseÃ±a/i).fill('admin123');
      14 |     await page.getByRole('button', { name: /login|entrar|iniciar/i }).click();
      15 |     await expect(page).toHaveURL(/\/home|\/dashboard/, { timeout: 10000 });
        at /workspace/__tests__/e2e/visual-regression.spec.ts:12:37

    attachment #1: screenshot (image/png) â”€â”€â”€â”€â”€â”€â”€â”€â”€â”€â”€â”€â”€â”€â”€â”€â”€â”€â”€â”€â”€â”€â”€â”€â”€â”€â”€â”€â”€â”€â”€â”€â”€â”€â”€â”€â”€â”€â”€â”€â”€â”€â”€â”€â”€â”€â”€â”€â”€â”€â”€â”€â”€â”€â”€â”€â”€â”€
    ../../test-results/visual-regression-ðŸ“¸-Visua-cb311-nsive---Dashboard-en-mobile-chromium/test-failed-1.png
    â”€â”€â”€â”€â”€â”€â”€â”€â”€â”€â”€â”€â”€â”€â”€â”€â”€â”€â”€â”€â”€â”€â”€â”€â”€â”€â”€â”€â”€â”€â”€â”€â”€â”€â”€â”€â”€â”€â”€â”€â”€â”€â”€â”€â”€â”€â”€â”€â”€â”€â”€â”€â”€â”€â”€â”€â”€â”€â”€â”€â”€â”€â”€â”€â”€â”€â”€â”€â”€â”€â”€â”€â”€â”€â”€â”€â”€â”€â”€â”€â”€â”€â”€â”€â”€â”€â”€â”€â”€â”€â”€â”€â”€â”€â”€â”€

    attachment #2: video (video/webm) â”€â”€â”€â”€â”€â”€â”€â”€â”€â”€â”€â”€â”€â”€â”€â”€â”€â”€â”€â”€â”€â”€â”€â”€â”€â”€â”€â”€â”€â”€â”€â”€â”€â”€â”€â”€â”€â”€â”€â”€â”€â”€â”€â”€â”€â”€â”€â”€â”€â”€â”€â”€â”€â”€â”€â”€â”€â”€â”€â”€â”€â”€
    ../../test-results/visual-regression-ðŸ“¸-Visua-cb311-nsive---Dashboard-en-mobile-chromium/video.webm
    â”€â”€â”€â”€â”€â”€â”€â”€â”€â”€â”€â”€â”€â”€â”€â”€â”€â”€â”€â”€â”€â”€â”€â”€â”€â”€â”€â”€â”€â”€â”€â”€â”€â”€â”€â”€â”€â”€â”€â”€â”€â”€â”€â”€â”€â”€â”€â”€â”€â”€â”€â”€â”€â”€â”€â”€â”€â”€â”€â”€â”€â”€â”€â”€â”€â”€â”€â”€â”€â”€â”€â”€â”€â”€â”€â”€â”€â”€â”€â”€â”€â”€â”€â”€â”€â”€â”€â”€â”€â”€â”€â”€â”€â”€â”€â”€

    Error Context: ../../test-results/visual-regression-ðŸ“¸-Visua-cb311-nsive---Dashboard-en-mobile-chromium/error-context.md
]]>
</failure>
<system-out>
<![CDATA[
[[ATTACHMENT|test-results/visual-regression-ðŸ“¸-Visua-cb311-nsive---Dashboard-en-mobile-chromium/test-failed-1.png]]

[[ATTACHMENT|test-results/visual-regression-ðŸ“¸-Visua-cb311-nsive---Dashboard-en-mobile-chromium/video.webm]]

[[ATTACHMENT|test-results/visual-regression-ðŸ“¸-Visua-cb311-nsive---Dashboard-en-mobile-chromium/error-context.md]]
]]>
</system-out>
</testcase>
<testcase name="ðŸ“¸ Visual Regression Tests â€º @visual Responsive - Dashboard en tablet" classname="visual-regression.spec.ts" time="31.207">
<failure message="visual-regression.spec.ts:74:7 @visual Responsive - Dashboard en tablet" type="FAILURE">
<![CDATA[  [chromium] â€º visual-regression.spec.ts:74:7 â€º ðŸ“¸ Visual Regression Tests â€º @visual Responsive - Dashboard en tablet 

    Test timeout of 30000ms exceeded while running "beforeEach" hook.

       7 |
       8 | test.describe('ðŸ“¸ Visual Regression Tests', () => {
    >  9 |   test.beforeEach(async ({ page }) => {
         |        ^
      10 |     // Login
      11 |     await page.goto('http://localhost:3000/auth/login');
      12 |     await page.getByLabel(/email/i).fill('admin@inmova.app');
        at /workspace/__tests__/e2e/visual-regression.spec.ts:9:8

    Error: locator.fill: Test timeout of 30000ms exceeded.
    Call log:
      - waiting for getByLabel(/email/i)


      10 |     // Login
      11 |     await page.goto('http://localhost:3000/auth/login');
    > 12 |     await page.getByLabel(/email/i).fill('admin@inmova.app');
         |                                     ^
      13 |     await page.getByLabel(/password|contraseÃ±a/i).fill('admin123');
      14 |     await page.getByRole('button', { name: /login|entrar|iniciar/i }).click();
      15 |     await expect(page).toHaveURL(/\/home|\/dashboard/, { timeout: 10000 });
        at /workspace/__tests__/e2e/visual-regression.spec.ts:12:37

    attachment #1: screenshot (image/png) â”€â”€â”€â”€â”€â”€â”€â”€â”€â”€â”€â”€â”€â”€â”€â”€â”€â”€â”€â”€â”€â”€â”€â”€â”€â”€â”€â”€â”€â”€â”€â”€â”€â”€â”€â”€â”€â”€â”€â”€â”€â”€â”€â”€â”€â”€â”€â”€â”€â”€â”€â”€â”€â”€â”€â”€â”€â”€
    ../../test-results/visual-regression-ðŸ“¸-Visua-9f21f-nsive---Dashboard-en-tablet-chromium/test-failed-1.png
    â”€â”€â”€â”€â”€â”€â”€â”€â”€â”€â”€â”€â”€â”€â”€â”€â”€â”€â”€â”€â”€â”€â”€â”€â”€â”€â”€â”€â”€â”€â”€â”€â”€â”€â”€â”€â”€â”€â”€â”€â”€â”€â”€â”€â”€â”€â”€â”€â”€â”€â”€â”€â”€â”€â”€â”€â”€â”€â”€â”€â”€â”€â”€â”€â”€â”€â”€â”€â”€â”€â”€â”€â”€â”€â”€â”€â”€â”€â”€â”€â”€â”€â”€â”€â”€â”€â”€â”€â”€â”€â”€â”€â”€â”€â”€â”€

    attachment #2: video (video/webm) â”€â”€â”€â”€â”€â”€â”€â”€â”€â”€â”€â”€â”€â”€â”€â”€â”€â”€â”€â”€â”€â”€â”€â”€â”€â”€â”€â”€â”€â”€â”€â”€â”€â”€â”€â”€â”€â”€â”€â”€â”€â”€â”€â”€â”€â”€â”€â”€â”€â”€â”€â”€â”€â”€â”€â”€â”€â”€â”€â”€â”€â”€
    ../../test-results/visual-regression-ðŸ“¸-Visua-9f21f-nsive---Dashboard-en-tablet-chromium/video.webm
    â”€â”€â”€â”€â”€â”€â”€â”€â”€â”€â”€â”€â”€â”€â”€â”€â”€â”€â”€â”€â”€â”€â”€â”€â”€â”€â”€â”€â”€â”€â”€â”€â”€â”€â”€â”€â”€â”€â”€â”€â”€â”€â”€â”€â”€â”€â”€â”€â”€â”€â”€â”€â”€â”€â”€â”€â”€â”€â”€â”€â”€â”€â”€â”€â”€â”€â”€â”€â”€â”€â”€â”€â”€â”€â”€â”€â”€â”€â”€â”€â”€â”€â”€â”€â”€â”€â”€â”€â”€â”€â”€â”€â”€â”€â”€â”€

    Error Context: ../../test-results/visual-regression-ðŸ“¸-Visua-9f21f-nsive---Dashboard-en-tablet-chromium/error-context.md
]]>
</failure>
<system-out>
<![CDATA[
[[ATTACHMENT|test-results/visual-regression-ðŸ“¸-Visua-9f21f-nsive---Dashboard-en-tablet-chromium/test-failed-1.png]]

[[ATTACHMENT|test-results/visual-regression-ðŸ“¸-Visua-9f21f-nsive---Dashboard-en-tablet-chromium/video.webm]]

[[ATTACHMENT|test-results/visual-regression-ðŸ“¸-Visua-9f21f-nsive---Dashboard-en-tablet-chromium/error-context.md]]
]]>
</system-out>
</testcase>
<testcase name="ðŸ“¸ Visual Regression Tests â€º @visual Tema oscuro - Dashboard" classname="visual-regression.spec.ts" time="31.218">
<failure message="visual-regression.spec.ts:87:7 @visual Tema oscuro - Dashboard" type="FAILURE">
<![CDATA[  [chromium] â€º visual-regression.spec.ts:87:7 â€º ðŸ“¸ Visual Regression Tests â€º @visual Tema oscuro - Dashboard 

    Test timeout of 30000ms exceeded while running "beforeEach" hook.

       7 |
       8 | test.describe('ðŸ“¸ Visual Regression Tests', () => {
    >  9 |   test.beforeEach(async ({ page }) => {
         |        ^
      10 |     // Login
      11 |     await page.goto('http://localhost:3000/auth/login');
      12 |     await page.getByLabel(/email/i).fill('admin@inmova.app');
        at /workspace/__tests__/e2e/visual-regression.spec.ts:9:8

    Error: locator.fill: Test timeout of 30000ms exceeded.
    Call log:
      - waiting for getByLabel(/email/i)


      10 |     // Login
      11 |     await page.goto('http://localhost:3000/auth/login');
    > 12 |     await page.getByLabel(/email/i).fill('admin@inmova.app');
         |                                     ^
      13 |     await page.getByLabel(/password|contraseÃ±a/i).fill('admin123');
      14 |     await page.getByRole('button', { name: /login|entrar|iniciar/i }).click();
      15 |     await expect(page).toHaveURL(/\/home|\/dashboard/, { timeout: 10000 });
        at /workspace/__tests__/e2e/visual-regression.spec.ts:12:37

    attachment #1: screenshot (image/png) â”€â”€â”€â”€â”€â”€â”€â”€â”€â”€â”€â”€â”€â”€â”€â”€â”€â”€â”€â”€â”€â”€â”€â”€â”€â”€â”€â”€â”€â”€â”€â”€â”€â”€â”€â”€â”€â”€â”€â”€â”€â”€â”€â”€â”€â”€â”€â”€â”€â”€â”€â”€â”€â”€â”€â”€â”€â”€
    ../../test-results/visual-regression-ðŸ“¸-Visua-b9e70-ual-Tema-oscuro---Dashboard-chromium/test-failed-1.png
    â”€â”€â”€â”€â”€â”€â”€â”€â”€â”€â”€â”€â”€â”€â”€â”€â”€â”€â”€â”€â”€â”€â”€â”€â”€â”€â”€â”€â”€â”€â”€â”€â”€â”€â”€â”€â”€â”€â”€â”€â”€â”€â”€â”€â”€â”€â”€â”€â”€â”€â”€â”€â”€â”€â”€â”€â”€â”€â”€â”€â”€â”€â”€â”€â”€â”€â”€â”€â”€â”€â”€â”€â”€â”€â”€â”€â”€â”€â”€â”€â”€â”€â”€â”€â”€â”€â”€â”€â”€â”€â”€â”€â”€â”€â”€â”€

    attachment #2: video (video/webm) â”€â”€â”€â”€â”€â”€â”€â”€â”€â”€â”€â”€â”€â”€â”€â”€â”€â”€â”€â”€â”€â”€â”€â”€â”€â”€â”€â”€â”€â”€â”€â”€â”€â”€â”€â”€â”€â”€â”€â”€â”€â”€â”€â”€â”€â”€â”€â”€â”€â”€â”€â”€â”€â”€â”€â”€â”€â”€â”€â”€â”€â”€
    ../../test-results/visual-regression-ðŸ“¸-Visua-b9e70-ual-Tema-oscuro---Dashboard-chromium/video.webm
    â”€â”€â”€â”€â”€â”€â”€â”€â”€â”€â”€â”€â”€â”€â”€â”€â”€â”€â”€â”€â”€â”€â”€â”€â”€â”€â”€â”€â”€â”€â”€â”€â”€â”€â”€â”€â”€â”€â”€â”€â”€â”€â”€â”€â”€â”€â”€â”€â”€â”€â”€â”€â”€â”€â”€â”€â”€â”€â”€â”€â”€â”€â”€â”€â”€â”€â”€â”€â”€â”€â”€â”€â”€â”€â”€â”€â”€â”€â”€â”€â”€â”€â”€â”€â”€â”€â”€â”€â”€â”€â”€â”€â”€â”€â”€â”€

    Error Context: ../../test-results/visual-regression-ðŸ“¸-Visua-b9e70-ual-Tema-oscuro---Dashboard-chromium/error-context.md
]]>
</failure>
<system-out>
<![CDATA[
[[ATTACHMENT|test-results/visual-regression-ðŸ“¸-Visua-b9e70-ual-Tema-oscuro---Dashboard-chromium/test-failed-1.png]]

[[ATTACHMENT|test-results/visual-regression-ðŸ“¸-Visua-b9e70-ual-Tema-oscuro---Dashboard-chromium/video.webm]]

[[ATTACHMENT|test-results/visual-regression-ðŸ“¸-Visua-b9e70-ual-Tema-oscuro---Dashboard-chromium/error-context.md]]
]]>
</system-out>
</testcase>
<testcase name="ðŸ“¸ Visual Regression Tests â€º @visual Componente - Tabla de pagos" classname="visual-regression.spec.ts" time="31.182">
<failure message="visual-regression.spec.ts:100:7 @visual Componente - Tabla de pagos" type="FAILURE">
<![CDATA[  [chromium] â€º visual-regression.spec.ts:100:7 â€º ðŸ“¸ Visual Regression Tests â€º @visual Componente - Tabla de pagos 

    Test timeout of 30000ms exceeded while running "beforeEach" hook.

       7 |
       8 | test.describe('ðŸ“¸ Visual Regression Tests', () => {
    >  9 |   test.beforeEach(async ({ page }) => {
         |        ^
      10 |     // Login
      11 |     await page.goto('http://localhost:3000/auth/login');
      12 |     await page.getByLabel(/email/i).fill('admin@inmova.app');
        at /workspace/__tests__/e2e/visual-regression.spec.ts:9:8

    Error: locator.fill: Test timeout of 30000ms exceeded.
    Call log:
      - waiting for getByLabel(/email/i)


      10 |     // Login
      11 |     await page.goto('http://localhost:3000/auth/login');
    > 12 |     await page.getByLabel(/email/i).fill('admin@inmova.app');
         |                                     ^
      13 |     await page.getByLabel(/password|contraseÃ±a/i).fill('admin123');
      14 |     await page.getByRole('button', { name: /login|entrar|iniciar/i }).click();
      15 |     await expect(page).toHaveURL(/\/home|\/dashboard/, { timeout: 10000 });
        at /workspace/__tests__/e2e/visual-regression.spec.ts:12:37

    attachment #1: screenshot (image/png) â”€â”€â”€â”€â”€â”€â”€â”€â”€â”€â”€â”€â”€â”€â”€â”€â”€â”€â”€â”€â”€â”€â”€â”€â”€â”€â”€â”€â”€â”€â”€â”€â”€â”€â”€â”€â”€â”€â”€â”€â”€â”€â”€â”€â”€â”€â”€â”€â”€â”€â”€â”€â”€â”€â”€â”€â”€â”€
    ../../test-results/visual-regression-ðŸ“¸-Visua-02ed4-Componente---Tabla-de-pagos-chromium/test-failed-1.png
    â”€â”€â”€â”€â”€â”€â”€â”€â”€â”€â”€â”€â”€â”€â”€â”€â”€â”€â”€â”€â”€â”€â”€â”€â”€â”€â”€â”€â”€â”€â”€â”€â”€â”€â”€â”€â”€â”€â”€â”€â”€â”€â”€â”€â”€â”€â”€â”€â”€â”€â”€â”€â”€â”€â”€â”€â”€â”€â”€â”€â”€â”€â”€â”€â”€â”€â”€â”€â”€â”€â”€â”€â”€â”€â”€â”€â”€â”€â”€â”€â”€â”€â”€â”€â”€â”€â”€â”€â”€â”€â”€â”€â”€â”€â”€â”€

    attachment #2: video (video/webm) â”€â”€â”€â”€â”€â”€â”€â”€â”€â”€â”€â”€â”€â”€â”€â”€â”€â”€â”€â”€â”€â”€â”€â”€â”€â”€â”€â”€â”€â”€â”€â”€â”€â”€â”€â”€â”€â”€â”€â”€â”€â”€â”€â”€â”€â”€â”€â”€â”€â”€â”€â”€â”€â”€â”€â”€â”€â”€â”€â”€â”€â”€
    ../../test-results/visual-regression-ðŸ“¸-Visua-02ed4-Componente---Tabla-de-pagos-chromium/video.webm
    â”€â”€â”€â”€â”€â”€â”€â”€â”€â”€â”€â”€â”€â”€â”€â”€â”€â”€â”€â”€â”€â”€â”€â”€â”€â”€â”€â”€â”€â”€â”€â”€â”€â”€â”€â”€â”€â”€â”€â”€â”€â”€â”€â”€â”€â”€â”€â”€â”€â”€â”€â”€â”€â”€â”€â”€â”€â”€â”€â”€â”€â”€â”€â”€â”€â”€â”€â”€â”€â”€â”€â”€â”€â”€â”€â”€â”€â”€â”€â”€â”€â”€â”€â”€â”€â”€â”€â”€â”€â”€â”€â”€â”€â”€â”€â”€

    Error Context: ../../test-results/visual-regression-ðŸ“¸-Visua-02ed4-Componente---Tabla-de-pagos-chromium/error-context.md
]]>
</failure>
<system-out>
<![CDATA[
[[ATTACHMENT|test-results/visual-regression-ðŸ“¸-Visua-02ed4-Componente---Tabla-de-pagos-chromium/test-failed-1.png]]

[[ATTACHMENT|test-results/visual-regression-ðŸ“¸-Visua-02ed4-Componente---Tabla-de-pagos-chromium/video.webm]]

[[ATTACHMENT|test-results/visual-regression-ðŸ“¸-Visua-02ed4-Componente---Tabla-de-pagos-chromium/error-context.md]]
]]>
</system-out>
</testcase>
<testcase name="ðŸ“¸ Visual Regression Tests â€º @visual Componente - GrÃ¡fico de dashboard" classname="visual-regression.spec.ts" time="31.153">
<failure message="visual-regression.spec.ts:111:7 @visual Componente - GrÃ¡fico de dashboard" type="FAILURE">
<![CDATA[  [chromium] â€º visual-regression.spec.ts:111:7 â€º ðŸ“¸ Visual Regression Tests â€º @visual Componente - GrÃ¡fico de dashboard 

    Test timeout of 30000ms exceeded while running "beforeEach" hook.

       7 |
       8 | test.describe('ðŸ“¸ Visual Regression Tests', () => {
    >  9 |   test.beforeEach(async ({ page }) => {
         |        ^
      10 |     // Login
      11 |     await page.goto('http://localhost:3000/auth/login');
      12 |     await page.getByLabel(/email/i).fill('admin@inmova.app');
        at /workspace/__tests__/e2e/visual-regression.spec.ts:9:8

    Error: locator.fill: Test timeout of 30000ms exceeded.
    Call log:
      - waiting for getByLabel(/email/i)


      10 |     // Login
      11 |     await page.goto('http://localhost:3000/auth/login');
    > 12 |     await page.getByLabel(/email/i).fill('admin@inmova.app');
         |                                     ^
      13 |     await page.getByLabel(/password|contraseÃ±a/i).fill('admin123');
      14 |     await page.getByRole('button', { name: /login|entrar|iniciar/i }).click();
      15 |     await expect(page).toHaveURL(/\/home|\/dashboard/, { timeout: 10000 });
        at /workspace/__tests__/e2e/visual-regression.spec.ts:12:37

    attachment #1: screenshot (image/png) â”€â”€â”€â”€â”€â”€â”€â”€â”€â”€â”€â”€â”€â”€â”€â”€â”€â”€â”€â”€â”€â”€â”€â”€â”€â”€â”€â”€â”€â”€â”€â”€â”€â”€â”€â”€â”€â”€â”€â”€â”€â”€â”€â”€â”€â”€â”€â”€â”€â”€â”€â”€â”€â”€â”€â”€â”€â”€
    ../../test-results/visual-regression-ðŸ“¸-Visua-83fbe-ente---GrÃ¡fico-de-dashboard-chromium/test-failed-1.png
    â”€â”€â”€â”€â”€â”€â”€â”€â”€â”€â”€â”€â”€â”€â”€â”€â”€â”€â”€â”€â”€â”€â”€â”€â”€â”€â”€â”€â”€â”€â”€â”€â”€â”€â”€â”€â”€â”€â”€â”€â”€â”€â”€â”€â”€â”€â”€â”€â”€â”€â”€â”€â”€â”€â”€â”€â”€â”€â”€â”€â”€â”€â”€â”€â”€â”€â”€â”€â”€â”€â”€â”€â”€â”€â”€â”€â”€â”€â”€â”€â”€â”€â”€â”€â”€â”€â”€â”€â”€â”€â”€â”€â”€â”€â”€â”€

    attachment #2: video (video/webm) â”€â”€â”€â”€â”€â”€â”€â”€â”€â”€â”€â”€â”€â”€â”€â”€â”€â”€â”€â”€â”€â”€â”€â”€â”€â”€â”€â”€â”€â”€â”€â”€â”€â”€â”€â”€â”€â”€â”€â”€â”€â”€â”€â”€â”€â”€â”€â”€â”€â”€â”€â”€â”€â”€â”€â”€â”€â”€â”€â”€â”€â”€
    ../../test-results/visual-regression-ðŸ“¸-Visua-83fbe-ente---GrÃ¡fico-de-dashboard-chromium/video.webm
    â”€â”€â”€â”€â”€â”€â”€â”€â”€â”€â”€â”€â”€â”€â”€â”€â”€â”€â”€â”€â”€â”€â”€â”€â”€â”€â”€â”€â”€â”€â”€â”€â”€â”€â”€â”€â”€â”€â”€â”€â”€â”€â”€â”€â”€â”€â”€â”€â”€â”€â”€â”€â”€â”€â”€â”€â”€â”€â”€â”€â”€â”€â”€â”€â”€â”€â”€â”€â”€â”€â”€â”€â”€â”€â”€â”€â”€â”€â”€â”€â”€â”€â”€â”€â”€â”€â”€â”€â”€â”€â”€â”€â”€â”€â”€â”€

    Error Context: ../../test-results/visual-regression-ðŸ“¸-Visua-83fbe-ente---GrÃ¡fico-de-dashboard-chromium/error-context.md
]]>
</failure>
<system-out>
<![CDATA[
[[ATTACHMENT|test-results/visual-regression-ðŸ“¸-Visua-83fbe-ente---GrÃ¡fico-de-dashboard-chromium/test-failed-1.png]]

[[ATTACHMENT|test-results/visual-regression-ðŸ“¸-Visua-83fbe-ente---GrÃ¡fico-de-dashboard-chromium/video.webm]]

[[ATTACHMENT|test-results/visual-regression-ðŸ“¸-Visua-83fbe-ente---GrÃ¡fico-de-dashboard-chromium/error-context.md]]
]]>
</system-out>
</testcase>
<testcase name="ðŸ“¸ Visual Regression Tests â€º @visual Estados - BotÃ³n hover" classname="visual-regression.spec.ts" time="31.193">
<failure message="visual-regression.spec.ts:124:7 @visual Estados - BotÃ³n hover" type="FAILURE">
<![CDATA[  [chromium] â€º visual-regression.spec.ts:124:7 â€º ðŸ“¸ Visual Regression Tests â€º @visual Estados - BotÃ³n hover 

    Test timeout of 30000ms exceeded while running "beforeEach" hook.

       7 |
       8 | test.describe('ðŸ“¸ Visual Regression Tests', () => {
    >  9 |   test.beforeEach(async ({ page }) => {
         |        ^
      10 |     // Login
      11 |     await page.goto('http://localhost:3000/auth/login');
      12 |     await page.getByLabel(/email/i).fill('admin@inmova.app');
        at /workspace/__tests__/e2e/visual-regression.spec.ts:9:8

    Error: locator.fill: Test timeout of 30000ms exceeded.
    Call log:
      - waiting for getByLabel(/email/i)


      10 |     // Login
      11 |     await page.goto('http://localhost:3000/auth/login');
    > 12 |     await page.getByLabel(/email/i).fill('admin@inmova.app');
         |                                     ^
      13 |     await page.getByLabel(/password|contraseÃ±a/i).fill('admin123');
      14 |     await page.getByRole('button', { name: /login|entrar|iniciar/i }).click();
      15 |     await expect(page).toHaveURL(/\/home|\/dashboard/, { timeout: 10000 });
        at /workspace/__tests__/e2e/visual-regression.spec.ts:12:37

    attachment #1: screenshot (image/png) â”€â”€â”€â”€â”€â”€â”€â”€â”€â”€â”€â”€â”€â”€â”€â”€â”€â”€â”€â”€â”€â”€â”€â”€â”€â”€â”€â”€â”€â”€â”€â”€â”€â”€â”€â”€â”€â”€â”€â”€â”€â”€â”€â”€â”€â”€â”€â”€â”€â”€â”€â”€â”€â”€â”€â”€â”€â”€
    ../../test-results/visual-regression-ðŸ“¸-Visua-baff4-isual-Estados---BotÃ³n-hover-chromium/test-failed-1.png
    â”€â”€â”€â”€â”€â”€â”€â”€â”€â”€â”€â”€â”€â”€â”€â”€â”€â”€â”€â”€â”€â”€â”€â”€â”€â”€â”€â”€â”€â”€â”€â”€â”€â”€â”€â”€â”€â”€â”€â”€â”€â”€â”€â”€â”€â”€â”€â”€â”€â”€â”€â”€â”€â”€â”€â”€â”€â”€â”€â”€â”€â”€â”€â”€â”€â”€â”€â”€â”€â”€â”€â”€â”€â”€â”€â”€â”€â”€â”€â”€â”€â”€â”€â”€â”€â”€â”€â”€â”€â”€â”€â”€â”€â”€â”€â”€

    attachment #2: video (video/webm) â”€â”€â”€â”€â”€â”€â”€â”€â”€â”€â”€â”€â”€â”€â”€â”€â”€â”€â”€â”€â”€â”€â”€â”€â”€â”€â”€â”€â”€â”€â”€â”€â”€â”€â”€â”€â”€â”€â”€â”€â”€â”€â”€â”€â”€â”€â”€â”€â”€â”€â”€â”€â”€â”€â”€â”€â”€â”€â”€â”€â”€â”€
    ../../test-results/visual-regression-ðŸ“¸-Visua-baff4-isual-Estados---BotÃ³n-hover-chromium/video.webm
    â”€â”€â”€â”€â”€â”€â”€â”€â”€â”€â”€â”€â”€â”€â”€â”€â”€â”€â”€â”€â”€â”€â”€â”€â”€â”€â”€â”€â”€â”€â”€â”€â”€â”€â”€â”€â”€â”€â”€â”€â”€â”€â”€â”€â”€â”€â”€â”€â”€â”€â”€â”€â”€â”€â”€â”€â”€â”€â”€â”€â”€â”€â”€â”€â”€â”€â”€â”€â”€â”€â”€â”€â”€â”€â”€â”€â”€â”€â”€â”€â”€â”€â”€â”€â”€â”€â”€â”€â”€â”€â”€â”€â”€â”€â”€â”€

    Error Context: ../../test-results/visual-regression-ðŸ“¸-Visua-baff4-isual-Estados---BotÃ³n-hover-chromium/error-context.md
]]>
</failure>
<system-out>
<![CDATA[
[[ATTACHMENT|test-results/visual-regression-ðŸ“¸-Visua-baff4-isual-Estados---BotÃ³n-hover-chromium/test-failed-1.png]]

[[ATTACHMENT|test-results/visual-regression-ðŸ“¸-Visua-baff4-isual-Estados---BotÃ³n-hover-chromium/video.webm]]

[[ATTACHMENT|test-results/visual-regression-ðŸ“¸-Visua-baff4-isual-Estados---BotÃ³n-hover-chromium/error-context.md]]
]]>
</system-out>
</testcase>
</testsuite>
</testsuites>